<?xml version="1.0" encoding="UTF-8"?>
<coverage generated="1755843021151" clover="3.2.0">
  <project timestamp="1755843021151" name="All files">
    <metrics statements="1858" coveredstatements="1177" conditionals="933" coveredconditionals="516" methods="483" coveredmethods="256" elements="3274" coveredelements="1949" complexity="0" loc="1858" ncloc="1858" packages="6" files="50" classes="50"/>
    <package name="app">
      <metrics statements="50" coveredstatements="0" conditionals="10" coveredconditionals="0" methods="5" coveredmethods="0"/>
      <file name="layout.tsx" path="/Users/rameshm/Documents/Dev_Project/task-tracker/src/app/layout.tsx">
        <metrics statements="8" coveredstatements="0" conditionals="0" coveredconditionals="0" methods="1" coveredmethods="0"/>
        <line num="2" count="0" type="stmt"/>
        <line num="3" count="0" type="stmt"/>
        <line num="4" count="0" type="stmt"/>
        <line num="5" count="0" type="stmt"/>
        <line num="6" count="0" type="stmt"/>
        <line num="8" count="0" type="stmt"/>
        <line num="10" count="0" type="stmt"/>
        <line num="15" count="0" type="stmt"/>
      </file>
      <file name="page 2.tsx" path="/Users/rameshm/Documents/Dev_Project/task-tracker/src/app/page 2.tsx">
        <metrics statements="21" coveredstatements="0" conditionals="5" coveredconditionals="0" methods="2" coveredmethods="0"/>
        <line num="3" count="0" type="stmt"/>
        <line num="4" count="0" type="stmt"/>
        <line num="5" count="0" type="stmt"/>
        <line num="6" count="0" type="stmt"/>
        <line num="7" count="0" type="stmt"/>
        <line num="8" count="0" type="stmt"/>
        <line num="9" count="0" type="stmt"/>
        <line num="10" count="0" type="stmt"/>
        <line num="11" count="0" type="stmt"/>
        <line num="12" count="0" type="stmt"/>
        <line num="13" count="0" type="stmt"/>
        <line num="14" count="0" type="stmt"/>
        <line num="15" count="0" type="stmt"/>
        <line num="16" count="0" type="stmt"/>
        <line num="18" count="0" type="stmt"/>
        <line num="19" count="0" type="stmt"/>
        <line num="20" count="0" type="stmt"/>
        <line num="22" count="0" type="cond" truecount="0" falsecount="1"/>
        <line num="33" count="0" type="cond" truecount="0" falsecount="1"/>
        <line num="34" count="0" type="stmt"/>
        <line num="42" count="0" type="stmt"/>
      </file>
      <file name="page.tsx" path="/Users/rameshm/Documents/Dev_Project/task-tracker/src/app/page.tsx">
        <metrics statements="21" coveredstatements="0" conditionals="5" coveredconditionals="0" methods="2" coveredmethods="0"/>
        <line num="3" count="0" type="stmt"/>
        <line num="4" count="0" type="stmt"/>
        <line num="5" count="0" type="stmt"/>
        <line num="6" count="0" type="stmt"/>
        <line num="7" count="0" type="stmt"/>
        <line num="8" count="0" type="stmt"/>
        <line num="9" count="0" type="stmt"/>
        <line num="10" count="0" type="stmt"/>
        <line num="11" count="0" type="stmt"/>
        <line num="12" count="0" type="stmt"/>
        <line num="13" count="0" type="stmt"/>
        <line num="14" count="0" type="stmt"/>
        <line num="15" count="0" type="stmt"/>
        <line num="16" count="0" type="stmt"/>
        <line num="18" count="0" type="stmt"/>
        <line num="19" count="0" type="stmt"/>
        <line num="20" count="0" type="stmt"/>
        <line num="22" count="0" type="cond" truecount="0" falsecount="1"/>
        <line num="33" count="0" type="cond" truecount="0" falsecount="1"/>
        <line num="34" count="0" type="stmt"/>
        <line num="42" count="0" type="stmt"/>
      </file>
    </package>
    <package name="components">
      <metrics statements="950" coveredstatements="583" conditionals="528" coveredconditionals="315" methods="341" coveredmethods="154"/>
      <file name="CalendarView.tsx" path="/Users/rameshm/Documents/Dev_Project/task-tracker/src/components/CalendarView.tsx">
        <metrics statements="83" coveredstatements="77" conditionals="52" coveredconditionals="45" methods="28" coveredmethods="28"/>
        <line num="3" count="1" type="stmt"/>
        <line num="4" count="1" type="stmt"/>
        <line num="6" count="1" type="stmt"/>
        <line num="7" count="1" type="stmt"/>
        <line num="9" count="1" type="stmt"/>
        <line num="10" count="1" type="stmt"/>
        <line num="18" count="1" type="stmt"/>
        <line num="19" count="1" type="stmt"/>
        <line num="20" count="1" type="stmt"/>
        <line num="22" count="24" type="stmt"/>
        <line num="23" count="42" type="stmt"/>
        <line num="24" count="42" type="stmt"/>
        <line num="25" count="42" type="stmt"/>
        <line num="26" count="42" type="stmt"/>
        <line num="27" count="42" type="stmt"/>
        <line num="29" count="42" type="stmt"/>
        <line num="30" count="42" type="stmt"/>
        <line num="31" count="42" type="stmt"/>
        <line num="34" count="42" type="stmt"/>
        <line num="35" count="24" type="stmt"/>
        <line num="37" count="24" type="stmt"/>
        <line num="38" count="71" type="cond" truecount="1" falsecount="0"/>
        <line num="39" count="71" type="stmt"/>
        <line num="40" count="71" type="cond" truecount="1" falsecount="0"/>
        <line num="41" count="67" type="stmt"/>
        <line num="43" count="71" type="stmt"/>
        <line num="47" count="24" type="stmt"/>
        <line num="51" count="42" type="stmt"/>
        <line num="52" count="32" type="cond" truecount="1" falsecount="0"/>
        <line num="53" count="8" type="stmt"/>
        <line num="54" count="8" type="cond" truecount="2" falsecount="0"/>
        <line num="57" count="42" type="stmt"/>
        <line num="58" count="1" type="stmt"/>
        <line num="59" count="1" type="cond" truecount="3" falsecount="1"/>
        <line num="61" count="1" type="stmt"/>
        <line num="64" count="0" type="stmt"/>
        <line num="79" count="1" type="stmt"/>
        <line num="83" count="42" type="stmt"/>
        <line num="84" count="1" type="stmt"/>
        <line num="85" count="1" type="stmt"/>
        <line num="88" count="42" type="stmt"/>
        <line num="89" count="130" type="cond" truecount="2" falsecount="2"/>
        <line num="90" count="89" type="stmt"/>
        <line num="91" count="41" type="stmt"/>
        <line num="92" count="0" type="stmt"/>
        <line num="93" count="0" type="stmt"/>
        <line num="97" count="42" type="stmt"/>
        <line num="98" count="130" type="cond" truecount="2" falsecount="3"/>
        <line num="99" count="89" type="stmt"/>
        <line num="100" count="41" type="stmt"/>
        <line num="101" count="0" type="stmt"/>
        <line num="102" count="0" type="stmt"/>
        <line num="103" count="0" type="stmt"/>
        <line num="107" count="168" type="stmt"/>
        <line num="108" count="168" type="cond" truecount="2" falsecount="0"/>
        <line num="124" count="1" type="stmt"/>
        <line num="132" count="1" type="stmt"/>
        <line num="139" count="1" type="stmt"/>
        <line num="159" count="294" type="stmt"/>
        <line num="168" count="168" type="stmt"/>
        <line num="169" count="168" type="cond" truecount="2" falsecount="0"/>
        <line num="170" count="168" type="stmt"/>
        <line num="172" count="168" type="stmt"/>
        <line num="182" count="8" type="stmt"/>
        <line num="190" count="203" type="stmt"/>
        <line num="191" count="123" type="cond" truecount="3" falsecount="0"/>
        <line num="193" count="123" type="stmt"/>
        <line num="202" count="3" type="stmt"/>
        <line num="203" count="3" type="stmt"/>
        <line num="204" count="3" type="stmt"/>
        <line num="243" count="8" type="stmt"/>
        <line num="244" count="7" type="cond" truecount="3" falsecount="0"/>
        <line num="246" count="7" type="stmt"/>
        <line num="251" count="1" type="stmt"/>
        <line num="252" count="1" type="stmt"/>
        <line num="292" count="7" type="stmt"/>
        <line num="315" count="1" type="stmt"/>
        <line num="329" count="1" type="stmt"/>
        <line num="354" count="125" type="stmt"/>
        <line num="360" count="125" type="stmt"/>
        <line num="369" count="125" type="cond" truecount="3" falsecount="0"/>
        <line num="382" count="1" type="stmt"/>
        <line num="383" count="1" type="stmt"/>
      </file>
      <file name="CommandPalette.tsx" path="/Users/rameshm/Documents/Dev_Project/task-tracker/src/components/CommandPalette.tsx">
        <metrics statements="78" coveredstatements="69" conditionals="44" coveredconditionals="39" methods="27" coveredmethods="21"/>
        <line num="3" count="2" type="stmt"/>
        <line num="4" count="2" type="stmt"/>
        <line num="5" count="2" type="stmt"/>
        <line num="6" count="2" type="stmt"/>
        <line num="7" count="2" type="stmt"/>
        <line num="8" count="2" type="stmt"/>
        <line num="25" count="2" type="stmt"/>
        <line num="26" count="2" type="stmt"/>
        <line num="27" count="2" type="stmt"/>
        <line num="34" count="17" type="stmt"/>
        <line num="35" count="331" type="stmt"/>
        <line num="36" count="331" type="stmt"/>
        <line num="37" count="331" type="stmt"/>
        <line num="40" count="331" type="stmt"/>
        <line num="41" count="171" type="cond" truecount="3" falsecount="0"/>
        <line num="42" count="122" type="stmt"/>
        <line num="44" count="49" type="stmt"/>
        <line num="48" count="331" type="stmt"/>
        <line num="49" count="171" type="stmt"/>
        <line num="52" count="171" type="cond" truecount="1" falsecount="0"/>
        <line num="53" count="122" type="stmt"/>
        <line num="59" count="3" type="cond" truecount="2" falsecount="0"/>
        <line num="60" count="2" type="stmt"/>
        <line num="61" count="3" type="cond" truecount="2" falsecount="0"/>
        <line num="66" count="3" type="stmt"/>
        <line num="83" count="3" type="stmt"/>
        <line num="84" count="3" type="stmt"/>
        <line num="85" count="3" type="stmt"/>
        <line num="91" count="171" type="cond" truecount="3" falsecount="0"/>
        <line num="92" count="29" type="stmt"/>
        <line num="94" count="29" type="cond" truecount="1" falsecount="0"/>
        <line num="95" count="25" type="stmt"/>
        <line num="96" count="98" type="cond" truecount="2" falsecount="0"/>
        <line num="100" count="25" type="stmt"/>
        <line num="101" count="37" type="stmt"/>
        <line num="109" count="0" type="stmt"/>
        <line num="116" count="29" type="stmt"/>
        <line num="124" count="0" type="stmt"/>
        <line num="133" count="0" type="stmt"/>
        <line num="142" count="0" type="stmt"/>
        <line num="149" count="171" type="cond" truecount="1" falsecount="0"/>
        <line num="150" count="20" type="stmt"/>
        <line num="157" count="1" type="stmt"/>
        <line num="158" count="1" type="stmt"/>
        <line num="168" count="0" type="stmt"/>
        <line num="178" count="0" type="stmt"/>
        <line num="184" count="171" type="stmt"/>
        <line num="188" count="331" type="stmt"/>
        <line num="189" count="175" type="stmt"/>
        <line num="190" count="159" type="cond" truecount="0" falsecount="1"/>
        <line num="192" count="159" type="cond" truecount="4" falsecount="0"/>
        <line num="194" count="3" type="stmt"/>
        <line num="195" count="3" type="stmt"/>
        <line num="196" count="3" type="stmt"/>
        <line num="198" count="1" type="stmt"/>
        <line num="199" count="1" type="stmt"/>
        <line num="200" count="1" type="stmt"/>
        <line num="202" count="3" type="stmt"/>
        <line num="203" count="3" type="cond" truecount="1" falsecount="0"/>
        <line num="204" count="3" type="stmt"/>
        <line num="206" count="3" type="stmt"/>
        <line num="208" count="1" type="stmt"/>
        <line num="209" count="1" type="stmt"/>
        <line num="213" count="175" type="stmt"/>
        <line num="214" count="175" type="stmt"/>
        <line num="218" count="331" type="stmt"/>
        <line num="219" count="171" type="stmt"/>
        <line num="222" count="331" type="stmt"/>
        <line num="223" count="122" type="cond" truecount="1" falsecount="3"/>
        <line num="224" count="122" type="stmt"/>
        <line num="225" count="0" type="stmt"/>
        <line num="226" count="0" type="stmt"/>
        <line num="227" count="0" type="stmt"/>
        <line num="231" count="331" type="stmt"/>
        <line num="232" count="66" type="cond" truecount="1" falsecount="1"/>
        <line num="242" count="151" type="stmt"/>
        <line num="293" count="82" type="stmt"/>
        <line num="310" count="579" type="stmt"/>
      </file>
      <file name="DailyReport.tsx" path="/Users/rameshm/Documents/Dev_Project/task-tracker/src/components/DailyReport.tsx">
        <metrics statements="66" coveredstatements="14" conditionals="41" coveredconditionals="0" methods="23" coveredmethods="1"/>
        <line num="3" count="2" type="stmt"/>
        <line num="4" count="2" type="stmt"/>
        <line num="5" count="2" type="stmt"/>
        <line num="7" count="2" type="stmt"/>
        <line num="8" count="2" type="stmt"/>
        <line num="9" count="2" type="stmt"/>
        <line num="10" count="2" type="stmt"/>
        <line num="11" count="2" type="stmt"/>
        <line num="12" count="2" type="stmt"/>
        <line num="13" count="2" type="stmt"/>
        <line num="14" count="2" type="stmt"/>
        <line num="16" count="44" type="stmt"/>
        <line num="17" count="178" type="stmt"/>
        <line num="18" count="176" type="stmt"/>
        <line num="19" count="0" type="stmt"/>
        <line num="20" count="0" type="stmt"/>
        <line num="21" count="0" type="stmt"/>
        <line num="22" count="0" type="stmt"/>
        <line num="23" count="0" type="stmt"/>
        <line num="24" count="0" type="stmt"/>
        <line num="25" count="0" type="stmt"/>
        <line num="32" count="0" type="stmt"/>
        <line num="33" count="0" type="stmt"/>
        <line num="34" count="0" type="stmt"/>
        <line num="35" count="0" type="stmt"/>
        <line num="36" count="0" type="stmt"/>
        <line num="39" count="0" type="stmt"/>
        <line num="42" count="0" type="stmt"/>
        <line num="43" count="0" type="stmt"/>
        <line num="44" count="0" type="stmt"/>
        <line num="45" count="0" type="cond" truecount="0" falsecount="2"/>
        <line num="46" count="0" type="cond" truecount="0" falsecount="2"/>
        <line num="49" count="0" type="stmt"/>
        <line num="50" count="0" type="cond" truecount="0" falsecount="3"/>
        <line num="51" count="0" type="cond" truecount="0" falsecount="1"/>
        <line num="53" count="0" type="stmt"/>
        <line num="54" count="0" type="stmt"/>
        <line num="55" count="0" type="stmt"/>
        <line num="66" count="0" type="stmt"/>
        <line num="67" count="0" type="stmt"/>
        <line num="68" count="0" type="stmt"/>
        <line num="69" count="0" type="stmt"/>
        <line num="70" count="0" type="stmt"/>
        <line num="73" count="0" type="stmt"/>
        <line num="74" count="0" type="stmt"/>
        <line num="77" count="0" type="stmt"/>
        <line num="78" count="0" type="stmt"/>
        <line num="104" count="0" type="stmt"/>
        <line num="114" count="0" type="cond" truecount="0" falsecount="2"/>
        <line num="116" count="0" type="stmt"/>
        <line num="117" count="0" type="stmt"/>
        <line num="118" count="0" type="stmt"/>
        <line num="119" count="0" type="cond" truecount="0" falsecount="2"/>
        <line num="121" count="0" type="cond" truecount="0" falsecount="1"/>
        <line num="123" count="0" type="stmt"/>
        <line num="134" count="0" type="stmt"/>
        <line num="172" count="0" type="stmt"/>
        <line num="173" count="0" type="stmt"/>
        <line num="237" count="0" type="stmt"/>
        <line num="249" count="0" type="stmt"/>
        <line num="261" count="0" type="stmt"/>
        <line num="269" count="0" type="stmt"/>
        <line num="277" count="0" type="stmt"/>
        <line num="278" count="0" type="stmt"/>
        <line num="279" count="0" type="stmt"/>
        <line num="300" count="0" type="stmt"/>
      </file>
      <file name="Header.tsx" path="/Users/rameshm/Documents/Dev_Project/task-tracker/src/components/Header.tsx">
        <metrics statements="38" coveredstatements="26" conditionals="19" coveredconditionals="10" methods="16" coveredmethods="8"/>
        <line num="3" count="2" type="stmt"/>
        <line num="4" count="2" type="stmt"/>
        <line num="5" count="2" type="stmt"/>
        <line num="6" count="2" type="stmt"/>
        <line num="7" count="2" type="stmt"/>
        <line num="8" count="2" type="stmt"/>
        <line num="9" count="2" type="stmt"/>
        <line num="10" count="2" type="stmt"/>
        <line num="11" count="2" type="stmt"/>
        <line num="12" count="2" type="stmt"/>
        <line num="14" count="70" type="stmt"/>
        <line num="15" count="282" type="stmt"/>
        <line num="16" count="281" type="stmt"/>
        <line num="17" count="281" type="stmt"/>
        <line num="18" count="280" type="stmt"/>
        <line num="20" count="280" type="stmt"/>
        <line num="21" count="8" type="stmt"/>
        <line num="22" count="8" type="stmt"/>
        <line num="23" count="8" type="stmt"/>
        <line num="24" count="8" type="stmt"/>
        <line num="27" count="184" type="stmt"/>
        <line num="28" count="8" type="cond" truecount="1" falsecount="2"/>
        <line num="31" count="184" type="stmt"/>
        <line num="32" count="0" type="stmt"/>
        <line num="33" count="0" type="stmt"/>
        <line num="37" count="184" type="stmt"/>
        <line num="38" count="0" type="stmt"/>
        <line num="39" count="0" type="cond" truecount="0" falsecount="4"/>
        <line num="40" count="0" type="stmt"/>
        <line num="41" count="0" type="stmt"/>
        <line num="45" count="0" type="stmt"/>
        <line num="46" count="0" type="stmt"/>
        <line num="129" count="0" type="stmt"/>
        <line num="138" count="0" type="stmt"/>
        <line num="163" count="184" type="stmt"/>
        <line num="166" count="368" type="stmt"/>
        <line num="185" count="0" type="stmt"/>
        <line num="236" count="0" type="stmt"/>
      </file>
      <file name="KanbanBoard.tsx" path="/Users/rameshm/Documents/Dev_Project/task-tracker/src/components/KanbanBoard.tsx">
        <metrics statements="86" coveredstatements="33" conditionals="29" coveredconditionals="6" methods="22" coveredmethods="9"/>
        <line num="3" count="3" type="stmt"/>
        <line num="13" count="3" type="stmt"/>
        <line num="16" count="3" type="stmt"/>
        <line num="17" count="3" type="stmt"/>
        <line num="18" count="3" type="stmt"/>
        <line num="19" count="3" type="stmt"/>
        <line num="20" count="3" type="stmt"/>
        <line num="21" count="3" type="stmt"/>
        <line num="23" count="3" type="stmt"/>
        <line num="31" count="66" type="stmt"/>
        <line num="32" count="114" type="stmt"/>
        <line num="33" count="114" type="stmt"/>
        <line num="34" count="113" type="stmt"/>
        <line num="36" count="113" type="stmt"/>
        <line num="46" count="113" type="stmt"/>
        <line num="47" count="0" type="stmt"/>
        <line num="48" count="0" type="stmt"/>
        <line num="49" count="0" type="cond" truecount="0" falsecount="2"/>
        <line num="52" count="113" type="stmt"/>
        <line num="56" count="113" type="stmt"/>
        <line num="57" count="0" type="stmt"/>
        <line num="60" count="0" type="stmt"/>
        <line num="63" count="0" type="stmt"/>
        <line num="64" count="0" type="stmt"/>
        <line num="65" count="0" type="stmt"/>
        <line num="68" count="0" type="cond" truecount="0" falsecount="3"/>
        <line num="69" count="0" type="stmt"/>
        <line num="70" count="0" type="stmt"/>
        <line num="71" count="0" type="stmt"/>
        <line num="74" count="0" type="stmt"/>
        <line num="75" count="0" type="stmt"/>
        <line num="77" count="0" type="stmt"/>
        <line num="78" count="0" type="stmt"/>
        <line num="81" count="0" type="stmt"/>
        <line num="82" count="0" type="cond" truecount="0" falsecount="1"/>
        <line num="83" count="0" type="stmt"/>
        <line num="84" count="0" type="stmt"/>
        <line num="87" count="0" type="stmt"/>
        <line num="90" count="0" type="stmt"/>
        <line num="91" count="0" type="stmt"/>
        <line num="93" count="0" type="stmt"/>
        <line num="94" count="0" type="stmt"/>
        <line num="96" count="0" type="cond" truecount="0" falsecount="2"/>
        <line num="97" count="0" type="stmt"/>
        <line num="98" count="0" type="stmt"/>
        <line num="100" count="0" type="cond" truecount="0" falsecount="2"/>
        <line num="102" count="0" type="stmt"/>
        <line num="103" count="0" type="stmt"/>
        <line num="104" count="0" type="stmt"/>
        <line num="108" count="0" type="stmt"/>
        <line num="111" count="0" type="stmt"/>
        <line num="113" count="0" type="stmt"/>
        <line num="114" count="0" type="cond" truecount="0" falsecount="2"/>
        <line num="116" count="0" type="cond" truecount="0" falsecount="4"/>
        <line num="117" count="0" type="stmt"/>
        <line num="120" count="0" type="stmt"/>
        <line num="121" count="0" type="stmt"/>
        <line num="122" count="0" type="stmt"/>
        <line num="124" count="0" type="cond" truecount="0" falsecount="4"/>
        <line num="126" count="0" type="stmt"/>
        <line num="127" count="0" type="stmt"/>
        <line num="128" count="0" type="stmt"/>
        <line num="131" count="0" type="stmt"/>
        <line num="138" count="0" type="stmt"/>
        <line num="139" count="0" type="stmt"/>
        <line num="140" count="0" type="cond" truecount="0" falsecount="2"/>
        <line num="143" count="0" type="stmt"/>
        <line num="144" count="0" type="stmt"/>
        <line num="148" count="0" type="stmt"/>
        <line num="153" count="113" type="stmt"/>
        <line num="154" count="626" type="stmt"/>
        <line num="155" count="14470" type="stmt"/>
        <line num="158" count="2390" type="cond" truecount="2" falsecount="0"/>
        <line num="159" count="2390" type="cond" truecount="2" falsecount="0"/>
        <line num="160" count="2390" type="cond" truecount="1" falsecount="0"/>
        <line num="161" count="388" type="stmt"/>
        <line num="163" count="2002" type="stmt"/>
        <line num="167" count="113" type="stmt"/>
        <line num="168" count="285" type="stmt"/>
        <line num="175" count="3" type="stmt"/>
        <line num="189" count="341" type="stmt"/>
        <line num="214" count="2" type="stmt"/>
        <line num="216" count="1" type="stmt"/>
        <line num="217" count="1" type="stmt"/>
        <line num="218" count="1" type="stmt"/>
        <line num="220" count="0" type="stmt"/>
      </file>
      <file name="KanbanColumn.tsx" path="/Users/rameshm/Documents/Dev_Project/task-tracker/src/components/KanbanColumn.tsx">
        <metrics statements="9" coveredstatements="9" conditionals="16" coveredconditionals="9" methods="3" coveredmethods="3"/>
        <line num="3" count="2" type="stmt"/>
        <line num="4" count="2" type="stmt"/>
        <line num="6" count="2" type="stmt"/>
        <line num="7" count="2" type="stmt"/>
        <line num="15" count="285" type="stmt"/>
        <line num="16" count="285" type="stmt"/>
        <line num="20" count="285" type="cond" truecount="1" falsecount="1"/>
        <line num="56" count="1447" type="stmt"/>
        <line num="61" count="1447" type="stmt"/>
      </file>
      <file name="ListView.tsx" path="/Users/rameshm/Documents/Dev_Project/task-tracker/src/components/ListView.tsx">
        <metrics statements="110" coveredstatements="76" conditionals="61" coveredconditionals="41" methods="32" coveredmethods="20"/>
        <line num="3" count="1" type="stmt"/>
        <line num="4" count="1" type="stmt"/>
        <line num="6" count="1" type="stmt"/>
        <line num="7" count="1" type="stmt"/>
        <line num="8" count="1" type="stmt"/>
        <line num="9" count="1" type="stmt"/>
        <line num="16" count="1" type="stmt"/>
        <line num="24" count="1" type="stmt"/>
        <line num="35" count="1" type="stmt"/>
        <line num="36" count="1" type="stmt"/>
        <line num="37" count="1" type="stmt"/>
        <line num="42" count="22" type="stmt"/>
        <line num="43" count="30" type="stmt"/>
        <line num="44" count="30" type="stmt"/>
        <line num="45" count="30" type="stmt"/>
        <line num="46" count="30" type="stmt"/>
        <line num="47" count="30" type="stmt"/>
        <line num="48" count="30" type="stmt"/>
        <line num="50" count="30" type="stmt"/>
        <line num="51" count="25" type="stmt"/>
        <line num="56" count="48" type="cond" truecount="1" falsecount="1"/>
        <line num="57" count="0" type="cond" truecount="0" falsecount="2"/>
        <line num="58" count="0" type="cond" truecount="0" falsecount="2"/>
        <line num="59" count="0" type="stmt"/>
        <line num="60" count="0" type="stmt"/>
        <line num="62" count="48" type="stmt"/>
        <line num="63" count="48" type="stmt"/>
        <line num="67" count="48" type="cond" truecount="3" falsecount="0"/>
        <line num="68" count="38" type="cond" truecount="1" falsecount="1"/>
        <line num="69" count="38" type="cond" truecount="1" falsecount="1"/>
        <line num="73" count="48" type="cond" truecount="0" falsecount="1"/>
        <line num="74" count="0" type="stmt"/>
        <line num="75" count="0" type="stmt"/>
        <line num="76" count="0" type="stmt"/>
        <line num="80" count="48" type="cond" truecount="0" falsecount="1"/>
        <line num="81" count="0" type="stmt"/>
        <line num="82" count="0" type="stmt"/>
        <line num="83" count="0" type="stmt"/>
        <line num="86" count="48" type="cond" truecount="3" falsecount="0"/>
        <line num="87" count="7" type="cond" truecount="3" falsecount="0"/>
        <line num="88" count="0" type="stmt"/>
        <line num="91" count="25" type="stmt"/>
        <line num="94" count="30" type="stmt"/>
        <line num="95" count="25" type="cond" truecount="0" falsecount="1"/>
        <line num="96" count="0" type="stmt"/>
        <line num="99" count="25" type="stmt"/>
        <line num="102" count="68" type="cond" truecount="1" falsecount="3"/>
        <line num="104" count="90" type="stmt"/>
        <line num="105" count="68" type="stmt"/>
        <line num="107" count="0" type="stmt"/>
        <line num="108" count="0" type="stmt"/>
        <line num="110" count="0" type="stmt"/>
        <line num="111" count="0" type="cond" truecount="0" falsecount="2"/>
        <line num="112" count="0" type="stmt"/>
        <line num="114" count="0" type="stmt"/>
        <line num="117" count="68" type="cond" truecount="1" falsecount="0"/>
        <line num="118" count="68" type="stmt"/>
        <line num="120" count="68" type="stmt"/>
        <line num="121" count="68" type="stmt"/>
        <line num="125" count="30" type="stmt"/>
        <line num="126" count="3" type="cond" truecount="2" falsecount="0"/>
        <line num="127" count="1" type="cond" truecount="1" falsecount="1"/>
        <line num="129" count="2" type="stmt"/>
        <line num="130" count="2" type="stmt"/>
        <line num="134" count="30" type="stmt"/>
        <line num="135" count="1" type="stmt"/>
        <line num="136" count="1" type="stmt"/>
        <line num="138" count="1" type="stmt"/>
        <line num="142" count="30" type="stmt"/>
        <line num="143" count="0" type="stmt"/>
        <line num="144" count="0" type="stmt"/>
        <line num="146" count="0" type="stmt"/>
        <line num="150" count="30" type="stmt"/>
        <line num="151" count="83" type="cond" truecount="3" falsecount="1"/>
        <line num="152" count="29" type="stmt"/>
        <line num="153" count="27" type="stmt"/>
        <line num="154" count="27" type="stmt"/>
        <line num="155" count="0" type="stmt"/>
        <line num="159" count="30" type="stmt"/>
        <line num="160" count="83" type="cond" truecount="3" falsecount="2"/>
        <line num="161" count="29" type="stmt"/>
        <line num="162" count="27" type="stmt"/>
        <line num="163" count="0" type="stmt"/>
        <line num="164" count="27" type="stmt"/>
        <line num="165" count="0" type="stmt"/>
        <line num="169" count="30" type="stmt"/>
        <line num="170" count="415" type="cond" truecount="1" falsecount="0"/>
        <line num="181" count="0" type="stmt"/>
        <line num="201" count="1" type="stmt"/>
        <line num="202" count="1" type="stmt"/>
        <line num="213" count="83" type="stmt"/>
        <line num="229" count="3" type="stmt"/>
        <line num="238" count="0" type="stmt"/>
        <line num="247" count="0" type="stmt"/>
        <line num="256" count="0" type="stmt"/>
        <line num="265" count="0" type="stmt"/>
        <line num="277" count="137" type="stmt"/>
        <line num="278" count="83" type="cond" truecount="3" falsecount="0"/>
        <line num="280" count="83" type="stmt"/>
        <line num="285" count="3" type="stmt"/>
        <line num="286" count="3" type="stmt"/>
        <line num="296" count="57" type="stmt"/>
        <line num="324" count="0" type="stmt"/>
        <line num="328" count="0" type="stmt"/>
        <line num="357" count="112" type="stmt"/>
        <line num="387" count="0" type="stmt"/>
        <line num="388" count="0" type="stmt"/>
        <line num="389" count="0" type="stmt"/>
        <line num="409" count="1" type="stmt"/>
        <line num="410" count="1" type="stmt"/>
      </file>
      <file name="LoginForm.tsx" path="/Users/rameshm/Documents/Dev_Project/task-tracker/src/components/LoginForm.tsx">
        <metrics statements="33" coveredstatements="33" conditionals="6" coveredconditionals="5" methods="5" coveredmethods="5"/>
        <line num="3" count="1" type="stmt"/>
        <line num="4" count="1" type="stmt"/>
        <line num="5" count="1" type="stmt"/>
        <line num="6" count="1" type="stmt"/>
        <line num="7" count="1" type="stmt"/>
        <line num="8" count="1" type="stmt"/>
        <line num="9" count="1" type="stmt"/>
        <line num="10" count="1" type="stmt"/>
        <line num="12" count="27" type="stmt"/>
        <line num="13" count="344" type="stmt"/>
        <line num="14" count="344" type="stmt"/>
        <line num="15" count="344" type="stmt"/>
        <line num="16" count="344" type="stmt"/>
        <line num="18" count="344" type="stmt"/>
        <line num="19" count="18" type="stmt"/>
        <line num="20" count="18" type="stmt"/>
        <line num="21" count="18" type="stmt"/>
        <line num="23" count="18" type="cond" truecount="1" falsecount="0"/>
        <line num="24" count="6" type="stmt"/>
        <line num="25" count="6" type="stmt"/>
        <line num="26" count="6" type="stmt"/>
        <line num="29" count="12" type="cond" truecount="1" falsecount="0"/>
        <line num="30" count="3" type="stmt"/>
        <line num="31" count="3" type="stmt"/>
        <line num="32" count="3" type="stmt"/>
        <line num="35" count="9" type="stmt"/>
        <line num="36" count="9" type="cond" truecount="1" falsecount="0"/>
        <line num="37" count="2" type="stmt"/>
        <line num="40" count="9" type="stmt"/>
        <line num="43" count="344" type="stmt"/>
        <line num="76" count="298" type="stmt"/>
        <line num="105" count="3096" type="stmt"/>
        <line num="107" count="1" type="stmt"/>
      </file>
      <file name="QuickAssigneeFilter.tsx" path="/Users/rameshm/Documents/Dev_Project/task-tracker/src/components/QuickAssigneeFilter.tsx">
        <metrics statements="31" coveredstatements="31" conditionals="20" coveredconditionals="20" methods="9" coveredmethods="9"/>
        <line num="3" count="1" type="stmt"/>
        <line num="4" count="1" type="stmt"/>
        <line num="5" count="1" type="stmt"/>
        <line num="6" count="1" type="stmt"/>
        <line num="7" count="1" type="stmt"/>
        <line num="8" count="1" type="stmt"/>
        <line num="9" count="1" type="stmt"/>
        <line num="11" count="29" type="stmt"/>
        <line num="12" count="29" type="stmt"/>
        <line num="13" count="29" type="stmt"/>
        <line num="15" count="29" type="stmt"/>
        <line num="18" count="29" type="stmt"/>
        <line num="19" count="86" type="cond" truecount="2" falsecount="0"/>
        <line num="22" count="29" type="stmt"/>
        <line num="23" count="5" type="stmt"/>
        <line num="24" count="5" type="stmt"/>
        <line num="26" count="5" type="cond" truecount="2" falsecount="0"/>
        <line num="27" count="4" type="stmt"/>
        <line num="29" count="1" type="stmt"/>
        <line num="32" count="5" type="stmt"/>
        <line num="38" count="29" type="stmt"/>
        <line num="39" count="2" type="stmt"/>
        <line num="45" count="29" type="stmt"/>
        <line num="47" count="249" type="stmt"/>
        <line num="50" count="29" type="cond" truecount="1" falsecount="0"/>
        <line num="51" count="2" type="stmt"/>
        <line num="77" count="83" type="stmt"/>
        <line num="78" count="83" type="stmt"/>
        <line num="80" count="83" type="stmt"/>
        <line num="85" count="5" type="stmt"/>
        <line num="94" count="171" type="stmt"/>
      </file>
      <file name="QuickTaskInput.tsx" path="/Users/rameshm/Documents/Dev_Project/task-tracker/src/components/QuickTaskInput.tsx">
        <metrics statements="46" coveredstatements="43" conditionals="28" coveredconditionals="22" methods="11" coveredmethods="11"/>
        <line num="3" count="3" type="stmt"/>
        <line num="4" count="3" type="stmt"/>
        <line num="5" count="3" type="stmt"/>
        <line num="6" count="3" type="stmt"/>
        <line num="7" count="3" type="stmt"/>
        <line num="8" count="3" type="stmt"/>
        <line num="9" count="3" type="stmt"/>
        <line num="10" count="3" type="stmt"/>
        <line num="12" count="3" type="stmt"/>
        <line num="13" count="3" type="stmt"/>
        <line num="14" count="3" type="stmt"/>
        <line num="21" count="199" type="stmt"/>
        <line num="22" count="301" type="stmt"/>
        <line num="23" count="301" type="stmt"/>
        <line num="24" count="301" type="stmt"/>
        <line num="25" count="301" type="stmt"/>
        <line num="26" count="301" type="stmt"/>
        <line num="28" count="301" type="stmt"/>
        <line num="29" count="149" type="cond" truecount="2" falsecount="0"/>
        <line num="30" count="129" type="stmt"/>
        <line num="31" count="129" type="stmt"/>
        <line num="33" count="20" type="stmt"/>
        <line num="37" count="301" type="stmt"/>
        <line num="38" count="5" type="stmt"/>
        <line num="39" count="5" type="cond" truecount="0" falsecount="1"/>
        <line num="41" count="5" type="stmt"/>
        <line num="44" count="5" type="cond" truecount="2" falsecount="0"/>
        <line num="45" count="2" type="stmt"/>
        <line num="46" count="3" type="cond" truecount="2" falsecount="0"/>
        <line num="51" count="5" type="stmt"/>
        <line num="68" count="5" type="stmt"/>
        <line num="69" count="5" type="stmt"/>
        <line num="70" count="5" type="stmt"/>
        <line num="71" count="5" type="stmt"/>
        <line num="72" count="5" type="stmt"/>
        <line num="75" count="301" type="stmt"/>
        <line num="76" count="39" type="cond" truecount="1" falsecount="3"/>
        <line num="77" count="39" type="stmt"/>
        <line num="78" count="0" type="stmt"/>
        <line num="79" count="0" type="stmt"/>
        <line num="80" count="0" type="stmt"/>
        <line num="84" count="301" type="stmt"/>
        <line num="85" count="17" type="cond" truecount="1" falsecount="1"/>
        <line num="95" count="129" type="stmt"/>
        <line num="96" count="9" type="stmt"/>
        <line num="173" count="36" type="stmt"/>
      </file>
      <file name="Settings.tsx" path="/Users/rameshm/Documents/Dev_Project/task-tracker/src/components/Settings.tsx">
        <metrics statements="65" coveredstatements="33" conditionals="14" coveredconditionals="12" methods="23" coveredmethods="3"/>
        <line num="3" count="1" type="stmt"/>
        <line num="4" count="1" type="stmt"/>
        <line num="5" count="1" type="stmt"/>
        <line num="6" count="1" type="stmt"/>
        <line num="7" count="1" type="stmt"/>
        <line num="8" count="1" type="stmt"/>
        <line num="9" count="1" type="stmt"/>
        <line num="10" count="1" type="stmt"/>
        <line num="11" count="1" type="stmt"/>
        <line num="12" count="1" type="stmt"/>
        <line num="13" count="1" type="stmt"/>
        <line num="14" count="1" type="stmt"/>
        <line num="29" count="1" type="stmt"/>
        <line num="31" count="7" type="stmt"/>
        <line num="32" count="15" type="stmt"/>
        <line num="33" count="15" type="stmt"/>
        <line num="35" count="15" type="stmt"/>
        <line num="54" count="15" type="stmt"/>
        <line num="56" count="15" type="stmt"/>
        <line num="58" count="7" type="stmt"/>
        <line num="59" count="7" type="cond" truecount="0" falsecount="1"/>
        <line num="60" count="0" type="stmt"/>
        <line num="61" count="0" type="stmt"/>
        <line num="63" count="0" type="stmt"/>
        <line num="68" count="15" type="stmt"/>
        <line num="69" count="1" type="stmt"/>
        <line num="70" count="1" type="stmt"/>
        <line num="71" count="1" type="stmt"/>
        <line num="72" count="1" type="stmt"/>
        <line num="73" count="1" type="stmt"/>
        <line num="75" count="0" type="stmt"/>
        <line num="76" count="0" type="stmt"/>
        <line num="77" count="0" type="stmt"/>
        <line num="81" count="15" type="stmt"/>
        <line num="82" count="0" type="stmt"/>
        <line num="90" count="0" type="stmt"/>
        <line num="91" count="0" type="stmt"/>
        <line num="92" count="0" type="stmt"/>
        <line num="93" count="0" type="stmt"/>
        <line num="94" count="0" type="stmt"/>
        <line num="95" count="0" type="stmt"/>
        <line num="96" count="0" type="stmt"/>
        <line num="97" count="0" type="stmt"/>
        <line num="98" count="0" type="stmt"/>
        <line num="101" count="15" type="stmt"/>
        <line num="102" count="0" type="cond" truecount="0" falsecount="1"/>
        <line num="103" count="0" type="stmt"/>
        <line num="104" count="0" type="stmt"/>
        <line num="108" count="15" type="stmt"/>
        <line num="109" count="0" type="stmt"/>
        <line num="115" count="15" type="stmt"/>
        <line num="116" count="0" type="stmt"/>
        <line num="122" count="15" type="stmt"/>
        <line num="123" count="0" type="stmt"/>
        <line num="130" count="15" type="cond" truecount="1" falsecount="0"/>
        <line num="222" count="0" type="stmt"/>
        <line num="233" count="0" type="stmt"/>
        <line num="244" count="0" type="stmt"/>
        <line num="255" count="0" type="stmt"/>
        <line num="275" count="0" type="stmt"/>
        <line num="291" count="0" type="stmt"/>
        <line num="307" count="0" type="stmt"/>
        <line num="324" count="0" type="stmt"/>
        <line num="353" count="0" type="stmt"/>
        <line num="369" count="0" type="stmt"/>
      </file>
      <file name="SimpleModal.tsx" path="/Users/rameshm/Documents/Dev_Project/task-tracker/src/components/SimpleModal.tsx">
        <metrics statements="11" coveredstatements="3" conditionals="3" coveredconditionals="0" methods="3" coveredmethods="0"/>
        <line num="3" count="1" type="stmt"/>
        <line num="4" count="1" type="stmt"/>
        <line num="5" count="1" type="stmt"/>
        <line num="14" count="0" type="stmt"/>
        <line num="15" count="0" type="stmt"/>
        <line num="16" count="0" type="cond" truecount="0" falsecount="2"/>
        <line num="17" count="0" type="stmt"/>
        <line num="19" count="0" type="stmt"/>
        <line num="22" count="0" type="stmt"/>
        <line num="23" count="0" type="stmt"/>
        <line num="27" count="0" type="cond" truecount="0" falsecount="1"/>
      </file>
      <file name="TaskAnalytics.tsx" path="/Users/rameshm/Documents/Dev_Project/task-tracker/src/components/TaskAnalytics.tsx">
        <metrics statements="36" coveredstatements="0" conditionals="16" coveredconditionals="0" methods="22" coveredmethods="0"/>
        <line num="3" count="0" type="stmt"/>
        <line num="4" count="0" type="stmt"/>
        <line num="5" count="0" type="stmt"/>
        <line num="6" count="0" type="stmt"/>
        <line num="7" count="0" type="stmt"/>
        <line num="9" count="0" type="stmt"/>
        <line num="19" count="0" type="stmt"/>
        <line num="21" count="0" type="stmt"/>
        <line num="22" count="0" type="stmt"/>
        <line num="24" count="0" type="stmt"/>
        <line num="25" count="0" type="stmt"/>
        <line num="26" count="0" type="stmt"/>
        <line num="27" count="0" type="stmt"/>
        <line num="28" count="0" type="stmt"/>
        <line num="29" count="0" type="cond" truecount="0" falsecount="3"/>
        <line num="33" count="0" type="stmt"/>
        <line num="34" count="0" type="stmt"/>
        <line num="35" count="0" type="stmt"/>
        <line num="36" count="0" type="stmt"/>
        <line num="40" count="0" type="stmt"/>
        <line num="41" count="0" type="stmt"/>
        <line num="42" count="0" type="stmt"/>
        <line num="43" count="0" type="stmt"/>
        <line num="44" count="0" type="stmt"/>
        <line num="45" count="0" type="cond" truecount="0" falsecount="3"/>
        <line num="48" count="0" type="stmt"/>
        <line num="59" count="0" type="cond" truecount="0" falsecount="2"/>
        <line num="60" count="0" type="cond" truecount="0" falsecount="2"/>
        <line num="63" count="0" type="stmt"/>
        <line num="65" count="0" type="stmt"/>
        <line num="66" count="0" type="stmt"/>
        <line num="69" count="0" type="stmt"/>
        <line num="76" count="0" type="stmt"/>
        <line num="230" count="0" type="stmt"/>
        <line num="261" count="0" type="stmt"/>
        <line num="265" count="0" type="stmt"/>
      </file>
      <file name="TaskCard.tsx" path="/Users/rameshm/Documents/Dev_Project/task-tracker/src/components/TaskCard.tsx">
        <metrics statements="59" coveredstatements="28" conditionals="51" coveredconditionals="39" methods="19" coveredmethods="6"/>
        <line num="3" count="4" type="stmt"/>
        <line num="4" count="4" type="stmt"/>
        <line num="5" count="4" type="stmt"/>
        <line num="7" count="4" type="stmt"/>
        <line num="8" count="4" type="stmt"/>
        <line num="9" count="4" type="stmt"/>
        <line num="10" count="4" type="stmt"/>
        <line num="11" count="4" type="stmt"/>
        <line num="12" count="4" type="stmt"/>
        <line num="13" count="4" type="stmt"/>
        <line num="14" count="4" type="stmt"/>
        <line num="15" count="4" type="stmt"/>
        <line num="22" count="1465" type="cond" truecount="1" falsecount="0"/>
        <line num="23" count="1516" type="stmt"/>
        <line num="24" count="1516" type="stmt"/>
        <line num="25" count="1516" type="stmt"/>
        <line num="34" count="1516" type="stmt"/>
        <line num="39" count="1504" type="stmt"/>
        <line num="44" count="1698" type="stmt"/>
        <line num="46" count="1504" type="cond" truecount="3" falsecount="0"/>
        <line num="47" count="1504" type="cond" truecount="3" falsecount="0"/>
        <line num="50" count="1504" type="stmt"/>
        <line num="51" count="0" type="stmt"/>
        <line num="54" count="1504" type="stmt"/>
        <line num="56" count="0" type="cond" truecount="0" falsecount="1"/>
        <line num="57" count="0" type="stmt"/>
        <line num="58" count="0" type="stmt"/>
        <line num="61" count="0" type="cond" truecount="0" falsecount="1"/>
        <line num="62" count="0" type="stmt"/>
        <line num="63" count="0" type="stmt"/>
        <line num="65" count="0" type="stmt"/>
        <line num="68" count="0" type="stmt"/>
        <line num="71" count="1504" type="cond" truecount="3" falsecount="0"/>
        <line num="107" count="0" type="cond" truecount="0" falsecount="3"/>
        <line num="108" count="0" type="stmt"/>
        <line num="109" count="0" type="stmt"/>
        <line num="139" count="0" type="stmt"/>
        <line num="140" count="0" type="stmt"/>
        <line num="141" count="0" type="stmt"/>
        <line num="145" count="0" type="stmt"/>
        <line num="146" count="0" type="stmt"/>
        <line num="150" count="0" type="stmt"/>
        <line num="151" count="0" type="stmt"/>
        <line num="155" count="0" type="stmt"/>
        <line num="164" count="0" type="stmt"/>
        <line num="165" count="0" type="stmt"/>
        <line num="169" count="0" type="stmt"/>
        <line num="170" count="0" type="stmt"/>
        <line num="171" count="0" type="stmt"/>
        <line num="177" count="0" type="stmt"/>
        <line num="198" count="1450" type="stmt"/>
        <line num="255" count="196" type="stmt"/>
        <line num="260" count="196" type="stmt"/>
        <line num="273" count="2790" type="stmt"/>
        <line num="295" count="0" type="stmt"/>
        <line num="298" count="0" type="stmt"/>
        <line num="299" count="0" type="stmt"/>
        <line num="300" count="0" type="stmt"/>
        <line num="302" count="0" type="stmt"/>
      </file>
      <file name="TaskFilters.tsx" path="/Users/rameshm/Documents/Dev_Project/task-tracker/src/components/TaskFilters.tsx">
        <metrics statements="50" coveredstatements="31" conditionals="40" coveredconditionals="25" methods="20" coveredmethods="9"/>
        <line num="3" count="1" type="stmt"/>
        <line num="4" count="1" type="stmt"/>
        <line num="5" count="1" type="stmt"/>
        <line num="6" count="1" type="stmt"/>
        <line num="8" count="1" type="stmt"/>
        <line num="9" count="1" type="stmt"/>
        <line num="10" count="1" type="stmt"/>
        <line num="11" count="1" type="stmt"/>
        <line num="12" count="1" type="stmt"/>
        <line num="13" count="1" type="stmt"/>
        <line num="14" count="1" type="stmt"/>
        <line num="16" count="17" type="stmt"/>
        <line num="17" count="32" type="stmt"/>
        <line num="18" count="32" type="stmt"/>
        <line num="19" count="31" type="stmt"/>
        <line num="21" count="31" type="stmt"/>
        <line num="22" count="11" type="stmt"/>
        <line num="25" count="31" type="stmt"/>
        <line num="26" count="0" type="stmt"/>
        <line num="27" count="0" type="cond" truecount="0" falsecount="2"/>
        <line num="28" count="0" type="stmt"/>
        <line num="31" count="0" type="stmt"/>
        <line num="34" count="31" type="stmt"/>
        <line num="35" count="0" type="stmt"/>
        <line num="36" count="0" type="cond" truecount="0" falsecount="2"/>
        <line num="37" count="0" type="stmt"/>
        <line num="40" count="0" type="stmt"/>
        <line num="43" count="31" type="stmt"/>
        <line num="44" count="0" type="stmt"/>
        <line num="45" count="0" type="cond" truecount="0" falsecount="2"/>
        <line num="46" count="0" type="stmt"/>
        <line num="49" count="0" type="stmt"/>
        <line num="52" count="31" type="stmt"/>
        <line num="53" count="0" type="cond" truecount="0" falsecount="2"/>
        <line num="54" count="0" type="stmt"/>
        <line num="55" count="0" type="stmt"/>
        <line num="58" count="31" type="stmt"/>
        <line num="59" count="1" type="stmt"/>
        <line num="69" count="1" type="stmt"/>
        <line num="73" count="31" type="cond" truecount="2" falsecount="0"/>
        <line num="86" count="11" type="stmt"/>
        <line num="125" count="93" type="stmt"/>
        <line num="134" count="0" type="stmt"/>
        <line num="152" count="124" type="stmt"/>
        <line num="161" count="0" type="stmt"/>
        <line num="218" count="3" type="stmt"/>
        <line num="219" count="3" type="cond" truecount="1" falsecount="1"/>
        <line num="226" count="0" type="stmt"/>
        <line num="235" count="11" type="stmt"/>
        <line num="241" count="0" type="stmt"/>
      </file>
      <file name="TaskModal.tsx" path="/Users/rameshm/Documents/Dev_Project/task-tracker/src/components/TaskModal.tsx">
        <metrics statements="67" coveredstatements="51" conditionals="59" coveredconditionals="40" methods="40" coveredmethods="20"/>
        <line num="3" count="5" type="stmt"/>
        <line num="5" count="5" type="stmt"/>
        <line num="6" count="5" type="stmt"/>
        <line num="7" count="5" type="stmt"/>
        <line num="8" count="5" type="stmt"/>
        <line num="9" count="5" type="stmt"/>
        <line num="10" count="5" type="stmt"/>
        <line num="11" count="5" type="stmt"/>
        <line num="12" count="5" type="stmt"/>
        <line num="13" count="5" type="stmt"/>
        <line num="14" count="5" type="stmt"/>
        <line num="15" count="5" type="stmt"/>
        <line num="16" count="5" type="stmt"/>
        <line num="17" count="5" type="stmt"/>
        <line num="18" count="5" type="stmt"/>
        <line num="19" count="5" type="stmt"/>
        <line num="28" count="5" type="stmt"/>
        <line num="39" count="1584" type="stmt"/>
        <line num="40" count="3594" type="stmt"/>
        <line num="41" count="3594" type="stmt"/>
        <line num="42" count="3594" type="stmt"/>
        <line num="43" count="3594" type="stmt"/>
        <line num="45" count="3594" type="stmt"/>
        <line num="46" count="1549" type="cond" truecount="2" falsecount="0"/>
        <line num="47" count="1446" type="stmt"/>
        <line num="51" count="1446" type="stmt"/>
        <line num="53" count="103" type="stmt"/>
        <line num="54" count="103" type="stmt"/>
        <line num="58" count="3594" type="stmt"/>
        <line num="59" count="7" type="stmt"/>
        <line num="61" count="7" type="cond" truecount="0" falsecount="1"/>
        <line num="63" count="7" type="stmt"/>
        <line num="64" count="26" type="stmt"/>
        <line num="67" count="7" type="stmt"/>
        <line num="85" count="7" type="stmt"/>
        <line num="86" count="7" type="stmt"/>
        <line num="89" count="3594" type="stmt"/>
        <line num="90" count="3" type="stmt"/>
        <line num="91" count="3" type="cond" truecount="1" falsecount="1"/>
        <line num="92" count="0" type="stmt"/>
        <line num="97" count="3594" type="stmt"/>
        <line num="98" count="0" type="cond" truecount="0" falsecount="1"/>
        <line num="100" count="0" type="stmt"/>
        <line num="107" count="0" type="stmt"/>
        <line num="111" count="0" type="stmt"/>
        <line num="114" count="3594" type="stmt"/>
        <line num="115" count="0" type="stmt"/>
        <line num="117" count="0" type="cond" truecount="0" falsecount="2"/>
        <line num="121" count="3594" type="stmt"/>
        <line num="122" count="0" type="stmt"/>
        <line num="125" count="0" type="cond" truecount="0" falsecount="2"/>
        <line num="146" count="400" type="stmt"/>
        <line num="158" count="56" type="stmt"/>
        <line num="170" count="0" type="stmt"/>
        <line num="188" count="0" type="stmt"/>
        <line num="220" count="1" type="stmt"/>
        <line num="231" count="7650" type="stmt"/>
        <line num="260" count="0" type="stmt"/>
        <line num="279" count="1" type="stmt"/>
        <line num="300" count="0" type="stmt"/>
        <line num="317" count="11232" type="stmt"/>
        <line num="326" count="3" type="stmt"/>
        <line num="341" count="418" type="stmt"/>
        <line num="345" count="0" type="stmt"/>
        <line num="358" count="0" type="stmt"/>
        <line num="368" count="0" type="stmt"/>
        <line num="370" count="2" type="cond" truecount="1" falsecount="1"/>
      </file>
      <file name="TeamManagement.tsx" path="/Users/rameshm/Documents/Dev_Project/task-tracker/src/components/TeamManagement.tsx">
        <metrics statements="61" coveredstatements="19" conditionals="15" coveredconditionals="2" methods="30" coveredmethods="1"/>
        <line num="3" count="1" type="stmt"/>
        <line num="4" count="1" type="stmt"/>
        <line num="5" count="1" type="stmt"/>
        <line num="6" count="1" type="stmt"/>
        <line num="7" count="1" type="stmt"/>
        <line num="8" count="1" type="stmt"/>
        <line num="9" count="1" type="stmt"/>
        <line num="10" count="1" type="stmt"/>
        <line num="11" count="1" type="stmt"/>
        <line num="12" count="1" type="stmt"/>
        <line num="25" count="1" type="stmt"/>
        <line num="28" count="3" type="stmt"/>
        <line num="29" count="6" type="stmt"/>
        <line num="30" count="6" type="stmt"/>
        <line num="31" count="6" type="stmt"/>
        <line num="32" count="6" type="stmt"/>
        <line num="33" count="6" type="stmt"/>
        <line num="41" count="6" type="cond" truecount="1" falsecount="0"/>
        <line num="53" count="3" type="cond" truecount="1" falsecount="0"/>
        <line num="65" count="0" type="stmt"/>
        <line num="66" count="0" type="cond" truecount="0" falsecount="4"/>
        <line num="67" count="0" type="stmt"/>
        <line num="68" count="0" type="stmt"/>
        <line num="76" count="0" type="stmt"/>
        <line num="81" count="0" type="stmt"/>
        <line num="82" count="0" type="stmt"/>
        <line num="86" count="0" type="stmt"/>
        <line num="87" count="0" type="stmt"/>
        <line num="90" count="0" type="cond" truecount="0" falsecount="2"/>
        <line num="93" count="0" type="stmt"/>
        <line num="96" count="0" type="stmt"/>
        <line num="98" count="0" type="cond" truecount="0" falsecount="1"/>
        <line num="100" count="0" type="stmt"/>
        <line num="102" count="0" type="stmt"/>
        <line num="106" count="0" type="stmt"/>
        <line num="107" count="0" type="stmt"/>
        <line num="108" count="0" type="stmt"/>
        <line num="110" count="0" type="stmt"/>
        <line num="111" count="0" type="stmt"/>
        <line num="112" count="0" type="stmt"/>
        <line num="113" count="0" type="stmt"/>
        <line num="127" count="0" type="stmt"/>
        <line num="128" count="0" type="stmt"/>
        <line num="139" count="0" type="stmt"/>
        <line num="151" count="0" type="stmt"/>
        <line num="161" count="0" type="stmt"/>
        <line num="170" count="0" type="stmt"/>
        <line num="178" count="0" type="stmt"/>
        <line num="190" count="0" type="stmt"/>
        <line num="202" count="0" type="stmt"/>
        <line num="203" count="0" type="stmt"/>
        <line num="205" count="0" type="stmt"/>
        <line num="270" count="0" type="stmt"/>
        <line num="279" count="0" type="stmt"/>
        <line num="295" count="0" type="stmt"/>
        <line num="308" count="0" type="stmt"/>
        <line num="317" count="0" type="stmt"/>
        <line num="325" count="0" type="stmt"/>
        <line num="332" count="0" type="stmt"/>
        <line num="344" count="0" type="stmt"/>
        <line num="347" count="0" type="stmt"/>
      </file>
      <file name="UserSelector.tsx" path="/Users/rameshm/Documents/Dev_Project/task-tracker/src/components/UserSelector.tsx">
        <metrics statements="21" coveredstatements="7" conditionals="14" coveredconditionals="0" methods="8" coveredmethods="0"/>
        <line num="4" count="2" type="stmt"/>
        <line num="5" count="2" type="stmt"/>
        <line num="6" count="2" type="stmt"/>
        <line num="7" count="2" type="stmt"/>
        <line num="8" count="2" type="stmt"/>
        <line num="9" count="2" type="stmt"/>
        <line num="10" count="2" type="stmt"/>
        <line num="20" count="0" type="stmt"/>
        <line num="26" count="0" type="stmt"/>
        <line num="27" count="0" type="stmt"/>
        <line num="29" count="0" type="cond" truecount="0" falsecount="2"/>
        <line num="30" count="0" type="stmt"/>
        <line num="33" count="0" type="stmt"/>
        <line num="34" count="0" type="cond" truecount="0" falsecount="1"/>
        <line num="36" count="0" type="stmt"/>
        <line num="39" count="0" type="stmt"/>
        <line num="51" count="0" type="stmt"/>
        <line num="74" count="0" type="stmt"/>
        <line num="83" count="0" type="stmt"/>
        <line num="85" count="0" type="stmt"/>
        <line num="91" count="0" type="stmt"/>
      </file>
    </package>
    <package name="components.ui">
      <metrics statements="243" coveredstatements="156" conditionals="26" coveredconditionals="12" methods="11" coveredmethods="4"/>
      <file name="alert.tsx" path="/Users/rameshm/Documents/Dev_Project/task-tracker/src/components/ui/alert.tsx">
        <metrics statements="8" coveredstatements="8" conditionals="0" coveredconditionals="0" methods="0" coveredmethods="0"/>
        <line num="1" count="2" type="stmt"/>
        <line num="2" count="2" type="stmt"/>
        <line num="4" count="2" type="stmt"/>
        <line num="6" count="2" type="stmt"/>
        <line num="33" count="2" type="stmt"/>
        <line num="45" count="2" type="stmt"/>
        <line num="57" count="2" type="stmt"/>
        <line num="59" count="48" type="stmt"/>
      </file>
      <file name="avatar.tsx" path="/Users/rameshm/Documents/Dev_Project/task-tracker/src/components/ui/avatar.tsx">
        <metrics statements="7" coveredstatements="7" conditionals="0" coveredconditionals="0" methods="0" coveredmethods="0"/>
        <line num="1" count="10" type="stmt"/>
        <line num="2" count="10" type="stmt"/>
        <line num="4" count="10" type="stmt"/>
        <line num="19" count="10" type="stmt"/>
        <line num="31" count="10" type="stmt"/>
        <line num="46" count="10" type="stmt"/>
        <line num="48" count="1718" type="stmt"/>
      </file>
      <file name="badge.tsx" path="/Users/rameshm/Documents/Dev_Project/task-tracker/src/components/ui/badge.tsx">
        <metrics statements="5" coveredstatements="5" conditionals="0" coveredconditionals="0" methods="1" coveredmethods="1"/>
        <line num="1" count="18" type="stmt"/>
        <line num="2" count="18" type="stmt"/>
        <line num="4" count="18" type="stmt"/>
        <line num="6" count="18" type="stmt"/>
        <line num="42" count="13578" type="stmt"/>
      </file>
      <file name="button.tsx" path="/Users/rameshm/Documents/Dev_Project/task-tracker/src/components/ui/button.tsx">
        <metrics statements="9" coveredstatements="9" conditionals="3" coveredconditionals="2" methods="1" coveredmethods="1"/>
        <line num="1" count="18" type="stmt"/>
        <line num="2" count="18" type="stmt"/>
        <line num="3" count="18" type="stmt"/>
        <line num="5" count="18" type="stmt"/>
        <line num="7" count="18" type="stmt"/>
        <line num="42" count="18" type="stmt"/>
        <line num="44" count="7061" type="cond" truecount="1" falsecount="1"/>
        <line num="54" count="18" type="stmt"/>
        <line num="56" count="18768" type="stmt"/>
      </file>
      <file name="calendar.tsx" path="/Users/rameshm/Documents/Dev_Project/task-tracker/src/components/ui/calendar.tsx">
        <metrics statements="7" coveredstatements="7" conditionals="1" coveredconditionals="0" methods="1" coveredmethods="0"/>
        <line num="1" count="6" type="stmt"/>
        <line num="2" count="6" type="stmt"/>
        <line num="3" count="6" type="stmt"/>
        <line num="5" count="6" type="stmt"/>
        <line num="6" count="6" type="stmt"/>
        <line num="62" count="6" type="stmt"/>
        <line num="64" count="3625" type="stmt"/>
      </file>
      <file name="card.tsx" path="/Users/rameshm/Documents/Dev_Project/task-tracker/src/components/ui/card.tsx">
        <metrics statements="9" coveredstatements="9" conditionals="0" coveredconditionals="0" methods="0" coveredmethods="0"/>
        <line num="1" count="13" type="stmt"/>
        <line num="3" count="13" type="stmt"/>
        <line num="18" count="13" type="stmt"/>
        <line num="30" count="13" type="stmt"/>
        <line num="45" count="13" type="stmt"/>
        <line num="57" count="13" type="stmt"/>
        <line num="65" count="13" type="stmt"/>
        <line num="77" count="13" type="stmt"/>
        <line num="79" count="2255" type="stmt"/>
      </file>
      <file name="command.tsx" path="/Users/rameshm/Documents/Dev_Project/task-tracker/src/components/ui/command.tsx">
        <metrics statements="24" coveredstatements="0" conditionals="0" coveredconditionals="0" methods="2" coveredmethods="0"/>
        <line num="3" count="0" type="stmt"/>
        <line num="5" count="0" type="stmt"/>
        <line num="6" count="0" type="stmt"/>
        <line num="8" count="0" type="stmt"/>
        <line num="9" count="0" type="stmt"/>
        <line num="24" count="0" type="stmt"/>
        <line num="28" count="0" type="stmt"/>
        <line num="57" count="0" type="stmt"/>
        <line num="70" count="0" type="stmt"/>
        <line num="83" count="0" type="stmt"/>
        <line num="99" count="0" type="stmt"/>
        <line num="111" count="0" type="stmt"/>
        <line num="127" count="0" type="stmt"/>
        <line num="129" count="0" type="stmt"/>
        <line num="143" count="0" type="stmt"/>
        <line num="146" count="0" type="stmt"/>
        <line num="147" count="0" type="stmt"/>
        <line num="148" count="0" type="stmt"/>
        <line num="149" count="0" type="stmt"/>
        <line num="150" count="0" type="stmt"/>
        <line num="151" count="0" type="stmt"/>
        <line num="152" count="0" type="stmt"/>
        <line num="153" count="0" type="stmt"/>
        <line num="154" count="0" type="stmt"/>
      </file>
      <file name="dialog.tsx" path="/Users/rameshm/Documents/Dev_Project/task-tracker/src/components/ui/dialog.tsx">
        <metrics statements="24" coveredstatements="18" conditionals="0" coveredconditionals="0" methods="0" coveredmethods="0"/>
        <line num="1" count="7" type="stmt"/>
        <line num="2" count="7" type="stmt"/>
        <line num="3" count="7" type="stmt"/>
        <line num="5" count="7" type="stmt"/>
        <line num="7" count="7" type="stmt"/>
        <line num="9" count="7" type="stmt"/>
        <line num="11" count="7" type="stmt"/>
        <line num="13" count="7" type="stmt"/>
        <line num="28" count="7" type="stmt"/>
        <line num="52" count="7" type="stmt"/>
        <line num="66" count="7" type="stmt"/>
        <line num="80" count="7" type="stmt"/>
        <line num="95" count="7" type="stmt"/>
        <line num="107" count="7" type="stmt"/>
        <line num="110" count="3925" type="stmt"/>
        <line num="111" count="0" type="stmt"/>
        <line num="112" count="0" type="stmt"/>
        <line num="113" count="0" type="stmt"/>
        <line num="114" count="0" type="stmt"/>
        <line num="115" count="3925" type="stmt"/>
        <line num="116" count="3594" type="stmt"/>
        <line num="117" count="0" type="stmt"/>
        <line num="118" count="3594" type="stmt"/>
        <line num="119" count="0" type="stmt"/>
      </file>
      <file name="dropdown-menu.tsx" path="/Users/rameshm/Documents/Dev_Project/task-tracker/src/components/ui/dropdown-menu.tsx">
        <metrics statements="35" coveredstatements="24" conditionals="7" coveredconditionals="1" methods="1" coveredmethods="0"/>
        <line num="1" count="8" type="stmt"/>
        <line num="2" count="8" type="stmt"/>
        <line num="3" count="8" type="stmt"/>
        <line num="5" count="8" type="stmt"/>
        <line num="7" count="8" type="stmt"/>
        <line num="9" count="8" type="stmt"/>
        <line num="11" count="8" type="stmt"/>
        <line num="13" count="8" type="stmt"/>
        <line num="15" count="8" type="stmt"/>
        <line num="17" count="8" type="stmt"/>
        <line num="38" count="8" type="stmt"/>
        <line num="54" count="8" type="stmt"/>
        <line num="73" count="8" type="stmt"/>
        <line num="91" count="8" type="stmt"/>
        <line num="114" count="8" type="stmt"/>
        <line num="137" count="8" type="stmt"/>
        <line num="155" count="8" type="stmt"/>
        <line num="167" count="8" type="stmt"/>
        <line num="169" count="8" type="stmt"/>
        <line num="180" count="8" type="stmt"/>
        <line num="183" count="1503" type="stmt"/>
        <line num="184" count="1503" type="stmt"/>
        <line num="185" count="1503" type="stmt"/>
        <line num="186" count="3006" type="stmt"/>
        <line num="187" count="0" type="stmt"/>
        <line num="188" count="0" type="stmt"/>
        <line num="189" count="0" type="stmt"/>
        <line num="190" count="0" type="stmt"/>
        <line num="191" count="0" type="stmt"/>
        <line num="192" count="0" type="stmt"/>
        <line num="193" count="0" type="stmt"/>
        <line num="194" count="0" type="stmt"/>
        <line num="195" count="0" type="stmt"/>
        <line num="196" count="0" type="stmt"/>
        <line num="197" count="0" type="stmt"/>
      </file>
      <file name="input.tsx" path="/Users/rameshm/Documents/Dev_Project/task-tracker/src/components/ui/input.tsx">
        <metrics statements="5" coveredstatements="5" conditionals="0" coveredconditionals="0" methods="1" coveredmethods="1"/>
        <line num="1" count="13" type="stmt"/>
        <line num="3" count="13" type="stmt"/>
        <line num="8" count="13" type="stmt"/>
        <line num="23" count="13" type="stmt"/>
        <line num="25" count="14759" type="stmt"/>
      </file>
      <file name="label.tsx" path="/Users/rameshm/Documents/Dev_Project/task-tracker/src/components/ui/label.tsx">
        <metrics statements="7" coveredstatements="7" conditionals="0" coveredconditionals="0" methods="0" coveredmethods="0"/>
        <line num="1" count="8" type="stmt"/>
        <line num="2" count="8" type="stmt"/>
        <line num="3" count="8" type="stmt"/>
        <line num="5" count="8" type="stmt"/>
        <line num="7" count="8" type="stmt"/>
        <line num="22" count="8" type="stmt"/>
        <line num="24" count="35748" type="stmt"/>
      </file>
      <file name="popover.tsx" path="/Users/rameshm/Documents/Dev_Project/task-tracker/src/components/ui/popover.tsx">
        <metrics statements="7" coveredstatements="7" conditionals="2" coveredconditionals="1" methods="0" coveredmethods="0"/>
        <line num="1" count="9" type="stmt"/>
        <line num="2" count="9" type="stmt"/>
        <line num="4" count="9" type="stmt"/>
        <line num="6" count="9" type="stmt"/>
        <line num="8" count="9" type="stmt"/>
        <line num="27" count="9" type="stmt"/>
        <line num="29" count="3957" type="stmt"/>
      </file>
      <file name="progress.tsx" path="/Users/rameshm/Documents/Dev_Project/task-tracker/src/components/ui/progress.tsx">
        <metrics statements="5" coveredstatements="0" conditionals="2" coveredconditionals="0" methods="0" coveredmethods="0"/>
        <line num="1" count="0" type="stmt"/>
        <line num="2" count="0" type="stmt"/>
        <line num="4" count="0" type="stmt"/>
        <line num="24" count="0" type="stmt"/>
        <line num="26" count="0" type="stmt"/>
      </file>
      <file name="select.tsx" path="/Users/rameshm/Documents/Dev_Project/task-tracker/src/components/ui/select.tsx">
        <metrics statements="24" coveredstatements="19" conditionals="5" coveredconditionals="5" methods="0" coveredmethods="0"/>
        <line num="1" count="8" type="stmt"/>
        <line num="2" count="8" type="stmt"/>
        <line num="3" count="8" type="stmt"/>
        <line num="5" count="8" type="stmt"/>
        <line num="7" count="8" type="stmt"/>
        <line num="9" count="8" type="stmt"/>
        <line num="11" count="8" type="stmt"/>
        <line num="31" count="8" type="stmt"/>
        <line num="48" count="8" type="stmt"/>
        <line num="65" count="8" type="stmt"/>
        <line num="98" count="8" type="stmt"/>
        <line num="110" count="8" type="stmt"/>
        <line num="133" count="8" type="stmt"/>
        <line num="145" count="8" type="stmt"/>
        <line num="148" count="10943" type="stmt"/>
        <line num="149" count="0" type="stmt"/>
        <line num="150" count="10943" type="stmt"/>
        <line num="151" count="10943" type="stmt"/>
        <line num="152" count="10943" type="stmt"/>
        <line num="153" count="0" type="stmt"/>
        <line num="154" count="37006" type="stmt"/>
        <line num="155" count="0" type="stmt"/>
        <line num="156" count="0" type="stmt"/>
        <line num="157" count="0" type="stmt"/>
      </file>
      <file name="separator.tsx" path="/Users/rameshm/Documents/Dev_Project/task-tracker/src/components/ui/separator.tsx">
        <metrics statements="5" coveredstatements="5" conditionals="4" coveredconditionals="3" methods="0" coveredmethods="0"/>
        <line num="1" count="7" type="stmt"/>
        <line num="2" count="7" type="stmt"/>
        <line num="4" count="7" type="stmt"/>
        <line num="27" count="7" type="stmt"/>
        <line num="29" count="3688" type="stmt"/>
      </file>
      <file name="switch.tsx" path="/Users/rameshm/Documents/Dev_Project/task-tracker/src/components/ui/switch.tsx">
        <metrics statements="5" coveredstatements="5" conditionals="0" coveredconditionals="0" methods="0" coveredmethods="0"/>
        <line num="3" count="1" type="stmt"/>
        <line num="4" count="1" type="stmt"/>
        <line num="6" count="1" type="stmt"/>
        <line num="27" count="1" type="stmt"/>
        <line num="29" count="32" type="stmt"/>
      </file>
      <file name="table.tsx" path="/Users/rameshm/Documents/Dev_Project/task-tracker/src/components/ui/table.tsx">
        <metrics statements="18" coveredstatements="16" conditionals="0" coveredconditionals="0" methods="0" coveredmethods="0"/>
        <line num="1" count="1" type="stmt"/>
        <line num="3" count="1" type="stmt"/>
        <line num="17" count="1" type="stmt"/>
        <line num="25" count="1" type="stmt"/>
        <line num="37" count="1" type="stmt"/>
        <line num="52" count="1" type="stmt"/>
        <line num="67" count="1" type="stmt"/>
        <line num="82" count="1" type="stmt"/>
        <line num="94" count="1" type="stmt"/>
        <line num="106" count="1" type="stmt"/>
        <line num="109" count="83" type="stmt"/>
        <line num="110" count="83" type="stmt"/>
        <line num="111" count="83" type="stmt"/>
        <line num="112" count="0" type="stmt"/>
        <line num="113" count="498" type="stmt"/>
        <line num="114" count="166" type="stmt"/>
        <line num="115" count="498" type="stmt"/>
        <line num="116" count="0" type="stmt"/>
      </file>
      <file name="tabs.tsx" path="/Users/rameshm/Documents/Dev_Project/task-tracker/src/components/ui/tabs.tsx">
        <metrics statements="8" coveredstatements="0" conditionals="0" coveredconditionals="0" methods="0" coveredmethods="0"/>
        <line num="1" count="0" type="stmt"/>
        <line num="2" count="0" type="stmt"/>
        <line num="4" count="0" type="stmt"/>
        <line num="6" count="0" type="stmt"/>
        <line num="21" count="0" type="stmt"/>
        <line num="36" count="0" type="stmt"/>
        <line num="51" count="0" type="stmt"/>
        <line num="53" count="0" type="stmt"/>
      </file>
      <file name="textarea.tsx" path="/Users/rameshm/Documents/Dev_Project/task-tracker/src/components/ui/textarea.tsx">
        <metrics statements="5" coveredstatements="5" conditionals="0" coveredconditionals="0" methods="1" coveredmethods="1"/>
        <line num="1" count="7" type="stmt"/>
        <line num="3" count="7" type="stmt"/>
        <line num="8" count="7" type="stmt"/>
        <line num="22" count="7" type="stmt"/>
        <line num="24" count="3594" type="stmt"/>
      </file>
      <file name="toast.tsx" path="/Users/rameshm/Documents/Dev_Project/task-tracker/src/components/ui/toast.tsx">
        <metrics statements="21" coveredstatements="0" conditionals="0" coveredconditionals="0" methods="1" coveredmethods="0"/>
        <line num="1" count="0" type="stmt"/>
        <line num="2" count="0" type="stmt"/>
        <line num="3" count="0" type="stmt"/>
        <line num="4" count="0" type="stmt"/>
        <line num="6" count="0" type="stmt"/>
        <line num="8" count="0" type="stmt"/>
        <line num="23" count="0" type="stmt"/>
        <line num="25" count="0" type="stmt"/>
        <line num="45" count="0" type="stmt"/>
        <line num="58" count="0" type="stmt"/>
        <line num="73" count="0" type="stmt"/>
        <line num="91" count="0" type="stmt"/>
        <line num="103" count="0" type="stmt"/>
        <line num="115" count="0" type="stmt"/>
        <line num="124" count="0" type="stmt"/>
        <line num="125" count="0" type="stmt"/>
        <line num="126" count="0" type="stmt"/>
        <line num="127" count="0" type="stmt"/>
        <line num="128" count="0" type="stmt"/>
        <line num="129" count="0" type="stmt"/>
        <line num="130" count="0" type="stmt"/>
      </file>
      <file name="toaster.tsx" path="/Users/rameshm/Documents/Dev_Project/task-tracker/src/components/ui/toaster.tsx">
        <metrics statements="5" coveredstatements="0" conditionals="2" coveredconditionals="0" methods="2" coveredmethods="0"/>
        <line num="10" count="0" type="stmt"/>
        <line num="11" count="0" type="stmt"/>
        <line num="13" count="0" type="stmt"/>
        <line num="14" count="0" type="stmt"/>
        <line num="19" count="0" type="stmt"/>
      </file>
    </package>
    <package name="contexts">
      <metrics statements="418" coveredstatements="243" conditionals="261" coveredconditionals="86" methods="80" coveredmethods="52"/>
      <file name="AuthContext.tsx" path="/Users/rameshm/Documents/Dev_Project/task-tracker/src/contexts/AuthContext.tsx">
        <metrics statements="56" coveredstatements="52" conditionals="20" coveredconditionals="15" methods="11" coveredmethods="11"/>
        <line num="3" count="10" type="stmt"/>
        <line num="17" count="10" type="stmt"/>
        <line num="24" count="10" type="stmt"/>
        <line num="37" count="48" type="cond" truecount="3" falsecount="1"/>
        <line num="39" count="16" type="stmt"/>
        <line num="46" count="3" type="stmt"/>
        <line num="53" count="29" type="stmt"/>
        <line num="58" count="0" type="stmt"/>
        <line num="62" count="103" type="stmt"/>
        <line num="71" count="31" type="stmt"/>
        <line num="72" count="78" type="stmt"/>
        <line num="75" count="78" type="stmt"/>
        <line num="76" count="30" type="cond" truecount="0" falsecount="1"/>
        <line num="77" count="0" type="stmt"/>
        <line num="78" count="0" type="stmt"/>
        <line num="81" count="30" type="stmt"/>
        <line num="82" count="30" type="stmt"/>
        <line num="83" count="30" type="cond" truecount="2" falsecount="0"/>
        <line num="84" count="3" type="stmt"/>
        <line num="86" count="11" type="cond" truecount="2" falsecount="0"/>
        <line num="87" count="2" type="cond" truecount="2" falsecount="0"/>
        <line num="88" count="1" type="stmt"/>
        <line num="90" count="1" type="stmt"/>
        <line num="91" count="1" type="stmt"/>
        <line num="94" count="27" type="stmt"/>
        <line num="97" count="1" type="stmt"/>
        <line num="98" count="1" type="stmt"/>
        <line num="103" count="78" type="stmt"/>
        <line num="104" count="49" type="cond" truecount="0" falsecount="1"/>
        <line num="106" count="49" type="stmt"/>
        <line num="107" count="49" type="cond" truecount="2" falsecount="0"/>
        <line num="108" count="16" type="stmt"/>
        <line num="110" count="33" type="stmt"/>
        <line num="113" count="0" type="stmt"/>
        <line num="117" count="78" type="stmt"/>
        <line num="118" count="40" type="stmt"/>
        <line num="119" count="16" type="cond" truecount="1" falsecount="0"/>
        <line num="120" count="15" type="stmt"/>
        <line num="121" count="15" type="stmt"/>
        <line num="123" count="1" type="stmt"/>
        <line num="126" count="78" type="stmt"/>
        <line num="127" count="3" type="stmt"/>
        <line num="130" count="78" type="stmt"/>
        <line num="131" count="5" type="cond" truecount="1" falsecount="0"/>
        <line num="132" count="3" type="cond" truecount="1" falsecount="0"/>
        <line num="133" count="2" type="stmt"/>
        <line num="136" count="78" type="stmt"/>
        <line num="137" count="1" type="cond" truecount="0" falsecount="1"/>
        <line num="138" count="1" type="cond" truecount="0" falsecount="1"/>
        <line num="139" count="1" type="stmt"/>
        <line num="156" count="1141" type="stmt"/>
        <line num="157" count="1140" type="stmt"/>
        <line num="158" count="1140" type="cond" truecount="1" falsecount="0"/>
        <line num="159" count="176" type="stmt"/>
        <line num="161" count="964" type="stmt"/>
        <line num="164" count="17" type="stmt"/>
      </file>
      <file name="TaskContext.backup.tsx" path="/Users/rameshm/Documents/Dev_Project/task-tracker/src/contexts/TaskContext.backup.tsx">
        <metrics statements="74" coveredstatements="0" conditionals="51" coveredconditionals="0" methods="15" coveredmethods="0"/>
        <line num="3" count="0" type="stmt"/>
        <line num="21" count="0" type="stmt"/>
        <line num="60" count="0" type="stmt"/>
        <line num="1947" count="0" type="cond" truecount="0" falsecount="13"/>
        <line num="1949" count="0" type="stmt"/>
        <line num="1952" count="0" type="stmt"/>
        <line num="1955" count="0" type="stmt"/>
        <line num="1958" count="0" type="cond" truecount="0" falsecount="2"/>
        <line num="1965" count="0" type="stmt"/>
        <line num="1967" count="0" type="stmt"/>
        <line num="1971" count="0" type="stmt"/>
        <line num="1974" count="0" type="cond" truecount="0" falsecount="2"/>
        <line num="1981" count="0" type="stmt"/>
        <line num="1984" count="0" type="stmt"/>
        <line num="1987" count="0" type="stmt"/>
        <line num="1990" count="0" type="stmt"/>
        <line num="1993" count="0" type="stmt"/>
        <line num="1996" count="0" type="stmt"/>
        <line num="1999" count="0" type="cond" truecount="0" falsecount="2"/>
        <line num="2006" count="0" type="stmt"/>
        <line num="2008" count="0" type="stmt"/>
        <line num="2012" count="0" type="stmt"/>
        <line num="2016" count="0" type="stmt"/>
        <line num="2022" count="0" type="stmt"/>
        <line num="2023" count="0" type="stmt"/>
        <line num="2029" count="0" type="stmt"/>
        <line num="2030" count="0" type="cond" truecount="0" falsecount="1"/>
        <line num="2032" count="0" type="stmt"/>
[...]
        <line num="453" count="53" type="stmt"/>
        <line num="456" count="53" type="stmt"/>
        <line num="459" count="0" type="stmt"/>
        <line num="464" count="0" type="cond" truecount="0" falsecount="1"/>
        <line num="465" count="0" type="stmt"/>
        <line num="467" count="0" type="stmt"/>
        <line num="485" count="53" type="stmt"/>
        <line num="487" count="0" type="stmt"/>
        <line num="490" count="53" type="stmt"/>
        <line num="493" count="185" type="stmt"/>
        <line num="494" count="2" type="cond" truecount="1" falsecount="0"/>
        <line num="496" count="0" type="stmt"/>
        <line num="497" count="0" type="stmt"/>
        <line num="498" count="0" type="stmt"/>
        <line num="500" count="0" type="stmt"/>
        <line num="502" count="0" type="stmt"/>
        <line num="506" count="185" type="stmt"/>
        <line num="508" count="27" type="stmt"/>
        <line num="509" count="19" type="stmt"/>
        <line num="510" count="12" type="cond" truecount="1" falsecount="1"/>
        <line num="512" count="19" type="stmt"/>
        <line num="521" count="19" type="stmt"/>
        <line num="524" count="19" type="cond" truecount="1" falsecount="2"/>
        <line num="525" count="0" type="stmt"/>
        <line num="526" count="0" type="stmt"/>
        <line num="530" count="0" type="cond" truecount="0" falsecount="1"/>
        <line num="531" count="0" type="stmt"/>
        <line num="535" count="0" type="stmt"/>
        <line num="540" count="185" type="stmt"/>
        <line num="542" count="10" type="stmt"/>
        <line num="545" count="10" type="cond" truecount="1" falsecount="2"/>
        <line num="546" count="0" type="stmt"/>
        <line num="547" count="0" type="stmt"/>
        <line num="554" count="0" type="cond" truecount="0" falsecount="2"/>
        <line num="558" count="0" type="cond" truecount="0" falsecount="1"/>
        <line num="559" count="0" type="stmt"/>
        <line num="562" count="0" type="stmt"/>
        <line num="567" count="185" type="stmt"/>
        <line num="569" count="2" type="stmt"/>
        <line num="572" count="2" type="cond" truecount="1" falsecount="2"/>
        <line num="573" count="0" type="stmt"/>
        <line num="574" count="0" type="stmt"/>
        <line num="579" count="0" type="cond" truecount="0" falsecount="1"/>
        <line num="580" count="0" type="stmt"/>
        <line num="583" count="0" type="stmt"/>
        <line num="588" count="185" type="stmt"/>
        <line num="589" count="2" type="stmt"/>
        <line num="590" count="2" type="stmt"/>
        <line num="591" count="2" type="stmt"/>
        <line num="594" count="7" type="stmt"/>
        <line num="595" count="2" type="stmt"/>
        <line num="597" count="2" type="stmt"/>
        <line num="598" count="2" type="cond" truecount="1" falsecount="1"/>
        <line num="599" count="2" type="stmt"/>
        <line num="602" count="2" type="stmt"/>
        <line num="603" count="2" type="cond" truecount="1" falsecount="1"/>
        <line num="606" count="2" type="stmt"/>
        <line num="607" count="7" type="cond" truecount="2" falsecount="0"/>
        <line num="612" count="2" type="stmt"/>
        <line num="613" count="2" type="stmt"/>
        <line num="616" count="2" type="stmt"/>
        <line num="617" count="2" type="cond" truecount="1" falsecount="1"/>
        <line num="620" count="2" type="cond" truecount="2" falsecount="2"/>
        <line num="621" count="0" type="stmt"/>
        <line num="622" count="0" type="stmt"/>
        <line num="623" count="0" type="stmt"/>
        <line num="628" count="0" type="cond" truecount="0" falsecount="2"/>
        <line num="629" count="0" type="stmt"/>
        <line num="631" count="0" type="stmt"/>
        <line num="634" count="0" type="stmt"/>
        <line num="637" count="2" type="stmt"/>
        <line num="641" count="185" type="stmt"/>
        <line num="643" count="1" type="stmt"/>
        <line num="646" count="1" type="cond" truecount="1" falsecount="2"/>
        <line num="647" count="0" type="stmt"/>
        <line num="649" count="0" type="stmt"/>
        <line num="654" count="0" type="stmt"/>
        <line num="655" count="0" type="stmt"/>
        <line num="660" count="0" type="cond" truecount="0" falsecount="1"/>
        <line num="661" count="0" type="stmt"/>
        <line num="665" count="0" type="stmt"/>
        <line num="670" count="185" type="stmt"/>
        <line num="671" count="1" type="stmt"/>
        <line num="679" count="1" type="stmt"/>
        <line num="682" count="1" type="cond" truecount="0" falsecount="1"/>
        <line num="683" count="0" type="stmt"/>
        <line num="684" count="0" type="stmt"/>
        <line num="698" count="0" type="cond" truecount="0" falsecount="1"/>
        <line num="699" count="0" type="stmt"/>
        <line num="702" count="0" type="stmt"/>
        <line num="707" count="185" type="stmt"/>
        <line num="709" count="1" type="stmt"/>
        <line num="712" count="1" type="cond" truecount="1" falsecount="2"/>
        <line num="713" count="0" type="stmt"/>
        <line num="714" count="0" type="stmt"/>
        <line num="728" count="0" type="cond" truecount="0" falsecount="1"/>
        <line num="729" count="0" type="stmt"/>
        <line num="732" count="0" type="stmt"/>
        <line num="737" count="185" type="stmt"/>
        <line num="739" count="1" type="stmt"/>
        <line num="742" count="1" type="cond" truecount="1" falsecount="2"/>
        <line num="743" count="0" type="stmt"/>
        <line num="744" count="0" type="stmt"/>
        <line num="749" count="0" type="cond" truecount="0" falsecount="1"/>
        <line num="750" count="0" type="stmt"/>
        <line num="753" count="0" type="stmt"/>
        <line num="759" count="185" type="stmt"/>
        <line num="760" count="10212" type="stmt"/>
        <line num="762" count="10212" type="cond" truecount="3" falsecount="0"/>
        <line num="763" count="2" type="stmt"/>
        <line num="766" count="10210" type="cond" truecount="4" falsecount="1"/>
        <line num="767" count="1" type="stmt"/>
        <line num="770" count="10209" type="cond" truecount="3" falsecount="0"/>
        <line num="771" count="2" type="stmt"/>
        <line num="774" count="10207" type="cond" truecount="1" falsecount="0"/>
        <line num="775" count="3" type="stmt"/>
        <line num="776" count="1" type="cond" truecount="1" falsecount="1"/>
        <line num="778" count="3" type="cond" truecount="1" falsecount="0"/>
        <line num="779" count="2" type="stmt"/>
        <line num="783" count="10205" type="cond" truecount="3" falsecount="1"/>
        <line num="784" count="0" type="stmt"/>
        <line num="787" count="10205" type="cond" truecount="3" falsecount="1"/>
        <line num="788" count="0" type="stmt"/>
        <line num="791" count="10205" type="stmt"/>
        <line num="817" count="6412" type="stmt"/>
        <line num="818" count="6407" type="stmt"/>
        <line num="819" count="6404" type="cond" truecount="1" falsecount="0"/>
        <line num="820" count="4" type="stmt"/>
        <line num="822" count="6400" type="stmt"/>
      </file>
    </package>
    <package name="hooks">
      <metrics statements="53" coveredstatements="53" conditionals="16" coveredconditionals="16" methods="18" coveredmethods="18"/>
      <file name="use-toast.ts" path="/Users/rameshm/Documents/Dev_Project/task-tracker/src/hooks/use-toast.ts">
        <metrics statements="53" coveredstatements="53" conditionals="16" coveredconditionals="16" methods="18" coveredmethods="18"/>
        <line num="3" count="1" type="stmt"/>
        <line num="10" count="1" type="stmt"/>
        <line num="11" count="1" type="stmt"/>
        <line num="20" count="1" type="stmt"/>
        <line num="27" count="1" type="stmt"/>
        <line num="30" count="29" type="stmt"/>
        <line num="31" count="29" type="stmt"/>
        <line num="58" count="1" type="stmt"/>
        <line num="60" count="1" type="stmt"/>
        <line num="61" count="12" type="cond" truecount="1" falsecount="0"/>
        <line num="62" count="2" type="stmt"/>
        <line num="65" count="10" type="stmt"/>
        <line num="66" count="10" type="stmt"/>
        <line num="67" count="10" type="stmt"/>
        <line num="73" count="10" type="stmt"/>
        <line num="76" count="9" type="stmt"/>
        <line num="77" count="58" type="cond" truecount="4" falsecount="0"/>
        <line num="79" count="32" type="stmt"/>
        <line num="85" count="3" type="stmt"/>
        <line num="88" count="3" type="cond" truecount="2" falsecount="0"/>
        <line num="93" count="11" type="stmt"/>
        <line num="95" count="11" type="cond" truecount="2" falsecount="0"/>
        <line num="96" count="9" type="stmt"/>
        <line num="98" count="2" type="stmt"/>
        <line num="99" count="3" type="stmt"/>
        <line num="103" count="11" type="stmt"/>
        <line num="106" count="13" type="cond" truecount="4" falsecount="0"/>
        <line num="116" count="12" type="cond" truecount="1" falsecount="0"/>
        <line num="117" count="1" type="stmt"/>
        <line num="122" count="11" type="stmt"/>
        <line num="124" count="9" type="stmt"/>
        <line num="129" count="1" type="stmt"/>
        <line num="131" count="1" type="stmt"/>
        <line num="134" count="49" type="stmt"/>
        <line num="135" count="49" type="stmt"/>
        <line num="136" count="30" type="stmt"/>
        <line num="143" count="29" type="stmt"/>
        <line num="145" count="29" type="stmt"/>
        <line num="146" count="1" type="stmt"/>
        <line num="150" count="29" type="stmt"/>
        <line num="152" count="29" type="stmt"/>
        <line num="159" count="1" type="cond" truecount="1" falsecount="0"/>
        <line num="164" count="29" type="stmt"/>
        <line num="172" count="34" type="stmt"/>
        <line num="174" count="34" type="stmt"/>
        <line num="175" count="34" type="stmt"/>
        <line num="176" count="34" type="stmt"/>
        <line num="177" count="34" type="stmt"/>
        <line num="178" count="34" type="cond" truecount="1" falsecount="0"/>
        <line num="179" count="34" type="stmt"/>
        <line num="184" count="34" type="stmt"/>
        <line num="187" count="2" type="stmt"/>
        <line num="191" count="34" type="stmt"/>
      </file>
    </package>
    <package name="lib">
      <metrics statements="144" coveredstatements="142" conditionals="92" coveredconditionals="87" methods="28" coveredmethods="28"/>
      <file name="localStorage.ts" path="/Users/rameshm/Documents/Dev_Project/task-tracker/src/lib/localStorage.ts">
        <metrics statements="44" coveredstatements="42" conditionals="11" coveredconditionals="10" methods="20" coveredmethods="20"/>
        <line num="5" count="23" type="stmt"/>
        <line num="13" count="244" type="stmt"/>
        <line num="16" count="310" type="stmt"/>
        <line num="17" count="310" type="stmt"/>
        <line num="18" count="310" type="stmt"/>
        <line num="19" count="307" type="stmt"/>
        <line num="20" count="307" type="stmt"/>
        <line num="22" count="3" type="stmt"/>
        <line num="28" count="200" type="cond" truecount="1" falsecount="0"/>
        <line num="30" count="199" type="stmt"/>
        <line num="31" count="199" type="stmt"/>
        <line num="32" count="199" type="cond" truecount="2" falsecount="0"/>
        <line num="34" count="1" type="stmt"/>
        <line num="35" count="1" type="stmt"/>
        <line num="40" count="109" type="cond" truecount="1" falsecount="0"/>
        <line num="42" count="107" type="stmt"/>
        <line num="43" count="107" type="stmt"/>
        <line num="45" count="0" type="stmt"/>
        <line num="51" count="34" type="stmt"/>
        <line num="52" count="113" type="stmt"/>
        <line num="61" count="139" type="stmt"/>
        <line num="67" count="29" type="stmt"/>
        <line num="72" count="59" type="stmt"/>
        <line num="76" count="37" type="stmt"/>
        <line num="81" count="58" type="stmt"/>
        <line num="85" count="37" type="stmt"/>
        <line num="90" count="25" type="stmt"/>
        <line num="91" count="25" type="stmt"/>
        <line num="99" count="4" type="stmt"/>
        <line num="104" count="4" type="stmt"/>
        <line num="109" count="24" type="stmt"/>
        <line num="110" count="24" type="cond" truecount="2" falsecount="0"/>
        <line num="114" count="2" type="stmt"/>
        <line num="119" count="1" type="cond" truecount="0" falsecount="1"/>
        <line num="121" count="1" type="stmt"/>
        <line num="122" count="5" type="stmt"/>
        <line num="123" count="5" type="stmt"/>
        <line num="125" count="0" type="stmt"/>
        <line num="133" count="32" type="cond" truecount="1" falsecount="0"/>
        <line num="134" count="18" type="stmt"/>
        <line num="160" count="18" type="stmt"/>
        <line num="164" count="32" type="cond" truecount="1" falsecount="0"/>
        <line num="165" count="18" type="stmt"/>
        <line num="172" count="18" type="stmt"/>
      </file>
      <file name="natural-language-parser.ts" path="/Users/rameshm/Documents/Dev_Project/task-tracker/src/lib/natural-language-parser.ts">
        <metrics statements="69" coveredstatements="69" conditionals="55" coveredconditionals="53" methods="4" coveredmethods="4"/>
        <line num="13" count="300" type="stmt"/>
        <line num="14" count="300" type="stmt"/>
        <line num="15" count="300" type="stmt"/>
        <line num="20" count="300" type="stmt"/>
        <line num="21" count="300" type="cond" truecount="3" falsecount="0"/>
        <line num="22" count="71" type="stmt"/>
        <line num="23" count="45" type="stmt"/>
        <line num="24" count="71" type="stmt"/>
        <line num="29" count="300" type="cond" truecount="2" falsecount="0"/>
        <line num="31" count="300" type="cond" truecount="1" falsecount="0"/>
        <line num="32" count="91" type="stmt"/>
        <line num="33" count="91" type="cond" truecount="5" falsecount="0"/>
        <line num="34" count="86" type="stmt"/>
        <line num="35" count="5" type="cond" truecount="5" falsecount="0"/>
        <line num="36" count="3" type="stmt"/>
        <line num="37" count="2" type="cond" truecount="3" falsecount="0"/>
        <line num="38" count="2" type="stmt"/>
        <line num="40" count="91" type="stmt"/>
        <line num="44" count="300" type="stmt"/>
        <line num="45" count="300" type="cond" truecount="1" falsecount="0"/>
        <line num="46" count="61" type="stmt"/>
        <line num="48" count="75" type="cond" truecount="2" falsecount="0"/>
        <line num="51" count="61" type="cond" truecount="1" falsecount="0"/>
        <line num="52" count="49" type="stmt"/>
        <line num="55" count="61" type="stmt"/>
        <line num="59" count="300" type="stmt"/>
        <line num="60" count="300" type="cond" truecount="1" falsecount="0"/>
        <line num="61" count="36" type="stmt"/>
        <line num="62" count="36" type="stmt"/>
        <line num="64" count="36" type="cond" truecount="2" falsecount="0"/>
        <line num="65" count="1" type="stmt"/>
        <line num="66" count="35" type="cond" truecount="2" falsecount="0"/>
        <line num="67" count="30" type="stmt"/>
        <line num="68" count="5" type="cond" truecount="2" falsecount="0"/>
        <line num="69" count="1" type="cond" truecount="1" falsecount="1"/>
        <line num="70" count="1" type="stmt"/>
        <line num="71" count="4" type="cond" truecount="2" falsecount="0"/>
        <line num="72" count="1" type="stmt"/>
        <line num="73" count="1" type="stmt"/>
        <line num="74" count="3" type="cond" truecount="2" falsecount="0"/>
        <line num="75" count="2" type="stmt"/>
        <line num="76" count="2" type="stmt"/>
        <line num="77" count="2" type="stmt"/>
        <line num="78" count="2" type="cond" truecount="1" falsecount="1"/>
        <line num="79" count="2" type="stmt"/>
        <line num="82" count="1" type="stmt"/>
        <line num="83" count="1" type="cond" truecount="1" falsecount="0"/>
        <line num="84" count="1" type="stmt"/>
        <line num="87" count="36" type="stmt"/>
        <line num="91" count="300" type="stmt"/>
        <line num="92" count="300" type="cond" truecount="1" falsecount="0"/>
        <line num="93" count="28" type="stmt"/>
        <line num="94" count="28" type="stmt"/>
        <line num="96" count="28" type="cond" truecount="2" falsecount="0"/>
        <line num="97" count="26" type="stmt"/>
        <line num="98" count="2" type="cond" truecount="1" falsecount="0"/>
        <line num="99" count="2" type="stmt"/>
        <line num="101" count="28" type="stmt"/>
        <line num="106" count="300" type="stmt"/>
        <line num="107" count="300" type="cond" truecount="1" falsecount="0"/>
        <line num="108" count="6" type="stmt"/>
        <line num="109" count="6" type="cond" truecount="2" falsecount="0"/>
        <line num="110" count="5" type="cond" truecount="2" falsecount="0"/>
        <line num="111" count="3" type="cond" truecount="2" falsecount="0"/>
        <line num="112" count="2" type="cond" truecount="3" falsecount="0"/>
        <line num="114" count="6" type="stmt"/>
        <line num="118" count="300" type="cond" truecount="2" falsecount="0"/>
        <line num="120" count="300" type="stmt"/>
        <line num="124" count="5" type="stmt"/>
      </file>
      <file name="supabase.ts" path="/Users/rameshm/Documents/Dev_Project/task-tracker/src/lib/supabase.ts">
        <metrics statements="4" coveredstatements="4" conditionals="8" coveredconditionals="6" methods="0" coveredmethods="0"/>
        <line num="1" count="19" type="stmt"/>
        <line num="3" count="19" type="cond" truecount="2" falsecount="0"/>
        <line num="4" count="19" type="cond" truecount="2" falsecount="0"/>
        <line num="7" count="45" type="cond" truecount="2" falsecount="2"/>
      </file>
      <file name="utils.ts" path="/Users/rameshm/Documents/Dev_Project/task-tracker/src/lib/utils.ts">
        <metrics statements="27" coveredstatements="27" conditionals="18" coveredconditionals="18" methods="4" coveredmethods="4"/>
        <line num="1" count="21" type="stmt"/>
        <line num="2" count="21" type="stmt"/>
        <line num="4" count="70235" type="stmt"/>
        <line num="5" count="70235" type="stmt"/>
        <line num="8" count="1413" type="stmt"/>
        <line num="9" count="1413" type="cond" truecount="1" falsecount="0"/>
        <line num="11" count="1410" type="stmt"/>
        <line num="12" count="1410" type="stmt"/>
        <line num="13" count="1409" type="stmt"/>
        <line num="15" count="1409" type="cond" truecount="1" falsecount="0"/>
        <line num="16" count="1408" type="cond" truecount="1" falsecount="0"/>
        <line num="17" count="1403" type="cond" truecount="1" falsecount="0"/>
        <line num="18" count="1401" type="cond" truecount="3" falsecount="0"/>
        <line num="19" count="1400" type="cond" truecount="3" falsecount="0"/>
        <line num="21" count="1395" type="stmt"/>
        <line num="24" count="3009" type="stmt"/>
        <line num="25" count="3009" type="cond" truecount="3" falsecount="0"/>
        <line num="27" count="211" type="stmt"/>
        <line num="29" count="401" type="stmt"/>
        <line num="31" count="2397" type="stmt"/>
        <line num="35" count="6" type="stmt"/>
        <line num="36" count="6" type="cond" truecount="5" falsecount="0"/>
        <line num="38" count="1" type="stmt"/>
        <line num="40" count="1" type="stmt"/>
        <line num="42" count="1" type="stmt"/>
        <line num="44" count="1" type="stmt"/>
        <line num="46" count="2" type="stmt"/>
      </file>
    </package>
  </project>
</coverage>
