{"/Users/rameshm/Documents/Dev_Project/task-tracker/src/app/layout.tsx": {"path":"/Users/rameshm/Documents/Dev_Project/task-tracker/src/app/layout.tsx","statementMap":{"0":{"start":{"line":15,"column":24},"end":{"line":15,"column":35}},"1":{"start":{"line":10,"column":13},"end":{"line":10,"column":21}},"2":{"start":{"line":2,"column":22},"end":{"line":2,"column":null}},"3":{"start":{"line":3,"column":7},"end":{"line":3,"column":null}},"4":{"start":{"line":4,"column":29},"end":{"line":4,"column":null}},"5":{"start":{"line":5,"column":29},"end":{"line":5,"column":null}},"6":{"start":{"line":6,"column":24},"end":{"line":6,"column":null}},"7":{"start":{"line":8,"column":14},"end":{"line":8,"column":null}},"8":{"start":{"line":10,"column":34},"end":{"line":13,"column":null}}},"fnMap":{"0":{"name":"RootLayout","decl":{"start":{"line":15,"column":24},"end":{"line":15,"column":35}},"loc":{"start":{"line":19,"column":1},"end":{"line":32,"column":1}}}},"branchMap":{},"s":{"0":0,"1":0,"2":0,"3":0,"4":0,"5":0,"6":0,"7":0,"8":0},"f":{"0":0},"b":{}}
,"/Users/rameshm/Documents/Dev_Project/task-tracker/src/app/page 2.tsx": {"path":"/Users/rameshm/Documents/Dev_Project/task-tracker/src/app/page 2.tsx","statementMap":{"0":{"start":{"line":18,"column":24},"end":{"line":18,"column":null}},"1":{"start":{"line":3,"column":25},"end":{"line":3,"column":null}},"2":{"start":{"line":4,"column":24},"end":{"line":4,"column":null}},"3":{"start":{"line":5,"column":28},"end":{"line":5,"column":null}},"4":{"start":{"line":6,"column":25},"end":{"line":6,"column":null}},"5":{"start":{"line":7,"column":29},"end":{"line":7,"column":null}},"6":{"start":{"line":8,"column":28},"end":{"line":8,"column":null}},"7":{"start":{"line":9,"column":30},"end":{"line":9,"column":null}},"8":{"start":{"line":10,"column":28},"end":{"line":10,"column":null}},"9":{"start":{"line":11,"column":31},"end":{"line":11,"column":null}},"10":{"start":{"line":12,"column":25},"end":{"line":12,"column":null}},"11":{"start":{"line":13,"column":23},"end":{"line":13,"column":null}},"12":{"start":{"line":14,"column":26},"end":{"line":14,"column":null}},"13":{"start":{"line":15,"column":36},"end":{"line":15,"column":null}},"14":{"start":{"line":16,"column":57},"end":{"line":16,"column":null}},"15":{"start":{"line":19,"column":31},"end":{"line":19,"column":null}},"16":{"start":{"line":20,"column":26},"end":{"line":20,"column":null}},"17":{"start":{"line":22,"column":2},"end":{"line":31,"column":null}},"18":{"start":{"line":33,"column":2},"end":{"line":35,"column":null}},"19":{"start":{"line":34,"column":4},"end":{"line":34,"column":null}},"20":{"start":{"line":42,"column":49},"end":{"line":42,"column":76}}},"fnMap":{"0":{"name":"Home","decl":{"start":{"line":18,"column":24},"end":{"line":18,"column":null}},"loc":{"start":{"line":18,"column":24},"end":{"line":95,"column":null}}},"1":{"name":"(anonymous_2)","decl":{"start":{"line":42,"column":42},"end":{"line":42,"column":43}},"loc":{"start":{"line":42,"column":49},"end":{"line":42,"column":76}}}},"branchMap":{"0":{"loc":{"start":{"line":22,"column":2},"end":{"line":31,"column":null}},"type":"if","locations":[{"start":{"line":22,"column":2},"end":{"line":31,"column":null}}]},"1":{"loc":{"start":{"line":33,"column":2},"end":{"line":35,"column":null}},"type":"if","locations":[{"start":{"line":33,"column":2},"end":{"line":35,"column":null}}]},"2":{"loc":{"start":{"line":54,"column":13},"end":{"line":54,"column":null}},"type":"binary-expr","locations":[{"start":{"line":54,"column":13},"end":{"line":54,"column":53}},{"start":{"line":54,"column":53},"end":{"line":54,"column":null}}]},"3":{"loc":{"start":{"line":58,"column":11},"end":{"line":58,"column":null}},"type":"binary-expr","locations":[{"start":{"line":58,"column":11},"end":{"line":58,"column":null}}]}},"s":{"0":0,"1":0,"2":0,"3":0,"4":0,"5":0,"6":0,"7":0,"8":0,"9":0,"10":0,"11":0,"12":0,"13":0,"14":0,"15":0,"16":0,"17":0,"18":0,"19":0,"20":0},"f":{"0":0,"1":0},"b":{"0":[0],"1":[0],"2":[0,0],"3":[0]}}
,"/Users/rameshm/Documents/Dev_Project/task-tracker/src/app/page.tsx": {"path":"/Users/rameshm/Documents/Dev_Project/task-tracker/src/app/page.tsx","statementMap":{"0":{"start":{"line":18,"column":24},"end":{"line":18,"column":null}},"1":{"start":{"line":3,"column":25},"end":{"line":3,"column":null}},"2":{"start":{"line":4,"column":24},"end":{"line":4,"column":null}},"3":{"start":{"line":5,"column":28},"end":{"line":5,"column":null}},"4":{"start":{"line":6,"column":25},"end":{"line":6,"column":null}},"5":{"start":{"line":7,"column":29},"end":{"line":7,"column":null}},"6":{"start":{"line":8,"column":28},"end":{"line":8,"column":null}},"7":{"start":{"line":9,"column":30},"end":{"line":9,"column":null}},"8":{"start":{"line":10,"column":28},"end":{"line":10,"column":null}},"9":{"start":{"line":11,"column":31},"end":{"line":11,"column":null}},"10":{"start":{"line":12,"column":25},"end":{"line":12,"column":null}},"11":{"start":{"line":13,"column":23},"end":{"line":13,"column":null}},"12":{"start":{"line":14,"column":26},"end":{"line":14,"column":null}},"13":{"start":{"line":15,"column":36},"end":{"line":15,"column":null}},"14":{"start":{"line":16,"column":57},"end":{"line":16,"column":null}},"15":{"start":{"line":19,"column":31},"end":{"line":19,"column":null}},"16":{"start":{"line":20,"column":26},"end":{"line":20,"column":null}},"17":{"start":{"line":22,"column":2},"end":{"line":31,"column":null}},"18":{"start":{"line":33,"column":2},"end":{"line":35,"column":null}},"19":{"start":{"line":34,"column":4},"end":{"line":34,"column":null}},"20":{"start":{"line":42,"column":49},"end":{"line":42,"column":76}}},"fnMap":{"0":{"name":"Home","decl":{"start":{"line":18,"column":24},"end":{"line":18,"column":null}},"loc":{"start":{"line":18,"column":24},"end":{"line":95,"column":null}}},"1":{"name":"(anonymous_2)","decl":{"start":{"line":42,"column":42},"end":{"line":42,"column":43}},"loc":{"start":{"line":42,"column":49},"end":{"line":42,"column":76}}}},"branchMap":{"0":{"loc":{"start":{"line":22,"column":2},"end":{"line":31,"column":null}},"type":"if","locations":[{"start":{"line":22,"column":2},"end":{"line":31,"column":null}}]},"1":{"loc":{"start":{"line":33,"column":2},"end":{"line":35,"column":null}},"type":"if","locations":[{"start":{"line":33,"column":2},"end":{"line":35,"column":null}}]},"2":{"loc":{"start":{"line":54,"column":13},"end":{"line":54,"column":null}},"type":"binary-expr","locations":[{"start":{"line":54,"column":13},"end":{"line":54,"column":53}},{"start":{"line":54,"column":53},"end":{"line":54,"column":null}}]},"3":{"loc":{"start":{"line":58,"column":11},"end":{"line":58,"column":null}},"type":"binary-expr","locations":[{"start":{"line":58,"column":11},"end":{"line":58,"column":null}}]}},"s":{"0":0,"1":0,"2":0,"3":0,"4":0,"5":0,"6":0,"7":0,"8":0,"9":0,"10":0,"11":0,"12":0,"13":0,"14":0,"15":0,"16":0,"17":0,"18":0,"19":0,"20":0},"f":{"0":0,"1":0},"b":{"0":[0],"1":[0],"2":[0,0],"3":[0]}}
,"/Users/rameshm/Documents/Dev_Project/task-tracker/src/components/CalendarView.tsx": {"path":"/Users/rameshm/Documents/Dev_Project/task-tracker/src/components/CalendarView.tsx","statementMap":{"0":{"start":{"line":22,"column":16},"end":{"line":22,"column":null}},"1":{"start":{"line":3,"column":34},"end":{"line":3,"column":null}},"2":{"start":{"line":4,"column":24},"end":{"line":4,"column":null}},"3":{"start":{"line":6,"column":23},"end":{"line":6,"column":null}},"4":{"start":{"line":7,"column":22},"end":{"line":7,"column":null}},"5":{"start":{"line":9,"column":26},"end":{"line":9,"column":null}},"6":{"start":{"line":10,"column":57},"end":{"line":10,"column":null}},"7":{"start":{"line":18,"column":7},"end":{"line":18,"column":null}},"8":{"start":{"line":19,"column":114},"end":{"line":19,"column":null}},"9":{"start":{"line":20,"column":19},"end":{"line":20,"column":null}},"10":{"start":{"line":23,"column":66},"end":{"line":23,"column":null}},"11":{"start":{"line":24,"column":40},"end":{"line":24,"column":null}},"12":{"start":{"line":25,"column":42},"end":{"line":25,"column":null}},"13":{"start":{"line":26,"column":42},"end":{"line":26,"column":null}},"14":{"start":{"line":27,"column":48},"end":{"line":27,"column":null}},"15":{"start":{"line":29,"column":21},"end":{"line":29,"column":null}},"16":{"start":{"line":30,"column":19},"end":{"line":30,"column":null}},"17":{"start":{"line":31,"column":23},"end":{"line":31,"column":null}},"18":{"start":{"line":34,"column":22},"end":{"line":48,"column":null}},"19":{"start":{"line":35,"column":43},"end":{"line":35,"column":null}},"20":{"start":{"line":37,"column":4},"end":{"line":45,"column":null}},"21":{"start":{"line":38,"column":6},"end":{"line":44,"column":null}},"22":{"start":{"line":39,"column":24},"end":{"line":39,"column":null}},"23":{"start":{"line":40,"column":8},"end":{"line":42,"column":null}},"24":{"start":{"line":41,"column":10},"end":{"line":41,"column":null}},"25":{"start":{"line":43,"column":8},"end":{"line":43,"column":null}},"26":{"start":{"line":47,"column":4},"end":{"line":47,"column":null}},"27":{"start":{"line":51,"column":28},"end":{"line":55,"column":null}},"28":{"start":{"line":52,"column":4},"end":{"line":52,"column":null}},"29":{"start":{"line":52,"column":23},"end":{"line":52,"column":null}},"30":{"start":{"line":53,"column":20},"end":{"line":53,"column":null}},"31":{"start":{"line":54,"column":4},"end":{"line":54,"column":null}},"32":{"start":{"line":57,"column":27},"end":{"line":81,"column":null}},"33":{"start":{"line":58,"column":4},"end":{"line":80,"column":null}},"34":{"start":{"line":59,"column":6},"end":{"line":77,"column":null}},"35":{"start":{"line":61,"column":8},"end":{"line":61,"column":null}},"36":{"start":{"line":64,"column":8},"end":{"line":76,"column":null}},"37":{"start":{"line":79,"column":6},"end":{"line":79,"column":null}},"38":{"start":{"line":83,"column":27},"end":{"line":86,"column":null}},"39":{"start":{"line":84,"column":4},"end":{"line":84,"column":null}},"40":{"start":{"line":85,"column":4},"end":{"line":85,"column":null}},"41":{"start":{"line":88,"column":27},"end":{"line":95,"column":null}},"42":{"start":{"line":89,"column":4},"end":{"line":94,"column":null}},"43":{"start":{"line":90,"column":19},"end":{"line":90,"column":null}},"44":{"start":{"line":91,"column":21},"end":{"line":91,"column":null}},"45":{"start":{"line":92,"column":18},"end":{"line":92,"column":null}},"46":{"start":{"line":93,"column":15},"end":{"line":93,"column":null}},"47":{"start":{"line":97,"column":25},"end":{"line":105,"column":null}},"48":{"start":{"line":98,"column":4},"end":{"line":104,"column":null}},"49":{"start":{"line":99,"column":19},"end":{"line":99,"column":null}},"50":{"start":{"line":100,"column":26},"end":{"line":100,"column":null}},"51":{"start":{"line":101,"column":21},"end":{"line":101,"column":null}},"52":{"start":{"line":102,"column":19},"end":{"line":102,"column":null}},"53":{"start":{"line":103,"column":15},"end":{"line":103,"column":null}},"54":{"start":{"line":107,"column":18},"end":{"line":107,"column":null}},"55":{"start":{"line":107,"column":34},"end":{"line":107,"column":null}},"56":{"start":{"line":108,"column":21},"end":{"line":108,"column":null}},"57":{"start":{"line":108,"column":37},"end":{"line":108,"column":null}},"58":{"start":{"line":124,"column":31},"end":{"line":124,"column":null}},"59":{"start":{"line":132,"column":31},"end":{"line":132,"column":null}},"60":{"start":{"line":139,"column":31},"end":{"line":139,"column":null}},"61":{"start":{"line":159,"column":16},"end":{"line":159,"column":31}},"62":{"start":{"line":168,"column":32},"end":{"line":168,"column":null}},"63":{"start":{"line":169,"column":33},"end":{"line":169,"column":59}},"64":{"start":{"line":170,"column":39},"end":{"line":170,"column":null}},"65":{"start":{"line":172,"column":16},"end":{"line":174,"column":null}},"66":{"start":{"line":182,"column":35},"end":{"line":182,"column":null}},"67":{"start":{"line":190,"column":41},"end":{"line":190,"column":null}},"68":{"start":{"line":190,"column":69},"end":{"line":190,"column":93}},"69":{"start":{"line":191,"column":42},"end":{"line":191,"column":null}},"70":{"start":{"line":193,"column":24},"end":{"line":195,"column":null}},"71":{"start":{"line":202,"column":30},"end":{"line":202,"column":null}},"72":{"start":{"line":203,"column":30},"end":{"line":203,"column":null}},"73":{"start":{"line":204,"column":30},"end":{"line":204,"column":null}},"74":{"start":{"line":243,"column":35},"end":{"line":243,"column":null}},"75":{"start":{"line":243,"column":63},"end":{"line":243,"column":87}},"76":{"start":{"line":244,"column":36},"end":{"line":244,"column":null}},"77":{"start":{"line":246,"column":18},"end":{"line":248,"column":null}},"78":{"start":{"line":251,"column":24},"end":{"line":251,"column":null}},"79":{"start":{"line":252,"column":24},"end":{"line":252,"column":null}},"80":{"start":{"line":292,"column":28},"end":{"line":293,"column":null}},"81":{"start":{"line":315,"column":24},"end":{"line":328,"column":null}},"82":{"start":{"line":329,"column":24},"end":{"line":329,"column":null}},"83":{"start":{"line":354,"column":45},"end":{"line":354,"column":73}},"84":{"start":{"line":360,"column":45},"end":{"line":360,"column":66}},"85":{"start":{"line":369,"column":18},"end":{"line":369,"column":null}},"86":{"start":{"line":382,"column":10},"end":{"line":382,"column":null}},"87":{"start":{"line":383,"column":10},"end":{"line":383,"column":null}}},"fnMap":{"0":{"name":"CalendarView","decl":{"start":{"line":22,"column":16},"end":{"line":22,"column":null}},"loc":{"start":{"line":22,"column":16},"end":{"line":390,"column":null}}},"1":{"name":"(anonymous_2)","decl":{"start":{"line":34,"column":30},"end":{"line":34,"column":null}},"loc":{"start":{"line":34,"column":30},"end":{"line":48,"column":5}}},"2":{"name":"(anonymous_3)","decl":{"start":{"line":37,"column":26},"end":{"line":37,"column":null}},"loc":{"start":{"line":37,"column":26},"end":{"line":45,"column":null}}},"3":{"name":"(anonymous_4)","decl":{"start":{"line":51,"column":36},"end":{"line":51,"column":null}},"loc":{"start":{"line":51,"column":36},"end":{"line":55,"column":5}}},"4":{"name":"(anonymous_5)","decl":{"start":{"line":57,"column":27},"end":{"line":57,"column":34}},"loc":{"start":{"line":57,"column":34},"end":{"line":81,"column":null}}},"5":{"name":"(anonymous_6)","decl":{"start":{"line":83,"column":27},"end":{"line":83,"column":null}},"loc":{"start":{"line":83,"column":27},"end":{"line":86,"column":null}}},"6":{"name":"(anonymous_7)","decl":{"start":{"line":88,"column":27},"end":{"line":88,"column":28}},"loc":{"start":{"line":88,"column":28},"end":{"line":95,"column":null}}},"7":{"name":"(anonymous_8)","decl":{"start":{"line":97,"column":25},"end":{"line":97,"column":26}},"loc":{"start":{"line":97,"column":26},"end":{"line":105,"column":null}}},"8":{"name":"(anonymous_9)","decl":{"start":{"line":107,"column":18},"end":{"line":107,"column":19}},"loc":{"start":{"line":107,"column":34},"end":{"line":107,"column":null}}},"9":{"name":"(anonymous_10)","decl":{"start":{"line":108,"column":21},"end":{"line":108,"column":22}},"loc":{"start":{"line":108,"column":37},"end":{"line":108,"column":null}}},"10":{"name":"(anonymous_11)","decl":{"start":{"line":124,"column":25},"end":{"line":124,"column":31}},"loc":{"start":{"line":124,"column":31},"end":{"line":124,"column":null}}},"11":{"name":"(anonymous_12)","decl":{"start":{"line":132,"column":25},"end":{"line":132,"column":31}},"loc":{"start":{"line":132,"column":31},"end":{"line":132,"column":null}}},"12":{"name":"(anonymous_13)","decl":{"start":{"line":139,"column":25},"end":{"line":139,"column":31}},"loc":{"start":{"line":139,"column":31},"end":{"line":139,"column":null}}},"13":{"name":"(anonymous_14)","decl":{"start":{"line":158,"column":69},"end":{"line":158,"column":70}},"loc":{"start":{"line":159,"column":16},"end":{"line":159,"column":31}}},"14":{"name":"(anonymous_15)","decl":{"start":{"line":167,"column":32},"end":{"line":167,"column":33}},"loc":{"start":{"line":167,"column":33},"end":{"line":223,"column":null}}},"15":{"name":"(anonymous_16)","decl":{"start":{"line":182,"column":29},"end":{"line":182,"column":35}},"loc":{"start":{"line":182,"column":35},"end":{"line":182,"column":null}}},"16":{"name":"(anonymous_17)","decl":{"start":{"line":189,"column":48},"end":{"line":189,"column":49}},"loc":{"start":{"line":189,"column":49},"end":{"line":213,"column":null}}},"17":{"name":"(anonymous_18)","decl":{"start":{"line":190,"column":64},"end":{"line":190,"column":69}},"loc":{"start":{"line":190,"column":69},"end":{"line":190,"column":93}}},"18":{"name":"(anonymous_19)","decl":{"start":{"line":201,"column":37},"end":{"line":201,"column":38}},"loc":{"start":{"line":201,"column":38},"end":{"line":205,"column":null}}},"19":{"name":"(anonymous_20)","decl":{"start":{"line":242,"column":38},"end":{"line":242,"column":39}},"loc":{"start":{"line":242,"column":39},"end":{"line":305,"column":null}}},"20":{"name":"(anonymous_21)","decl":{"start":{"line":243,"column":58},"end":{"line":243,"column":63}},"loc":{"start":{"line":243,"column":63},"end":{"line":243,"column":87}}},"21":{"name":"(anonymous_22)","decl":{"start":{"line":250,"column":31},"end":{"line":250,"column":null}},"loc":{"start":{"line":250,"column":31},"end":{"line":253,"column":null}}},"22":{"name":"(anonymous_23)","decl":{"start":{"line":291,"column":55},"end":{"line":291,"column":null}},"loc":{"start":{"line":292,"column":28},"end":{"line":293,"column":null}}},"23":{"name":"(anonymous_24)","decl":{"start":{"line":313,"column":31},"end":{"line":313,"column":null}},"loc":{"start":{"line":313,"column":31},"end":{"line":330,"column":null}}},"24":{"name":"(anonymous_25)","decl":{"start":{"line":354,"column":40},"end":{"line":354,"column":45}},"loc":{"start":{"line":354,"column":45},"end":{"line":354,"column":73}}},"25":{"name":"(anonymous_26)","decl":{"start":{"line":360,"column":40},"end":{"line":360,"column":45}},"loc":{"start":{"line":360,"column":45},"end":{"line":360,"column":66}}},"26":{"name":"(anonymous_27)","decl":{"start":{"line":368,"column":38},"end":{"line":368,"column":null}},"loc":{"start":{"line":369,"column":18},"end":{"line":369,"column":null}}},"27":{"name":"(anonymous_28)","decl":{"start":{"line":381,"column":17},"end":{"line":381,"column":null}},"loc":{"start":{"line":381,"column":17},"end":{"line":384,"column":null}}}},"branchMap":{"0":{"loc":{"start":{"line":38,"column":6},"end":{"line":44,"column":null}},"type":"if","locations":[{"start":{"line":38,"column":6},"end":{"line":44,"column":null}}]},"1":{"loc":{"start":{"line":40,"column":8},"end":{"line":42,"column":null}},"type":"if","locations":[{"start":{"line":40,"column":8},"end":{"line":42,"column":null}}]},"2":{"loc":{"start":{"line":52,"column":4},"end":{"line":52,"column":null}},"type":"if","locations":[{"start":{"line":52,"column":4},"end":{"line":52,"column":null}}]},"3":{"loc":{"start":{"line":54,"column":11},"end":{"line":54,"column":37}},"type":"binary-expr","locations":[{"start":{"line":54,"column":11},"end":{"line":54,"column":31}},{"start":{"line":54,"column":35},"end":{"line":54,"column":37}}]},"4":{"loc":{"start":{"line":59,"column":6},"end":{"line":77,"column":null}},"type":"if","locations":[{"start":{"line":59,"column":6},"end":{"line":77,"column":null}},{"start":{"line":62,"column":13},"end":{"line":77,"column":null}}]},"5":{"loc":{"start":{"line":59,"column":10},"end":{"line":59,"column":45}},"type":"binary-expr","locations":[{"start":{"line":59,"column":10},"end":{"line":59,"column":21}},{"start":{"line":59,"column":25},"end":{"line":59,"column":45}}]},"6":{"loc":{"start":{"line":89,"column":4},"end":{"line":94,"column":null}},"type":"switch","locations":[{"start":{"line":90,"column":6},"end":{"line":90,"column":null}},{"start":{"line":91,"column":6},"end":{"line":91,"column":null}},{"start":{"line":92,"column":6},"end":{"line":92,"column":null}},{"start":{"line":93,"column":6},"end":{"line":93,"column":null}}]},"7":{"loc":{"start":{"line":98,"column":4},"end":{"line":104,"column":null}},"type":"switch","locations":[{"start":{"line":99,"column":6},"end":{"line":99,"column":null}},{"start":{"line":100,"column":6},"end":{"line":100,"column":null}},{"start":{"line":101,"column":6},"end":{"line":101,"column":null}},{"start":{"line":102,"column":6},"end":{"line":102,"column":null}},{"start":{"line":103,"column":6},"end":{"line":103,"column":null}}]},"8":{"loc":{"start":{"line":108,"column":37},"end":{"line":108,"column":null}},"type":"binary-expr","locations":[{"start":{"line":108,"column":37},"end":{"line":108,"column":53}},{"start":{"line":108,"column":53},"end":{"line":108,"column":null}}]},"9":{"loc":{"start":{"line":169,"column":33},"end":{"line":169,"column":59}},"type":"binary-expr","locations":[{"start":{"line":169,"column":33},"end":{"line":169,"column":53}},{"start":{"line":169,"column":57},"end":{"line":169,"column":59}}]},"10":{"loc":{"start":{"line":178,"column":22},"end":{"line":178,"column":null}},"type":"binary-expr","locations":[{"start":{"line":178,"column":22},"end":{"line":178,"column":41}},{"start":{"line":178,"column":41},"end":{"line":178,"column":null}}]},"11":{"loc":{"start":{"line":179,"column":22},"end":{"line":179,"column":null}},"type":"binary-expr","locations":[{"start":{"line":179,"column":22},"end":{"line":179,"column":39}},{"start":{"line":179,"column":39},"end":{"line":179,"column":null}}]},"12":{"loc":{"start":{"line":180,"column":22},"end":{"line":180,"column":null}},"type":"binary-expr","locations":[{"start":{"line":180,"column":22},"end":{"line":180,"column":42}},{"start":{"line":180,"column":42},"end":{"line":180,"column":null}}]},"13":{"loc":{"start":{"line":191,"column":42},"end":{"line":191,"column":null}},"type":"binary-expr","locations":[{"start":{"line":191,"column":42},"end":{"line":191,"column":54}},{"start":{"line":191,"column":58},"end":{"line":191,"column":87}},{"start":{"line":191,"column":87},"end":{"line":191,"column":null}}]},"14":{"loc":{"start":{"line":199,"column":30},"end":{"line":199,"column":null}},"type":"binary-expr","locations":[{"start":{"line":199,"column":30},"end":{"line":199,"column":43}},{"start":{"line":199,"column":43},"end":{"line":199,"column":null}}]},"15":{"loc":{"start":{"line":215,"column":23},"end":{"line":215,"column":null}},"type":"binary-expr","locations":[{"start":{"line":215,"column":23},"end":{"line":215,"column":null}}]},"16":{"loc":{"start":{"line":236,"column":15},"end":{"line":236,"column":null}},"type":"cond-expr","locations":[{"start":{"line":236,"column":30},"end":{"line":236,"column":70}},{"start":{"line":236,"column":70},"end":{"line":236,"column":null}}]},"17":{"loc":{"start":{"line":241,"column":14},"end":{"line":338,"column":15}},"type":"cond-expr","locations":[{"start":{"line":241,"column":14},"end":{"line":338,"column":15}}]},"18":{"loc":{"start":{"line":241,"column":14},"end":{"line":338,"column":15}},"type":"cond-expr","locations":[{"start":{"line":242,"column":16},"end":{"line":305,"column":null}},{"start":{"line":307,"column":16},"end":{"line":338,"column":15}}]},"19":{"loc":{"start":{"line":244,"column":36},"end":{"line":244,"column":null}},"type":"binary-expr","locations":[{"start":{"line":244,"column":36},"end":{"line":244,"column":48}},{"start":{"line":244,"column":52},"end":{"line":244,"column":81}},{"start":{"line":244,"column":81},"end":{"line":244,"column":null}}]},"20":{"loc":{"start":{"line":256,"column":65},"end":{"line":256,"column":null}},"type":"binary-expr","locations":[{"start":{"line":256,"column":65},"end":{"line":256,"column":78}},{"start":{"line":256,"column":78},"end":{"line":256,"column":null}}]},"21":{"loc":{"start":{"line":273,"column":27},"end":{"line":273,"column":null}},"type":"binary-expr","locations":[{"start":{"line":273,"column":27},"end":{"line":273,"column":null}}]},"22":{"loc":{"start":{"line":281,"column":25},"end":{"line":281,"column":44}},"type":"binary-expr","locations":[{"start":{"line":281,"column":25},"end":{"line":281,"column":44}}]},"23":{"loc":{"start":{"line":289,"column":23},"end":{"line":289,"column":null}},"type":"binary-expr","locations":[{"start":{"line":289,"column":23},"end":{"line":289,"column":null}}]},"24":{"loc":{"start":{"line":369,"column":18},"end":{"line":369,"column":null}},"type":"binary-expr","locations":[{"start":{"line":369,"column":18},"end":{"line":369,"column":27}},{"start":{"line":369,"column":31},"end":{"line":369,"column":57}},{"start":{"line":369,"column":57},"end":{"line":369,"column":null}}]},"25":{"loc":{"start":{"line":386,"column":14},"end":{"line":386,"column":null}},"type":"binary-expr","locations":[{"start":{"line":386,"column":14},"end":{"line":386,"column":30}},{"start":{"line":386,"column":30},"end":{"line":386,"column":null}}]}},"s":{"0":24,"1":1,"2":1,"3":1,"4":1,"5":1,"6":1,"7":1,"8":1,"9":1,"10":42,"11":42,"12":42,"13":42,"14":42,"15":42,"16":42,"17":42,"18":42,"19":24,"20":24,"21":71,"22":71,"23":71,"24":67,"25":71,"26":24,"27":42,"28":32,"29":24,"30":8,"31":8,"32":42,"33":1,"34":1,"35":1,"36":0,"37":1,"38":42,"39":1,"40":1,"41":42,"42":130,"43":89,"44":41,"45":0,"46":0,"47":42,"48":130,"49":89,"50":41,"51":0,"52":0,"53":0,"54":42,"55":168,"56":42,"57":168,"58":1,"59":1,"60":1,"61":294,"62":168,"63":168,"64":168,"65":168,"66":8,"67":123,"68":203,"69":123,"70":123,"71":3,"72":3,"73":3,"74":7,"75":8,"76":7,"77":7,"78":1,"79":1,"80":7,"81":1,"82":1,"83":125,"84":125,"85":125,"86":1,"87":1},"f":{"0":42,"1":24,"2":71,"3":32,"4":1,"5":1,"6":130,"7":130,"8":168,"9":168,"10":1,"11":1,"12":1,"13":294,"14":168,"15":8,"16":123,"17":203,"18":3,"19":7,"20":8,"21":1,"22":7,"23":1,"24":125,"25":125,"26":125,"27":1},"b":{"0":[71],"1":[67],"2":[24],"3":[8,2],"4":[1,0],"5":[1,1],"6":[89,41,0,0],"7":[89,41,0,0,0],"8":[168,40],"9":[168,47],"10":[168,0],"11":[168,42],"12":[168,10],"13":[123,123,83],"14":[123,83],"15":[168],"16":[10,32],"17":[10],"18":[7,3],"19":[7,7,6],"20":[7,6],"21":[7],"22":[7],"23":[7],"24":[125,125,85],"25":[42,37]}}
,"/Users/rameshm/Documents/Dev_Project/task-tracker/src/components/CommandPalette.tsx": {"path":"/Users/rameshm/Documents/Dev_Project/task-tracker/src/components/CommandPalette.tsx","statementMap":{"0":{"start":{"line":34,"column":16},"end":{"line":34,"column":31}},"1":{"start":{"line":3,"column":45},"end":{"line":3,"column":null}},"2":{"start":{"line":4,"column":24},"end":{"line":4,"column":null}},"3":{"start":{"line":5,"column":41},"end":{"line":5,"column":null}},"4":{"start":{"line":6,"column":38},"end":{"line":6,"column":null}},"5":{"start":{"line":7,"column":22},"end":{"line":7,"column":null}},"6":{"start":{"line":8,"column":22},"end":{"line":8,"column":null}},"7":{"start":{"line":25,"column":7},"end":{"line":25,"column":null}},"8":{"start":{"line":26,"column":23},"end":{"line":26,"column":null}},"9":{"start":{"line":27,"column":29},"end":{"line":27,"column":null}},"10":{"start":{"line":35,"column":45},"end":{"line":35,"column":null}},"11":{"start":{"line":36,"column":28},"end":{"line":36,"column":null}},"12":{"start":{"line":37,"column":44},"end":{"line":37,"column":null}},"13":{"start":{"line":40,"column":22},"end":{"line":45,"column":null}},"14":{"start":{"line":41,"column":4},"end":{"line":43,"column":null}},"15":{"start":{"line":42,"column":6},"end":{"line":42,"column":null}},"16":{"start":{"line":44,"column":4},"end":{"line":44,"column":null}},"17":{"start":{"line":48,"column":23},"end":{"line":185,"column":null}},"18":{"start":{"line":49,"column":20},"end":{"line":49,"column":22}},"19":{"start":{"line":52,"column":4},"end":{"line":88,"column":null}},"20":{"start":{"line":53,"column":6},"end":{"line":87,"column":null}},"21":{"start":{"line":59,"column":33},"end":{"line":64,"column":33}},"22":{"start":{"line":60,"column":12},"end":{"line":62,"column":null}},"23":{"start":{"line":61,"column":14},"end":{"line":62,"column":null}},"24":{"start":{"line":66,"column":32},"end":{"line":81,"column":null}},"25":{"start":{"line":83,"column":10},"end":{"line":83,"column":null}},"26":{"start":{"line":84,"column":10},"end":{"line":84,"column":null}},"27":{"start":{"line":85,"column":10},"end":{"line":85,"column":null}},"28":{"start":{"line":91,"column":4},"end":{"line":146,"column":null}},"29":{"start":{"line":92,"column":25},"end":{"line":92,"column":null}},"30":{"start":{"line":94,"column":6},"end":{"line":113,"column":null}},"31":{"start":{"line":95,"column":30},"end":{"line":98,"column":null}},"32":{"start":{"line":96,"column":10},"end":{"line":97,"column":null}},"33":{"start":{"line":100,"column":8},"end":{"line":112,"column":null}},"34":{"start":{"line":101,"column":10},"end":{"line":111,"column":null}},"35":{"start":{"line":109,"column":14},"end":{"line":109,"column":null}},"36":{"start":{"line":116,"column":6},"end":{"line":144,"column":null}},"37":{"start":{"line":124,"column":12},"end":{"line":124,"column":null}},"38":{"start":{"line":133,"column":12},"end":{"line":133,"column":null}},"39":{"start":{"line":142,"column":12},"end":{"line":142,"column":null}},"40":{"start":{"line":149,"column":4},"end":{"line":182,"column":null}},"41":{"start":{"line":150,"column":6},"end":{"line":180,"column":null}},"42":{"start":{"line":157,"column":12},"end":{"line":157,"column":null}},"43":{"start":{"line":158,"column":12},"end":{"line":158,"column":null}},"44":{"start":{"line":168,"column":12},"end":{"line":168,"column":null}},"45":{"start":{"line":178,"column":12},"end":{"line":178,"column":null}},"46":{"start":{"line":184,"column":4},"end":{"line":184,"column":null}},"47":{"start":{"line":188,"column":2},"end":{"line":215,"column":null}},"48":{"start":{"line":189,"column":26},"end":{"line":211,"column":null}},"49":{"start":{"line":190,"column":6},"end":{"line":190,"column":null}},"50":{"start":{"line":190,"column":19},"end":{"line":190,"column":null}},"51":{"start":{"line":192,"column":6},"end":{"line":210,"column":null}},"52":{"start":{"line":194,"column":10},"end":{"line":194,"column":null}},"53":{"start":{"line":195,"column":10},"end":{"line":195,"column":null}},"54":{"start":{"line":195,"column":35},"end":{"line":195,"column":null}},"55":{"start":{"line":196,"column":10},"end":{"line":196,"column":null}},"56":{"start":{"line":198,"column":10},"end":{"line":198,"column":null}},"57":{"start":{"line":199,"column":10},"end":{"line":199,"column":null}},"58":{"start":{"line":199,"column":35},"end":{"line":199,"column":null}},"59":{"start":{"line":200,"column":10},"end":{"line":200,"column":null}},"60":{"start":{"line":202,"column":10},"end":{"line":202,"column":null}},"61":{"start":{"line":203,"column":10},"end":{"line":205,"column":null}},"62":{"start":{"line":204,"column":12},"end":{"line":204,"column":null}},"63":{"start":{"line":206,"column":10},"end":{"line":206,"column":null}},"64":{"start":{"line":208,"column":10},"end":{"line":208,"column":null}},"65":{"start":{"line":209,"column":10},"end":{"line":209,"column":null}},"66":{"start":{"line":213,"column":4},"end":{"line":213,"column":null}},"67":{"start":{"line":214,"column":4},"end":{"line":214,"column":null}},"68":{"start":{"line":214,"column":17},"end":{"line":214,"column":null}},"69":{"start":{"line":218,"column":2},"end":{"line":220,"column":null}},"70":{"start":{"line":219,"column":4},"end":{"line":219,"column":null}},"71":{"start":{"line":222,"column":27},"end":{"line":229,"column":null}},"72":{"start":{"line":223,"column":4},"end":{"line":228,"column":null}},"73":{"start":{"line":224,"column":19},"end":{"line":224,"column":null}},"74":{"start":{"line":225,"column":21},"end":{"line":225,"column":null}},"75":{"start":{"line":226,"column":18},"end":{"line":226,"column":null}},"76":{"start":{"line":227,"column":15},"end":{"line":227,"column":null}},"77":{"start":{"line":231,"column":26},"end":{"line":233,"column":null}},"78":{"start":{"line":232,"column":4},"end":{"line":232,"column":null}},"79":{"start":{"line":232,"column":39},"end":{"line":232,"column":61}},"80":{"start":{"line":242,"column":29},"end":{"line":242,"column":null}},"81":{"start":{"line":293,"column":22},"end":{"line":293,"column":41}},"82":{"start":{"line":310,"column":16},"end":{"line":311,"column":null}}},"fnMap":{"0":{"name":"CommandPalette","decl":{"start":{"line":34,"column":16},"end":{"line":34,"column":31}},"loc":{"start":{"line":34,"column":71},"end":{"line":353,"column":null}}},"1":{"name":"(anonymous_2)","decl":{"start":{"line":40,"column":30},"end":{"line":40,"column":null}},"loc":{"start":{"line":40,"column":30},"end":{"line":45,"column":5}}},"2":{"name":"(anonymous_3)","decl":{"start":{"line":48,"column":31},"end":{"line":48,"column":null}},"loc":{"start":{"line":48,"column":31},"end":{"line":185,"column":5}}},"3":{"name":"(anonymous_4)","decl":{"start":{"line":58,"column":16},"end":{"line":58,"column":null}},"loc":{"start":{"line":58,"column":16},"end":{"line":86,"column":null}}},"4":{"name":"(anonymous_5)","decl":{"start":{"line":59,"column":57},"end":{"line":59,"column":null}},"loc":{"start":{"line":60,"column":12},"end":{"line":62,"column":null}}},"5":{"name":"(anonymous_6)","decl":{"start":{"line":60,"column":30},"end":{"line":60,"column":null}},"loc":{"start":{"line":61,"column":14},"end":{"line":62,"column":null}}},"6":{"name":"(anonymous_7)","decl":{"start":{"line":95,"column":51},"end":{"line":95,"column":null}},"loc":{"start":{"line":96,"column":10},"end":{"line":97,"column":null}}},"7":{"name":"(anonymous_8)","decl":{"start":{"line":100,"column":30},"end":{"line":100,"column":null}},"loc":{"start":{"line":100,"column":30},"end":{"line":112,"column":null}}},"8":{"name":"(anonymous_9)","decl":{"start":{"line":107,"column":20},"end":{"line":107,"column":null}},"loc":{"start":{"line":107,"column":20},"end":{"line":110,"column":null}}},"9":{"name":"(anonymous_10)","decl":{"start":{"line":122,"column":18},"end":{"line":122,"column":null}},"loc":{"start":{"line":122,"column":18},"end":{"line":125,"column":null}}},"10":{"name":"(anonymous_11)","decl":{"start":{"line":132,"column":18},"end":{"line":132,"column":null}},"loc":{"start":{"line":132,"column":18},"end":{"line":134,"column":null}}},"11":{"name":"(anonymous_12)","decl":{"start":{"line":141,"column":18},"end":{"line":141,"column":null}},"loc":{"start":{"line":141,"column":18},"end":{"line":143,"column":null}}},"12":{"name":"(anonymous_13)","decl":{"start":{"line":156,"column":18},"end":{"line":156,"column":null}},"loc":{"start":{"line":156,"column":18},"end":{"line":159,"column":null}}},"13":{"name":"(anonymous_14)","decl":{"start":{"line":166,"column":18},"end":{"line":166,"column":null}},"loc":{"start":{"line":166,"column":18},"end":{"line":169,"column":null}}},"14":{"name":"(anonymous_15)","decl":{"start":{"line":176,"column":18},"end":{"line":176,"column":null}},"loc":{"start":{"line":176,"column":18},"end":{"line":179,"column":null}}},"15":{"name":"(anonymous_16)","decl":{"start":{"line":188,"column":12},"end":{"line":188,"column":null}},"loc":{"start":{"line":188,"column":12},"end":{"line":215,"column":5}}},"16":{"name":"(anonymous_17)","decl":{"start":{"line":189,"column":26},"end":{"line":189,"column":27}},"loc":{"start":{"line":189,"column":27},"end":{"line":211,"column":null}}},"17":{"name":"(anonymous_18)","decl":{"start":{"line":195,"column":27},"end":{"line":195,"column":35}},"loc":{"start":{"line":195,"column":35},"end":{"line":195,"column":null}}},"18":{"name":"(anonymous_19)","decl":{"start":{"line":199,"column":27},"end":{"line":199,"column":35}},"loc":{"start":{"line":199,"column":35},"end":{"line":199,"column":null}}},"19":{"name":"(anonymous_20)","decl":{"start":{"line":214,"column":11},"end":{"line":214,"column":17}},"loc":{"start":{"line":214,"column":17},"end":{"line":214,"column":null}}},"20":{"name":"(anonymous_21)","decl":{"start":{"line":218,"column":12},"end":{"line":218,"column":null}},"loc":{"start":{"line":218,"column":12},"end":{"line":220,"column":5}}},"21":{"name":"(anonymous_22)","decl":{"start":{"line":222,"column":27},"end":{"line":222,"column":28}},"loc":{"start":{"line":222,"column":28},"end":{"line":229,"column":null}}},"22":{"name":"(anonymous_23)","decl":{"start":{"line":231,"column":26},"end":{"line":231,"column":27}},"loc":{"start":{"line":231,"column":27},"end":{"line":233,"column":null}}},"23":{"name":"(anonymous_24)","decl":{"start":{"line":232,"column":34},"end":{"line":232,"column":39}},"loc":{"start":{"line":232,"column":39},"end":{"line":232,"column":61}}},"24":{"name":"(anonymous_25)","decl":{"start":{"line":242,"column":22},"end":{"line":242,"column":23}},"loc":{"start":{"line":242,"column":29},"end":{"line":242,"column":null}}},"25":{"name":"(anonymous_26)","decl":{"start":{"line":292,"column":44},"end":{"line":292,"column":null}},"loc":{"start":{"line":293,"column":22},"end":{"line":293,"column":41}}},"26":{"name":"(anonymous_27)","decl":{"start":{"line":309,"column":32},"end":{"line":309,"column":33}},"loc":{"start":{"line":310,"column":16},"end":{"line":311,"column":null}}}},"branchMap":{"0":{"loc":{"start":{"line":41,"column":4},"end":{"line":43,"column":null}},"type":"if","locations":[{"start":{"line":41,"column":4},"end":{"line":43,"column":null}}]},"1":{"loc":{"start":{"line":41,"column":8},"end":{"line":41,"column":48}},"type":"binary-expr","locations":[{"start":{"line":41,"column":8},"end":{"line":41,"column":24}},{"start":{"line":41,"column":24},"end":{"line":41,"column":48}}]},"2":{"loc":{"start":{"line":52,"column":4},"end":{"line":88,"column":null}},"type":"if","locations":[{"start":{"line":52,"column":4},"end":{"line":88,"column":null}}]},"3":{"loc":{"start":{"line":59,"column":33},"end":{"line":64,"column":33}},"type":"binary-expr","locations":[{"start":{"line":59,"column":33},"end":{"line":64,"column":31}},{"start":{"line":64,"column":31},"end":{"line":64,"column":33}}]},"4":{"loc":{"start":{"line":61,"column":14},"end":{"line":62,"column":null}},"type":"binary-expr","locations":[{"start":{"line":61,"column":14},"end":{"line":61,"column":null}},{"start":{"line":62,"column":14},"end":{"line":62,"column":null}}]},"5":{"loc":{"start":{"line":70,"column":20},"end":{"line":70,"column":null}},"type":"binary-expr","locations":[{"start":{"line":70,"column":20},"end":{"line":70,"column":38}},{"start":{"line":70,"column":42},"end":{"line":70,"column":null}}]},"6":{"loc":{"start":{"line":71,"column":22},"end":{"line":71,"column":null}},"type":"binary-expr","locations":[{"start":{"line":71,"column":22},"end":{"line":71,"column":42}},{"start":{"line":71,"column":46},"end":{"line":71,"column":null}}]},"7":{"loc":{"start":{"line":91,"column":4},"end":{"line":146,"column":null}},"type":"if","locations":[{"start":{"line":91,"column":4},"end":{"line":146,"column":null}}]},"8":{"loc":{"start":{"line":91,"column":8},"end":{"line":91,"column":47}},"type":"binary-expr","locations":[{"start":{"line":91,"column":8},"end":{"line":91,"column":24}},{"start":{"line":91,"column":24},"end":{"line":91,"column":47}}]},"9":{"loc":{"start":{"line":94,"column":6},"end":{"line":113,"column":null}},"type":"if","locations":[{"start":{"line":94,"column":6},"end":{"line":113,"column":null}}]},"10":{"loc":{"start":{"line":96,"column":10},"end":{"line":97,"column":null}},"type":"binary-expr","locations":[{"start":{"line":96,"column":10},"end":{"line":96,"column":null}},{"start":{"line":97,"column":10},"end":{"line":97,"column":null}}]},"11":{"loc":{"start":{"line":149,"column":4},"end":{"line":182,"column":null}},"type":"if","locations":[{"start":{"line":149,"column":4},"end":{"line":182,"column":null}}]},"12":{"loc":{"start":{"line":190,"column":6},"end":{"line":190,"column":null}},"type":"if","locations":[{"start":{"line":190,"column":6},"end":{"line":190,"column":null}}]},"13":{"loc":{"start":{"line":192,"column":6},"end":{"line":210,"column":null}},"type":"switch","locations":[{"start":{"line":193,"column":8},"end":{"line":196,"column":null}},{"start":{"line":197,"column":8},"end":{"line":200,"column":null}},{"start":{"line":201,"column":8},"end":{"line":206,"column":null}},{"start":{"line":207,"column":8},"end":{"line":209,"column":null}}]},"14":{"loc":{"start":{"line":203,"column":10},"end":{"line":205,"column":null}},"type":"if","locations":[{"start":{"line":203,"column":10},"end":{"line":205,"column":null}}]},"15":{"loc":{"start":{"line":223,"column":4},"end":{"line":228,"column":null}},"type":"switch","locations":[{"start":{"line":224,"column":6},"end":{"line":224,"column":null}},{"start":{"line":225,"column":6},"end":{"line":225,"column":null}},{"start":{"line":226,"column":6},"end":{"line":226,"column":null}},{"start":{"line":227,"column":6},"end":{"line":227,"column":null}}]},"16":{"loc":{"start":{"line":232,"column":11},"end":{"line":232,"column":null}},"type":"binary-expr","locations":[{"start":{"line":232,"column":11},"end":{"line":232,"column":69}},{"start":{"line":232,"column":69},"end":{"line":232,"column":null}}]},"17":{"loc":{"start":{"line":247,"column":11},"end":{"line":247,"column":null}},"type":"binary-expr","locations":[{"start":{"line":247,"column":11},"end":{"line":247,"column":null}}]},"18":{"loc":{"start":{"line":255,"column":9},"end":{"line":255,"column":null}},"type":"binary-expr","locations":[{"start":{"line":255,"column":9},"end":{"line":255,"column":null}}]},"19":{"loc":{"start":{"line":260,"column":17},"end":{"line":260,"column":37}},"type":"binary-expr","locations":[{"start":{"line":260,"column":17},"end":{"line":260,"column":37}}]},"20":{"loc":{"start":{"line":269,"column":17},"end":{"line":269,"column":37}},"type":"binary-expr","locations":[{"start":{"line":269,"column":17},"end":{"line":269,"column":37}}]},"21":{"loc":{"start":{"line":276,"column":17},"end":{"line":276,"column":36}},"type":"binary-expr","locations":[{"start":{"line":276,"column":17},"end":{"line":276,"column":36}}]},"22":{"loc":{"start":{"line":283,"column":17},"end":{"line":283,"column":43}},"type":"binary-expr","locations":[{"start":{"line":283,"column":17},"end":{"line":283,"column":43}}]},"23":{"loc":{"start":{"line":290,"column":17},"end":{"line":290,"column":35}},"type":"binary-expr","locations":[{"start":{"line":290,"column":17},"end":{"line":290,"column":35}},{"start":{"line":290,"column":39},"end":{"line":290,"column":null}}]},"24":{"loc":{"start":{"line":308,"column":12},"end":{"line":329,"column":13}},"type":"cond-expr","locations":[{"start":{"line":308,"column":12},"end":{"line":329,"column":13}}]},"25":{"loc":{"start":{"line":313,"column":20},"end":{"line":313,"column":null}},"type":"cond-expr","locations":[{"start":{"line":313,"column":46},"end":{"line":313,"column":60}},{"start":{"line":313,"column":60},"end":{"line":313,"column":null}}]},"26":{"loc":{"start":{"line":320,"column":21},"end":{"line":320,"column":39}},"type":"binary-expr","locations":[{"start":{"line":320,"column":21},"end":{"line":320,"column":39}}]},"27":{"loc":{"start":{"line":342,"column":9},"end":{"line":342,"column":null}},"type":"binary-expr","locations":[{"start":{"line":342,"column":9},"end":{"line":342,"column":null}}]}},"s":{"0":17,"1":2,"2":2,"3":2,"4":2,"5":2,"6":2,"7":2,"8":2,"9":2,"10":331,"11":331,"12":331,"13":331,"14":171,"15":122,"16":49,"17":331,"18":171,"19":171,"20":122,"21":3,"22":2,"23":3,"24":3,"25":3,"26":3,"27":3,"28":171,"29":29,"30":29,"31":25,"32":98,"33":25,"34":37,"35":0,"36":29,"37":0,"38":0,"39":0,"40":171,"41":20,"42":1,"43":1,"44":0,"45":0,"46":171,"47":331,"48":175,"49":159,"50":0,"51":159,"52":3,"53":3,"54":3,"55":3,"56":1,"57":1,"58":1,"59":1,"60":3,"61":3,"62":3,"63":3,"64":1,"65":1,"66":175,"67":175,"68":175,"69":331,"70":171,"71":331,"72":122,"73":122,"74":0,"75":0,"76":0,"77":331,"78":66,"79":66,"80":151,"81":82,"82":579},"f":{"0":331,"1":171,"2":171,"3":3,"4":2,"5":3,"6":98,"7":37,"8":0,"9":0,"10":0,"11":0,"12":1,"13":0,"14":0,"15":175,"16":159,"17":3,"18":1,"19":175,"20":171,"21":122,"22":66,"23":66,"24":151,"25":82,"26":579},"b":{"0":[122],"1":[171,151],"2":[122],"3":[3,2],"4":[3,1],"5":[3,3],"6":[3,2],"7":[29],"8":[171,151],"9":[25],"10":[98,31],"11":[20],"12":[0],"13":[3,1,3,1],"14":[3],"15":[122,0,0,0],"16":[66,0],"17":[331],"18":[331],"19":[244],"20":[244],"21":[244],"22":[244],"23":[244,54],"24":[331],"25":[331,248],"26":[579],"27":[331]}}
,"/Users/rameshm/Documents/Dev_Project/task-tracker/src/components/DailyReport.tsx": {"path":"/Users/rameshm/Documents/Dev_Project/task-tracker/src/components/DailyReport.tsx","statementMap":{"0":{"start":{"line":16,"column":16},"end":{"line":16,"column":null}},"1":{"start":{"line":3,"column":36},"end":{"line":3,"column":null}},"2":{"start":{"line":4,"column":24},"end":{"line":4,"column":null}},"3":{"start":{"line":5,"column":24},"end":{"line":5,"column":null}},"4":{"start":{"line":7,"column":57},"end":{"line":7,"column":null}},"5":{"start":{"line":8,"column":23},"end":{"line":8,"column":null}},"6":{"start":{"line":9,"column":25},"end":{"line":9,"column":null}},"7":{"start":{"line":10,"column":52},"end":{"line":10,"column":null}},"8":{"start":{"line":11,"column":22},"end":{"line":11,"column":null}},"9":{"start":{"line":12,"column":29},"end":{"line":12,"column":null}},"10":{"start":{"line":13,"column":71},"end":{"line":13,"column":null}},"11":{"start":{"line":14,"column":31},"end":{"line":14,"column":null}},"12":{"start":{"line":17,"column":30},"end":{"line":17,"column":null}},"13":{"start":{"line":18,"column":51},"end":{"line":18,"column":null}},"14":{"start":{"line":19,"column":38},"end":{"line":19,"column":null}},"15":{"start":{"line":20,"column":42},"end":{"line":20,"column":null}},"16":{"start":{"line":21,"column":46},"end":{"line":21,"column":null}},"17":{"start":{"line":22,"column":54},"end":{"line":22,"column":null}},"18":{"start":{"line":23,"column":28},"end":{"line":23,"column":null}},"19":{"start":{"line":24,"column":44},"end":{"line":24,"column":null}},"20":{"start":{"line":25,"column":34},"end":{"line":29,"column":null}},"21":{"start":{"line":32,"column":2},"end":{"line":37,"column":null}},"22":{"start":{"line":33,"column":24},"end":{"line":33,"column":62}},"23":{"start":{"line":34,"column":4},"end":{"line":34,"column":null}},"24":{"start":{"line":35,"column":4},"end":{"line":35,"column":null}},"25":{"start":{"line":36,"column":4},"end":{"line":36,"column":null}},"26":{"start":{"line":39,"column":26},"end":{"line":39,"column":null}},"27":{"start":{"line":42,"column":25},"end":{"line":47,"column":null}},"28":{"start":{"line":43,"column":23},"end":{"line":43,"column":72}},"29":{"start":{"line":44,"column":22},"end":{"line":44,"column":null}},"30":{"start":{"line":45,"column":22},"end":{"line":45,"column":null}},"31":{"start":{"line":46,"column":4},"end":{"line":46,"column":null}},"32":{"start":{"line":49,"column":23},"end":{"line":71,"column":null}},"33":{"start":{"line":50,"column":4},"end":{"line":50,"column":null}},"34":{"start":{"line":50,"column":70},"end":{"line":50,"column":null}},"35":{"start":{"line":51,"column":4},"end":{"line":51,"column":null}},"36":{"start":{"line":51,"column":39},"end":{"line":51,"column":null}},"37":{"start":{"line":53,"column":24},"end":{"line":53,"column":null}},"38":{"start":{"line":54,"column":21},"end":{"line":54,"column":74}},"39":{"start":{"line":55,"column":39},"end":{"line":64,"column":null}},"40":{"start":{"line":66,"column":4},"end":{"line":66,"column":null}},"41":{"start":{"line":67,"column":4},"end":{"line":67,"column":null}},"42":{"start":{"line":67,"column":29},"end":{"line":67,"column":null}},"43":{"start":{"line":68,"column":4},"end":{"line":68,"column":null}},"44":{"start":{"line":69,"column":4},"end":{"line":69,"column":null}},"45":{"start":{"line":70,"column":4},"end":{"line":70,"column":null}},"46":{"start":{"line":73,"column":26},"end":{"line":75,"column":null}},"47":{"start":{"line":74,"column":4},"end":{"line":74,"column":null}},"48":{"start":{"line":74,"column":41},"end":{"line":74,"column":null}},"49":{"start":{"line":77,"column":24},"end":{"line":79,"column":null}},"50":{"start":{"line":78,"column":4},"end":{"line":78,"column":null}},"51":{"start":{"line":78,"column":41},"end":{"line":78,"column":null}},"52":{"start":{"line":104,"column":29},"end":{"line":104,"column":null}},"53":{"start":{"line":114,"column":28},"end":{"line":114,"column":null}},"54":{"start":{"line":116,"column":29},"end":{"line":116,"column":null}},"55":{"start":{"line":117,"column":30},"end":{"line":117,"column":null}},"56":{"start":{"line":118,"column":26},"end":{"line":118,"column":null}},"57":{"start":{"line":119,"column":26},"end":{"line":119,"column":null}},"58":{"start":{"line":121,"column":10},"end":{"line":121,"column":null}},"59":{"start":{"line":121,"column":24},"end":{"line":121,"column":null}},"60":{"start":{"line":123,"column":10},"end":{"line":124,"column":34}},"61":{"start":{"line":134,"column":57},"end":{"line":134,"column":61}},"62":{"start":{"line":172,"column":26},"end":{"line":172,"column":null}},"63":{"start":{"line":173,"column":26},"end":{"line":173,"column":null}},"64":{"start":{"line":237,"column":39},"end":{"line":237,"column":null}},"65":{"start":{"line":237,"column":60},"end":{"line":237,"column":null}},"66":{"start":{"line":249,"column":39},"end":{"line":249,"column":null}},"67":{"start":{"line":249,"column":60},"end":{"line":249,"column":null}},"68":{"start":{"line":261,"column":39},"end":{"line":261,"column":null}},"69":{"start":{"line":261,"column":60},"end":{"line":261,"column":null}},"70":{"start":{"line":269,"column":37},"end":{"line":269,"column":null}},"71":{"start":{"line":277,"column":24},"end":{"line":277,"column":null}},"72":{"start":{"line":278,"column":24},"end":{"line":278,"column":null}},"73":{"start":{"line":279,"column":24},"end":{"line":279,"column":null}},"74":{"start":{"line":300,"column":57},"end":{"line":300,"column":83}}},"fnMap":{"0":{"name":"DailyReport","decl":{"start":{"line":16,"column":16},"end":{"line":16,"column":null}},"loc":{"start":{"line":16,"column":16},"end":{"line":323,"column":null}}},"1":{"name":"(anonymous_2)","decl":{"start":{"line":32,"column":12},"end":{"line":32,"column":null}},"loc":{"start":{"line":32,"column":12},"end":{"line":37,"column":5}}},"2":{"name":"(anonymous_3)","decl":{"start":{"line":42,"column":51},"end":{"line":42,"column":null}},"loc":{"start":{"line":42,"column":51},"end":{"line":47,"column":null}}},"3":{"name":"(anonymous_4)","decl":{"start":{"line":49,"column":23},"end":{"line":49,"column":24}},"loc":{"start":{"line":49,"column":24},"end":{"line":71,"column":null}}},"4":{"name":"(anonymous_5)","decl":{"start":{"line":67,"column":21},"end":{"line":67,"column":29}},"loc":{"start":{"line":67,"column":29},"end":{"line":67,"column":null}}},"5":{"name":"(anonymous_6)","decl":{"start":{"line":73,"column":26},"end":{"line":73,"column":27}},"loc":{"start":{"line":73,"column":27},"end":{"line":75,"column":null}}},"6":{"name":"(anonymous_7)","decl":{"start":{"line":74,"column":31},"end":{"line":74,"column":41}},"loc":{"start":{"line":74,"column":41},"end":{"line":74,"column":null}}},"7":{"name":"(anonymous_8)","decl":{"start":{"line":77,"column":24},"end":{"line":77,"column":25}},"loc":{"start":{"line":77,"column":25},"end":{"line":79,"column":null}}},"8":{"name":"(anonymous_9)","decl":{"start":{"line":78,"column":31},"end":{"line":78,"column":41}},"loc":{"start":{"line":78,"column":41},"end":{"line":78,"column":null}}},"9":{"name":"(anonymous_10)","decl":{"start":{"line":104,"column":22},"end":{"line":104,"column":23}},"loc":{"start":{"line":104,"column":29},"end":{"line":104,"column":null}}},"10":{"name":"(anonymous_11)","decl":{"start":{"line":114,"column":18},"end":{"line":114,"column":28}},"loc":{"start":{"line":114,"column":28},"end":{"line":114,"column":null}}},"11":{"name":"(anonymous_12)","decl":{"start":{"line":115,"column":15},"end":{"line":115,"column":null}},"loc":{"start":{"line":115,"column":15},"end":{"line":289,"column":null}}},"12":{"name":"(anonymous_13)","decl":{"start":{"line":134,"column":52},"end":{"line":134,"column":57}},"loc":{"start":{"line":134,"column":57},"end":{"line":134,"column":61}}},"13":{"name":"(anonymous_14)","decl":{"start":{"line":171,"column":33},"end":{"line":171,"column":null}},"loc":{"start":{"line":171,"column":33},"end":{"line":174,"column":null}}},"14":{"name":"(anonymous_15)","decl":{"start":{"line":237,"column":32},"end":{"line":237,"column":33}},"loc":{"start":{"line":237,"column":39},"end":{"line":237,"column":null}}},"15":{"name":"(anonymous_16)","decl":{"start":{"line":237,"column":51},"end":{"line":237,"column":60}},"loc":{"start":{"line":237,"column":60},"end":{"line":237,"column":null}}},"16":{"name":"(anonymous_17)","decl":{"start":{"line":249,"column":32},"end":{"line":249,"column":33}},"loc":{"start":{"line":249,"column":39},"end":{"line":249,"column":null}}},"17":{"name":"(anonymous_18)","decl":{"start":{"line":249,"column":51},"end":{"line":249,"column":60}},"loc":{"start":{"line":249,"column":60},"end":{"line":249,"column":null}}},"18":{"name":"(anonymous_19)","decl":{"start":{"line":261,"column":32},"end":{"line":261,"column":33}},"loc":{"start":{"line":261,"column":39},"end":{"line":261,"column":null}}},"19":{"name":"(anonymous_20)","decl":{"start":{"line":261,"column":51},"end":{"line":261,"column":60}},"loc":{"start":{"line":261,"column":60},"end":{"line":261,"column":null}}},"20":{"name":"(anonymous_21)","decl":{"start":{"line":269,"column":31},"end":{"line":269,"column":37}},"loc":{"start":{"line":269,"column":37},"end":{"line":269,"column":null}}},"21":{"name":"(anonymous_22)","decl":{"start":{"line":276,"column":31},"end":{"line":276,"column":null}},"loc":{"start":{"line":276,"column":31},"end":{"line":280,"column":null}}},"22":{"name":"(anonymous_23)","decl":{"start":{"line":300,"column":52},"end":{"line":300,"column":57}},"loc":{"start":{"line":300,"column":57},"end":{"line":300,"column":83}}}},"branchMap":{"0":{"loc":{"start":{"line":45,"column":22},"end":{"line":45,"column":null}},"type":"cond-expr","locations":[{"start":{"line":45,"column":39},"end":{"line":45,"column":76}},{"start":{"line":45,"column":76},"end":{"line":45,"column":null}}]},"1":{"loc":{"start":{"line":46,"column":11},"end":{"line":46,"column":null}},"type":"binary-expr","locations":[{"start":{"line":46,"column":11},"end":{"line":46,"column":24}},{"start":{"line":46,"column":24},"end":{"line":46,"column":null}}]},"2":{"loc":{"start":{"line":50,"column":4},"end":{"line":50,"column":null}},"type":"if","locations":[{"start":{"line":50,"column":4},"end":{"line":50,"column":null}}]},"3":{"loc":{"start":{"line":50,"column":8},"end":{"line":50,"column":70}},"type":"binary-expr","locations":[{"start":{"line":50,"column":8},"end":{"line":50,"column":42}},{"start":{"line":50,"column":42},"end":{"line":50,"column":70}}]},"4":{"loc":{"start":{"line":51,"column":4},"end":{"line":51,"column":null}},"type":"if","locations":[{"start":{"line":51,"column":4},"end":{"line":51,"column":null}}]},"5":{"loc":{"start":{"line":61,"column":16},"end":{"line":61,"column":null}},"type":"binary-expr","locations":[{"start":{"line":61,"column":16},"end":{"line":61,"column":44}},{"start":{"line":61,"column":44},"end":{"line":61,"column":null}}]},"6":{"loc":{"start":{"line":87,"column":11},"end":{"line":87,"column":null}},"type":"binary-expr","locations":[{"start":{"line":87,"column":11},"end":{"line":87,"column":null}}]},"7":{"loc":{"start":{"line":114,"column":28},"end":{"line":114,"column":null}},"type":"binary-expr","locations":[{"start":{"line":114,"column":28},"end":{"line":114,"column":47}},{"start":{"line":114,"column":47},"end":{"line":114,"column":null}}]},"8":{"loc":{"start":{"line":119,"column":26},"end":{"line":119,"column":null}},"type":"binary-expr","locations":[{"start":{"line":119,"column":26},"end":{"line":119,"column":66}},{"start":{"line":119,"column":66},"end":{"line":119,"column":null}}]},"9":{"loc":{"start":{"line":121,"column":10},"end":{"line":121,"column":null}},"type":"if","locations":[{"start":{"line":121,"column":10},"end":{"line":121,"column":null}}]},"10":{"loc":{"start":{"line":126,"column":14},"end":{"line":126,"column":null}},"type":"cond-expr","locations":[{"start":{"line":126,"column":28},"end":{"line":126,"column":51}},{"start":{"line":126,"column":51},"end":{"line":126,"column":null}}]},"11":{"loc":{"start":{"line":140,"column":25},"end":{"line":140,"column":null}},"type":"binary-expr","locations":[{"start":{"line":140,"column":25},"end":{"line":140,"column":null}}]},"12":{"loc":{"start":{"line":146,"column":25},"end":{"line":146,"column":null}},"type":"binary-expr","locations":[{"start":{"line":146,"column":25},"end":{"line":146,"column":null}}]},"13":{"loc":{"start":{"line":158,"column":22},"end":{"line":163,"column":23}},"type":"cond-expr","locations":[{"start":{"line":158,"column":22},"end":{"line":163,"column":23}}]},"14":{"loc":{"start":{"line":168,"column":21},"end":{"line":168,"column":32}},"type":"binary-expr","locations":[{"start":{"line":168,"column":21},"end":{"line":168,"column":32}},{"start":{"line":168,"column":32},"end":{"line":168,"column":null}}]},"15":{"loc":{"start":{"line":185,"column":15},"end":{"line":185,"column":null}},"type":"binary-expr","locations":[{"start":{"line":185,"column":15},"end":{"line":185,"column":null}}]},"16":{"loc":{"start":{"line":187,"column":19},"end":{"line":187,"column":43}},"type":"binary-expr","locations":[{"start":{"line":187,"column":19},"end":{"line":187,"column":43}}]},"17":{"loc":{"start":{"line":196,"column":19},"end":{"line":196,"column":39}},"type":"binary-expr","locations":[{"start":{"line":196,"column":19},"end":{"line":196,"column":39}}]},"18":{"loc":{"start":{"line":205,"column":19},"end":{"line":205,"column":38}},"type":"binary-expr","locations":[{"start":{"line":205,"column":19},"end":{"line":205,"column":38}}]},"19":{"loc":{"start":{"line":223,"column":15},"end":{"line":223,"column":31}},"type":"binary-expr","locations":[{"start":{"line":223,"column":15},"end":{"line":223,"column":31}},{"start":{"line":223,"column":31},"end":{"line":223,"column":45}},{"start":{"line":223,"column":45},"end":{"line":223,"column":77}},{"start":{"line":223,"column":81},"end":{"line":223,"column":null}}]},"20":{"loc":{"start":{"line":270,"column":32},"end":{"line":270,"column":null}},"type":"binary-expr","locations":[{"start":{"line":270,"column":32},"end":{"line":270,"column":66}},{"start":{"line":270,"column":66},"end":{"line":270,"column":null}}]},"21":{"loc":{"start":{"line":292,"column":7},"end":{"line":292,"column":38}},"type":"binary-expr","locations":[{"start":{"line":292,"column":7},"end":{"line":292,"column":38}},{"start":{"line":292,"column":38},"end":{"line":292,"column":null}}]},"22":{"loc":{"start":{"line":298,"column":15},"end":{"line":298,"column":null}},"type":"binary-expr","locations":[{"start":{"line":298,"column":15},"end":{"line":298,"column":null}}]},"23":{"loc":{"start":{"line":305,"column":15},"end":{"line":307,"column":null}},"type":"cond-expr","locations":[{"start":{"line":306,"column":18},"end":{"line":306,"column":null}},{"start":{"line":307,"column":18},"end":{"line":307,"column":null}}]},"24":{"loc":{"start":{"line":310,"column":13},"end":{"line":310,"column":27}},"type":"binary-expr","locations":[{"start":{"line":310,"column":13},"end":{"line":310,"column":27}}]},"25":{"loc":{"start":{"line":312,"column":17},"end":{"line":314,"column":null}},"type":"cond-expr","locations":[{"start":{"line":313,"column":20},"end":{"line":313,"column":null}},{"start":{"line":314,"column":20},"end":{"line":314,"column":null}}]}},"s":{"0":44,"1":2,"2":2,"3":2,"4":2,"5":2,"6":2,"7":2,"8":2,"9":2,"10":2,"11":2,"12":178,"13":176,"14":0,"15":0,"16":0,"17":0,"18":0,"19":0,"20":0,"21":0,"22":0,"23":0,"24":0,"25":0,"26":0,"27":0,"28":0,"29":0,"30":0,"31":0,"32":0,"33":0,"34":0,"35":0,"36":0,"37":0,"38":0,"39":0,"40":0,"41":0,"42":0,"43":0,"44":0,"45":0,"46":0,"47":0,"48":0,"49":0,"50":0,"51":0,"52":0,"53":0,"54":0,"55":0,"56":0,"57":0,"58":0,"59":0,"60":0,"61":0,"62":0,"63":0,"64":0,"65":0,"66":0,"67":0,"68":0,"69":0,"70":0,"71":0,"72":0,"73":0,"74":0},"f":{"0":178,"1":0,"2":0,"3":0,"4":0,"5":0,"6":0,"7":0,"8":0,"9":0,"10":0,"11":0,"12":0,"13":0,"14":0,"15":0,"16":0,"17":0,"18":0,"19":0,"20":0,"21":0,"22":0},"b":{"0":[0,0],"1":[0,0],"2":[0],"3":[0,0],"4":[0],"5":[0,0],"6":[0],"7":[0,0],"8":[0,0],"9":[0],"10":[0,0],"11":[0],"12":[0],"13":[0],"14":[0,0],"15":[0],"16":[0],"17":[0],"18":[0],"19":[0,0,0,0],"20":[0,0],"21":[0,0],"22":[0],"23":[0,0],"24":[0],"25":[0,0]}}
,"/Users/rameshm/Documents/Dev_Project/task-tracker/src/components/Header.tsx": {"path":"/Users/rameshm/Documents/Dev_Project/task-tracker/src/components/Header.tsx","statementMap":{"0":{"start":{"line":14,"column":16},"end":{"line":14,"column":null}},"1":{"start":{"line":3,"column":36},"end":{"line":3,"column":null}},"2":{"start":{"line":4,"column":24},"end":{"line":4,"column":null}},"3":{"start":{"line":5,"column":24},"end":{"line":5,"column":null}},"4":{"start":{"line":6,"column":23},"end":{"line":6,"column":null}},"5":{"start":{"line":7,"column":52},"end":{"line":7,"column":null}},"6":{"start":{"line":8,"column":112},"end":{"line":8,"column":null}},"7":{"start":{"line":9,"column":22},"end":{"line":9,"column":null}},"8":{"start":{"line":10,"column":31},"end":{"line":10,"column":null}},"9":{"start":{"line":11,"column":31},"end":{"line":11,"column":null}},"10":{"start":{"line":12,"column":119},"end":{"line":12,"column":null}},"11":{"start":{"line":15,"column":88},"end":{"line":15,"column":null}},"12":{"start":{"line":16,"column":39},"end":{"line":16,"column":null}},"13":{"start":{"line":17,"column":30},"end":{"line":17,"column":null}},"14":{"start":{"line":18,"column":58},"end":{"line":18,"column":null}},"15":{"start":{"line":20,"column":21},"end":{"line":25,"column":null}},"16":{"start":{"line":21,"column":36},"end":{"line":21,"column":57}},"17":{"start":{"line":22,"column":42},"end":{"line":22,"column":70}},"18":{"start":{"line":23,"column":38},"end":{"line":23,"column":61}},"19":{"start":{"line":24,"column":36},"end":{"line":24,"column":57}},"20":{"start":{"line":27,"column":23},"end":{"line":29,"column":10}},"21":{"start":{"line":28,"column":12},"end":{"line":28,"column":null}},"22":{"start":{"line":31,"column":22},"end":{"line":34,"column":null}},"23":{"start":{"line":32,"column":4},"end":{"line":32,"column":null}},"24":{"start":{"line":33,"column":4},"end":{"line":33,"column":null}},"25":{"start":{"line":37,"column":2},"end":{"line":47,"column":null}},"26":{"start":{"line":38,"column":26},"end":{"line":43,"column":null}},"27":{"start":{"line":39,"column":6},"end":{"line":42,"column":null}},"28":{"start":{"line":40,"column":8},"end":{"line":40,"column":null}},"29":{"start":{"line":41,"column":8},"end":{"line":41,"column":null}},"30":{"start":{"line":45,"column":4},"end":{"line":45,"column":null}},"31":{"start":{"line":46,"column":4},"end":{"line":46,"column":null}},"32":{"start":{"line":46,"column":17},"end":{"line":46,"column":null}},"33":{"start":{"line":129,"column":63},"end":{"line":129,"column":null}},"34":{"start":{"line":138,"column":29},"end":{"line":138,"column":null}},"35":{"start":{"line":163,"column":16},"end":{"line":163,"column":40}},"36":{"start":{"line":166,"column":53},"end":{"line":166,"column":57}},"37":{"start":{"line":185,"column":65},"end":{"line":185,"column":69}},"38":{"start":{"line":236,"column":23},"end":{"line":236,"column":null}}},"fnMap":{"0":{"name":"Header","decl":{"start":{"line":14,"column":16},"end":{"line":14,"column":null}},"loc":{"start":{"line":14,"column":16},"end":{"line":240,"column":null}}},"1":{"name":"(anonymous_2)","decl":{"start":{"line":21,"column":31},"end":{"line":21,"column":36}},"loc":{"start":{"line":21,"column":36},"end":{"line":21,"column":57}}},"2":{"name":"(anonymous_3)","decl":{"start":{"line":22,"column":37},"end":{"line":22,"column":42}},"loc":{"start":{"line":22,"column":42},"end":{"line":22,"column":70}}},"3":{"name":"(anonymous_4)","decl":{"start":{"line":23,"column":33},"end":{"line":23,"column":38}},"loc":{"start":{"line":23,"column":38},"end":{"line":23,"column":61}}},"4":{"name":"(anonymous_5)","decl":{"start":{"line":24,"column":31},"end":{"line":24,"column":36}},"loc":{"start":{"line":24,"column":36},"end":{"line":24,"column":57}}},"5":{"name":"(anonymous_6)","decl":{"start":{"line":28,"column":4},"end":{"line":28,"column":12}},"loc":{"start":{"line":28,"column":12},"end":{"line":28,"column":null}}},"6":{"name":"(anonymous_7)","decl":{"start":{"line":31,"column":22},"end":{"line":31,"column":null}},"loc":{"start":{"line":31,"column":22},"end":{"line":34,"column":null}}},"7":{"name":"(anonymous_8)","decl":{"start":{"line":37,"column":12},"end":{"line":37,"column":null}},"loc":{"start":{"line":37,"column":12},"end":{"line":47,"column":5}}},"8":{"name":"(anonymous_9)","decl":{"start":{"line":38,"column":26},"end":{"line":38,"column":27}},"loc":{"start":{"line":38,"column":27},"end":{"line":43,"column":null}}},"9":{"name":"(anonymous_10)","decl":{"start":{"line":46,"column":11},"end":{"line":46,"column":17}},"loc":{"start":{"line":46,"column":17},"end":{"line":46,"column":null}}},"10":{"name":"(anonymous_11)","decl":{"start":{"line":129,"column":57},"end":{"line":129,"column":63}},"loc":{"start":{"line":129,"column":63},"end":{"line":129,"column":null}}},"11":{"name":"(anonymous_12)","decl":{"start":{"line":138,"column":23},"end":{"line":138,"column":29}},"loc":{"start":{"line":138,"column":29},"end":{"line":138,"column":null}}},"12":{"name":"(anonymous_13)","decl":{"start":{"line":162,"column":49},"end":{"line":162,"column":null}},"loc":{"start":{"line":163,"column":16},"end":{"line":163,"column":40}}},"13":{"name":"(anonymous_14)","decl":{"start":{"line":166,"column":48},"end":{"line":166,"column":53}},"loc":{"start":{"line":166,"column":53},"end":{"line":166,"column":57}}},"14":{"name":"(anonymous_15)","decl":{"start":{"line":185,"column":60},"end":{"line":185,"column":65}},"loc":{"start":{"line":185,"column":65},"end":{"line":185,"column":69}}},"15":{"name":"(anonymous_16)","decl":{"start":{"line":236,"column":17},"end":{"line":236,"column":23}},"loc":{"start":{"line":236,"column":23},"end":{"line":236,"column":null}}}},"branchMap":{"0":{"loc":{"start":{"line":28,"column":12},"end":{"line":28,"column":null}},"type":"binary-expr","locations":[{"start":{"line":28,"column":12},"end":{"line":28,"column":24}},{"start":{"line":28,"column":28},"end":{"line":28,"column":57}},{"start":{"line":28,"column":57},"end":{"line":28,"column":null}}]},"1":{"loc":{"start":{"line":39,"column":6},"end":{"line":42,"column":null}},"type":"if","locations":[{"start":{"line":39,"column":6},"end":{"line":42,"column":null}}]},"2":{"loc":{"start":{"line":39,"column":10},"end":{"line":39,"column":53}},"type":"binary-expr","locations":[{"start":{"line":39,"column":11},"end":{"line":39,"column":20}},{"start":{"line":39,"column":24},"end":{"line":39,"column":32}},{"start":{"line":39,"column":38},"end":{"line":39,"column":53}}]},"3":{"loc":{"start":{"line":98,"column":16},"end":{"line":102,"column":null}},"type":"cond-expr","locations":[{"start":{"line":98,"column":16},"end":{"line":102,"column":null}}]},"4":{"loc":{"start":{"line":103,"column":16},"end":{"line":110,"column":null}},"type":"cond-expr","locations":[{"start":{"line":103,"column":16},"end":{"line":110,"column":null}}]},"5":{"loc":{"start":{"line":106,"column":21},"end":{"line":106,"column":null}},"type":"cond-expr","locations":[{"start":{"line":106,"column":36},"end":{"line":106,"column":91}},{"start":{"line":106,"column":94},"end":{"line":106,"column":null}}]},"6":{"loc":{"start":{"line":115,"column":15},"end":{"line":115,"column":29}},"type":"binary-expr","locations":[{"start":{"line":115,"column":15},"end":{"line":115,"column":29}},{"start":{"line":115,"column":29},"end":{"line":115,"column":null}}]},"7":{"loc":{"start":{"line":148,"column":15},"end":{"line":148,"column":null}},"type":"binary-expr","locations":[{"start":{"line":148,"column":15},"end":{"line":148,"column":null}}]},"8":{"loc":{"start":{"line":157,"column":24},"end":{"line":157,"column":55}},"type":"cond-expr","locations":[{"start":{"line":157,"column":24},"end":{"line":157,"column":55}}]},"9":{"loc":{"start":{"line":170,"column":15},"end":{"line":170,"column":null}},"type":"binary-expr","locations":[{"start":{"line":170,"column":15},"end":{"line":170,"column":null}}]},"10":{"loc":{"start":{"line":178,"column":13},"end":{"line":178,"column":27}},"type":"binary-expr","locations":[{"start":{"line":178,"column":13},"end":{"line":178,"column":27}}]},"11":{"loc":{"start":{"line":194,"column":23},"end":{"line":194,"column":null}},"type":"binary-expr","locations":[{"start":{"line":194,"column":23},"end":{"line":194,"column":null}}]},"12":{"loc":{"start":{"line":209,"column":19},"end":{"line":209,"column":null}},"type":"binary-expr","locations":[{"start":{"line":209,"column":19},"end":{"line":209,"column":null}}]}},"s":{"0":70,"1":2,"2":2,"3":2,"4":2,"5":2,"6":2,"7":2,"8":2,"9":2,"10":2,"11":282,"12":281,"13":281,"14":280,"15":280,"16":8,"17":8,"18":8,"19":8,"20":184,"21":8,"22":184,"23":0,"24":0,"25":184,"26":0,"27":0,"28":0,"29":0,"30":0,"31":0,"32":0,"33":0,"34":0,"35":184,"36":368,"37":0,"38":0},"f":{"0":282,"1":8,"2":8,"3":8,"4":8,"5":8,"6":0,"7":0,"8":0,"9":0,"10":0,"11":0,"12":184,"13":368,"14":0,"15":0},"b":{"0":[8,0,0],"1":[0],"2":[0,0,0],"3":[8],"4":[168],"5":[164,4],"6":[184,176],"7":[184],"8":[0],"9":[184],"10":[184],"11":[0],"12":[0]}}
,"/Users/rameshm/Documents/Dev_Project/task-tracker/src/components/KanbanBoard.tsx": {"path":"/Users/rameshm/Documents/Dev_Project/task-tracker/src/components/KanbanBoard.tsx","statementMap":{"0":{"start":{"line":31,"column":16},"end":{"line":31,"column":null}},"1":{"start":{"line":3,"column":25},"end":{"line":3,"column":null}},"2":{"start":{"line":13,"column":7},"end":{"line":13,"column":null}},"3":{"start":{"line":16,"column":24},"end":{"line":16,"column":null}},"4":{"start":{"line":17,"column":29},"end":{"line":17,"column":null}},"5":{"start":{"line":18,"column":25},"end":{"line":18,"column":null}},"6":{"start":{"line":19,"column":23},"end":{"line":19,"column":null}},"7":{"start":{"line":20,"column":21},"end":{"line":20,"column":null}},"8":{"start":{"line":21,"column":26},"end":{"line":21,"column":null}},"9":{"start":{"line":23,"column":26},"end":{"line":29,"column":null}},"10":{"start":{"line":32,"column":78},"end":{"line":32,"column":null}},"11":{"start":{"line":33,"column":38},"end":{"line":33,"column":null}},"12":{"start":{"line":34,"column":52},"end":{"line":34,"column":null}},"13":{"start":{"line":36,"column":18},"end":{"line":43,"column":null}},"14":{"start":{"line":46,"column":26},"end":{"line":50,"column":null}},"15":{"start":{"line":47,"column":23},"end":{"line":47,"column":null}},"16":{"start":{"line":48,"column":17},"end":{"line":48,"column":null}},"17":{"start":{"line":48,"column":41},"end":{"line":48,"column":59}},"18":{"start":{"line":49,"column":4},"end":{"line":49,"column":null}},"19":{"start":{"line":52,"column":25},"end":{"line":54,"column":null}},"20":{"start":{"line":56,"column":24},"end":{"line":151,"column":null}},"21":{"start":{"line":57,"column":29},"end":{"line":57,"column":null}},"22":{"start":{"line":60,"column":4},"end":{"line":60,"column":null}},"23":{"start":{"line":63,"column":4},"end":{"line":63,"column":null}},"24":{"start":{"line":64,"column":4},"end":{"line":64,"column":null}},"25":{"start":{"line":65,"column":4},"end":{"line":65,"column":null}},"26":{"start":{"line":68,"column":4},"end":{"line":72,"column":null}},"27":{"start":{"line":69,"column":6},"end":{"line":69,"column":null}},"28":{"start":{"line":70,"column":6},"end":{"line":70,"column":null}},"29":{"start":{"line":71,"column":6},"end":{"line":71,"column":null}},"30":{"start":{"line":74,"column":19},"end":{"line":74,"column":28}},"31":{"start":{"line":75,"column":19},"end":{"line":75,"column":26}},"32":{"start":{"line":77,"column":4},"end":{"line":77,"column":null}},"33":{"start":{"line":78,"column":4},"end":{"line":78,"column":null}},"34":{"start":{"line":81,"column":17},"end":{"line":81,"column":null}},"35":{"start":{"line":81,"column":41},"end":{"line":81,"column":null}},"36":{"start":{"line":82,"column":4},"end":{"line":85,"column":null}},"37":{"start":{"line":83,"column":6},"end":{"line":83,"column":null}},"38":{"start":{"line":84,"column":6},"end":{"line":84,"column":null}},"39":{"start":{"line":87,"column":4},"end":{"line":87,"column":null}},"40":{"start":{"line":90,"column":26},"end":{"line":90,"column":null}},"41":{"start":{"line":91,"column":30},"end":{"line":91,"column":null}},"42":{"start":{"line":93,"column":4},"end":{"line":93,"column":null}},"43":{"start":{"line":94,"column":4},"end":{"line":94,"column":null}},"44":{"start":{"line":96,"column":4},"end":{"line":150,"column":null}},"45":{"start":{"line":97,"column":24},"end":{"line":97,"column":null}},"46":{"start":{"line":98,"column":6},"end":{"line":98,"column":null}},"47":{"start":{"line":100,"column":6},"end":{"line":109,"column":null}},"48":{"start":{"line":102,"column":8},"end":{"line":102,"column":null}},"49":{"start":{"line":103,"column":8},"end":{"line":105,"column":null}},"50":{"start":{"line":104,"column":10},"end":{"line":104,"column":null}},"51":{"start":{"line":108,"column":8},"end":{"line":108,"column":null}},"52":{"start":{"line":111,"column":6},"end":{"line":111,"column":null}},"53":{"start":{"line":113,"column":23},"end":{"line":113,"column":null}},"54":{"start":{"line":113,"column":47},"end":{"line":113,"column":null}},"55":{"start":{"line":114,"column":6},"end":{"line":114,"column":null}},"56":{"start":{"line":116,"column":6},"end":{"line":149,"column":null}},"57":{"start":{"line":117,"column":8},"end":{"line":117,"column":null}},"58":{"start":{"line":120,"column":28},"end":{"line":120,"column":null}},"59":{"start":{"line":121,"column":28},"end":{"line":121,"column":null}},"60":{"start":{"line":121,"column":55},"end":{"line":121,"column":null}},"61":{"start":{"line":122,"column":26},"end":{"line":122,"column":null}},"62":{"start":{"line":122,"column":53},"end":{"line":122,"column":null}},"63":{"start":{"line":124,"column":8},"end":{"line":146,"column":null}},"64":{"start":{"line":126,"column":33},"end":{"line":126,"column":null}},"65":{"start":{"line":127,"column":30},"end":{"line":127,"column":null}},"66":{"start":{"line":128,"column":10},"end":{"line":128,"column":null}},"67":{"start":{"line":131,"column":31},"end":{"line":135,"column":null}},"68":{"start":{"line":131,"column":68},"end":{"line":135,"column":null}},"69":{"start":{"line":138,"column":43},"end":{"line":141,"column":null}},"70":{"start":{"line":139,"column":32},"end":{"line":139,"column":null}},"71":{"start":{"line":139,"column":56},"end":{"line":139,"column":70}},"72":{"start":{"line":140,"column":12},"end":{"line":140,"column":null}},"73":{"start":{"line":143,"column":10},"end":{"line":145,"column":null}},"74":{"start":{"line":144,"column":12},"end":{"line":144,"column":null}},"75":{"start":{"line":148,"column":8},"end":{"line":148,"column":null}},"76":{"start":{"line":153,"column":27},"end":{"line":165,"column":null}},"77":{"start":{"line":154,"column":4},"end":{"line":164,"column":null}},"78":{"start":{"line":155,"column":22},"end":{"line":155,"column":null}},"79":{"start":{"line":158,"column":23},"end":{"line":158,"column":57}},"80":{"start":{"line":159,"column":23},"end":{"line":159,"column":57}},"81":{"start":{"line":160,"column":8},"end":{"line":162,"column":null}},"82":{"start":{"line":161,"column":10},"end":{"line":161,"column":null}},"83":{"start":{"line":163,"column":8},"end":{"line":163,"column":null}},"84":{"start":{"line":167,"column":29},"end":{"line":169,"column":null}},"85":{"start":{"line":168,"column":4},"end":{"line":168,"column":null}},"86":{"start":{"line":175,"column":31},"end":{"line":175,"column":59}},"87":{"start":{"line":189,"column":12},"end":{"line":190,"column":null}},"88":{"start":{"line":214,"column":23},"end":{"line":214,"column":null}},"89":{"start":{"line":216,"column":10},"end":{"line":221,"column":null}},"90":{"start":{"line":217,"column":12},"end":{"line":217,"column":null}},"91":{"start":{"line":218,"column":12},"end":{"line":218,"column":null}},"92":{"start":{"line":220,"column":12},"end":{"line":220,"column":null}}},"fnMap":{"0":{"name":"KanbanBoard","decl":{"start":{"line":31,"column":16},"end":{"line":31,"column":null}},"loc":{"start":{"line":31,"column":16},"end":{"line":226,"column":null}}},"1":{"name":"(anonymous_2)","decl":{"start":{"line":46,"column":26},"end":{"line":46,"column":27}},"loc":{"start":{"line":46,"column":27},"end":{"line":50,"column":null}}},"2":{"name":"(anonymous_3)","decl":{"start":{"line":48,"column":36},"end":{"line":48,"column":41}},"loc":{"start":{"line":48,"column":41},"end":{"line":48,"column":59}}},"3":{"name":"(anonymous_4)","decl":{"start":{"line":52,"column":25},"end":{"line":52,"column":26}},"loc":{"start":{"line":52,"column":26},"end":{"line":54,"column":null}}},"4":{"name":"(anonymous_5)","decl":{"start":{"line":56,"column":24},"end":{"line":56,"column":25}},"loc":{"start":{"line":56,"column":25},"end":{"line":151,"column":null}}},"5":{"name":"(anonymous_6)","decl":{"start":{"line":81,"column":36},"end":{"line":81,"column":41}},"loc":{"start":{"line":81,"column":41},"end":{"line":81,"column":null}}},"6":{"name":"(anonymous_7)","decl":{"start":{"line":103,"column":42},"end":{"line":103,"column":null}},"loc":{"start":{"line":103,"column":42},"end":{"line":105,"column":null}}},"7":{"name":"(anonymous_8)","decl":{"start":{"line":113,"column":42},"end":{"line":113,"column":47}},"loc":{"start":{"line":113,"column":47},"end":{"line":113,"column":null}}},"8":{"name":"(anonymous_9)","decl":{"start":{"line":121,"column":50},"end":{"line":121,"column":55}},"loc":{"start":{"line":121,"column":55},"end":{"line":121,"column":null}}},"9":{"name":"(anonymous_10)","decl":{"start":{"line":122,"column":48},"end":{"line":122,"column":53}},"loc":{"start":{"line":122,"column":53},"end":{"line":122,"column":null}}},"10":{"name":"(anonymous_11)","decl":{"start":{"line":131,"column":50},"end":{"line":131,"column":51}},"loc":{"start":{"line":131,"column":68},"end":{"line":135,"column":null}}},"11":{"name":"(anonymous_12)","decl":{"start":{"line":138,"column":61},"end":{"line":138,"column":null}},"loc":{"start":{"line":138,"column":61},"end":{"line":141,"column":null}}},"12":{"name":"(anonymous_13)","decl":{"start":{"line":139,"column":50},"end":{"line":139,"column":56}},"loc":{"start":{"line":139,"column":56},"end":{"line":139,"column":70}}},"13":{"name":"(anonymous_14)","decl":{"start":{"line":143,"column":55},"end":{"line":143,"column":null}},"loc":{"start":{"line":143,"column":55},"end":{"line":145,"column":null}}},"14":{"name":"(anonymous_15)","decl":{"start":{"line":153,"column":27},"end":{"line":153,"column":28}},"loc":{"start":{"line":153,"column":28},"end":{"line":165,"column":null}}},"15":{"name":"(anonymous_16)","decl":{"start":{"line":155,"column":14},"end":{"line":155,"column":22}},"loc":{"start":{"line":155,"column":22},"end":{"line":155,"column":null}}},"16":{"name":"(anonymous_17)","decl":{"start":{"line":156,"column":12},"end":{"line":156,"column":13}},"loc":{"start":{"line":156,"column":16},"end":{"line":164,"column":null}}},"17":{"name":"(anonymous_18)","decl":{"start":{"line":167,"column":29},"end":{"line":167,"column":30}},"loc":{"start":{"line":167,"column":30},"end":{"line":169,"column":null}}},"18":{"name":"(anonymous_19)","decl":{"start":{"line":175,"column":25},"end":{"line":175,"column":31}},"loc":{"start":{"line":175,"column":31},"end":{"line":175,"column":59}}},"19":{"name":"(anonymous_20)","decl":{"start":{"line":188,"column":23},"end":{"line":188,"column":null}},"loc":{"start":{"line":189,"column":12},"end":{"line":190,"column":null}}},"20":{"name":"(anonymous_21)","decl":{"start":{"line":214,"column":17},"end":{"line":214,"column":23}},"loc":{"start":{"line":214,"column":23},"end":{"line":214,"column":null}}},"21":{"name":"(anonymous_22)","decl":{"start":{"line":215,"column":18},"end":{"line":215,"column":25}},"loc":{"start":{"line":215,"column":25},"end":{"line":222,"column":null}}}},"br
[...]
column":24},"end":{"line":44,"column":null}},"21":{"start":{"line":45,"column":2},"end":{"line":56,"column":null}},"22":{"start":{"line":46,"column":25},"end":{"line":46,"column":null}},"23":{"start":{"line":48,"column":6},"end":{"line":49,"column":69}},"24":{"start":{"line":51,"column":4},"end":{"line":53,"column":null}},"25":{"start":{"line":52,"column":6},"end":{"line":52,"column":null}},"26":{"start":{"line":55,"column":4},"end":{"line":55,"column":null}},"27":{"start":{"line":59,"column":20},"end":{"line":59,"column":null}},"28":{"start":{"line":60,"column":2},"end":{"line":88,"column":null}},"29":{"start":{"line":61,"column":21},"end":{"line":61,"column":null}},"30":{"start":{"line":62,"column":16},"end":{"line":62,"column":null}},"31":{"start":{"line":64,"column":4},"end":{"line":86,"column":null}},"32":{"start":{"line":65,"column":6},"end":{"line":65,"column":null}},"33":{"start":{"line":66,"column":11},"end":{"line":86,"column":null}},"34":{"start":{"line":67,"column":6},"end":{"line":67,"column":null}},"35":{"start":{"line":68,"column":11},"end":{"line":86,"column":null}},"36":{"start":{"line":69,"column":30},"end":{"line":69,"column":null}},"37":{"start":{"line":70,"column":6},"end":{"line":70,"column":null}},"38":{"start":{"line":71,"column":11},"end":{"line":86,"column":null}},"39":{"start":{"line":72,"column":34},"end":{"line":72,"column":null}},"40":{"start":{"line":73,"column":6},"end":{"line":73,"column":null}},"41":{"start":{"line":74,"column":11},"end":{"line":86,"column":null}},"42":{"start":{"line":75,"column":23},"end":{"line":75,"column":null}},"43":{"start":{"line":76,"column":24},"end":{"line":76,"column":null}},"44":{"start":{"line":77,"column":25},"end":{"line":77,"column":null}},"45":{"start":{"line":78,"column":30},"end":{"line":78,"column":null}},"46":{"start":{"line":79,"column":6},"end":{"line":79,"column":null}},"47":{"start":{"line":82,"column":25},"end":{"line":82,"column":null}},"48":{"start":{"line":83,"column":6},"end":{"line":85,"column":null}},"49":{"start":{"line":84,"column":8},"end":{"line":84,"column":null}},"50":{"start":{"line":87,"column":4},"end":{"line":87,"column":null}},"51":{"start":{"line":91,"column":20},"end":{"line":91,"column":null}},"52":{"start":{"line":92,"column":2},"end":{"line":102,"column":null}},"53":{"start":{"line":93,"column":19},"end":{"line":93,"column":null}},"54":{"start":{"line":94,"column":17},"end":{"line":94,"column":null}},"55":{"start":{"line":96,"column":4},"end":{"line":100,"column":null}},"56":{"start":{"line":97,"column":6},"end":{"line":97,"column":null}},"57":{"start":{"line":98,"column":11},"end":{"line":100,"column":null}},"58":{"start":{"line":99,"column":6},"end":{"line":99,"column":null}},"59":{"start":{"line":101,"column":4},"end":{"line":101,"column":null}},"60":{"start":{"line":106,"column":22},"end":{"line":106,"column":null}},"61":{"start":{"line":107,"column":2},"end":{"line":115,"column":null}},"62":{"start":{"line":108,"column":23},"end":{"line":108,"column":null}},"63":{"start":{"line":109,"column":4},"end":{"line":112,"column":null}},"64":{"start":{"line":109,"column":31},"end":{"line":109,"column":null}},"65":{"start":{"line":110,"column":9},"end":{"line":112,"column":null}},"66":{"start":{"line":110,"column":43},"end":{"line":110,"column":null}},"67":{"start":{"line":111,"column":9},"end":{"line":112,"column":null}},"68":{"start":{"line":111,"column":38},"end":{"line":111,"column":null}},"69":{"start":{"line":112,"column":9},"end":{"line":112,"column":null}},"70":{"start":{"line":112,"column":66},"end":{"line":112,"column":null}},"71":{"start":{"line":114,"column":4},"end":{"line":114,"column":null}},"72":{"start":{"line":118,"column":2},"end":{"line":118,"column":null}},"73":{"start":{"line":120,"column":2},"end":{"line":120,"column":null}},"74":{"start":{"line":124,"column":39},"end":{"line":130,"column":null}}},"fnMap":{"0":{"name":"parseNaturalLanguageTask","decl":{"start":{"line":13,"column":16},"end":{"line":13,"column":40}},"loc":{"start":{"line":13,"column":99},"end":{"line":121,"column":null}}},"1":{"name":"(anonymous_4)","decl":{"start":{"line":22,"column":37},"end":{"line":22,"column":46}},"loc":{"start":{"line":22,"column":46},"end":{"line":22,"column":null}}},"2":{"name":"(anonymous_5)","decl":{"start":{"line":23,"column":25},"end":{"line":23,"column":null}},"loc":{"start":{"line":23,"column":25},"end":{"line":25,"column":null}}},"3":{"name":"(anonymous_6)","decl":{"start":{"line":47,"column":41},"end":{"line":47,"column":null}},"loc":{"start":{"line":48,"column":6},"end":{"line":49,"column":69}}}},"branchMap":{"0":{"loc":{"start":{"line":21,"column":2},"end":{"line":26,"column":null}},"type":"if","locations":[{"start":{"line":21,"column":2},"end":{"line":26,"column":null}}]},"1":{"loc":{"start":{"line":21,"column":6},"end":{"line":21,"column":47}},"type":"binary-expr","locations":[{"start":{"line":21,"column":6},"end":{"line":21,"column":22}},{"start":{"line":21,"column":22},"end":{"line":21,"column":47}}]},"2":{"loc":{"start":{"line":29,"column":24},"end":{"line":30,"column":null}},"type":"binary-expr","locations":[{"start":{"line":29,"column":24},"end":{"line":29,"column":null}},{"start":{"line":30,"column":23},"end":{"line":30,"column":null}}]},"3":{"loc":{"start":{"line":31,"column":2},"end":{"line":41,"column":null}},"type":"if","locations":[{"start":{"line":31,"column":2},"end":{"line":41,"column":null}}]},"4":{"loc":{"start":{"line":33,"column":4},"end":{"line":39,"column":null}},"type":"if","locations":[{"start":{"line":33,"column":4},"end":{"line":39,"column":null}},{"start":{"line":35,"column":11},"end":{"line":39,"column":null}}]},"5":{"loc":{"start":{"line":33,"column":8},"end":{"line":33,"column":87}},"type":"binary-expr","locations":[{"start":{"line":33,"column":8},"end":{"line":33,"column":35}},{"start":{"line":33,"column":35},"end":{"line":33,"column":60}},{"start":{"line":33,"column":60},"end":{"line":33,"column":87}}]},"6":{"loc":{"start":{"line":35,"column":11},"end":{"line":39,"column":null}},"type":"if","locations":[{"start":{"line":35,"column":11},"end":{"line":39,"column":null}},{"start":{"line":37,"column":11},"end":{"line":39,"column":null}}]},"7":{"loc":{"start":{"line":35,"column":15},"end":{"line":35,"column":99}},"type":"binary-expr","locations":[{"start":{"line":35,"column":15},"end":{"line":35,"column":44}},{"start":{"line":35,"column":44},"end":{"line":35,"column":69}},{"start":{"line":35,"column":69},"end":{"line":35,"column":99}}]},"8":{"loc":{"start":{"line":37,"column":11},"end":{"line":39,"column":null}},"type":"if","locations":[{"start":{"line":37,"column":11},"end":{"line":39,"column":null}}]},"9":{"loc":{"start":{"line":37,"column":15},"end":{"line":37,"column":64}},"type":"binary-expr","locations":[{"start":{"line":37,"column":15},"end":{"line":37,"column":41}},{"start":{"line":37,"column":41},"end":{"line":37,"column":64}}]},"10":{"loc":{"start":{"line":45,"column":2},"end":{"line":56,"column":null}},"type":"if","locations":[{"start":{"line":45,"column":2},"end":{"line":56,"column":null}}]},"11":{"loc":{"start":{"line":48,"column":6},"end":{"line":49,"column":69}},"type":"binary-expr","locations":[{"start":{"line":48,"column":6},"end":{"line":48,"column":null}},{"start":{"line":49,"column":6},"end":{"line":49,"column":69}}]},"12":{"loc":{"start":{"line":51,"column":4},"end":{"line":53,"column":null}},"type":"if","locations":[{"start":{"line":51,"column":4},"end":{"line":53,"column":null}}]},"13":{"loc":{"start":{"line":60,"column":2},"end":{"line":88,"column":null}},"type":"if","locations":[{"start":{"line":60,"column":2},"end":{"line":88,"column":null}}]},"14":{"loc":{"start":{"line":64,"column":4},"end":{"line":86,"column":null}},"type":"if","locations":[{"start":{"line":64,"column":4},"end":{"line":86,"column":null}},{"start":{"line":66,"column":11},"end":{"line":86,"column":null}}]},"15":{"loc":{"start":{"line":66,"column":11},"end":{"line":86,"column":null}},"type":"if","locations":[{"start":{"line":66,"column":11},"end":{"line":86,"column":null}},{"start":{"line":68,"column":11},"end":{"line":86,"column":null}}]},"16":{"loc":{"start":{"line":68,"column":11},"end":{"line":86,"column":null}},"type":"if","locations":[{"start":{"line":68,"column":11},"end":{"line":86,"column":null}},{"start":{"line":71,"column":11},"end":{"line":86,"column":null}}]},"17":{"loc":{"start":{"line":69,"column":30},"end":{"line":69,"column":null}},"type":"binary-expr","locations":[{"start":{"line":69,"column":30},"end":{"line":69,"column":60}},{"start":{"line":69,"column":60},"end":{"line":69,"column":null}}]},"18":{"loc":{"start":{"line":71,"column":11},"end":{"line":86,"column":null}},"type":"if","locations":[{"start":{"line":71,"column":11},"end":{"line":86,"column":null}},{"start":{"line":74,"column":11},"end":{"line":86,"column":null}}]},"19":{"loc":{"start":{"line":74,"column":11},"end":{"line":86,"column":null}},"type":"if","locations":[{"start":{"line":74,"column":11},"end":{"line":86,"column":null}},{"start":{"line":80,"column":11},"end":{"line":86,"column":null}}]},"20":{"loc":{"start":{"line":78,"column":30},"end":{"line":78,"column":null}},"type":"binary-expr","locations":[{"start":{"line":78,"column":30},"end":{"line":78,"column":66}},{"start":{"line":78,"column":66},"end":{"line":78,"column":null}}]},"21":{"loc":{"start":{"line":83,"column":6},"end":{"line":85,"column":null}},"type":"if","locations":[{"start":{"line":83,"column":6},"end":{"line":85,"column":null}}]},"22":{"loc":{"start":{"line":92,"column":2},"end":{"line":102,"column":null}},"type":"if","locations":[{"start":{"line":92,"column":2},"end":{"line":102,"column":null}}]},"23":{"loc":{"start":{"line":96,"column":4},"end":{"line":100,"column":null}},"type":"if","locations":[{"start":{"line":96,"column":4},"end":{"line":100,"column":null}},{"start":{"line":98,"column":11},"end":{"line":100,"column":null}}]},"24":{"loc":{"start":{"line":98,"column":11},"end":{"line":100,"column":null}},"type":"if","locations":[{"start":{"line":98,"column":11},"end":{"line":100,"column":null}}]},"25":{"loc":{"start":{"line":107,"column":2},"end":{"line":115,"column":null}},"type":"if","locations":[{"start":{"line":107,"column":2},"end":{"line":115,"column":null}}]},"26":{"loc":{"start":{"line":109,"column":4},"end":{"line":112,"column":null}},"type":"if","locations":[{"start":{"line":109,"column":4},"end":{"line":112,"column":null}},{"start":{"line":110,"column":9},"end":{"line":112,"column":null}}]},"27":{"loc":{"start":{"line":110,"column":9},"end":{"line":112,"column":null}},"type":"if","locations":[{"start":{"line":110,"column":9},"end":{"line":112,"column":null}},{"start":{"line":111,"column":9},"end":{"line":112,"column":null}}]},"28":{"loc":{"start":{"line":111,"column":9},"end":{"line":112,"column":null}},"type":"if","locations":[{"start":{"line":111,"column":9},"end":{"line":112,"column":null}},{"start":{"line":112,"column":9},"end":{"line":112,"column":null}}]},"29":{"loc":{"start":{"line":112,"column":9},"end":{"line":112,"column":null}},"type":"if","locations":[{"start":{"line":112,"column":9},"end":{"line":112,"column":null}}]},"30":{"loc":{"start":{"line":112,"column":13},"end":{"line":112,"column":66}},"type":"binary-expr","locations":[{"start":{"line":112,"column":13},"end":{"line":112,"column":38}},{"start":{"line":112,"column":38},"end":{"line":112,"column":66}}]},"31":{"loc":{"start":{"line":118,"column":17},"end":{"line":118,"column":null}},"type":"binary-expr","locations":[{"start":{"line":118,"column":17},"end":{"line":118,"column":62}},{"start":{"line":118,"column":62},"end":{"line":118,"column":null}}]}},"s":{"0":0,"1":300,"2":300,"3":300,"4":300,"5":300,"6":45,"7":71,"8":45,"9":71,"10":300,"11":300,"12":91,"13":91,"14":86,"15":5,"16":3,"17":2,"18":2,"19":91,"20":300,"21":300,"22":61,"23":75,"24":61,"25":49,"26":61,"27":300,"28":300,"29":36,"30":36,"31":36,"32":1,"33":35,"34":30,"35":5,"36":1,"37":1,"38":4,"39":1,"40":1,"41":3,"42":2,"43":2,"44":2,"45":2,"46":2,"47":1,"48":1,"49":1,"50":36,"51":300,"52":300,"53":28,"54":28,"55":28,"56":26,"57":2,"58":2,"59":28,"60":300,"61":300,"62":6,"63":6,"64":1,"65":5,"66":2,"67":3,"68":1,"69":2,"70":2,"71":6,"72":300,"73":300,"74":5},"f":{"0":300,"1":71,"2":71,"3":75},"b":{"0":[45],"1":[300,45],"2":[300,247],"3":[91],"4":[86,5],"5":[91,22,21],"6":[3,2],"7":[5,4,3],"8":[2],"9":[2,1],"10":[61],"11":[75,26],"12":[49],"13":[36],"14":[1,35],"15":[30,5],"16":[1,4],"17":[1,0],"18":[1,3],"19":[2,1],"20":[2,0],"21":[1],"22":[28],"23":[26,2],"24":[2],"25":[6],"26":[1,5],"27":[2,3],"28":[1,2],"29":[2],"30":[2,1],"31":[300,1]}}
,"/Users/rameshm/Documents/Dev_Project/task-tracker/src/lib/supabase.ts": {"path":"/Users/rameshm/Documents/Dev_Project/task-tracker/src/lib/supabase.ts","statementMap":{"0":{"start":{"line":7,"column":13},"end":{"line":7,"column":24}},"1":{"start":{"line":1,"column":29},"end":{"line":1,"column":null}},"2":{"start":{"line":3,"column":20},"end":{"line":3,"column":null}},"3":{"start":{"line":4,"column":24},"end":{"line":4,"column":null}},"4":{"start":{"line":7,"column":24},"end":{"line":9,"column":null}}},"fnMap":{},"branchMap":{"0":{"loc":{"start":{"line":3,"column":20},"end":{"line":3,"column":null}},"type":"binary-expr","locations":[{"start":{"line":3,"column":20},"end":{"line":3,"column":56}},{"start":{"line":3,"column":60},"end":{"line":3,"column":null}}]},"1":{"loc":{"start":{"line":4,"column":24},"end":{"line":4,"column":null}},"type":"binary-expr","locations":[{"start":{"line":4,"column":24},"end":{"line":4,"column":65}},{"start":{"line":4,"column":69},"end":{"line":4,"column":null}}]},"2":{"loc":{"start":{"line":7,"column":24},"end":{"line":9,"column":null}},"type":"cond-expr","locations":[{"start":{"line":8,"column":4},"end":{"line":8,"column":null}},{"start":{"line":9,"column":4},"end":{"line":9,"column":null}}]},"3":{"loc":{"start":{"line":7,"column":24},"end":{"line":7,"column":null}},"type":"binary-expr","locations":[{"start":{"line":7,"column":24},"end":{"line":7,"column":78}},{"start":{"line":7,"column":78},"end":{"line":7,"column":null}}]}},"s":{"0":45,"1":19,"2":19,"3":19,"4":19},"f":{},"b":{"0":[19,19],"1":[19,19],"2":[0,19],"3":[19,0]}}
,"/Users/rameshm/Documents/Dev_Project/task-tracker/src/lib/utils.ts": {"path":"/Users/rameshm/Documents/Dev_Project/task-tracker/src/lib/utils.ts","statementMap":{"0":{"start":{"line":4,"column":16},"end":{"line":4,"column":18}},"1":{"start":{"line":8,"column":16},"end":{"line":8,"column":26}},"2":{"start":{"line":24,"column":16},"end":{"line":24,"column":32}},"3":{"start":{"line":35,"column":16},"end":{"line":35,"column":30}},"4":{"start":{"line":1,"column":38},"end":{"line":1,"column":null}},"5":{"start":{"line":2,"column":24},"end":{"line":2,"column":null}},"6":{"start":{"line":5,"column":2},"end":{"line":5,"column":null}},"7":{"start":{"line":9,"column":2},"end":{"line":9,"column":null}},"8":{"start":{"line":9,"column":13},"end":{"line":9,"column":null}},"9":{"start":{"line":11,"column":14},"end":{"line":11,"column":null}},"10":{"start":{"line":12,"column":19},"end":{"line":12,"column":null}},"11":{"start":{"line":13,"column":19},"end":{"line":13,"column":null}},"12":{"start":{"line":15,"column":2},"end":{"line":15,"column":null}},"13":{"start":{"line":15,"column":22},"end":{"line":15,"column":null}},"14":{"start":{"line":16,"column":2},"end":{"line":16,"column":null}},"15":{"start":{"line":16,"column":22},"end":{"line":16,"column":null}},"16":{"start":{"line":17,"column":2},"end":{"line":17,"column":null}},"17":{"start":{"line":17,"column":23},"end":{"line":17,"column":null}},"18":{"start":{"line":18,"column":2},"end":{"line":18,"column":null}},"19":{"start":{"line":18,"column":37},"end":{"line":18,"column":null}},"20":{"start":{"line":19,"column":2},"end":{"line":19,"column":null}},"21":{"start":{"line":19,"column":38},"end":{"line":19,"column":null}},"22":{"start":{"line":21,"column":2},"end":{"line":21,"column":null}},"23":{"start":{"line":25,"column":2},"end":{"line":32,"column":null}},"24":{"start":{"line":27,"column":6},"end":{"line":27,"column":null}},"25":{"start":{"line":29,"column":6},"end":{"line":29,"column":null}},"26":{"start":{"line":31,"column":6},"end":{"line":31,"column":null}},"27":{"start":{"line":36,"column":2},"end":{"line":47,"column":null}},"28":{"start":{"line":38,"column":6},"end":{"line":38,"column":null}},"29":{"start":{"line":40,"column":6},"end":{"line":40,"column":null}},"30":{"start":{"line":42,"column":6},"end":{"line":42,"column":null}},"31":{"start":{"line":44,"column":6},"end":{"line":44,"column":null}},"32":{"start":{"line":46,"column":6},"end":{"line":46,"column":null}}},"fnMap":{"0":{"name":"cn","decl":{"start":{"line":4,"column":16},"end":{"line":4,"column":18}},"loc":{"start":{"line":4,"column":42},"end":{"line":6,"column":null}}},"1":{"name":"formatDate","decl":{"start":{"line":8,"column":16},"end":{"line":8,"column":26}},"loc":{"start":{"line":8,"column":49},"end":{"line":22,"column":null}}},"2":{"name":"getPriorityColor","decl":{"start":{"line":24,"column":16},"end":{"line":24,"column":32}},"loc":{"start":{"line":24,"column":68},"end":{"line":33,"column":null}}},"3":{"name":"getStatusColor","decl":{"start":{"line":35,"column":16},"end":{"line":35,"column":30}},"loc":{"start":{"line":35,"column":45},"end":{"line":48,"column":null}}}},"branchMap":{"0":{"loc":{"start":{"line":9,"column":2},"end":{"line":9,"column":null}},"type":"if","locations":[{"start":{"line":9,"column":2},"end":{"line":9,"column":null}}]},"1":{"loc":{"start":{"line":15,"column":2},"end":{"line":15,"column":null}},"type":"if","locations":[{"start":{"line":15,"column":2},"end":{"line":15,"column":null}}]},"2":{"loc":{"start":{"line":16,"column":2},"end":{"line":16,"column":null}},"type":"if","locations":[{"start":{"line":16,"column":2},"end":{"line":16,"column":null}}]},"3":{"loc":{"start":{"line":17,"column":2},"end":{"line":17,"column":null}},"type":"if","locations":[{"start":{"line":17,"column":2},"end":{"line":17,"column":null}}]},"4":{"loc":{"start":{"line":18,"column":2},"end":{"line":18,"column":null}},"type":"if","locations":[{"start":{"line":18,"column":2},"end":{"line":18,"column":null}}]},"5":{"loc":{"start":{"line":18,"column":6},"end":{"line":18,"column":37}},"type":"binary-expr","locations":[{"start":{"line":18,"column":6},"end":{"line":18,"column":22}},{"start":{"line":18,"column":22},"end":{"line":18,"column":37}}]},"6":{"loc":{"start":{"line":19,"column":2},"end":{"line":19,"column":null}},"type":"if","locations":[{"start":{"line":19,"column":2},"end":{"line":19,"column":null}}]},"7":{"loc":{"start":{"line":19,"column":6},"end":{"line":19,"column":38}},"type":"binary-expr","locations":[{"start":{"line":19,"column":6},"end":{"line":19,"column":22}},{"start":{"line":19,"column":22},"end":{"line":19,"column":38}}]},"8":{"loc":{"start":{"line":25,"column":2},"end":{"line":32,"column":null}},"type":"switch","locations":[{"start":{"line":26,"column":4},"end":{"line":27,"column":null}},{"start":{"line":28,"column":4},"end":{"line":29,"column":null}},{"start":{"line":30,"column":4},"end":{"line":31,"column":null}}]},"9":{"loc":{"start":{"line":36,"column":2},"end":{"line":47,"column":null}},"type":"switch","locations":[{"start":{"line":37,"column":4},"end":{"line":38,"column":null}},{"start":{"line":39,"column":4},"end":{"line":40,"column":null}},{"start":{"line":41,"column":4},"end":{"line":42,"column":null}},{"start":{"line":43,"column":4},"end":{"line":44,"column":null}},{"start":{"line":45,"column":4},"end":{"line":46,"column":null}}]}},"s":{"0":70235,"1":1413,"2":3009,"3":6,"4":21,"5":21,"6":70235,"7":1413,"8":3,"9":1410,"10":1410,"11":1409,"12":1409,"13":5,"14":1404,"15":5,"16":1399,"17":2,"18":1397,"19":1,"20":1396,"21":1,"22":1395,"23":3009,"24":211,"25":401,"26":2397,"27":6,"28":1,"29":1,"30":1,"31":1,"32":2},"f":{"0":70235,"1":1413,"2":3009,"3":6},"b":{"0":[3],"1":[5],"2":[5],"3":[2],"4":[1],"5":[1397,1391],"6":[1],"7":[1396,5],"8":[211,401,2397],"9":[1,1,1,1,2]}}
}
