TN:
SF:src/app/layout.tsx
FN:15,RootLayout
FNF:1
FNH:0
FNDA:0,RootLayout
DA:2,0
DA:3,0
DA:4,0
DA:5,0
DA:6,0
DA:8,0
DA:10,0
DA:15,0
LF:8
LH:0
BRF:0
BRH:0
end_of_record
TN:
SF:src/app/page 2.tsx
FN:18,Home
FN:42,(anonymous_2)
FNF:2
FNH:0
FNDA:0,Home
FNDA:0,(anonymous_2)
DA:3,0
DA:4,0
DA:5,0
DA:6,0
DA:7,0
DA:8,0
DA:9,0
DA:10,0
DA:11,0
DA:12,0
DA:13,0
DA:14,0
DA:15,0
DA:16,0
DA:18,0
DA:19,0
DA:20,0
DA:22,0
DA:33,0
DA:34,0
DA:42,0
LF:21
LH:0
BRDA:22,0,0,0
BRDA:33,1,0,0
BRDA:54,2,0,0
BRDA:54,2,1,0
BRDA:58,3,0,0
BRF:5
BRH:0
end_of_record
TN:
SF:src/app/page.tsx
FN:18,Home
FN:42,(anonymous_2)
FNF:2
FNH:0
FNDA:0,Home
FNDA:0,(anonymous_2)
DA:3,0
DA:4,0
DA:5,0
DA:6,0
DA:7,0
DA:8,0
DA:9,0
DA:10,0
DA:11,0
DA:12,0
DA:13,0
DA:14,0
DA:15,0
DA:16,0
DA:18,0
DA:19,0
DA:20,0
DA:22,0
DA:33,0
DA:34,0
DA:42,0
LF:21
LH:0
BRDA:22,0,0,0
BRDA:33,1,0,0
BRDA:54,2,0,0
BRDA:54,2,1,0
BRDA:58,3,0,0
BRF:5
BRH:0
end_of_record
TN:
SF:src/components/CalendarView.tsx
FN:22,CalendarView
FN:34,(anonymous_2)
FN:37,(anonymous_3)
FN:51,(anonymous_4)
FN:57,(anonymous_5)
FN:83,(anonymous_6)
FN:88,(anonymous_7)
FN:97,(anonymous_8)
FN:107,(anonymous_9)
FN:108,(anonymous_10)
FN:124,(anonymous_11)
FN:132,(anonymous_12)
FN:139,(anonymous_13)
FN:158,(anonymous_14)
FN:167,(anonymous_15)
FN:182,(anonymous_16)
FN:189,(anonymous_17)
FN:190,(anonymous_18)
FN:201,(anonymous_19)
FN:242,(anonymous_20)
FN:243,(anonymous_21)
FN:250,(anonymous_22)
FN:291,(anonymous_23)
FN:313,(anonymous_24)
FN:354,(anonymous_25)
FN:360,(anonymous_26)
FN:368,(anonymous_27)
FN:381,(anonymous_28)
FNF:28
FNH:28
FNDA:42,CalendarView
FNDA:24,(anonymous_2)
FNDA:71,(anonymous_3)
FNDA:32,(anonymous_4)
FNDA:1,(anonymous_5)
FNDA:1,(anonymous_6)
FNDA:130,(anonymous_7)
FNDA:130,(anonymous_8)
FNDA:168,(anonymous_9)
FNDA:168,(anonymous_10)
FNDA:1,(anonymous_11)
FNDA:1,(anonymous_12)
FNDA:1,(anonymous_13)
FNDA:294,(anonymous_14)
FNDA:168,(anonymous_15)
FNDA:8,(anonymous_16)
FNDA:123,(anonymous_17)
FNDA:203,(anonymous_18)
FNDA:3,(anonymous_19)
FNDA:7,(anonymous_20)
FNDA:8,(anonymous_21)
FNDA:1,(anonymous_22)
FNDA:7,(anonymous_23)
FNDA:1,(anonymous_24)
FNDA:125,(anonymous_25)
FNDA:125,(anonymous_26)
FNDA:125,(anonymous_27)
FNDA:1,(anonymous_28)
DA:3,1
DA:4,1
DA:6,1
DA:7,1
DA:9,1
DA:10,1
DA:18,1
DA:19,1
DA:20,1
DA:22,24
DA:23,42
DA:24,42
DA:25,42
DA:26,42
DA:27,42
DA:29,42
DA:30,42
DA:31,42
DA:34,42
DA:35,24
DA:37,24
DA:38,71
DA:39,71
DA:40,71
DA:41,67
DA:43,71
DA:47,24
DA:51,42
DA:52,32
DA:53,8
DA:54,8
DA:57,42
DA:58,1
DA:59,1
DA:61,1
DA:64,0
DA:79,1
DA:83,42
DA:84,1
DA:85,1
DA:88,42
DA:89,130
DA:90,89
DA:91,41
DA:92,0
DA:93,0
DA:97,42
DA:98,130
DA:99,89
DA:100,41
DA:101,0
DA:102,0
DA:103,0
DA:107,168
DA:108,168
DA:124,1
DA:132,1
DA:139,1
DA:159,294
DA:168,168
DA:169,168
DA:170,168
DA:172,168
DA:182,8
DA:190,203
DA:191,123
DA:193,123
DA:202,3
DA:203,3
DA:204,3
DA:243,8
DA:244,7
DA:246,7
DA:251,1
DA:252,1
DA:292,7
DA:315,1
DA:329,1
DA:354,125
DA:360,125
DA:369,125
DA:382,1
DA:383,1
LF:83
LH:77
BRDA:38,0,0,71
BRDA:40,1,0,67
BRDA:52,2,0,24
BRDA:54,3,0,8
BRDA:54,3,1,2
BRDA:59,4,0,1
BRDA:59,4,1,0
BRDA:59,5,0,1
BRDA:59,5,1,1
BRDA:89,6,0,89
BRDA:89,6,1,41
BRDA:89,6,2,0
BRDA:89,6,3,0
BRDA:98,7,0,89
BRDA:98,7,1,41
BRDA:98,7,2,0
BRDA:98,7,3,0
BRDA:98,7,4,0
BRDA:108,8,0,168
BRDA:108,8,1,40
BRDA:169,9,0,168
BRDA:169,9,1,47
BRDA:178,10,0,168
BRDA:178,10,1,0
BRDA:179,11,0,168
BRDA:179,11,1,42
BRDA:180,12,0,168
BRDA:180,12,1,10
BRDA:191,13,0,123
BRDA:191,13,1,123
BRDA:191,13,2,83
BRDA:199,14,0,123
BRDA:199,14,1,83
BRDA:215,15,0,168
BRDA:236,16,0,10
BRDA:236,16,1,32
BRDA:241,17,0,10
BRDA:241,18,0,7
BRDA:241,18,1,3
BRDA:244,19,0,7
BRDA:244,19,1,7
BRDA:244,19,2,6
BRDA:256,20,0,7
BRDA:256,20,1,6
BRDA:273,21,0,7
BRDA:281,22,0,7
BRDA:289,23,0,7
BRDA:369,24,0,125
BRDA:369,24,1,125
BRDA:369,24,2,85
BRDA:386,25,0,42
BRDA:386,25,1,37
BRF:52
BRH:45
end_of_record
TN:
SF:src/components/CommandPalette.tsx
FN:34,CommandPalette
FN:40,(anonymous_2)
FN:48,(anonymous_3)
FN:58,(anonymous_4)
FN:59,(anonymous_5)
FN:60,(anonymous_6)
FN:95,(anonymous_7)
FN:100,(anonymous_8)
FN:107,(anonymous_9)
FN:122,(anonymous_10)
FN:132,(anonymous_11)
FN:141,(anonymous_12)
FN:156,(anonymous_13)
FN:166,(anonymous_14)
FN:176,(anonymous_15)
FN:188,(anonymous_16)
FN:189,(anonymous_17)
FN:195,(anonymous_18)
FN:199,(anonymous_19)
FN:214,(anonymous_20)
FN:218,(anonymous_21)
FN:222,(anonymous_22)
FN:231,(anonymous_23)
FN:232,(anonymous_24)
FN:242,(anonymous_25)
FN:292,(anonymous_26)
FN:309,(anonymous_27)
FNF:27
FNH:21
FNDA:331,CommandPalette
FNDA:171,(anonymous_2)
FNDA:171,(anonymous_3)
FNDA:3,(anonymous_4)
FNDA:2,(anonymous_5)
FNDA:3,(anonymous_6)
FNDA:98,(anonymous_7)
FNDA:37,(anonymous_8)
FNDA:0,(anonymous_9)
FNDA:0,(anonymous_10)
FNDA:0,(anonymous_11)
FNDA:0,(anonymous_12)
FNDA:1,(anonymous_13)
FNDA:0,(anonymous_14)
FNDA:0,(anonymous_15)
FNDA:175,(anonymous_16)
FNDA:159,(anonymous_17)
FNDA:3,(anonymous_18)
FNDA:1,(anonymous_19)
FNDA:175,(anonymous_20)
FNDA:171,(anonymous_21)
FNDA:122,(anonymous_22)
FNDA:66,(anonymous_23)
FNDA:66,(anonymous_24)
FNDA:151,(anonymous_25)
FNDA:82,(anonymous_26)
FNDA:579,(anonymous_27)
DA:3,1
DA:4,1
DA:5,1
DA:6,1
DA:7,1
DA:8,1
DA:25,1
DA:26,1
DA:27,1
DA:34,17
DA:35,331
DA:36,331
DA:37,331
DA:40,331
DA:41,171
DA:42,122
DA:44,49
DA:48,331
DA:49,171
DA:52,171
DA:53,122
DA:59,3
DA:60,2
DA:61,3
DA:66,3
DA:83,3
DA:84,3
DA:85,3
DA:91,171
DA:92,29
DA:94,29
DA:95,25
DA:96,98
DA:100,25
DA:101,37
DA:109,0
DA:116,29
DA:124,0
DA:133,0
DA:142,0
DA:149,171
DA:150,20
DA:157,1
DA:158,1
DA:168,0
DA:178,0
DA:184,171
DA:188,331
DA:189,175
DA:190,159
DA:192,159
DA:194,3
DA:195,3
DA:196,3
DA:198,1
DA:199,1
DA:200,1
DA:202,3
DA:203,3
DA:204,3
DA:206,3
DA:208,1
DA:209,1
DA:213,175
DA:214,175
DA:218,331
DA:219,171
DA:222,331
DA:223,122
DA:224,122
DA:225,0
DA:226,0
DA:227,0
DA:231,331
DA:232,66
DA:242,151
DA:293,82
DA:310,579
LF:78
LH:69
BRDA:41,0,0,122
BRDA:41,1,0,171
BRDA:41,1,1,151
BRDA:52,2,0,122
BRDA:59,3,0,3
BRDA:59,3,1,2
BRDA:61,4,0,3
BRDA:61,4,1,1
BRDA:70,5,0,3
BRDA:70,5,1,3
BRDA:71,6,0,3
BRDA:71,6,1,2
BRDA:91,7,0,29
BRDA:91,8,0,171
BRDA:91,8,1,151
BRDA:94,9,0,25
BRDA:96,10,0,98
BRDA:96,10,1,31
BRDA:149,11,0,20
BRDA:190,12,0,0
BRDA:192,13,0,3
BRDA:192,13,1,1
BRDA:192,13,2,3
BRDA:192,13,3,1
BRDA:203,14,0,3
BRDA:223,15,0,122
BRDA:223,15,1,0
BRDA:223,15,2,0
BRDA:223,15,3,0
BRDA:232,16,0,66
BRDA:232,16,1,0
BRDA:247,17,0,331
BRDA:255,18,0,331
BRDA:260,19,0,244
BRDA:269,20,0,244
BRDA:276,21,0,244
BRDA:283,22,0,244
BRDA:290,23,0,244
BRDA:290,23,1,54
BRDA:308,24,0,331
BRDA:313,25,0,331
BRDA:313,25,1,248
BRDA:320,26,0,579
BRDA:342,27,0,331
BRF:44
BRH:39
end_of_record
TN:
SF:src/components/DailyReport.tsx
FN:16,DailyReport
FN:32,(anonymous_2)
FN:42,(anonymous_3)
FN:49,(anonymous_4)
FN:67,(anonymous_5)
FN:73,(anonymous_6)
FN:74,(anonymous_7)
FN:77,(anonymous_8)
FN:78,(anonymous_9)
FN:104,(anonymous_10)
FN:114,(anonymous_11)
FN:115,(anonymous_12)
FN:134,(anonymous_13)
FN:171,(anonymous_14)
FN:237,(anonymous_15)
FN:237,(anonymous_16)
FN:249,(anonymous_17)
FN:249,(anonymous_18)
FN:261,(anonymous_19)
FN:261,(anonymous_20)
FN:269,(anonymous_21)
FN:276,(anonymous_22)
FN:300,(anonymous_23)
FNF:23
FNH:1
FNDA:45,DailyReport
FNDA:0,(anonymous_2)
FNDA:0,(anonymous_3)
FNDA:0,(anonymous_4)
FNDA:0,(anonymous_5)
FNDA:0,(anonymous_6)
FNDA:0,(anonymous_7)
FNDA:0,(anonymous_8)
FNDA:0,(anonymous_9)
FNDA:0,(anonymous_10)
FNDA:0,(anonymous_11)
FNDA:0,(anonymous_12)
FNDA:0,(anonymous_13)
FNDA:0,(anonymous_14)
FNDA:0,(anonymous_15)
FNDA:0,(anonymous_16)
FNDA:0,(anonymous_17)
FNDA:0,(anonymous_18)
FNDA:0,(anonymous_19)
FNDA:0,(anonymous_20)
FNDA:0,(anonymous_21)
FNDA:0,(anonymous_22)
FNDA:0,(anonymous_23)
DA:3,1
DA:4,1
DA:5,1
DA:7,1
DA:8,1
DA:9,1
DA:10,1
DA:11,1
DA:12,1
DA:13,1
DA:14,1
DA:16,11
DA:17,45
DA:18,44
DA:19,0
DA:20,0
DA:21,0
DA:22,0
DA:23,0
DA:24,0
DA:25,0
DA:32,0
DA:33,0
DA:34,0
DA:35,0
DA:36,0
DA:39,0
DA:42,0
DA:43,0
DA:44,0
DA:45,0
DA:46,0
DA:49,0
DA:50,0
DA:51,0
DA:53,0
DA:54,0
DA:55,0
DA:66,0
DA:67,0
DA:68,0
DA:69,0
DA:70,0
DA:73,0
DA:74,0
DA:77,0
DA:78,0
DA:104,0
DA:114,0
DA:116,0
DA:117,0
DA:118,0
DA:119,0
DA:121,0
DA:123,0
DA:134,0
DA:172,0
DA:173,0
DA:237,0
DA:249,0
DA:261,0
DA:269,0
DA:277,0
DA:278,0
DA:279,0
DA:300,0
LF:66
LH:14
BRDA:45,0,0,0
BRDA:45,0,1,0
BRDA:46,1,0,0
BRDA:46,1,1,0
BRDA:50,2,0,0
BRDA:50,3,0,0
BRDA:50,3,1,0
BRDA:51,4,0,0
BRDA:61,5,0,0
BRDA:61,5,1,0
BRDA:87,6,0,0
BRDA:114,7,0,0
BRDA:114,7,1,0
BRDA:119,8,0,0
BRDA:119,8,1,0
BRDA:121,9,0,0
BRDA:126,10,0,0
BRDA:126,10,1,0
BRDA:140,11,0,0
BRDA:146,12,0,0
BRDA:158,13,0,0
BRDA:168,14,0,0
BRDA:168,14,1,0
BRDA:185,15,0,0
BRDA:187,16,0,0
BRDA:196,17,0,0
BRDA:205,18,0,0
BRDA:223,19,0,0
BRDA:223,19,1,0
BRDA:223,19,2,0
BRDA:223,19,3,0
BRDA:270,20,0,0
BRDA:270,20,1,0
BRDA:292,21,0,0
BRDA:292,21,1,0
BRDA:298,22,0,0
BRDA:305,23,0,0
BRDA:305,23,1,0
BRDA:310,24,0,0
BRDA:312,25,0,0
BRDA:312,25,1,0
BRF:41
BRH:0
end_of_record
TN:
SF:src/components/Header.tsx
FN:14,Header
FN:21,(anonymous_2)
FN:22,(anonymous_3)
FN:23,(anonymous_4)
FN:24,(anonymous_5)
FN:28,(anonymous_6)
FN:31,(anonymous_7)
FN:37,(anonymous_8)
FN:38,(anonymous_9)
FN:46,(anonymous_10)
FN:129,(anonymous_11)
FN:138,(anonymous_12)
FN:162,(anonymous_13)
FN:166,(anonymous_14)
FN:185,(anonymous_15)
FN:236,(anonymous_16)
FNF:16
FNH:1
FNDA:97,Header
FNDA:0,(anonymous_2)
FNDA:0,(anonymous_3)
FNDA:0,(anonymous_4)
FNDA:0,(anonymous_5)
FNDA:0,(anonymous_6)
FNDA:0,(anonymous_7)
FNDA:0,(anonymous_8)
FNDA:0,(anonymous_9)
FNDA:0,(anonymous_10)
FNDA:0,(anonymous_11)
FNDA:0,(anonymous_12)
FNDA:0,(anonymous_13)
FNDA:0,(anonymous_14)
FNDA:0,(anonymous_15)
FNDA:0,(anonymous_16)
DA:3,1
DA:4,1
DA:5,1
DA:6,1
DA:7,1
DA:8,1
DA:9,1
DA:10,1
DA:11,1
DA:12,1
DA:14,24
DA:15,97
DA:16,97
DA:17,97
DA:18,96
DA:20,96
DA:21,0
DA:22,0
DA:23,0
DA:24,0
DA:27,0
DA:28,0
DA:31,0
DA:32,0
DA:33,0
DA:37,0
DA:38,0
DA:39,0
DA:40,0
DA:41,0
DA:45,0
DA:46,0
DA:129,0
DA:138,0
DA:163,0
DA:166,0
DA:185,0
DA:236,0
LF:38
LH:16
BRDA:28,0,0,0
BRDA:28,0,1,0
BRDA:28,0,2,0
BRDA:39,1,0,0
BRDA:39,2,0,0
BRDA:39,2,1,0
BRDA:39,2,2,0
BRDA:98,3,0,0
BRDA:103,4,0,0
BRDA:106,5,0,0
BRDA:106,5,1,0
BRDA:115,6,0,0
BRDA:115,6,1,0
BRDA:148,7,0,0
BRDA:157,8,0,0
BRDA:170,9,0,0
BRDA:178,10,0,0
BRDA:194,11,0,0
BRDA:209,12,0,0
BRF:19
BRH:0
end_of_record
TN:
SF:src/components/KanbanBoard.tsx
FN:31,KanbanBoard
FN:46,(anonymous_2)
FN:48,(anonymous_3)
FN:52,(anonymous_4)
FN:56,(anonymous_5)
FN:72,(anonymous_6)
FN:88,(anonymous_7)
FN:97,(anonymous_8)
FN:103,(anonymous_9)
FN:104,(anonymous_10)
FN:113,(anonymous_11)
FN:120,(anonymous_12)
FN:121,(anonymous_13)
FN:125,(anonymous_14)
FN:133,(anonymous_15)
FN:135,(anonymous_16)
FN:136,(anonymous_17)
FN:147,(anonymous_18)
FN:155,(anonymous_19)
FN:168,(anonymous_20)
FN:194,(anonymous_21)
FN:195,(anonymous_22)
FNF:22
FNH:5
FNDA:59,KanbanBoard
FNDA:0,(anonymous_2)
FNDA:0,(anonymous_3)
FNDA:0,(anonymous_4)
FNDA:0,(anonymous_5)
FNDA:0,(anonymous_6)
FNDA:0,(anonymous_7)
FNDA:0,(anonymous_8)
FNDA:0,(anonymous_9)
FNDA:0,(anonymous_10)
FNDA:0,(anonymous_11)
FNDA:0,(anonymous_12)
FNDA:0,(anonymous_13)
FNDA:0,(anonymous_14)
FNDA:76,(anonymous_15)
FNDA:40,(anonymous_16)
FNDA:0,(anonymous_17)
FNDA:10,(anonymous_18)
FNDA:0,(anonymous_19)
FNDA:66,(anonymous_20)
FNDA:0,(anonymous_21)
FNDA:0,(anonymous_22)
DA:3,2
DA:13,2
DA:16,2
DA:17,2
DA:18,2
DA:19,2
DA:20,2
DA:21,2
DA:23,2
DA:31,16
DA:32,59
DA:33,59
DA:34,58
DA:36,58
DA:46,58
DA:47,0
DA:48,0
DA:49,0
DA:52,58
DA:56,58
DA:57,0
DA:60,0
DA:63,0
DA:64,0
DA:65,0
DA:68,0
DA:69,0
DA:72,0
DA:73,0
DA:74,0
DA:75,0
DA:79,0
DA:80,0
DA:82,0
DA:83,0
DA:85,0
DA:87,0
DA:88,0
DA:89,0
DA:93,0
DA:97,0
DA:98,0
DA:99,0
DA:102,0
DA:103,0
DA:104,0
DA:106,0
DA:108,0
DA:109,0
DA:110,0
DA:113,0
DA:120,0
DA:121,0
DA:122,0
DA:125,0
DA:126,0
DA:133,58
DA:134,76
DA:135,40
DA:138,0
DA:139,0
DA:140,0
DA:141,0
DA:143,0
DA:147,58
DA:148,10
DA:155,0
DA:169,66
DA:194,0
DA:196,0
DA:197,0
DA:198,0
DA:200,0
LF:73
LH:23
BRDA:49,0,0,0
BRDA:49,0,1,0
BRDA:63,1,0,0
BRDA:63,2,0,0
BRDA:63,2,1,0
BRDA:73,3,0,0
BRDA:82,4,0,0
BRDA:82,4,1,0
BRDA:85,5,0,0
BRDA:85,5,1,0
BRDA:98,6,0,0
BRDA:98,7,0,0
BRDA:98,7,1,0
BRDA:106,8,0,0
BRDA:106,9,0,0
BRDA:106,9,1,0
BRDA:106,9,2,0
BRDA:122,10,0,0
BRDA:122,10,1,0
BRDA:138,11,0,0
BRDA:138,11,1,0
BRDA:139,12,0,0
BRDA:139,12,1,0
BRDA:140,13,0,0
BRDA:184,14,0,0
BRDA:184,14,1,2
BRF:26
BRH:1
end_of_record
TN:
SF:src/components/KanbanColumn.tsx
FN:15,KanbanColumn
FN:56,(anonymous_2)
FN:60,(anonymous_3)
FNF:3
FNH:3
FNDA:10,KanbanColumn
FNDA:4,(anonymous_2)
FNDA:4,(anonymous_3)
DA:3,1
DA:4,1
DA:6,1
DA:7,1
DA:15,10
DA:16,10
DA:20,10
DA:56,4
DA:61,4
LF:9
LH:9
BRDA:20,0,0,10
BRDA:20,0,1,0
BRDA:35,1,0,0
BRDA:35,1,1,10
BRDA:40,2,0,10
BRDA:40,2,1,0
BRDA:49,3,0,0
BRDA:49,3,1,10
BRDA:52,4,0,10
BRDA:52,4,1,0
BRDA:66,5,0,10
BRDA:69,6,0,6
BRDA:69,6,1,0
BRDA:72,7,0,0
BRDA:72,7,1,6
BRDA:74,8,0,6
BRF:16
BRH:9
end_of_record
TN:
SF:src/components/ListView.tsx
FN:42,ListView
FN:50,(anonymous_2)
FN:51,(anonymous_3)
FN:57,(anonymous_4)
FN:58,(anonymous_5)
FN:94,(anonymous_6)
FN:99,(anonymous_7)
FN:104,(anonymous_8)
FN:110,(anonymous_9)
FN:125,(anonymous_10)
FN:134,(anonymous_11)
FN:142,(anonymous_12)
FN:150,(anonymous_13)
FN:159,(anonymous_14)
FN:169,(anonymous_15)
FN:181,(anonymous_16)
FN:200,(anonymous_17)
FN:212,(anonymous_18)
FN:229,(anonymous_19)
FN:238,(anonymous_20)
FN:247,(anonymous_21)
FN:256,(anonymous_22)
FN:265,(anonymous_23)
FN:276,(anonymous_24)
FN:277,(anonymous_25)
FN:284,(anonymous_26)
FN:295,(anonymous_27)
FN:324,(anonymous_28)
FN:328,(anonymous_29)
FN:357,(anonymous_30)
FN:386,(anonymous_31)
FN:408,(anonymous_32)
FNF:32
FNH:20
FNDA:30,ListView
FNDA:25,(anonymous_2)
FNDA:48,(anonymous_3)
FNDA:0,(anonymous_4)
FNDA:0,(anonymous_5)
FNDA:25,(anonymous_6)
FNDA:68,(anonymous_7)
FNDA:90,(anonymous_8)
FNDA:0,(anonymous_9)
FNDA:3,(anonymous_10)
FNDA:1,(anonymous_11)
FNDA:0,(anonymous_12)
FNDA:83,(anonymous_13)
FNDA:83,(anonymous_14)
FNDA:415,(anonymous_15)
FNDA:0,(anonymous_16)
FNDA:1,(anonymous_17)
FNDA:83,(anonymous_18)
FNDA:3,(anonymous_19)
FNDA:0,(anonymous_20)
FNDA:0,(anonymous_21)
FNDA:0,(anonymous_22)
FNDA:0,(anonymous_23)
FNDA:83,(anonymous_24)
FNDA:137,(anonymous_25)
FNDA:3,(anonymous_26)
FNDA:57,(anonymous_27)
FNDA:0,(anonymous_28)
FNDA:0,(anonymous_29)
FNDA:112,(anonymous_30)
FNDA:0,(anonymous_31)
FNDA:1,(anonymous_32)
DA:3,1
DA:4,1
DA:6,1
DA:7,1
DA:8,1
DA:9,1
DA:16,1
DA:24,1
DA:35,1
DA:36,1
DA:37,1
DA:42,22
DA:43,30
DA:44,30
DA:45,30
DA:46,30
DA:47,30
DA:48,30
DA:50,30
DA:51,25
DA:56,48
DA:57,0
DA:58,0
DA:59,0
DA:60,0
DA:62,48
DA:63,48
DA:67,48
DA:68,38
DA:69,38
DA:73,48
DA:74,0
DA:75,0
DA:76,0
DA:80,48
DA:81,0
DA:82,0
DA:83,0
DA:86,48
DA:87,7
DA:88,0
DA:91,25
DA:94,30
DA:95,25
DA:96,0
DA:99,25
DA:102,68
DA:104,90
DA:105,68
DA:107,0
DA:108,0
DA:110,0
DA:111,0
DA:112,0
DA:114,0
DA:117,68
DA:118,68
DA:120,68
DA:121,68
DA:125,30
DA:126,3
DA:127,1
DA:129,2
DA:130,2
DA:134,30
DA:135,1
DA:136,1
DA:138,1
DA:142,30
DA:143,0
DA:144,0
DA:146,0
DA:150,30
DA:151,83
DA:152,29
DA:153,27
DA:154,27
DA:155,0
DA:159,30
DA:160,83
DA:161,29
DA:162,27
DA:163,0
DA:164,27
DA:165,0
DA:169,30
DA:170,415
DA:181,0
DA:201,1
DA:202,1
DA:213,83
DA:229,3
DA:238,0
DA:247,0
DA:256,0
DA:265,0
DA:277,137
DA:278,83
DA:280,83
DA:285,3
DA:286,3
DA:296,57
DA:324,0
DA:328,0
DA:357,112
DA:387,0
DA:388,0
DA:389,0
DA:409,1
DA:410,1
LF:110
LH:76
BRDA:56,0,0,0
BRDA:56,0,1,48
BRDA:57,1,0,0
BRDA:57,1,1,0
BRDA:58,2,0,0
BRDA:58,2,1,0
BRDA:67,3,0,38
BRDA:67,4,0,48
BRDA:67,4,1,48
BRDA:68,5,0,38
BRDA:68,5,1,0
BRDA:69,6,0,38
BRDA:69,6,1,0
BRDA:73,7,0,0
BRDA:80,8,0,0
BRDA:86,9,0,41
BRDA:86,10,0,2
BRDA:86,10,1,39
BRDA:87,11,0,7
BRDA:87,12,0,4
BRDA:87,12,1,3
BRDA:95,13,0,0
BRDA:102,14,0,68
BRDA:102,14,1,0
BRDA:102,14,2,0
BRDA:102,14,3,0
BRDA:111,15,0,0
BRDA:111,15,1,0
BRDA:117,16,0,68
BRDA:126,17,0,1
BRDA:126,17,1,2
BRDA:127,18,0,1
BRDA:127,18,1,0
BRDA:151,19,0,29
BRDA:151,19,1,27
BRDA:151,19,2,27
BRDA:151,19,3,0
BRDA:160,20,0,29
BRDA:160,20,1,27
BRDA:160,20,2,0
BRDA:160,20,3,27
BRDA:160,20,4,0
BRDA:170,21,0,406
BRDA:171,22,0,6
BRDA:195,23,0,28
BRDA:195,23,1,2
BRDA:214,24,0,83
BRDA:278,25,0,83
BRDA:278,25,1,56
BRDA:278,25,2,56
BRDA:292,26,0,83
BRDA:292,26,1,56
BRDA:293,27,0,83
BRDA:305,28,0,56
BRDA:313,29,0,83
BRDA:353,30,0,56
BRDA:369,31,0,56
BRDA:371,32,0,56
BRDA:371,32,1,0
BRDA:413,33,0,30
BRDA:413,33,1,27
BRF:61
BRH:41
end_of_record
TN:
SF:src/components/LoginForm.tsx
FN:12,LoginForm
FN:18,(anonymous_2)
FN:76,(anonymous_3)
FN:104,(anonymous_4)
FN:107,(anonymous_5)
FNF:5
FNH:0
FNDA:0,LoginForm
FNDA:0,(anonymous_2)
FNDA:0,(anonymous_3)
FNDA:0,(anonymous_4)
FNDA:0,(anonymous_5)
DA:3,0
DA:4,0
DA:5,0
DA:6,0
DA:7,0
DA:8,0
DA:9,0
DA:10,0
DA:12,0
DA:13,0
DA:14,0
DA:15,0
DA:16,0
DA:18,0
DA:19,0
DA:20,0
DA:21,0
DA:23,0
DA:24,0
DA:25,0
DA:26,0
DA:29,0
DA:30,0
DA:31,0
DA:32,0
DA:35,0
DA:36,0
DA:37,0
DA:40,0
DA:43,0
DA:76,0
DA:105,0
DA:107,0
LF:33
LH:0
BRDA:23,0,0,0
BRDA:29,1,0,0
BRDA:36,2,0,0
BRDA:83,3,0,0
BRDA:94,4,0,0
BRDA:94,4,1,0
BRF:6
BRH:0
end_of_record
TN:
SF:src/components/QuickAssigneeFilter.tsx
FN:11,QuickAssigneeFilter
FN:18,(anonymous_2)
FN:22,(anonymous_3)
FN:38,(anonymous_4)
FN:45,(anonymous_5)
FN:47,(anonymous_6)
FN:76,(anonymous_7)
FN:85,(anonymous_8)
FN:94,(anonymous_9)
FNF:9
FNH:0
FNDA:0,QuickAssigneeFilter
FNDA:0,(anonymous_2)
FNDA:0,(anonymous_3)
FNDA:0,(anonymous_4)
FNDA:0,(anonymous_5)
FNDA:0,(anonymous_6)
FNDA:0,(anonymous_7)
FNDA:0,(anonymous_8)
FNDA:0,(anonymous_9)
DA:3,0
DA:4,0
DA:5,0
DA:6,0
DA:7,0
DA:8,0
DA:9,0
DA:11,0
DA:12,0
DA:13,0
DA:15,0
DA:18,0
DA:19,0
DA:22,0
DA:23,0
DA:24,0
DA:26,0
DA:27,0
DA:29,0
DA:32,0
DA:38,0
DA:39,0
DA:45,0
DA:47,0
DA:50,0
DA:51,0
DA:77,0
DA:78,0
DA:80,0
DA:85,0
DA:94,0
LF:31
LH:0
BRDA:19,0,0,0
BRDA:19,0,1,0
BRDA:26,1,0,0
BRDA:26,1,1,0
BRDA:50,2,0,0
BRDA:64,3,0,0
BRDA:64,3,1,0
BRDA:83,4,0,0
BRDA:83,4,1,0
BRDA:88,5,0,0
BRDA:88,5,1,0
BRDA:100,6,0,0
BRDA:105,7,0,0
BRDA:105,7,1,0
BRDA:108,8,0,0
BRDA:108,8,1,0
BRDA:118,9,0,0
BRDA:131,10,0,0
BRDA:133,11,0,0
BRDA:133,11,1,0
BRF:20
BRH:0
end_of_record
TN:
SF:src/components/QuickTaskInput.tsx
FN:21,QuickTaskInput
FN:28,(anonymous_2)
FN:37,(anonymous_3)
FN:44,(anonymous_4)
FN:45,(anonymous_5)
FN:75,(anonymous_6)
FN:84,(anonymous_7)
FN:85,(anonymous_8)
FN:95,(anonymous_9)
FN:96,(anonymous_10)
FN:172,(anonymous_11)
FNF:11
FNH:11
FNDA:301,QuickTaskInput
FNDA:149,(anonymous_2)
FNDA:5,(anonymous_3)
FNDA:2,(anonymous_4)
FNDA:3,(anonymous_5)
FNDA:39,(anonymous_6)
FNDA:17,(anonymous_7)
FNDA:17,(anonymous_8)
FNDA:129,(anonymous_9)
FNDA:9,(anonymous_10)
FNDA:36,(anonymous_11)
DA:3,2
DA:4,2
DA:5,2
DA:6,2
DA:7,2
DA:8,2
DA:9,2
DA:10,2
DA:12,2
DA:13,2
DA:14,2
DA:21,15
DA:22,301
DA:23,301
DA:24,301
DA:25,301
DA:26,301
DA:28,301
DA:29,149
DA:30,129
DA:31,129
DA:33,20
DA:37,301
DA:38,5
DA:39,5
DA:41,5
DA:44,5
DA:45,2
DA:46,3
DA:51,5
DA:68,5
DA:69,5
DA:70,5
DA:71,5
DA:72,5
DA:75,301
DA:76,39
DA:77,39
DA:78,0
DA:79,0
DA:80,0
DA:84,301
DA:85,17
DA:95,129
DA:96,9
DA:173,36
LF:46
LH:43
BRDA:29,0,0,129
BRDA:29,0,1,20
BRDA:39,1,0,0
BRDA:44,2,0,5
BRDA:44,2,1,4
BRDA:46,3,0,3
BRDA:46,3,1,1
BRDA:55,4,0,5
BRDA:55,4,1,5
BRDA:56,5,0,5
BRDA:56,5,1,5
BRDA:76,6,0,39
BRDA:76,6,1,0
BRDA:76,6,2,0
BRDA:76,6,3,0
BRDA:85,7,0,17
BRDA:85,7,1,0
BRDA:134,8,0,301
BRDA:134,8,1,276
BRDA:134,8,2,249
BRDA:140,9,0,249
BRDA:149,10,0,249
BRDA:156,11,0,249
BRDA:163,12,0,249
BRDA:170,13,0,249
BRDA:170,13,1,23
BRDA:181,14,0,249
BRDA:181,14,1,0
BRF:28
BRH:22
end_of_record
TN:
SF:src/components/Settings.tsx
FN:31,Settings
FN:56,(anonymous_2)
FN:68,(anonymous_3)
FN:73,(anonymous_4)
FN:77,(anonymous_5)
FN:81,(anonymous_6)
FN:101,(anonymous_7)
FN:108,(anonymous_8)
FN:109,(anonymous_9)
FN:115,(anonymous_10)
FN:116,(anonymous_11)
FN:122,(anonymous_12)
FN:123,(anonymous_13)
FN:222,(anonymous_14)
FN:233,(anonymous_15)
FN:244,(anonymous_16)
FN:255,(anonymous_17)
FN:275,(anonymous_18)
FN:291,(anonymous_19)
FN:307,(anonymous_20)
FN:324,(anonymous_21)
FN:353,(anonymous_22)
FN:369,(anonymous_23)
FNF:23
FNH:3
FNDA:15,Settings
FNDA:7,(anonymous_2)
FNDA:1,(anonymous_3)
FNDA:0,(anonymous_4)
FNDA:0,(anonymous_5)
FNDA:0,(anonymous_6)
FNDA:0,(anonymous_7)
FNDA:0,(anonymous_8)
FNDA:0,(anonymous_9)
FNDA:0,(anonymous_10)
FNDA:0,(anonymous_11)
FNDA:0,(anonymous_12)
FNDA:0,(anonymous_13)
FNDA:0,(anonymous_14)
FNDA:0,(anonymous_15)
FNDA:0,(anonymous_16)
FNDA:0,(anonymous_17)
FNDA:0,(anonymous_18)
FNDA:0,(anonymous_19)
FNDA:0,(anonymous_20)
FNDA:0,(anonymous_21)
FNDA:0,(anonymous_22)
FNDA:0,(anonymous_23)
DA:3,1
DA:4,1
DA:5,1
DA:6,1
DA:7,1
DA:8,1
DA:9,1
DA:10,1
DA:11,1
DA:12,1
DA:13,1
DA:14,1
DA:29,1
DA:31,7
DA:32,15
DA:33,15
DA:35,15
DA:54,15
DA:56,15
DA:58,7
DA:59,7
DA:60,0
DA:61,0
DA:63,0
DA:68,15
DA:69,1
DA:70,1
DA:71,1
DA:72,1
DA:73,1
DA:75,0
DA:76,0
DA:77,0
DA:81,15
DA:82,0
DA:90,0
DA:91,0
DA:92,0
DA:93,0
DA:94,0
DA:95,0
DA:96,0
DA:97,0
DA:98,0
DA:101,15
DA:102,0
DA:103,0
DA:104,0
DA:108,15
DA:109,0
DA:115,15
DA:116,0
DA:122,15
DA:123,0
DA:130,15
DA:222,0
DA:233,0
DA:244,0
DA:255,0
DA:275,0
DA:291,0
DA:307,0
DA:324,0
DA:353,0
DA:369,0
LF:65
LH:33
BRDA:59,0,0,0
BRDA:102,1,0,0
BRDA:130,2,0,7
BRDA:150,3,0,8
BRDA:151,4,0,8
BRDA:152,5,0,8
BRDA:157,6,0,8
BRDA:164,7,0,8
BRDA:184,8,0,8
BRDA:184,8,1,8
BRDA:188,9,0,8
BRDA:188,9,1,8
BRDA:194,10,0,8
BRDA:393,11,0,8
BRF:14
BRH:12
end_of_record
TN:
SF:src/components/SimpleModal.tsx
FN:14,SimpleModal
FN:15,(anonymous_2)
FN:22,(anonymous_3)
FNF:3
FNH:0
FNDA:0,SimpleModal
FNDA:0,(anonymous_2)
FNDA:0,(anonymous_3)
DA:3,1
DA:4,1
DA:5,1
DA:14,0
DA:15,0
DA:16,0
DA:17,0
DA:19,0
DA:22,0
DA:23,0
DA:27,0
LF:11
LH:3
BRDA:16,0,0,0
BRDA:16,0,1,0
BRDA:27,1,0,0
BRF:3
BRH:0
end_of_record
TN:
SF:src/components/TaskAnalytics.tsx
FN:21,TaskAnalytics
FN:24,(anonymous_2)
FN:26,(anonymous_3)
FN:27,(anonymous_4)
FN:29,(anonymous_5)
FN:34,(anonymous_6)
FN:35,(anonymous_7)
FN:36,(anonymous_8)
FN:40,(anonymous_9)
FN:41,(anonymous_10)
FN:42,(anonymous_11)
FN:43,(anonymous_12)
FN:45,(anonymous_13)
FN:59,(anonymous_14)
FN:60,(anonymous_15)
FN:63,(anonymous_16)
FN:65,(anonymous_17)
FN:65,(anonymous_18)
FN:66,(anonymous_19)
FN:229,(anonymous_20)
FN:260,(anonymous_21)
FN:265,(anonymous_22)
FNF:22
FNH:0
FNDA:0,TaskAnalytics
FNDA:0,(anonymous_2)
FNDA:0,(anonymous_3)
FNDA:0,(anonymous_4)
FNDA:0,(anonymous_5)
FNDA:0,(anonymous_6)
FNDA:0,(anonymous_7)
FNDA:0,(anonymous_8)
FNDA:0,(anonymous_9)
FNDA:0,(anonymous_10)
FNDA:0,(anonymous_11)
FNDA:0,(anonymous_12)
FNDA:0,(anonymous_13)
FNDA:0,(anonymous_14)
FNDA:0,(anonymous_15)
FNDA:0,(anonymous_16)
FNDA:0,(anonymous_17)
FNDA:0,(anonymous_18)
FNDA:0,(anonymous_19)
FNDA:0,(anonymous_20)
FNDA:0,(anonymous_21)
FNDA:0,(anonymous_22)
DA:3,0
DA:4,0
DA:5,0
DA:6,0
DA:7,0
DA:9,0
DA:19,0
DA:21,0
DA:22,0
DA:24,0
DA:25,0
DA:26,0
DA:27,0
DA:28,0
DA:29,0
DA:33,0
DA:34,0
DA:35,0
DA:36,0
DA:40,0
DA:41,0
DA:42,0
DA:43,0
DA:44,0
DA:45,0
DA:48,0
DA:59,0
DA:60,0
DA:63,0
DA:65,0
DA:66,0
DA:69,0
DA:76,0
DA:230,0
DA:261,0
DA:265,0
LF:36
LH:0
BRDA:29,0,0,0
BRDA:29,0,1,0
BRDA:29,0,2,0
BRDA:45,1,0,0
BRDA:45,1,1,0
BRDA:45,1,2,0
BRDA:54,2,0,0
BRDA:54,2,1,0
BRDA:59,3,0,0
BRDA:59,3,1,0
BRDA:60,4,0,0
BRDA:60,4,1,0
BRDA:81,5,0,0
BRDA:81,5,1,0
BRDA:86,6,0,0
BRDA:86,6,1,0
BRF:16
BRH:0
end_of_record
TN:
SF:src/components/TaskCard.tsx
FN:22,TaskCard
FN:44,(anonymous_2)
FN:50,(anonymous_3)
FN:54,(anonymous_4)
FN:106,(anonymous_5)
FN:138,(anonymous_6)
FN:143,(anonymous_7)
FN:148,(anonymous_8)
FN:153,(anonymous_9)
FN:164,(anonymous_10)
FN:165,(anonymous_11)
FN:168,(anonymous_12)
FN:177,(anonymous_13)
FN:197,(anonymous_14)
FN:255,(anonymous_15)
FN:260,(anonymous_16)
FN:273,(anonymous_17)
FN:295,(anonymous_18)
FN:297,(anonymous_19)
FNF:19
FNH:3
FNDA:73,TaskCard
FNDA:61,(anonymous_2)
FNDA:0,(anonymous_3)
FNDA:0,(anonymous_4)
FNDA:0,(anonymous_5)
FNDA:0,(anonymous_6)
FNDA:0,(anonymous_7)
FNDA:0,(anonymous_8)
FNDA:0,(anonymous_9)
FNDA:0,(anonymous_10)
FNDA:0,(anonymous_11)
FNDA:0,(anonymous_12)
FNDA:0,(anonymous_13)
FNDA:104,(anonymous_14)
FNDA:0,(anonymous_15)
FNDA:0,(anonymous_16)
FNDA:0,(anonymous_17)
FNDA:0,(anonymous_18)
FNDA:0,(anonymous_19)
DA:3,3
DA:4,3
DA:5,3
DA:7,3
DA:8,3
DA:9,3
DA:10,3
DA:11,3
DA:12,3
DA:13,3
DA:14,3
DA:15,3
DA:22,22
DA:23,73
DA:24,73
DA:25,73
DA:34,73
DA:39,61
DA:44,61
DA:46,61
DA:47,61
DA:50,61
DA:51,0
DA:54,61
DA:56,0
DA:57,0
DA:58,0
DA:61,0
DA:62,0
DA:63,0
DA:65,0
DA:68,0
DA:71,61
DA:107,0
DA:108,0
DA:109,0
DA:139,0
DA:140,0
DA:141,0
DA:145,0
DA:146,0
DA:150,0
DA:151,0
DA:155,0
DA:164,0
DA:165,0
DA:169,0
DA:170,0
DA:171,0
DA:177,0
DA:198,104
DA:255,0
DA:260,0
DA:273,0
DA:295,0
DA:298,0
DA:299,0
DA:300,0
DA:302,0
LF:59
LH:25
BRDA:22,0,0,72
BRDA:46,1,0,61
BRDA:46,1,1,57
BRDA:46,1,2,4
BRDA:47,2,0,61
BRDA:47,2,1,57
BRDA:47,2,2,53
BRDA:56,3,0,0
BRDA:61,4,0,0
BRDA:71,5,0,1
BRDA:71,6,0,61
BRDA:71,6,1,60
BRDA:81,7,0,1
BRDA:81,7,1,0
BRDA:82,8,0,1
BRDA:82,8,1,1
BRDA:83,9,0,1
BRDA:83,9,1,0
BRDA:86,10,0,1
BRDA:107,11,0,0
BRDA:107,12,0,0
BRDA:107,12,1,0
BRDA:114,13,0,60
BRDA:114,13,1,6
BRDA:115,14,0,60
BRDA:115,14,1,54
BRDA:116,15,0,60
BRDA:116,15,1,0
BRDA:117,16,0,60
BRDA:117,16,1,4
BRDA:119,17,0,60
BRDA:119,17,1,60
BRDA:121,18,0,60
BRDA:121,18,1,0
BRDA:186,19,0,60
BRDA:195,20,0,60
BRDA:207,21,0,52
BRDA:224,22,0,60
BRDA:227,23,0,4
BRDA:227,23,1,52
BRDA:227,24,0,4
BRDA:227,24,1,48
BRDA:236,25,0,60
BRDA:236,25,1,60
BRDA:240,26,0,0
BRDA:240,26,1,0
BRDA:241,27,0,0
BRDA:241,27,1,0
BRDA:249,28,0,60
BRDA:268,29,0,4
BRDA:283,30,0,4
BRF:51
BRH:38
end_of_record
TN:
SF:src/components/TaskFilters.tsx
FN:16,TaskFilters
FN:21,(anonymous_2)
FN:25,(anonymous_3)
FN:28,(anonymous_4)
FN:34,(anonymous_5)
FN:37,(anonymous_6)
FN:43,(anonymous_7)
FN:46,(anonymous_8)
FN:52,(anonymous_9)
FN:58,(anonymous_10)
FN:86,(anonymous_11)
FN:124,(anonymous_12)
FN:134,(anonymous_13)
FN:151,(anonymous_14)
FN:161,(anonymous_15)
FN:217,(anonymous_16)
FN:218,(anonymous_17)
FN:226,(anonymous_18)
FN:234,(anonymous_19)
FN:241,(anonymous_20)
FNF:20
FNH:9
FNDA:32,TaskFilters
FNDA:11,(anonymous_2)
FNDA:0,(anonymous_3)
FNDA:0,(anonymous_4)
FNDA:0,(anonymous_5)
FNDA:0,(anonymous_6)
FNDA:0,(anonymous_7)
FNDA:0,(anonymous_8)
FNDA:0,(anonymous_9)
FNDA:1,(anonymous_10)
FNDA:11,(anonymous_11)
FNDA:93,(anonymous_12)
FNDA:0,(anonymous_13)
FNDA:124,(anonymous_14)
FNDA:0,(anonymous_15)
FNDA:3,(anonymous_16)
FNDA:3,(anonymous_17)
FNDA:0,(anonymous_18)
FNDA:11,(anonymous_19)
FNDA:0,(anonymous_20)
DA:3,1
DA:4,1
DA:5,1
DA:6,1
DA:8,1
DA:9,1
DA:10,1
DA:11,1
DA:12,1
DA:13,1
DA:14,1
DA:16,17
DA:17,32
DA:18,32
DA:19,31
DA:21,31
DA:22,11
DA:25,31
DA:26,0
DA:27,0
DA:28,0
DA:31,0
DA:34,31
DA:35,0
DA:36,0
DA:37,0
DA:40,0
DA:43,31
DA:44,0
DA:45,0
DA:46,0
DA:49,0
DA:52,31
DA:53,0
DA:54,0
DA:55,0
DA:58,31
DA:59,1
DA:69,1
DA:73,31
DA:86,11
DA:125,93
DA:134,0
DA:152,124
DA:161,0
DA:218,3
DA:219,3
DA:226,0
DA:235,11
DA:241,0
LF:50
LH:31
BRDA:27,0,0,0
BRDA:27,0,1,0
BRDA:36,1,0,0
BRDA:36,1,1,0
BRDA:45,2,0,0
BRDA:45,2,1,0
BRDA:53,3,0,0
BRDA:53,3,1,0
BRDA:73,4,0,4
BRDA:73,4,1,27
BRDA:76,5,0,5
BRDA:76,5,1,26
BRDA:76,6,0,31
BRDA:76,6,1,26
BRDA:97,7,0,31
BRDA:108,8,0,31
BRDA:127,9,0,11
BRDA:127,9,1,82
BRDA:130,10,0,93
BRDA:130,10,1,31
BRDA:130,10,2,10
BRDA:131,11,0,93
BRDA:131,11,1,31
BRDA:131,11,2,1
BRDA:132,12,0,93
BRDA:132,12,1,31
BRDA:132,12,2,0
BRDA:154,13,0,0
BRDA:154,13,1,124
BRDA:157,14,0,0
BRDA:157,14,1,124
BRDA:183,15,0,31
BRDA:183,15,1,31
BRDA:187,16,0,0
BRDA:187,16,1,31
BRDA:188,17,0,0
BRDA:188,17,1,0
BRDA:215,18,0,31
BRDA:219,19,0,3
BRDA:219,19,1,0
BRF:40
BRH:25
end_of_record
TN:
SF:src/components/TaskModal.tsx
FN:39,TaskModal
FN:45,(anonymous_2)
FN:51,(anonymous_3)
FN:58,(anonymous_4)
FN:63,(anonymous_5)
FN:89,(anonymous_6)
FN:90,(anonymous_7)
FN:92,(anonymous_8)
FN:97,(anonymous_9)
FN:107,(anonymous_10)
FN:114,(anonymous_11)
FN:115,(anonymous_12)
FN:117,(anonymous_13)
FN:121,(anonymous_14)
FN:122,(anonymous_15)
FN:124,(anonymous_16)
FN:146,(anonymous_17)
FN:146,(anonymous_18)
FN:158,(anonymous_19)
FN:158,(anonymous_20)
FN:170,(anonymous_21)
FN:170,(anonymous_22)
FN:188,(anonymous_23)
FN:188,(anonymous_24)
FN:220,(anonymous_25)
FN:220,(anonymous_26)
FN:230,(anonymous_27)
FN:260,(anonymous_28)
FN:260,(anonymous_29)
FN:279,(anonymous_30)
FN:279,(anonymous_31)
FN:300,(anonymous_32)
FN:300,(anonymous_33)
FN:316,(anonymous_34)
FN:326,(anonymous_35)
FN:340,(anonymous_36)
FN:345,(anonymous_37)
FN:358,(anonymous_38)
FN:368,(anonymous_39)
FN:370,(anonymous_40)
FNF:40
FNH:15
FNDA:134,TaskModal
FNDA:33,(anonymous_2)
FNDA:14,(anonymous_3)
FNDA:1,(anonymous_4)
FNDA:3,(anonymous_5)
FNDA:3,(anonymous_6)
FNDA:3,(anonymous_7)
FNDA:0,(anonymous_8)
FNDA:0,(anonymous_9)
FNDA:0,(anonymous_10)
FNDA:0,(anonymous_11)
FNDA:0,(anonymous_12)
FNDA:0,(anonymous_13)
FNDA:0,(anonymous_14)
FNDA:0,(anonymous_15)
FNDA:0,(anonymous_16)
FNDA:45,(anonymous_17)
FNDA:45,(anonymous_18)
FNDA:20,(anonymous_19)
FNDA:20,(anonymous_20)
FNDA:0,(anonymous_21)
FNDA:0,(anonymous_22)
FNDA:0,(anonymous_23)
FNDA:0,(anonymous_24)
FNDA:0,(anonymous_25)
FNDA:0,(anonymous_26)
FNDA:244,(anonymous_27)
FNDA:0,(anonymous_28)
FNDA:0,(anonymous_29)
FNDA:0,(anonymous_30)
FNDA:0,(anonymous_31)
FNDA:0,(anonymous_32)
FNDA:0,(anonymous_33)
FNDA:366,(anonymous_34)
FNDA:3,(anonymous_35)
FNDA:42,(anonymous_36)
FNDA:0,(anonymous_37)
FNDA:0,(anonymous_38)
FNDA:0,(anonymous_39)
FNDA:0,(anonymous_40)
DA:3,3
DA:5,3
DA:6,3
DA:7,3
DA:8,3
DA:9,3
DA:10,3
DA:11,3
DA:12,3
DA:13,3
DA:14,3
DA:15,3
DA:16,3
DA:17,3
DA:18,3
DA:19,3
DA:28,3
DA:39,33
DA:40,134
DA:41,134
DA:42,134
DA:43,134
DA:45,134
DA:46,33
DA:47,11
DA:51,14
DA:53,22
DA:54,22
DA:58,134
DA:59,1
DA:61,1
DA:63,1
DA:64,3
DA:67,1
DA:85,1
DA:86,1
DA:89,134
DA:90,3
DA:91,3
DA:92,0
DA:97,134
DA:98,0
DA:100,0
DA:107,0
DA:111,0
DA:114,134
DA:115,0
DA:117,0
DA:121,134
DA:122,0
DA:125,0
DA:146,45
DA:158,20
DA:170,0
DA:188,0
DA:220,0
DA:231,244
DA:260,0
DA:279,0
DA:300,0
DA:317,366
DA:326,3
DA:341,42
DA:345,0
DA:358,0
DA:368,0
DA:370,0
LF:67
LH:48
BRDA:46,0,0,11
BRDA:46,0,1,22
BRDA:61,1,0,0
BRDA:68,2,0,1
BRDA:68,2,1,1
BRDA:70,3,0,1
BRDA:70,3,1,1
BRDA:78,4,0,1
BRDA:78,4,1,0
BRDA:79,5,0,1
BRDA:79,5,1,0
BRDA:80,6,0,1
BRDA:80,6,1,0
BRDA:81,7,0,1
BRDA:81,7,1,1
BRDA:91,8,0,0
BRDA:91,8,1,3
BRDA:98,9,0,0
BRDA:109,10,0,0
BRDA:109,10,1,0
BRDA:117,11,0,0
BRDA:117,11,1,0
BRDA:124,12,0,0
BRDA:124,12,1,0
BRDA:125,13,0,0
BRDA:125,13,1,0
BRDA:135,14,0,35
BRDA:135,14,1,99
BRDA:145,15,0,134
BRDA:145,15,1,78
BRDA:157,16,0,134
BRDA:157,16,1,89
BRDA:219,17,0,134
BRDA:219,17,1,113
BRDA:222,18,0,0
BRDA:222,18,1,0
BRDA:249,19,0,134
BRDA:249,19,1,113
BRDA:253,20,0,21
BRDA:253,20,1,113
BRDA:278,21,0,134
BRDA:278,21,1,113
BRDA:281,22,0,0
BRDA:281,22,1,0
BRDA:289,23,0,134
BRDA:299,24,0,35
BRDA:299,24,1,15
BRDA:302,25,0,0
BRDA:302,25,1,0
BRDA:319,26,0,46
BRDA:319,26,1,320
BRDA:322,27,0,46
BRDA:322,27,1,320
BRDA:350,28,0,42
BRDA:350,28,1,21
BRDA:370,29,0,0
BRDA:370,29,1,0
BRDA:385,30,0,35
BRDA:385,30,1,99
BRF:59
BRH:37
end_of_record
TN:
SF:src/components/TeamManagement.tsx
FN:28,TeamManagement
FN:65,(anonymous_2)
FN:67,(anonymous_3)
FN:86,(anonymous_4)
FN:89,(anonymous_5)
FN:96,(anonymous_6)
FN:102,(anonymous_7)
FN:106,(anonymous_8)
FN:107,(anonymous_9)
FN:110,(anonymous_10)
FN:111,(anonymous_11)
FN:112,(anonymous_12)
FN:113,(anonymous_13)
FN:126,(anonymous_14)
FN:139,(anonymous_15)
FN:151,(anonymous_16)
FN:161,(anonymous_17)
FN:170,(anonymous_18)
FN:178,(anonymous_19)
FN:190,(anonymous_20)
FN:201,(anonymous_21)
FN:270,(anonymous_22)
FN:279,(anonymous_23)
FN:295,(anonymous_24)
FN:308,(anonymous_25)
FN:317,(anonymous_26)
FN:325,(anonymous_27)
FN:332,(anonymous_28)
FN:344,(anonymous_29)
FN:347,(anonymous_30)
FNF:30
FNH:1
FNDA:6,TeamManagement
FNDA:0,(anonymous_2)
FNDA:0,(anonymous_3)
FNDA:0,(anonymous_4)
FNDA:0,(anonymous_5)
FNDA:0,(anonymous_6)
FNDA:0,(anonymous_7)
FNDA:0,(anonymous_8)
FNDA:0,(anonymous_9)
FNDA:0,(anonymous_10)
FNDA:0,(anonymous_11)
FNDA:0,(anonymous_12)
FNDA:0,(anonymous_13)
FNDA:0,(anonymous_14)
FNDA:0,(anonymous_15)
FNDA:0,(anonymous_16)
FNDA:0,(anonymous_17)
FNDA:0,(anonymous_18)
FNDA:0,(anonymous_19)
FNDA:0,(anonymous_20)
FNDA:0,(anonymous_21)
FNDA:0,(anonymous_22)
FNDA:0,(anonymous_23)
FNDA:0,(anonymous_24)
FNDA:0,(anonymous_25)
FNDA:0,(anonymous_26)
FNDA:0,(anonymous_27)
FNDA:0,(anonymous_28)
FNDA:0,(anonymous_29)
FNDA:0,(anonymous_30)
DA:3,1
DA:4,1
DA:5,1
DA:6,1
DA:7,1
DA:8,1
DA:9,1
DA:10,1
DA:11,1
DA:12,1
DA:25,1
DA:28,3
DA:29,6
DA:30,6
DA:31,6
DA:32,6
DA:33,6
DA:41,6
DA:53,3
DA:65,0
DA:66,0
DA:67,0
DA:68,0
DA:76,0
DA:81,0
DA:82,0
DA:86,0
DA:87,0
DA:90,0
DA:93,0
DA:96,0
DA:98,0
DA:100,0
DA:102,0
DA:106,0
DA:107,0
DA:108,0
DA:110,0
DA:111,0
DA:112,0
DA:113,0
DA:127,0
DA:128,0
DA:139,0
DA:151,0
DA:161,0
DA:170,0
DA:178,0
DA:190,0
DA:202,0
DA:203,0
DA:205,0
DA:270,0
DA:279,0
DA:295,0
DA:308,0
DA:317,0
DA:325,0
DA:332,0
DA:344,0
DA:347,0
LF:61
LH:19
BRDA:41,0,0,3
BRDA:53,1,0,3
BRDA:66,2,0,0
BRDA:66,3,0,0
BRDA:66,3,1,0
BRDA:66,3,2,0
BRDA:90,4,0,0
BRDA:90,4,1,0
BRDA:98,5,0,0
BRDA:206,6,0,0
BRDA:206,6,1,0
BRDA:220,7,0,0
BRDA:226,8,0,0
BRDA:265,9,0,0
BRDA:298,10,0,0
BRF:15
BRH:2
end_of_record
TN:
SF:src/components/UserSelector.tsx
FN:20,UserSelector
FN:30,(anonymous_2)
FN:33,(anonymous_3)
FN:51,(anonymous_4)
FN:74,(anonymous_5)
FN:82,(anonymous_6)
FN:85,(anonymous_7)
FN:91,(anonymous_8)
FNF:8
FNH:0
FNDA:0,UserSelector
FNDA:0,(anonymous_2)
FNDA:0,(anonymous_3)
FNDA:0,(anonymous_4)
FNDA:0,(anonymous_5)
FNDA:0,(anonymous_6)
FNDA:0,(anonymous_7)
FNDA:0,(anonymous_8)
DA:4,1
DA:5,1
DA:6,1
DA:7,1
DA:8,1
DA:9,1
DA:10,1
DA:20,0
DA:26,0
DA:27,0
DA:29,0
DA:30,0
DA:33,0
DA:34,0
DA:36,0
DA:39,0
DA:51,0
DA:74,0
DA:83,0
DA:85,0
DA:91,0
LF:21
LH:7
BRDA:23,0,0,0
BRDA:24,1,0,0
BRDA:29,2,0,0
BRDA:29,2,1,0
BRDA:34,3,0,0
BRDA:47,4,0,0
BRDA:55,5,0,0
BRDA:72,6,0,0
BRDA:75,7,0,0
BRDA:75,7,1,0
BRDA:86,8,0,0
BRDA:86,8,1,0
BRDA:97,9,0,0
BRDA:108,10,0,0
BRF:14
BRH:0
end_of_record
TN:
SF:src/components/ui/alert.tsx
FNF:0
FNH:0
DA:1,1
DA:2,1
DA:4,1
DA:6,1
DA:33,1
DA:45,1
DA:57,1
DA:59,1
LF:8
LH:8
BRF:0
BRH:0
end_of_record
TN:
SF:src/components/ui/avatar.tsx
FNF:0
FNH:0
DA:1,6
DA:2,6
DA:4,6
DA:19,6
DA:31,6
DA:46,6
DA:48,56
LF:7
LH:7
BRF:0
BRH:0
end_of_record
TN:
SF:src/components/ui/badge.tsx
FN:36,Badge
FNF:1
FNH:1
FNDA:894,Badge
DA:1,13
DA:2,13
DA:4,13
DA:6,13
DA:42,1256
LF:5
LH:5
BRF:0
BRH:0
end_of_record
TN:
SF:src/components/ui/button.tsx
FN:43,(anonymous_6)
FNF:1
FNH:1
FNDA:1498,(anonymous_6)
DA:1,12
DA:2,12
DA:3,12
DA:5,12
DA:7,12
DA:42,12
DA:44,1498
DA:54,12
DA:56,1687
LF:9
LH:9
BRDA:43,0,0,1498
BRDA:44,1,0,0
BRDA:44,1,1,1498
BRF:3
BRH:2
end_of_record
TN:
SF:src/components/ui/calendar.tsx
FN:10,Calendar
FNF:1
FNH:0
FNDA:0,Calendar
DA:1,4
DA:2,4
DA:3,4
DA:5,4
DA:6,4
DA:62,4
DA:64,165
LF:7
LH:7
BRDA:13,0,0,0
BRF:1
BRH:0
end_of_record
TN:
SF:src/components/ui/card.tsx
FNF:0
FNH:0
DA:1,9
DA:3,9
DA:18,9
DA:30,9
DA:45,9
DA:57,9
DA:65,9
DA:77,9
DA:79,468
LF:9
LH:9
BRF:0
BRH:0
end_of_record
TN:
SF:src/components/ui/command.tsx
FN:28,(anonymous_14)
FN:129,(anonymous_21)
FNF:2
FNH:0
FNDA:0,(anonymous_14)
FNDA:0,(anonymous_21)
DA:3,0
DA:5,0
DA:6,0
DA:8,0
DA:9,0
DA:24,0
DA:28,0
DA:57,0
DA:70,0
DA:83,0
DA:99,0
DA:111,0
DA:127,0
DA:129,0
DA:143,0
DA:146,0
DA:147,0
DA:148,0
DA:149,0
DA:150,0
DA:151,0
DA:152,0
DA:153,0
DA:154,0
LF:24
LH:0
BRF:0
BRH:0
end_of_record
TN:
SF:src/components/ui/dialog.tsx
FNF:0
FNH:0
DA:1,4
DA:2,4
DA:3,4
DA:5,4
DA:7,4
DA:9,4
DA:11,4
DA:13,4
DA:28,4
DA:52,4
DA:66,4
DA:80,4
DA:95,4
DA:107,4
DA:110,465
DA:111,0
DA:112,0
DA:113,0
DA:114,0
DA:115,465
DA:116,134
DA:117,0
DA:118,134
DA:119,0
LF:24
LH:18
BRF:0
BRH:0
end_of_record
TN:
SF:src/components/ui/dropdown-menu.tsx
FN:169,(anonymous_27)
FNF:1
FNH:0
FNDA:0,(anonymous_27)
DA:1,5
DA:2,5
DA:3,5
DA:5,5
DA:7,5
DA:9,5
DA:11,5
DA:13,5
DA:15,5
DA:17,5
DA:38,5
DA:54,5
DA:73,5
DA:91,5
DA:114,5
DA:137,5
DA:155,5
DA:167,5
DA:169,5
DA:180,5
DA:183,60
DA:184,60
DA:185,60
DA:186,120
DA:187,0
DA:188,0
DA:189,0
DA:190,0
DA:191,0
DA:192,0
DA:193,0
DA:194,0
DA:195,0
DA:196,0
DA:197,0
LF:35
LH:24
BRDA:29,0,0,0
BRDA:29,0,1,0
BRDA:60,1,0,4
BRDA:85,2,0,0
BRDA:85,2,1,0
BRDA:149,3,0,0
BRDA:149,3,1,0
BRF:7
BRH:1
end_of_record
TN:
SF:src/components/ui/input.tsx
FN:9,(anonymous_4)
FNF:1
FNH:1
FNDA:881,(anonymous_4)
DA:1,9
DA:3,9
DA:8,9
DA:23,9
DA:25,1116
LF:5
LH:5
BRF:0
BRH:0
end_of_record
TN:
SF:src/components/ui/label.tsx
FNF:0
FNH:0
DA:1,5
DA:2,5
DA:3,5
DA:5,5
DA:7,5
DA:22,5
DA:24,1345
LF:7
LH:7
BRF:0
BRH:0
end_of_record
TN:
SF:src/components/ui/popover.tsx
FNF:0
FNH:0
DA:1,6
DA:2,6
DA:4,6
DA:6,6
DA:8,6
DA:27,6
DA:29,497
LF:7
LH:7
BRDA:13,0,0,0
BRDA:13,1,0,448
BRF:2
BRH:1
end_of_record
TN:
SF:src/components/ui/progress.tsx
FNF:0
FNH:0
DA:1,0
DA:2,0
DA:4,0
DA:24,0
DA:26,0
LF:5
LH:0
BRDA:20,0,0,0
BRDA:20,0,1,0
BRF:2
BRH:0
end_of_record
TN:
SF:src/components/ui/select.tsx
FNF:0
FNH:0
DA:1,6
DA:2,6
DA:3,6
DA:5,6
DA:7,6
DA:9,6
DA:11,6
DA:31,6
DA:48,6
DA:65,6
DA:98,6
DA:110,6
DA:133,6
DA:145,6
DA:148,563
DA:149,0
DA:150,563
DA:151,563
DA:152,563
DA:153,0
DA:154,1920
DA:155,0
DA:156,0
DA:157,0
LF:24
LH:19
BRDA:71,0,0,509
BRDA:77,1,0,509
BRDA:77,1,1,509
BRDA:88,2,0,509
BRDA:88,2,1,509
BRF:5
BRH:5
end_of_record
TN:
SF:src/components/ui/separator.tsx
FNF:0
FNH:0
DA:1,5
DA:2,5
DA:4,5
DA:27,5
DA:29,228
LF:5
LH:5
BRDA:11,0,0,176
BRDA:11,1,0,176
BRDA:20,2,0,176
BRDA:20,2,1,0
BRF:4
BRH:3
end_of_record
TN:
SF:src/components/ui/switch.tsx
FNF:0
FNH:0
DA:3,1
DA:4,1
DA:6,1
DA:27,1
DA:29,32
LF:5
LH:5
BRF:0
BRH:0
end_of_record
TN:
SF:src/components/ui/table.tsx
FNF:0
FNH:0
DA:1,1
DA:3,1
DA:17,1
DA:25,1
DA:37,1
DA:52,1
DA:67,1
DA:82,1
DA:94,1
DA:106,1
DA:109,83
DA:110,83
DA:111,83
DA:112,0
DA:113,498
DA:114,166
DA:115,498
DA:116,0
LF:18
LH:16
BRF:0
BRH:0
end_of_record
TN:
SF:src/components/ui/tabs.tsx
FNF:0
FNH:0
DA:1,0
DA:2,0
DA:4,0
DA:6,0
DA:21,0
DA:36,0
DA:51,0
DA:53,0
LF:8
LH:0
BRF:0
BRH:0
end_of_record
TN:
SF:src/components/ui/textarea.tsx
FN:9,(anonymous_4)
FNF:1
FNH:1
FNDA:116,(anonymous_4)
DA:1,4
DA:3,4
DA:8,4
DA:22,4
DA:24,134
LF:5
LH:5
BRF:0
BRH:0
end_of_record
TN:
SF:src/components/ui/toast.tsx
FN:49,(anonymous_12)
FNF:1
FNH:0
FNDA:0,(anonymous_12)
DA:1,0
DA:2,0
DA:3,0
DA:4,0
DA:6,0
DA:8,0
DA:23,0
DA:25,0
DA:45,0
DA:58,0
DA:73,0
DA:91,0
DA:103,0
DA:115,0
DA:124,0
DA:125,0
DA:126,0
DA:127,0
DA:128,0
DA:129,0
DA:130,0
LF:21
LH:0
BRF:0
BRH:0
end_of_record
TN:
SF:src/components/ui/toaster.tsx
FN:13,Toaster
FN:18,(anonymous_2)
FNF:2
FNH:0
FNDA:0,Toaster
FNDA:0,(anonymous_2)
DA:10,0
DA:11,0
DA:13,0
DA:14,0
DA:19,0
LF:5
LH:0
BRDA:22,0,0,0
BRDA:23,1,0,0
BRF:2
BRH:0
end_of_record
TN:
SF:src/contexts/AuthContext.tsx
FN:36,authReducer
FN:71,AuthProvider
FN:75,(anonymous_10)
FN:86,(anonymous_11)
FN:103,(anonymous_12)
FN:117,(anonymous_13)
FN:118,(anonymous_14)
FN:126,(anonymous_15)
FN:130,(anonymous_16)
FN:136,(anonymous_17)
FN:156,useAuth
FNF:11
FNH:11
FNDA:48,authReducer
FNDA:78,AuthProvider
FNDA:30,(anonymous_10)
FNDA:11,(anonymous_11)
FNDA:49,(anonymous_12)
FNDA:16,(anonymous_13)
FNDA:40,(anonymous_14)
FNDA:3,(anonymous_15)
FNDA:5,(anonymous_16)
FNDA:1,(anonymous_17)
FNDA:451,useAuth
DA:3,6
DA:17,6
DA:24,6
DA:37,48
DA:39,16
DA:46,3
DA:53,29
DA:58,0
DA:62,6
DA:71,31
DA:72,78
DA:75,78
DA:76,30
DA:77,0
DA:78,0
DA:81,30
DA:82,30
DA:83,30
DA:84,3
DA:86,11
DA:87,2
DA:88,1
DA:90,1
DA:91,1
DA:94,27
DA:97,1
DA:98,1
DA:103,78
DA:104,49
DA:106,49
DA:107,49
DA:108,16
DA:110,33
DA:113,0
DA:117,78
DA:118,40
DA:119,16
DA:120,15
DA:121,15
DA:123,1
DA:126,78
DA:127,3
DA:130,78
DA:131,5
DA:132,3
DA:133,2
DA:136,78
DA:137,1
DA:138,1
DA:139,1
DA:156,452
DA:157,451
DA:158,451
DA:159,44
DA:161,407
DA:164,17
LF:56
LH:52
BRDA:37,0,0,16
BRDA:37,0,1,3
BRDA:37,0,2,29
BRDA:37,0,3,0
BRDA:76,1,0,0
BRDA:83,2,0,3
BRDA:83,2,1,27
BRDA:86,3,0,11
BRDA:86,3,1,1
BRDA:87,4,0,1
BRDA:87,4,1,1
BRDA:104,5,0,0
BRDA:107,6,0,16
BRDA:107,6,1,33
BRDA:119,7,0,15
BRDA:131,8,0,2
BRDA:132,9,0,1
BRDA:137,10,0,0
BRDA:138,11,0,0
BRDA:158,12,0,44
BRF:20
BRH:15
end_of_record
TN:
SF:src/contexts/TaskContext.backup.tsx
FN:1946,taskReducer
FN:1957,(anonymous_8)
FN:1967,(anonymous_9)
FN:1973,(anonymous_10)
FN:1998,(anonymous_11)
FN:2008,(anonymous_12)
FN:2022,TaskProvider
FN:2029,(anonymous_14)
FN:2038,(anonymous_15)
FN:2060,(anonymous_16)
FN:2069,(anonymous_17)
FN:2078,(anonymous_18)
FN:2088,(anonymous_19)
FN:2103,(anonymous_20)
FN:2125,useTask
FNF:15
FNH:0
FNDA:0,taskReducer
FNDA:0,(anonymous_8)
FNDA:0,(anonymous_9)
FNDA:0,(anonymous_10)
FNDA:0,(anonymous_11)
FNDA:0,(anonymous_12)
FNDA:0,TaskProvider
FNDA:0,(anonymous_14)
FNDA:0,(anonymous_15)
FNDA:0,(anonymous_16)
FNDA:0,(anonymous_17)
FNDA:0,(anonymous_18)
FNDA:0,(anonymous_19)
FNDA:0,(anonymous_20)
FNDA:0,useTask
DA:3,0
DA:21,0
DA:60,0
DA:1947,0
DA:1949,0
DA:1952,0
DA:1955,0
DA:1958,0
DA:1965,0
DA:1967,0
DA:1971,0
DA:1974,0
DA:1981,0
DA:1984,0
DA:1987,0
DA:1990,0
DA:1993,0
DA:1996,0
DA:1999,0
DA:2006,0
DA:2008,0
DA:2012,0
DA:2016,0
DA:2022,0
DA:2023,0
DA:2029,0
DA:2030,0
DA:2032,0
DA:2033,0
DA:2034,0
DA:2035,0
DA:2037,0
DA:2038,0
DA:2044,0
DA:2047,0
DA:2048,0
DA:2051,0
DA:2052,0
DA:2055,0
DA:2060,0
DA:2061,0
DA:2062,0
DA:2063,0
DA:2065,0
DA:2069,0
DA:2070,0
DA:2071,0
DA:2072,0
DA:2074,0
DA:2078,0
DA:2079,0
DA:2080,0
DA:2081,0
DA:2083,0
DA:2088,0
DA:2089,0
DA:2091,0
DA:2092,0
DA:2095,0
DA:2096,0
DA:2099,0
DA:2100,0
DA:2103,0
DA:2104,0
DA:2107,0
DA:2108,0
DA:2111,0
DA:2112,0
DA:2115,0
DA:2125,0
DA:2126,0
DA:2127,0
DA:2128,0
DA:2130,0
LF:74
LH:0
BRDA:1947,0,0,0
BRDA:1947,0,1,0
BRDA:1947,0,2,0
BRDA:1947,0,3,0
BRDA:1947,0,4,0
BRDA:1947,0,5,0
BRDA:1947,0,6,0
BRDA:1947,0,7,0
BRDA:1947,0,8,0
BRDA:1947,0,9,0
BRDA:1947,0,10,0
BRDA:1947,0,11,0
BRDA:1947,0,12,0
BRDA:1958,1,0,0
BRDA:1958,1,1,0
BRDA:1974,2,0,0
BRDA:1974,2,1,0
BRDA:1999,3,0,0
BRDA:1999,3,1,0
BRDA:2030,4,0,0
BRDA:2037,5,0,0
BRDA:2042,6,0,0
BRDA:2042,6,1,0
BRDA:2047,7,0,0
BRDA:2051,8,0,0
BRDA:2061,9,0,0
BRDA:2070,10,0,0
BRDA:2079,11,0,0
BRDA:2091,12,0,0
BRDA:2091,13,0,0
BRDA:2091,13,1,0
BRDA:2095,14,0,0
BRDA:2095,15,0,0
BRDA:2095,15,1,0
BRDA:2095,16,0,0
BRDA:2095,16,1,0
BRDA:2099,17,0,0
BRDA:2099,18,0,0
BRDA:2099,18,1,0
BRDA:2103,19,0,0
BRDA:2103,20,0,0
BRDA:2103,20,1,0
BRDA:2107,21,0,0
BRDA:2107,22,0,0
BRDA:2107,22,1,0
BRDA:2107,22,2,0
BRDA:2111,23,0,0
BRDA:2111,24,0,0
BRDA:2111,24,1,0
BRDA:2111,24,2,0
BRDA:2127,25,0,0
BRF:51
BRH:0
end_of_record
TN:
SF:src/contexts/TaskContext.tsx
FN:39,taskReducer
FN:55,(anonymous_8)
FN:58,(anonymous_9)
FN:64,(anonymous_10)
FN:74,(anonymous_11)
FN:95,(anonymous_12)
FN:107,(anonymous_13)
FN:115,(anonymous_14)
FN:154,(anonymous_15)
FN:166,(anonymous_16)
FN:181,convertSupabaseTask
FN:201,convertTaskToSupabase
FN:211,(anonymous_19)
FN:236,TaskProvider
FN:244,(anonymous_21)
FN:251,(anonymous_22)
FN:257,(anonymous_23)
FN:258,(anonymous_24)
FN:263,(anonymous_25)
FN:264,(anonymous_26)
FN:268,(anonymous_27)
FN:278,(anonymous_28)
FN:285,(anonymous_29)
FN:292,(anonymous_30)
FN:316,(anonymous_31)
FN:339,(anonymous_32)
FN:361,(anonymous_33)
FN:397,(anonymous_34)
FN:427,(anonymous_35)
FN:438,(anonymous_36)
FN:458,(anonymous_37)
FN:467,(anonymous_38)
FN:493,(anonymous_39)
FN:506,(anonymous_40)
FN:508,(anonymous_41)
FN:509,(anonymous_42)
FN:540,(anonymous_43)
FN:554,(anonymous_44)
FN:567,(anonymous_45)
FN:588,(anonymous_46)
FN:590,(anonymous_47)
FN:591,(anonymous_48)
FN:595,(anonymous_49)
FN:619,(anonymous_50)
FN:627,(anonymous_51)
FN:648,(anonymous_52)
FN:685,(anonymous_53)
FN:715,(anonymous_54)
FN:737,(anonymous_55)
FN:753,(anonymous_56)
FN:756,(anonymous_57)
FN:795,useTask
FNF:52
FNH:25
FNDA:82,taskReducer
FNDA:10,(anonymous_8)
FNDA:9,(anonymous_9)
FNDA:10,(anonymous_10)
FNDA:9,(anonymous_11)
FNDA:8,(anonymous_12)
FNDA:3,(anonymous_13)
FNDA:0,(anonymous_14)
FNDA:0,(anonymous_15)
FNDA:0,(anonymous_16)
FNDA:0,convertSupabaseTask
FNDA:0,convertTaskToSupabase
FNDA:0,(anonymous_19)
FNDA:94,TaskProvider
FNDA:35,(anonymous_21)
FNDA:35,(anonymous_22)
FNDA:35,(anonymous_23)
FNDA:40,(anonymous_24)
FNDA:35,(anonymous_25)
FNDA:0,(anonymous_26)
FNDA:0,(anonymous_27)
FNDA:35,(anonymous_28)
FNDA:70,(anonymous_29)
FNDA:35,(anonymous_30)
FNDA:70,(anonymous_31)
FNDA:0,(anonymous_32)
FNDA:0,(anonymous_33)
FNDA:0,(anonymous_34)
FNDA:35,(anonymous_35)
FNDA:0,(anonymous_36)
FNDA:0,(anonymous_37)
FNDA:0,(anonymous_38)
FNDA:0,(anonymous_39)
FNDA:12,(anonymous_40)
FNDA:6,(anonymous_41)
FNDA:6,(anonymous_42)
FNDA:8,(anonymous_43)
FNDA:0,(anonymous_44)
FNDA:1,(anonymous_45)
FNDA:0,(anonymous_46)
FNDA:0,(anonymous_47)
FNDA:0,(anonymous_48)
FNDA:0,(anonymous_49)
FNDA:0,(anonymous_50)
FNDA:0,(anonymous_51)
FNDA:0,(anonymous_52)
FNDA:0,(anonymous_53)
FNDA:0,(anonymous_54)
FNDA:42,(anonymous_55)
FNDA:0,(anonymous_56)
FNDA:0,(anonymous_57)
FNDA:1007,useTask
DA:3,16
DA:5,16
DA:6,16
DA:25,16
DA:42,82
DA:44,9
DA:45,9
DA:46,9
DA:50,10
DA:52,9
DA:55,10
DA:58,9
DA:61,9
DA:64,9
DA:65,10
DA:66,10
DA:67,7
DA:69,3
DA:74,9
DA:75,9
DA:76,1
DA:80,9
DA:81,9
DA:82,9
DA:85,1
DA:88,12
DA:89,12
DA:90,12
DA:93,8
DA:96,8
DA:101,8
DA:102,8
DA:105,1
DA:107,3
DA:109,1
DA:110,1
DA:113,0
DA:116,0
DA:121,0
DA:122,0
DA:125,0
DA:126,0
DA:127,0
DA:130,27
DA:131,27
DA:134,15
DA:135,15
DA:138,0
DA:141,0
DA:147,0
DA:148,0
DA:149,0
DA:152,0
DA:155,0
DA:160,0
DA:161,0
DA:164,0
DA:166,0
DA:168,0
DA:169,0
DA:172,0
DA:173,0
DA:176,0
DA:182,0
DA:202,0
DA:211,0
DA:218,96
DA:236,40
DA:237,94
DA:238,94
DA:239,94
DA:240,94
DA:241,94
DA:244,94
DA:245,35
DA:246,35
DA:247,35
DA:251,94
DA:252,35
DA:253,35
DA:254,35
DA:257,35
DA:258,40
DA:263,94
DA:264,35
DA:265,0
DA:268,35
DA:269,0
DA:272,35
DA:273,35
DA:276,35
DA:278,35
DA:279,35
DA:280,35
DA:285,94
DA:286,70
DA:287,35
DA:292,94
DA:293,35
DA:294,35
DA:295,34
DA:296,34
DA:297,34
DA:299,34
DA:300,9
DA:302,34
DA:303,27
DA:305,34
DA:306,15
DA:308,34
DA:309,0
DA:312,1
DA:316,94
DA:317,70
DA:318,70
DA:321,70
DA:322,70
DA:323,70
DA:324,70
DA:328,0
DA:333,0
DA:334,0
DA:335,0
DA:336,0
DA:337,0
DA:339,0
DA:351,0
DA:356,0
DA:357,0
DA:358,0
DA:359,0
DA:361,0
DA:370,0
DA:375,0
DA:376,0
DA:378,0
DA:380,0
DA:387,0
DA:392,0
DA:393,0
DA:394,0
DA:395,0
DA:397,0
DA:414,0
DA:415,0
DA:416,0
DA:417,0
DA:420,0
DA:421,0
DA:423,70
DA:427,94
DA:428,35
DA:430,35
DA:431,15
DA:434,20
DA:436,20
DA:439,0
DA:444,0
DA:445,0
DA:453,20
DA:456,20
DA:459,0
DA:464,0
DA:465,0
DA:467,0
DA:485,20
DA:487,0
DA:490,20
DA:493,94
DA:494,0
DA:496,0
DA:497,0
DA:498,0
DA:500,0
DA:502,0
DA:506,94
DA:508,12
DA:509,12
DA:510,6
DA:512,12
DA:521,12
DA:524,12
DA:525,0
DA:526,0
DA:530,0
DA:531,0
DA:535,0
DA:540,94
DA:542,8
DA:545,8
DA:546,0
DA:547,0
DA:554,0
DA:558,0
DA:559,0
DA:562,0
DA:567,94
DA:569,1
DA:572,1
DA:573,0
DA:574,0
DA:579,0
DA:580,0
DA:583,0
DA:588,94
DA:590,0
DA:591,0
DA:592,0
DA:595,0
DA:596,0
DA:600,0
DA:603,0
DA:604,0
DA:605,0
DA:610,0
DA:611,0
DA:614,0
DA:619,94
DA:621,0
DA:624,0
DA:625,0
DA:627,0
DA:632,0
DA:633,0
DA:638,0
DA:639,0
DA:643,0
DA:648,94
DA:649,0
DA:657,0
DA:660,0
DA:661,0
DA:662,0
DA:676,0
DA:677,0
DA:680,0
DA:685,94
DA:687,0
DA:690,0
DA:691,0
DA:692,0
DA:706,0
DA:707,0
DA:710,0
DA:715,94
DA:717,0
DA:720,0
DA:721,0
DA:722,0
DA:727,0
DA:728,0
DA:731,0
DA:737,94
DA:738,42
DA:740,42
DA:741,0
DA:744,42
DA:745,0
DA:748,42
DA:749,0
DA:752,42
DA:753,0
DA:754,0
DA:756,0
DA:757,0
DA:761,42
DA:762,0
DA:765,42
DA:766,0
DA:769,42
DA:795,1012
DA:796,1007
DA:797,1006
DA:798,0
DA:800,1006
LF:275
LH:133
BRDA:42,0,0,9
BRDA:42,0,1,10
BRDA:42,0,2,12
BRDA:42,0,3,8
BRDA:42,0,4,1
BRDA:42,0,5,0
BRDA:42,0,6,0
BRDA:42,0,7,27
BRDA:42,0,8,15
BRDA:42,0,9,0
BRDA:42,0,10,0
BRDA:42,0,11,0
BRDA:42,0,12,0
BRDA:42,0,13,0
BRDA:42,0,14,0
BRDA:42,0,15,0
BRDA:50,1,0,9
BRDA:66,2,0,7
BRDA:66,2,1,3
BRDA:66,3,0,10
BRDA:66,3,1,8
BRDA:75,4,0,1
BRDA:96,5,0,8
BRDA:96,5,1,0
BRDA:116,6,0,0
BRDA:116,6,1,0
BRDA:155,7,0,0
BRDA:155,7,1,0
BRDA:185,8,0,0
BRDA:185,8,1,0
BRDA:189,9,0,0
BRDA:189,9,1,0
BRDA:193,10,0,0
BRDA:193,10,1,0
BRDA:194,11,0,0
BRDA:194,11,1,0
BRDA:195,12,0,0
BRDA:195,12,1,0
BRDA:196,13,0,0
BRDA:196,13,1,0
BRDA:211,14,0,0
BRDA:211,14,1,0
BRDA:211,15,0,0
BRDA:211,15,1,0
BRDA:212,16,0,0
BRDA:212,16,1,0
BRDA:213,17,0,0
BRDA:213,17,1,0
BRDA:214,18,0,0
BRDA:214,18,1,0
BRDA:286,19,0,35
BRDA:286,20,0,70
BRDA:286,20,1,35
BRDA:299,21,0,9
BRDA:302,22,0,27
BRDA:305,23,0,15
BRDA:308,24,0,0
BRDA:321,25,0,70
BRDA:321,26,0,70
BRDA:321,26,1,40
BRDA:321,26,2,0
BRDA:333,27,0,0
BRDA:333,27,1,0
BRDA:336,28,0,0
BRDA:336,29,0,0
BRDA:336,29,1,0
BRDA:356,30,0,0
BRDA:356,30,1,0
BRDA:358,31,0,0
BRDA:358,32,0,0
BRDA:358,32,1,0
BRDA:375,33,0,0
BRDA:375,33,1,0
BRDA:378,34,0,0
BRDA:392,35,0,0
BRDA:392,35,1,0
BRDA:394,36,0,0
BRDA:394,37,0,0
BRDA:394,37,1,0
BRDA:401,38,0,0
BRDA:401,38,1,0
BRDA:402,39,0,0
BRDA:402,39,1,0
BRDA:403,40,0,0
BRDA:403,40,1,0
BRDA:404,41,0,0
BRDA:404,41,1,0
BRDA:405,42,0,0
BRDA:405,42,1,0
BRDA:406,43,0,0
BRDA:406,43,1,0
BRDA:414,44,0,0
BRDA:414,45,0,0
BRDA:414,45,1,0
BRDA:430,46,0,15
BRDA:444,47,0,0
BRDA:464,48,0,0
BRDA:471,49,0,0
BRDA:471,49,1,0
BRDA:472,50,0,0
BRDA:472,50,1,0
BRDA:473,51,0,0
BRDA:473,51,1,0
BRDA:474,52,0,0
BRDA:474,52,1,0
BRDA:475,53,0,0
BRDA:475,53,1,0
BRDA:476,54,0,0
BRDA:476,54,1,0
BRDA:494,55,0,0
BRDA:510,56,0,6
BRDA:510,56,1,0
BRDA:524,57,0,0
BRDA:524,58,0,12
BRDA:524,58,1,0
BRDA:530,59,0,0
BRDA:545,60,0,0
BRDA:545,61,0,8
BRDA:545,61,1,0
BRDA:554,62,0,0
BRDA:554,62,1,0
BRDA:558,63,0,0
BRDA:572,64,0,0
BRDA:572,65,0,1
BRDA:572,65,1,0
BRDA:579,66,0,0
BRDA:592,67,0,0
BRDA:592,67,1,0
BRDA:596,68,0,0
BRDA:596,68,1,0
BRDA:603,69,0,0
BRDA:603,70,0,0
BRDA:603,70,1,0
BRDA:610,71,0,0
BRDA:624,72,0,0
BRDA:624,73,0,0
BRDA:624,73,1,0
BRDA:638,74,0,0
BRDA:660,75,0,0
BRDA:668,76,0,0
BRDA:668,76,1,0
BRDA:669,77,0,0
BRDA:669,77,1,0
BRDA:670,78,0,0
BRDA:670,78,1,0
BRDA:671,79,0,0
BRDA:671,79,1,0
BRDA:672,80,0,0
BRDA:672,80,1,0
BRDA:673,81,0,0
BRDA:673,81,1,0
BRDA:676,82,0,0
BRDA:690,83,0,0
BRDA:690,84,0,0
BRDA:690,84,1,0
BRDA:706,85,0,0
BRDA:720,86,0,0
BRDA:720,87,0,0
BRDA:720,87,1,0
BRDA:727,88,0,0
BRDA:740,89,0,0
BRDA:740,90,0,42
BRDA:740,90,1,0
BRDA:744,91,0,0
BRDA:744,92,0,42
BRDA:744,92,1,0
BRDA:744,93,0,0
BRDA:744,93,1,0
BRDA:748,94,0,0
BRDA:748,95,0,42
BRDA:748,95,1,0
BRDA:752,96,0,0
BRDA:754,97,0,0
BRDA:754,97,1,0
BRDA:756,98,0,0
BRDA:761,99,0,0
BRDA:761,100,0,42
BRDA:761,100,1,0
BRDA:761,100,2,0
BRDA:765,101,0,0
BRDA:765,102,0,42
BRDA:765,102,1,0
BRDA:765,102,2,0
BRDA:797,103,0,0
BRF:184
BRH:33
end_of_record
TN:
SF:src/hooks/use-toast.ts
FN:29,genId
FN:60,(anonymous_8)
FN:65,(anonymous_9)
FN:76,(anonymous_10)
FN:87,(anonymous_11)
FN:98,(anonymous_12)
FN:105,(anonymous_13)
FN:124,(anonymous_14)
FN:133,dispatch
FN:135,(anonymous_16)
FN:142,toast
FN:145,(anonymous_18)
FN:150,(anonymous_19)
FN:158,(anonymous_20)
FN:171,useToast
FN:174,(anonymous_22)
FN:176,(anonymous_23)
FN:187,(anonymous_24)
FNF:18
FNH:0
FNDA:0,genId
FNDA:0,(anonymous_8)
FNDA:0,(anonymous_9)
FNDA:0,(anonymous_10)
FNDA:0,(anonymous_11)
FNDA:0,(anonymous_12)
FNDA:0,(anonymous_13)
FNDA:0,(anonymous_14)
FNDA:0,dispatch
FNDA:0,(anonymous_16)
FNDA:0,toast
FNDA:0,(anonymous_18)
FNDA:0,(anonymous_19)
FNDA:0,(anonymous_20)
FNDA:0,useToast
FNDA:0,(anonymous_22)
FNDA:0,(anonymous_23)
FNDA:0,(anonymous_24)
DA:3,0
DA:10,0
DA:11,0
DA:20,0
DA:27,0
DA:30,0
DA:31,0
DA:58,0
DA:60,0
DA:61,0
DA:62,0
DA:65,0
DA:66,0
DA:67,0
DA:73,0
DA:76,0
DA:77,0
DA:79,0
DA:85,0
DA:88,0
DA:93,0
DA:95,0
DA:96,0
DA:98,0
DA:99,0
DA:103,0
DA:106,0
DA:116,0
DA:117,0
DA:122,0
DA:124,0
DA:129,0
DA:131,0
DA:134,0
DA:135,0
DA:136,0
DA:143,0
DA:145,0
DA:146,0
DA:150,0
DA:152,0
DA:159,0
DA:164,0
DA:172,0
DA:174,0
DA:175,0
DA:176,0
DA:177,0
DA:178,0
DA:179,0
DA:184,0
DA:187,0
DA:191,0
LF:53
LH:0
BRDA:61,0,0,0
BRDA:77,1,0,0
BRDA:77,1,1,0
BRDA:77,1,2,0
BRDA:77,1,3,0
BRDA:88,2,0,0
BRDA:88,2,1,0
BRDA:95,3,0,0
BRDA:95,3,1,0
BRDA:106,4,0,0
BRDA:106,4,1,0
BRDA:106,5,0,0
BRDA:106,5,1,0
BRDA:116,6,0,0
BRDA:159,7,0,0
BRDA:178,8,0,0
BRF:16
BRH:0
end_of_record
TN:
SF:src/lib/localStorage.ts
FN:15,(anonymous_1)
FN:27,(anonymous_2)
FN:39,(anonymous_3)
FN:50,(anonymous_4)
FN:52,(anonymous_5)
FN:60,(anonymous_6)
FN:61,(anonymous_7)
FN:71,(anonymous_8)
FN:75,(anonymous_9)
FN:80,(anonymous_10)
FN:84,(anonymous_11)
FN:89,(anonymous_12)
FN:91,(anonymous_13)
FN:98,(anonymous_14)
FN:99,(anonymous_15)
FN:108,(anonymous_16)
FN:113,(anonymous_17)
FN:118,(anonymous_18)
FN:121,(anonymous_19)
FN:131,(anonymous_20)
FNF:20
FNH:20
FNDA:310,(anonymous_1)
FNDA:200,(anonymous_2)
FNDA:109,(anonymous_3)
FNDA:34,(anonymous_4)
FNDA:113,(anonymous_5)
FNDA:29,(anonymous_6)
FNDA:139,(anonymous_7)
FNDA:59,(anonymous_8)
FNDA:37,(anonymous_9)
FNDA:58,(anonymous_10)
FNDA:37,(anonymous_11)
FNDA:25,(anonymous_12)
FNDA:4,(anonymous_13)
FNDA:4,(anonymous_14)
FNDA:4,(anonymous_15)
FNDA:24,(anonymous_16)
FNDA:2,(anonymous_17)
FNDA:1,(anonymous_18)
FNDA:5,(anonymous_19)
FNDA:32,(anonymous_20)
DA:5,17
DA:13,243
DA:16,310
DA:17,310
DA:18,310
DA:19,307
DA:20,307
DA:22,3
DA:28,200
DA:30,199
DA:31,199
DA:32,199
DA:34,1
DA:35,1
DA:40,109
DA:42,107
DA:43,107
DA:45,0
DA:51,34
DA:52,113
DA:61,139
DA:67,29
DA:72,59
DA:76,37
DA:81,58
DA:85,37
DA:90,25
DA:91,25
DA:99,4
DA:104,4
DA:109,24
DA:110,24
DA:114,2
DA:119,1
DA:121,1
DA:122,5
DA:123,5
DA:125,0
DA:133,32
DA:134,18
DA:160,18
DA:164,32
DA:165,18
DA:172,18
LF:44
LH:42
BRDA:28,0,0,1
BRDA:32,1,0,80
BRDA:32,1,1,119
BRDA:40,2,0,2
BRDA:56,3,0,108
BRDA:56,3,1,5
BRDA:110,4,0,1
BRDA:110,4,1,23
BRDA:119,5,0,0
BRDA:133,6,0,18
BRDA:164,7,0,18
BRF:11
BRH:10
end_of_record
TN:
SF:src/lib/natural-language-parser.ts
FN:13,parseNaturalLanguageTask
FN:22,(anonymous_4)
FN:23,(anonymous_5)
FN:47,(anonymous_6)
FNF:4
FNH:4
FNDA:300,parseNaturalLanguageTask
FNDA:71,(anonymous_4)
FNDA:71,(anonymous_5)
FNDA:75,(anonymous_6)
DA:13,300
DA:14,300
DA:15,300
DA:20,300
DA:21,300
DA:22,71
DA:23,45
DA:24,71
DA:29,300
DA:31,300
DA:32,91
DA:33,91
DA:34,86
DA:35,5
DA:36,3
DA:37,2
DA:38,2
DA:40,91
DA:44,300
DA:45,300
DA:46,61
DA:48,75
DA:51,61
DA:52,49
DA:55,61
DA:59,300
DA:60,300
DA:61,36
DA:62,36
DA:64,36
DA:65,1
DA:66,35
DA:67,30
DA:68,5
DA:69,1
DA:70,1
DA:71,4
DA:72,1
DA:73,1
DA:74,3
DA:75,2
DA:76,2
DA:77,2
DA:78,2
DA:79,2
DA:82,1
DA:83,1
DA:84,1
DA:87,36
DA:91,300
DA:92,300
DA:93,28
DA:94,28
DA:96,28
DA:97,26
DA:98,2
DA:99,2
DA:101,28
DA:106,300
DA:107,300
DA:108,6
DA:109,6
DA:110,5
DA:111,3
DA:112,2
DA:114,6
DA:118,300
DA:120,300
DA:124,4
LF:69
LH:69
BRDA:21,0,0,45
BRDA:21,1,0,300
BRDA:21,1,1,45
BRDA:29,2,0,300
BRDA:29,2,1,247
BRDA:31,3,0,91
BRDA:33,4,0,86
BRDA:33,4,1,5
BRDA:33,5,0,91
BRDA:33,5,1,22
BRDA:33,5,2,21
BRDA:35,6,0,3
BRDA:35,6,1,2
BRDA:35,7,0,5
BRDA:35,7,1,4
BRDA:35,7,2,3
BRDA:37,8,0,2
BRDA:37,9,0,2
BRDA:37,9,1,1
BRDA:45,10,0,61
BRDA:48,11,0,75
BRDA:48,11,1,26
BRDA:51,12,0,49
BRDA:60,13,0,36
BRDA:64,14,0,1
BRDA:64,14,1,35
BRDA:66,15,0,30
BRDA:66,15,1,5
BRDA:68,16,0,1
BRDA:68,16,1,4
BRDA:69,17,0,1
BRDA:69,17,1,0
BRDA:71,18,0,1
BRDA:71,18,1,3
BRDA:74,19,0,2
BRDA:74,19,1,1
BRDA:78,20,0,2
BRDA:78,20,1,0
BRDA:83,21,0,1
BRDA:92,22,0,28
BRDA:96,23,0,26
BRDA:96,23,1,2
BRDA:98,24,0,2
BRDA:107,25,0,6
BRDA:109,26,0,1
BRDA:109,26,1,5
BRDA:110,27,0,2
BRDA:110,27,1,3
BRDA:111,28,0,1
BRDA:111,28,1,2
BRDA:112,29,0,2
BRDA:112,30,0,2
BRDA:112,30,1,1
BRDA:118,31,0,300
BRDA:118,31,1,1
BRF:55
BRH:53
end_of_record
TN:
SF:src/lib/supabase.ts
FNF:0
FNH:0
DA:1,14
DA:3,14
DA:4,14
DA:7,45
LF:4
LH:4
BRDA:3,0,0,14
BRDA:3,0,1,14
BRDA:4,1,0,14
BRDA:4,1,1,14
BRDA:7,2,0,0
BRDA:7,2,1,14
BRDA:7,3,0,14
BRDA:7,3,1,0
BRF:8
BRH:6
end_of_record
TN:
SF:src/lib/utils.ts
FN:4,cn
FN:8,formatDate
FN:24,getPriorityColor
FN:35,getStatusColor
FNF:4
FNH:3
FNDA:14220,cn
FNDA:56,formatDate
FNDA:120,getPriorityColor
FNDA:0,getStatusColor
DA:1,13
DA:2,13
DA:4,14220
DA:5,14220
DA:8,56
DA:9,56
DA:11,56
DA:12,56
DA:13,56
DA:15,56
DA:16,56
DA:17,52
DA:18,52
DA:19,52
DA:21,52
DA:24,120
DA:25,120
DA:27,12
DA:29,108
DA:31,0
DA:35,0
DA:36,0
DA:38,0
DA:40,0
DA:42,0
DA:44,0
DA:46,0
LF:27
LH:19
BRDA:9,0,0,0
BRDA:15,1,0,0
BRDA:16,2,0,4
BRDA:17,3,0,0
BRDA:18,4,0,0
BRDA:18,5,0,52
BRDA:18,5,1,48
BRDA:19,6,0,0
BRDA:19,7,0,52
BRDA:19,7,1,4
BRDA:25,8,0,12
BRDA:25,8,1,108
BRDA:25,8,2,0
BRDA:36,9,0,0
BRDA:36,9,1,0
BRDA:36,9,2,0
BRDA:36,9,3,0
BRDA:36,9,4,0
BRF:18
BRH:7
end_of_record
