TN:
SF:src/app/layout.tsx
FN:15,RootLayout
FNF:1
FNH:0
FNDA:0,RootLayout
DA:2,0
DA:3,0
DA:4,0
DA:5,0
DA:6,0
DA:8,0
DA:10,0
DA:15,0
LF:8
LH:0
BRF:0
BRH:0
end_of_record
TN:
SF:src/app/page 2.tsx
FN:18,Home
FN:42,(anonymous_2)
FNF:2
FNH:0
FNDA:0,Home
FNDA:0,(anonymous_2)
DA:3,0
DA:4,0
DA:5,0
DA:6,0
DA:7,0
DA:8,0
DA:9,0
DA:10,0
DA:11,0
DA:12,0
DA:13,0
DA:14,0
DA:15,0
DA:16,0
DA:18,0
DA:19,0
DA:20,0
DA:22,0
DA:33,0
DA:34,0
DA:42,0
LF:21
LH:0
BRDA:22,0,0,0
BRDA:33,1,0,0
BRDA:54,2,0,0
BRDA:54,2,1,0
BRDA:58,3,0,0
BRF:5
BRH:0
end_of_record
TN:
SF:src/app/page.tsx
FN:18,Home
FN:42,(anonymous_2)
FNF:2
FNH:0
FNDA:0,Home
FNDA:0,(anonymous_2)
DA:3,0
DA:4,0
DA:5,0
DA:6,0
DA:7,0
DA:8,0
DA:9,0
DA:10,0
DA:11,0
DA:12,0
DA:13,0
DA:14,0
DA:15,0
DA:16,0
DA:18,0
DA:19,0
DA:20,0
DA:22,0
DA:33,0
DA:34,0
DA:42,0
LF:21
LH:0
BRDA:22,0,0,0
BRDA:33,1,0,0
BRDA:54,2,0,0
BRDA:54,2,1,0
BRDA:58,3,0,0
BRF:5
BRH:0
end_of_record
TN:
SF:src/components/CalendarView.tsx
FN:22,CalendarView
FN:34,(anonymous_2)
FN:37,(anonymous_3)
FN:51,(anonymous_4)
FN:57,(anonymous_5)
FN:83,(anonymous_6)
FN:88,(anonymous_7)
FN:97,(anonymous_8)
FN:107,(anonymous_9)
FN:108,(anonymous_10)
FN:124,(anonymous_11)
FN:132,(anonymous_12)
FN:139,(anonymous_13)
FN:158,(anonymous_14)
FN:167,(anonymous_15)
FN:182,(anonymous_16)
FN:189,(anonymous_17)
FN:190,(anonymous_18)
FN:201,(anonymous_19)
FN:242,(anonymous_20)
FN:243,(anonymous_21)
FN:250,(anonymous_22)
FN:291,(anonymous_23)
FN:313,(anonymous_24)
FN:354,(anonymous_25)
FN:360,(anonymous_26)
FN:368,(anonymous_27)
FN:381,(anonymous_28)
FNF:28
FNH:28
FNDA:42,CalendarView
FNDA:24,(anonymous_2)
FNDA:71,(anonymous_3)
FNDA:32,(anonymous_4)
FNDA:1,(anonymous_5)
FNDA:1,(anonymous_6)
FNDA:130,(anonymous_7)
FNDA:130,(anonymous_8)
FNDA:168,(anonymous_9)
FNDA:168,(anonymous_10)
FNDA:1,(anonymous_11)
FNDA:1,(anonymous_12)
FNDA:1,(anonymous_13)
FNDA:294,(anonymous_14)
FNDA:168,(anonymous_15)
FNDA:8,(anonymous_16)
FNDA:123,(anonymous_17)
FNDA:203,(anonymous_18)
FNDA:3,(anonymous_19)
FNDA:7,(anonymous_20)
FNDA:8,(anonymous_21)
FNDA:1,(anonymous_22)
FNDA:7,(anonymous_23)
FNDA:1,(anonymous_24)
FNDA:125,(anonymous_25)
FNDA:125,(anonymous_26)
FNDA:125,(anonymous_27)
FNDA:1,(anonymous_28)
DA:3,1
DA:4,1
DA:6,1
DA:7,1
DA:9,1
DA:10,1
DA:18,1
DA:19,1
DA:20,1
DA:22,24
DA:23,42
DA:24,42
DA:25,42
DA:26,42
DA:27,42
DA:29,42
DA:30,42
DA:31,42
DA:34,42
DA:35,24
DA:37,24
DA:38,71
DA:39,71
DA:40,71
DA:41,67
DA:43,71
DA:47,24
DA:51,42
DA:52,32
DA:53,8
DA:54,8
DA:57,42
DA:58,1
DA:59,1
DA:61,1
DA:64,0
DA:79,1
DA:83,42
DA:84,1
DA:85,1
DA:88,42
DA:89,130
DA:90,89
DA:91,41
DA:92,0
DA:93,0
DA:97,42
DA:98,130
DA:99,89
DA:100,41
DA:101,0
DA:102,0
DA:103,0
DA:107,168
DA:108,168
DA:124,1
DA:132,1
DA:139,1
DA:159,294
DA:168,168
DA:169,168
DA:170,168
DA:172,168
DA:182,8
DA:190,203
DA:191,123
DA:193,123
DA:202,3
DA:203,3
DA:204,3
DA:243,8
DA:244,7
DA:246,7
DA:251,1
DA:252,1
DA:292,7
DA:315,1
DA:329,1
DA:354,125
DA:360,125
DA:369,125
DA:382,1
DA:383,1
LF:83
LH:77
BRDA:38,0,0,71
BRDA:40,1,0,67
BRDA:52,2,0,24
BRDA:54,3,0,8
BRDA:54,3,1,2
BRDA:59,4,0,1
BRDA:59,4,1,0
BRDA:59,5,0,1
BRDA:59,5,1,1
BRDA:89,6,0,89
BRDA:89,6,1,41
BRDA:89,6,2,0
BRDA:89,6,3,0
BRDA:98,7,0,89
BRDA:98,7,1,41
BRDA:98,7,2,0
BRDA:98,7,3,0
BRDA:98,7,4,0
BRDA:108,8,0,168
BRDA:108,8,1,40
BRDA:169,9,0,168
BRDA:169,9,1,47
BRDA:178,10,0,168
BRDA:178,10,1,0
BRDA:179,11,0,168
BRDA:179,11,1,42
BRDA:180,12,0,168
BRDA:180,12,1,10
BRDA:191,13,0,123
BRDA:191,13,1,123
BRDA:191,13,2,83
BRDA:199,14,0,123
BRDA:199,14,1,83
BRDA:215,15,0,168
BRDA:236,16,0,10
BRDA:236,16,1,32
BRDA:241,17,0,10
BRDA:241,18,0,7
BRDA:241,18,1,3
BRDA:244,19,0,7
BRDA:244,19,1,7
BRDA:244,19,2,6
BRDA:256,20,0,7
BRDA:256,20,1,6
BRDA:273,21,0,7
BRDA:281,22,0,7
BRDA:289,23,0,7
BRDA:369,24,0,125
BRDA:369,24,1,125
BRDA:369,24,2,85
BRDA:386,25,0,42
BRDA:386,25,1,37
BRF:52
BRH:45
end_of_record
TN:
SF:src/components/CommandPalette.tsx
FN:34,CommandPalette
FN:40,(anonymous_2)
FN:48,(anonymous_3)
FN:58,(anonymous_4)
FN:59,(anonymous_5)
FN:60,(anonymous_6)
FN:95,(anonymous_7)
FN:100,(anonymous_8)
FN:107,(anonymous_9)
FN:122,(anonymous_10)
FN:132,(anonymous_11)
FN:141,(anonymous_12)
FN:156,(anonymous_13)
FN:166,(anonymous_14)
FN:176,(anonymous_15)
FN:188,(anonymous_16)
FN:189,(anonymous_17)
FN:195,(anonymous_18)
FN:199,(anonymous_19)
FN:214,(anonymous_20)
FN:218,(anonymous_21)
FN:222,(anonymous_22)
FN:231,(anonymous_23)
FN:232,(anonymous_24)
FN:242,(anonymous_25)
FN:292,(anonymous_26)
FN:309,(anonymous_27)
FNF:27
FNH:21
FNDA:331,CommandPalette
FNDA:171,(anonymous_2)
FNDA:171,(anonymous_3)
FNDA:3,(anonymous_4)
FNDA:2,(anonymous_5)
FNDA:3,(anonymous_6)
FNDA:98,(anonymous_7)
FNDA:37,(anonymous_8)
FNDA:0,(anonymous_9)
FNDA:0,(anonymous_10)
FNDA:0,(anonymous_11)
FNDA:0,(anonymous_12)
FNDA:1,(anonymous_13)
FNDA:0,(anonymous_14)
FNDA:0,(anonymous_15)
FNDA:175,(anonymous_16)
FNDA:159,(anonymous_17)
FNDA:3,(anonymous_18)
FNDA:1,(anonymous_19)
FNDA:175,(anonymous_20)
FNDA:171,(anonymous_21)
FNDA:122,(anonymous_22)
FNDA:66,(anonymous_23)
FNDA:66,(anonymous_24)
FNDA:151,(anonymous_25)
FNDA:82,(anonymous_26)
FNDA:579,(anonymous_27)
DA:3,2
DA:4,2
DA:5,2
DA:6,2
DA:7,2
DA:8,2
DA:25,2
DA:26,2
DA:27,2
DA:34,17
DA:35,331
DA:36,331
DA:37,331
DA:40,331
DA:41,171
DA:42,122
DA:44,49
DA:48,331
DA:49,171
DA:52,171
DA:53,122
DA:59,3
DA:60,2
DA:61,3
DA:66,3
DA:83,3
DA:84,3
DA:85,3
DA:91,171
DA:92,29
DA:94,29
DA:95,25
DA:96,98
DA:100,25
DA:101,37
DA:109,0
DA:116,29
DA:124,0
DA:133,0
DA:142,0
DA:149,171
DA:150,20
DA:157,1
DA:158,1
DA:168,0
DA:178,0
DA:184,171
DA:188,331
DA:189,175
DA:190,159
DA:192,159
DA:194,3
DA:195,3
DA:196,3
DA:198,1
DA:199,1
DA:200,1
DA:202,3
DA:203,3
DA:204,3
DA:206,3
DA:208,1
DA:209,1
DA:213,175
DA:214,175
DA:218,331
DA:219,171
DA:222,331
DA:223,122
DA:224,122
DA:225,0
DA:226,0
DA:227,0
DA:231,331
DA:232,66
DA:242,151
DA:293,82
DA:310,579
LF:78
LH:69
BRDA:41,0,0,122
BRDA:41,1,0,171
BRDA:41,1,1,151
BRDA:52,2,0,122
BRDA:59,3,0,3
BRDA:59,3,1,2
BRDA:61,4,0,3
BRDA:61,4,1,1
BRDA:70,5,0,3
BRDA:70,5,1,3
BRDA:71,6,0,3
BRDA:71,6,1,2
BRDA:91,7,0,29
BRDA:91,8,0,171
BRDA:91,8,1,151
BRDA:94,9,0,25
BRDA:96,10,0,98
BRDA:96,10,1,31
BRDA:149,11,0,20
BRDA:190,12,0,0
BRDA:192,13,0,3
BRDA:192,13,1,1
BRDA:192,13,2,3
BRDA:192,13,3,1
BRDA:203,14,0,3
BRDA:223,15,0,122
BRDA:223,15,1,0
BRDA:223,15,2,0
BRDA:223,15,3,0
BRDA:232,16,0,66
BRDA:232,16,1,0
BRDA:247,17,0,331
BRDA:255,18,0,331
BRDA:260,19,0,244
BRDA:269,20,0,244
BRDA:276,21,0,244
BRDA:283,22,0,244
BRDA:290,23,0,244
BRDA:290,23,1,54
BRDA:308,24,0,331
BRDA:313,25,0,331
BRDA:313,25,1,248
BRDA:320,26,0,579
BRDA:342,27,0,331
BRF:44
BRH:39
end_of_record
TN:
SF:src/components/DailyReport.tsx
FN:17,(anonymous_1)
FN:21,(anonymous_2)
FN:23,(anonymous_3)
FN:37,DailyReport
FN:53,(anonymous_5)
FN:63,(anonymous_6)
FN:70,(anonymous_7)
FN:88,(anonymous_8)
FN:94,(anonymous_9)
FN:95,(anonymous_10)
FN:98,(anonymous_11)
FN:99,(anonymous_12)
FN:125,(anonymous_13)
FN:135,(anonymous_14)
FN:136,(anonymous_15)
FN:156,(anonymous_16)
FN:199,(anonymous_17)
FN:265,(anonymous_18)
FN:265,(anonymous_19)
FN:280,(anonymous_20)
FN:280,(anonymous_21)
FN:295,(anonymous_22)
FN:295,(anonymous_23)
FN:306,(anonymous_24)
FN:313,(anonymous_25)
FN:337,(anonymous_26)
FNF:26
FNH:1
FNDA:0,(anonymous_1)
FNDA:0,(anonymous_2)
FNDA:0,(anonymous_3)
FNDA:178,DailyReport
FNDA:0,(anonymous_5)
FNDA:0,(anonymous_6)
FNDA:0,(anonymous_7)
FNDA:0,(anonymous_8)
FNDA:0,(anonymous_9)
FNDA:0,(anonymous_10)
FNDA:0,(anonymous_11)
FNDA:0,(anonymous_12)
FNDA:0,(anonymous_13)
FNDA:0,(anonymous_14)
FNDA:0,(anonymous_15)
FNDA:0,(anonymous_16)
FNDA:0,(anonymous_17)
FNDA:0,(anonymous_18)
FNDA:0,(anonymous_19)
FNDA:0,(anonymous_20)
FNDA:0,(anonymous_21)
FNDA:0,(anonymous_22)
FNDA:0,(anonymous_23)
FNDA:0,(anonymous_24)
FNDA:0,(anonymous_25)
FNDA:0,(anonymous_26)
DA:3,2
DA:4,2
DA:5,2
DA:7,2
DA:8,2
DA:9,2
DA:10,2
DA:11,2
DA:12,2
DA:13,2
DA:14,2
DA:17,2
DA:18,0
DA:21,0
DA:23,0
DA:24,0
DA:26,0
DA:28,0
DA:37,44
DA:38,178
DA:39,176
DA:40,0
DA:41,0
DA:42,0
DA:43,0
DA:44,0
DA:45,0
DA:46,0
DA:53,0
DA:54,0
DA:55,0
DA:56,0
DA:57,0
DA:60,0
DA:63,0
DA:64,0
DA:65,0
DA:66,0
DA:67,0
DA:70,0
DA:71,0
DA:72,0
DA:74,0
DA:75,0
DA:76,0
DA:87,0
DA:88,0
DA:89,0
DA:90,0
DA:91,0
DA:94,0
DA:95,0
DA:98,0
DA:99,0
DA:125,0
DA:135,0
DA:137,0
DA:138,0
DA:139,0
DA:141,0
DA:143,0
DA:145,0
DA:156,0
DA:200,0
DA:201,0
DA:265,0
DA:280,0
DA:295,0
DA:306,0
DA:314,0
DA:315,0
DA:316,0
DA:337,0
LF:73
LH:15
BRDA:18,0,0,0
BRDA:31,1,0,0
BRDA:31,1,1,0
BRDA:31,2,0,0
BRDA:31,2,1,0
BRDA:66,3,0,0
BRDA:66,3,1,0
BRDA:67,4,0,0
BRDA:67,4,1,0
BRDA:71,5,0,0
BRDA:71,6,0,0
BRDA:71,6,1,0
BRDA:72,7,0,0
BRDA:82,8,0,0
BRDA:82,8,1,0
BRDA:108,9,0,0
BRDA:108,9,1,0
BRDA:135,10,0,0
BRDA:135,10,1,0
BRDA:141,11,0,0
BRDA:141,11,1,0
BRDA:141,11,2,0
BRDA:143,12,0,0
BRDA:148,13,0,0
BRDA:148,13,1,0
BRDA:162,14,0,0
BRDA:168,15,0,0
BRDA:174,16,0,0
BRDA:186,17,0,0
BRDA:196,18,0,0
BRDA:196,18,1,0
BRDA:213,19,0,0
BRDA:215,20,0,0
BRDA:224,21,0,0
BRDA:233,22,0,0
BRDA:251,23,0,0
BRDA:251,23,1,0
BRDA:251,23,2,0
BRDA:251,23,3,0
BRDA:307,24,0,0
BRDA:307,24,1,0
BRDA:329,25,0,0
BRDA:329,25,1,0
BRDA:335,26,0,0
BRDA:342,27,0,0
BRDA:342,27,1,0
BRDA:347,28,0,0
BRDA:349,29,0,0
BRDA:349,29,1,0
BRF:49
BRH:0
end_of_record
TN:
SF:src/components/Header.tsx
FN:14,Header
FN:21,(anonymous_2)
FN:22,(anonymous_3)
FN:23,(anonymous_4)
FN:24,(anonymous_5)
FN:28,(anonymous_6)
FN:31,(anonymous_7)
FN:37,(anonymous_8)
FN:38,(anonymous_9)
FN:46,(anonymous_10)
FN:129,(anonymous_11)
FN:138,(anonymous_12)
FN:162,(anonymous_13)
FN:166,(anonymous_14)
FN:185,(anonymous_15)
FN:236,(anonymous_16)
FNF:16
FNH:8
FNDA:282,Header
FNDA:8,(anonymous_2)
FNDA:8,(anonymous_3)
FNDA:8,(anonymous_4)
FNDA:8,(anonymous_5)
FNDA:8,(anonymous_6)
FNDA:0,(anonymous_7)
FNDA:0,(anonymous_8)
FNDA:0,(anonymous_9)
FNDA:0,(anonymous_10)
FNDA:0,(anonymous_11)
FNDA:0,(anonymous_12)
FNDA:184,(anonymous_13)
FNDA:368,(anonymous_14)
FNDA:0,(anonymous_15)
FNDA:0,(anonymous_16)
DA:3,2
DA:4,2
DA:5,2
DA:6,2
DA:7,2
DA:8,2
DA:9,2
DA:10,2
DA:11,2
DA:12,2
DA:14,70
DA:15,282
DA:16,281
DA:17,281
DA:18,280
DA:20,280
DA:21,8
DA:22,8
DA:23,8
DA:24,8
DA:27,184
DA:28,8
DA:31,184
DA:32,0
DA:33,0
DA:37,184
DA:38,0
DA:39,0
DA:40,0
DA:41,0
DA:45,0
DA:46,0
DA:129,0
DA:138,0
DA:163,184
DA:166,368
DA:185,0
DA:236,0
LF:38
LH:26
BRDA:28,0,0,8
BRDA:28,0,1,0
BRDA:28,0,2,0
BRDA:39,1,0,0
BRDA:39,2,0,0
BRDA:39,2,1,0
BRDA:39,2,2,0
BRDA:98,3,0,8
BRDA:103,4,0,168
BRDA:106,5,0,164
BRDA:106,5,1,4
BRDA:115,6,0,184
BRDA:115,6,1,176
BRDA:148,7,0,184
BRDA:157,8,0,0
BRDA:170,9,0,184
BRDA:178,10,0,184
BRDA:194,11,0,0
BRDA:209,12,0,0
BRF:19
BRH:10
end_of_record
TN:
SF:src/components/KanbanBoard.tsx
FN:31,KanbanBoard
FN:46,(anonymous_2)
FN:48,(anonymous_3)
FN:52,(anonymous_4)
FN:56,(anonymous_5)
FN:81,(anonymous_6)
FN:103,(anonymous_7)
FN:113,(anonymous_8)
FN:121,(anonymous_9)
FN:122,(anonymous_10)
FN:131,(anonymous_11)
FN:138,(anonymous_12)
FN:139,(anonymous_13)
FN:143,(anonymous_14)
FN:153,(anonymous_15)
FN:155,(anonymous_16)
FN:156,(anonymous_17)
FN:167,(anonymous_18)
FN:175,(anonymous_19)
FN:188,(anonymous_20)
FN:214,(anonymous_21)
FN:215,(anonymous_22)
FNF:22
FNH:9
FNDA:114,KanbanBoard
FNDA:0,(anonymous_2)
FNDA:0,(anonymous_3)
FNDA:0,(anonymous_4)
FNDA:0,(anonymous_5)
FNDA:0,(anonymous_6)
FNDA:0,(anonymous_7)
FNDA:0,(anonymous_8)
FNDA:0,(anonymous_9)
FNDA:0,(anonymous_10)
FNDA:0,(anonymous_11)
FNDA:0,(anonymous_12)
FNDA:0,(anonymous_13)
FNDA:0,(anonymous_14)
FNDA:626,(anonymous_15)
FNDA:14470,(anonymous_16)
FNDA:2390,(anonymous_17)
FNDA:285,(anonymous_18)
FNDA:3,(anonymous_19)
FNDA:341,(anonymous_20)
FNDA:2,(anonymous_21)
FNDA:1,(anonymous_22)
DA:3,3
DA:13,3
DA:16,3
DA:17,3
DA:18,3
DA:19,3
DA:20,3
DA:21,3
DA:23,3
DA:31,66
DA:32,114
DA:33,114
DA:34,113
DA:36,113
DA:46,113
DA:47,0
DA:48,0
DA:49,0
DA:52,113
DA:56,113
DA:57,0
DA:60,0
DA:63,0
DA:64,0
DA:65,0
DA:68,0
DA:69,0
DA:70,0
DA:71,0
DA:74,0
DA:75,0
DA:77,0
DA:78,0
DA:81,0
DA:82,0
DA:83,0
DA:84,0
DA:87,0
DA:90,0
DA:91,0
DA:93,0
DA:94,0
DA:96,0
DA:97,0
DA:98,0
DA:100,0
DA:102,0
DA:103,0
DA:104,0
DA:108,0
DA:111,0
DA:113,0
DA:114,0
DA:116,0
DA:117,0
DA:120,0
DA:121,0
DA:122,0
DA:124,0
DA:126,0
DA:127,0
DA:128,0
DA:131,0
DA:138,0
DA:139,0
DA:140,0
DA:143,0
DA:144,0
DA:148,0
DA:153,113
DA:154,626
DA:155,14470
DA:158,2390
DA:159,2390
DA:160,2390
DA:161,388
DA:163,2002
DA:167,113
DA:168,285
DA:175,3
DA:189,341
DA:214,2
DA:216,1
DA:217,1
DA:218,1
DA:220,0
LF:86
LH:33
BRDA:49,0,0,0
BRDA:49,0,1,0
BRDA:68,1,0,0
BRDA:68,2,0,0
BRDA:68,2,1,0
BRDA:82,3,0,0
BRDA:96,4,0,0
BRDA:96,4,1,0
BRDA:100,5,0,0
BRDA:100,5,1,0
BRDA:114,6,0,0
BRDA:114,6,1,0
BRDA:116,7,0,0
BRDA:116,7,1,0
BRDA:116,8,0,0
BRDA:116,8,1,0
BRDA:124,9,0,0
BRDA:124,10,0,0
BRDA:124,10,1,0
BRDA:124,10,2,0
BRDA:140,11,0,0
BRDA:140,11,1,0
BRDA:158,12,0,2390
BRDA:158,12,1,4
BRDA:159,13,0,2390
BRDA:159,13,1,4
BRDA:160,14,0,388
BRDA:204,15,0,0
BRDA:204,15,1,57
BRF:29
BRH:6
end_of_record
TN:
SF:src/components/KanbanColumn.tsx
FN:15,KanbanColumn
FN:56,(anonymous_2)
FN:60,(anonymous_3)
FNF:3
FNH:3
FNDA:285,KanbanColumn
FNDA:1447,(anonymous_2)
FNDA:1447,(anonymous_3)
DA:3,2
DA:4,2
DA:6,2
DA:7,2
DA:15,285
DA:16,285
DA:20,285
DA:56,1447
DA:61,1447
LF:9
LH:9
BRDA:20,0,0,285
BRDA:20,0,1,0
BRDA:35,1,0,0
BRDA:35,1,1,285
BRDA:40,2,0,285
BRDA:40,2,1,0
BRDA:49,3,0,0
BRDA:49,3,1,285
BRDA:52,4,0,285
BRDA:52,4,1,0
BRDA:66,5,0,285
BRDA:69,6,0,33
BRDA:69,6,1,0
BRDA:72,7,0,0
BRDA:72,7,1,33
BRDA:74,8,0,33
BRF:16
BRH:9
end_of_record
TN:
SF:src/components/ListView.tsx
FN:42,ListView
FN:50,(anonymous_2)
FN:51,(anonymous_3)
FN:57,(anonymous_4)
FN:58,(anonymous_5)
FN:94,(anonymous_6)
FN:99,(anonymous_7)
FN:104,(anonymous_8)
FN:110,(anonymous_9)
FN:125,(anonymous_10)
FN:134,(anonymous_11)
FN:142,(anonymous_12)
FN:150,(anonymous_13)
FN:159,(anonymous_14)
FN:169,(anonymous_15)
FN:181,(anonymous_16)
FN:200,(anonymous_17)
FN:212,(anonymous_18)
FN:229,(anonymous_19)
FN:238,(anonymous_20)
FN:247,(anonymous_21)
FN:256,(anonymous_22)
FN:265,(anonymous_23)
FN:276,(anonymous_24)
FN:277,(anonymous_25)
FN:284,(anonymous_26)
FN:295,(anonymous_27)
FN:324,(anonymous_28)
FN:328,(anonymous_29)
FN:357,(anonymous_30)
FN:386,(anonymous_31)
FN:408,(anonymous_32)
FNF:32
FNH:20
FNDA:30,ListView
FNDA:25,(anonymous_2)
FNDA:48,(anonymous_3)
FNDA:0,(anonymous_4)
FNDA:0,(anonymous_5)
FNDA:25,(anonymous_6)
FNDA:68,(anonymous_7)
FNDA:90,(anonymous_8)
FNDA:0,(anonymous_9)
FNDA:3,(anonymous_10)
FNDA:1,(anonymous_11)
FNDA:0,(anonymous_12)
FNDA:83,(anonymous_13)
FNDA:83,(anonymous_14)
FNDA:415,(anonymous_15)
FNDA:0,(anonymous_16)
FNDA:1,(anonymous_17)
FNDA:83,(anonymous_18)
FNDA:3,(anonymous_19)
FNDA:0,(anonymous_20)
FNDA:0,(anonymous_21)
FNDA:0,(anonymous_22)
FNDA:0,(anonymous_23)
FNDA:83,(anonymous_24)
FNDA:137,(anonymous_25)
FNDA:3,(anonymous_26)
FNDA:57,(anonymous_27)
FNDA:0,(anonymous_28)
FNDA:0,(anonymous_29)
FNDA:112,(anonymous_30)
FNDA:0,(anonymous_31)
FNDA:1,(anonymous_32)
DA:3,1
DA:4,1
DA:6,1
DA:7,1
DA:8,1
DA:9,1
DA:16,1
DA:24,1
DA:35,1
DA:36,1
DA:37,1
DA:42,22
DA:43,30
DA:44,30
DA:45,30
DA:46,30
DA:47,30
DA:48,30
DA:50,30
DA:51,25
DA:56,48
DA:57,0
DA:58,0
DA:59,0
DA:60,0
DA:62,48
DA:63,48
DA:67,48
DA:68,38
DA:69,38
DA:73,48
DA:74,0
DA:75,0
DA:76,0
DA:80,48
DA:81,0
DA:82,0
DA:83,0
DA:86,48
DA:87,7
DA:88,0
DA:91,25
DA:94,30
DA:95,25
DA:96,0
DA:99,25
DA:102,68
DA:104,90
DA:105,68
DA:107,0
DA:108,0
DA:110,0
DA:111,0
DA:112,0
DA:114,0
DA:117,68
DA:118,68
DA:120,68
DA:121,68
DA:125,30
DA:126,3
DA:127,1
DA:129,2
DA:130,2
DA:134,30
DA:135,1
DA:136,1
DA:138,1
DA:142,30
DA:143,0
DA:144,0
DA:146,0
DA:150,30
DA:151,83
DA:152,29
DA:153,27
DA:154,27
DA:155,0
DA:159,30
DA:160,83
DA:161,29
DA:162,27
DA:163,0
DA:164,27
DA:165,0
DA:169,30
DA:170,415
DA:181,0
DA:201,1
DA:202,1
DA:213,83
DA:229,3
DA:238,0
DA:247,0
DA:256,0
DA:265,0
DA:277,137
DA:278,83
DA:280,83
DA:285,3
DA:286,3
DA:296,57
DA:324,0
DA:328,0
DA:357,112
DA:387,0
DA:388,0
DA:389,0
DA:409,1
DA:410,1
LF:110
LH:76
BRDA:56,0,0,0
BRDA:56,0,1,48
BRDA:57,1,0,0
BRDA:57,1,1,0
BRDA:58,2,0,0
BRDA:58,2,1,0
BRDA:67,3,0,38
BRDA:67,4,0,48
BRDA:67,4,1,48
BRDA:68,5,0,38
BRDA:68,5,1,0
BRDA:69,6,0,38
BRDA:69,6,1,0
BRDA:73,7,0,0
BRDA:80,8,0,0
BRDA:86,9,0,41
BRDA:86,10,0,2
BRDA:86,10,1,39
BRDA:87,11,0,7
BRDA:87,12,0,4
BRDA:87,12,1,3
BRDA:95,13,0,0
BRDA:102,14,0,68
BRDA:102,14,1,0
BRDA:102,14,2,0
BRDA:102,14,3,0
BRDA:111,15,0,0
BRDA:111,15,1,0
BRDA:117,16,0,68
BRDA:126,17,0,1
BRDA:126,17,1,2
BRDA:127,18,0,1
BRDA:127,18,1,0
BRDA:151,19,0,29
BRDA:151,19,1,27
BRDA:151,19,2,27
BRDA:151,19,3,0
BRDA:160,20,0,29
BRDA:160,20,1,27
BRDA:160,20,2,0
BRDA:160,20,3,27
BRDA:160,20,4,0
BRDA:170,21,0,406
BRDA:171,22,0,6
BRDA:195,23,0,28
BRDA:195,23,1,2
BRDA:214,24,0,83
BRDA:278,25,0,83
BRDA:278,25,1,56
BRDA:278,25,2,56
BRDA:292,26,0,83
BRDA:292,26,1,56
BRDA:293,27,0,83
BRDA:305,28,0,56
BRDA:313,29,0,83
BRDA:353,30,0,56
BRDA:369,31,0,56
BRDA:371,32,0,56
BRDA:371,32,1,0
BRDA:413,33,0,30
BRDA:413,33,1,27
BRF:61
BRH:41
end_of_record
TN:
SF:src/components/LoginForm.tsx
FN:12,LoginForm
FN:18,(anonymous_2)
FN:76,(anonymous_3)
FN:104,(anonymous_4)
FN:107,(anonymous_5)
FNF:5
FNH:5
FNDA:344,LoginForm
FNDA:18,(anonymous_2)
FNDA:298,(anonymous_3)
FNDA:3096,(anonymous_4)
FNDA:1,(anonymous_5)
DA:3,1
DA:4,1
DA:5,1
DA:6,1
DA:7,1
DA:8,1
DA:9,1
DA:10,1
DA:12,27
DA:13,344
DA:14,344
DA:15,344
DA:16,344
DA:18,344
DA:19,18
DA:20,18
DA:21,18
DA:23,18
DA:24,6
DA:25,6
DA:26,6
DA:29,12
DA:30,3
DA:31,3
DA:32,3
DA:35,9
DA:36,9
DA:37,2
DA:40,9
DA:43,344
DA:76,298
DA:105,3096
DA:107,1
LF:33
LH:33
BRDA:23,0,0,6
BRDA:29,1,0,3
BRDA:36,2,0,2
BRDA:83,3,0,344
BRDA:94,4,0,0
BRDA:94,4,1,344
BRF:6
BRH:5
end_of_record
TN:
SF:src/components/QuickAssigneeFilter.tsx
FN:11,QuickAssigneeFilter
FN:18,(anonymous_2)
FN:22,(anonymous_3)
FN:38,(anonymous_4)
FN:45,(anonymous_5)
FN:47,(anonymous_6)
FN:76,(anonymous_7)
FN:85,(anonymous_8)
FN:94,(anonymous_9)
FNF:9
FNH:9
FNDA:29,QuickAssigneeFilter
FNDA:86,(anonymous_2)
FNDA:5,(anonymous_3)
FNDA:2,(anonymous_4)
FNDA:83,(anonymous_5)
FNDA:249,(anonymous_6)
FNDA:83,(anonymous_7)
FNDA:5,(anonymous_8)
FNDA:171,(anonymous_9)
DA:3,1
DA:4,1
DA:5,1
DA:6,1
DA:7,1
DA:8,1
DA:9,1
DA:11,29
DA:12,29
DA:13,29
DA:15,29
DA:18,29
DA:19,86
DA:22,29
DA:23,5
DA:24,5
DA:26,5
DA:27,4
DA:29,1
DA:32,5
DA:38,29
DA:39,2
DA:45,29
DA:47,249
DA:50,29
DA:51,2
DA:77,83
DA:78,83
DA:80,83
DA:85,5
DA:94,171
LF:31
LH:31
BRDA:19,0,0,83
BRDA:19,0,1,3
BRDA:26,1,0,4
BRDA:26,1,1,1
BRDA:50,2,0,2
BRDA:64,3,0,18
BRDA:64,3,1,9
BRDA:83,4,0,10
BRDA:83,4,1,73
BRDA:88,5,0,83
BRDA:88,5,1,10
BRDA:100,6,0,83
BRDA:105,7,0,10
BRDA:105,7,1,73
BRDA:108,8,0,10
BRDA:108,8,1,73
BRDA:118,9,0,27
BRDA:131,10,0,27
BRDA:133,11,0,8
BRDA:133,11,1,1
BRF:20
BRH:20
end_of_record
TN:
SF:src/components/QuickTaskInput.tsx
FN:21,QuickTaskInput
FN:28,(anonymous_2)
FN:37,(anonymous_3)
FN:44,(anonymous_4)
FN:45,(anonymous_5)
FN:75,(anonymous_6)
FN:84,(anonymous_7)
FN:85,(anonymous_8)
FN:95,(anonymous_9)
FN:96,(anonymous_10)
FN:172,(anonymous_11)
FNF:11
FNH:11
FNDA:301,QuickTaskInput
FNDA:149,(anonymous_2)
FNDA:5,(anonymous_3)
FNDA:2,(anonymous_4)
FNDA:3,(anonymous_5)
FNDA:39,(anonymous_6)
FNDA:17,(anonymous_7)
FNDA:17,(anonymous_8)
FNDA:129,(anonymous_9)
FNDA:9,(anonymous_10)
FNDA:36,(anonymous_11)
DA:3,3
DA:4,3
DA:5,3
DA:6,3
DA:7,3
DA:8,3
DA:9,3
DA:10,3
DA:12,3
DA:13,3
DA:14,3
DA:21,199
DA:22,301
DA:23,301
DA:24,301
DA:25,301
DA:26,301
DA:28,301
DA:29,149
DA:30,129
DA:31,129
DA:33,20
DA:37,301
DA:38,5
DA:39,5
DA:41,5
DA:44,5
DA:45,2
DA:46,3
DA:51,5
DA:68,5
DA:69,5
DA:70,5
DA:71,5
DA:72,5
DA:75,301
DA:76,39
DA:77,39
DA:78,0
DA:79,0
DA:80,0
DA:84,301
DA:85,17
DA:95,129
DA:96,9
DA:173,36
LF:46
LH:43
BRDA:29,0,0,129
BRDA:29,0,1,20
BRDA:39,1,0,0
BRDA:44,2,0,5
BRDA:44,2,1,4
BRDA:46,3,0,3
BRDA:46,3,1,1
BRDA:55,4,0,5
BRDA:55,4,1,5
BRDA:56,5,0,5
BRDA:56,5,1,5
BRDA:76,6,0,39
BRDA:76,6,1,0
BRDA:76,6,2,0
BRDA:76,6,3,0
BRDA:85,7,0,17
BRDA:85,7,1,0
BRDA:134,8,0,301
BRDA:134,8,1,276
BRDA:134,8,2,249
BRDA:140,9,0,249
BRDA:149,10,0,249
BRDA:156,11,0,249
BRDA:163,12,0,249
BRDA:170,13,0,249
BRDA:170,13,1,23
BRDA:181,14,0,249
BRDA:181,14,1,0
BRF:28
BRH:22
end_of_record
TN:
SF:src/components/Settings.tsx
FN:31,Settings
FN:56,(anonymous_2)
FN:68,(anonymous_3)
FN:73,(anonymous_4)
FN:77,(anonymous_5)
FN:81,(anonymous_6)
FN:101,(anonymous_7)
FN:108,(anonymous_8)
FN:109,(anonymous_9)
FN:115,(anonymous_10)
FN:116,(anonymous_11)
FN:122,(anonymous_12)
FN:123,(anonymous_13)
FN:222,(anonymous_14)
FN:233,(anonymous_15)
FN:244,(anonymous_16)
FN:255,(anonymous_17)
FN:275,(anonymous_18)
FN:291,(anonymous_19)
FN:307,(anonymous_20)
FN:324,(anonymous_21)
FN:353,(anonymous_22)
FN:369,(anonymous_23)
FNF:23
FNH:3
FNDA:15,Settings
FNDA:7,(anonymous_2)
FNDA:1,(anonymous_3)
FNDA:0,(anonymous_4)
FNDA:0,(anonymous_5)
FNDA:0,(anonymous_6)
FNDA:0,(anonymous_7)
FNDA:0,(anonymous_8)
FNDA:0,(anonymous_9)
FNDA:0,(anonymous_10)
FNDA:0,(anonymous_11)
FNDA:0,(anonymous_12)
FNDA:0,(anonymous_13)
FNDA:0,(anonymous_14)
FNDA:0,(anonymous_15)
FNDA:0,(anonymous_16)
FNDA:0,(anonymous_17)
FNDA:0,(anonymous_18)
FNDA:0,(anonymous_19)
FNDA:0,(anonymous_20)
FNDA:0,(anonymous_21)
FNDA:0,(anonymous_22)
FNDA:0,(anonymous_23)
DA:3,1
DA:4,1
DA:5,1
DA:6,1
DA:7,1
DA:8,1
DA:9,1
DA:10,1
DA:11,1
DA:12,1
DA:13,1
DA:14,1
DA:29,1
DA:31,7
DA:32,15
DA:33,15
DA:35,15
DA:54,15
DA:56,15
DA:58,7
DA:59,7
DA:60,0
DA:61,0
DA:63,0
DA:68,15
DA:69,1
DA:70,1
DA:71,1
DA:72,1
DA:73,1
DA:75,0
DA:76,0
DA:77,0
DA:81,15
DA:82,0
DA:90,0
DA:91,0
DA:92,0
DA:93,0
DA:94,0
DA:95,0
DA:96,0
DA:97,0
DA:98,0
DA:101,15
DA:102,0
DA:103,0
DA:104,0
DA:108,15
DA:109,0
DA:115,15
DA:116,0
DA:122,15
DA:123,0
DA:130,15
DA:222,0
DA:233,0
DA:244,0
DA:255,0
DA:275,0
DA:291,0
DA:307,0
DA:324,0
DA:353,0
DA:369,0
LF:65
LH:33
BRDA:59,0,0,0
BRDA:102,1,0,0
BRDA:130,2,0,7
BRDA:150,3,0,8
BRDA:151,4,0,8
BRDA:152,5,0,8
BRDA:157,6,0,8
BRDA:164,7,0,8
BRDA:184,8,0,8
BRDA:184,8,1,8
BRDA:188,9,0,8
BRDA:188,9,1,8
BRDA:194,10,0,8
BRDA:393,11,0,8
BRF:14
BRH:12
end_of_record
TN:
SF:src/components/SimpleModal.tsx
FN:14,SimpleModal
FN:15,(anonymous_2)
FN:22,(anonymous_3)
FNF:3
FNH:0
FNDA:0,SimpleModal
FNDA:0,(anonymous_2)
FNDA:0,(anonymous_3)
DA:3,1
DA:4,1
DA:5,1
DA:14,0
DA:15,0
DA:16,0
DA:17,0
DA:19,0
DA:22,0
DA:23,0
DA:27,0
LF:11
LH:3
BRDA:16,0,0,0
BRDA:16,0,1,0
BRDA:27,1,0,0
BRF:3
BRH:0
end_of_record
TN:
SF:src/components/TaskAnalytics.tsx
FN:21,TaskAnalytics
FN:24,(anonymous_2)
FN:26,(anonymous_3)
FN:27,(anonymous_4)
FN:29,(anonymous_5)
FN:34,(anonymous_6)
FN:35,(anonymous_7)
FN:36,(anonymous_8)
FN:40,(anonymous_9)
FN:41,(anonymous_10)
FN:42,(anonymous_11)
FN:43,(anonymous_12)
FN:45,(anonymous_13)
FN:59,(anonymous_14)
FN:60,(anonymous_15)
FN:63,(anonymous_16)
FN:65,(anonymous_17)
FN:65,(anonymous_18)
FN:66,(anonymous_19)
FN:229,(anonymous_20)
FN:260,(anonymous_21)
FN:265,(anonymous_22)
FNF:22
FNH:0
FNDA:0,TaskAnalytics
FNDA:0,(anonymous_2)
FNDA:0,(anonymous_3)
FNDA:0,(anonymous_4)
FNDA:0,(anonymous_5)
FNDA:0,(anonymous_6)
FNDA:0,(anonymous_7)
FNDA:0,(anonymous_8)
FNDA:0,(anonymous_9)
FNDA:0,(anonymous_10)
FNDA:0,(anonymous_11)
FNDA:0,(anonymous_12)
FNDA:0,(anonymous_13)
FNDA:0,(anonymous_14)
FNDA:0,(anonymous_15)
FNDA:0,(anonymous_16)
FNDA:0,(anonymous_17)
FNDA:0,(anonymous_18)
FNDA:0,(anonymous_19)
FNDA:0,(anonymous_20)
FNDA:0,(anonymous_21)
FNDA:0,(anonymous_22)
DA:3,0
DA:4,0
DA:5,0
DA:6,0
DA:7,0
DA:9,0
DA:19,0
DA:21,0
DA:22,0
DA:24,0
DA:25,0
DA:26,0
DA:27,0
DA:28,0
DA:29,0
DA:33,0
DA:34,0
DA:35,0
DA:36,0
DA:40,0
DA:41,0
DA:42,0
DA:43,0
DA:44,0
DA:45,0
DA:48,0
DA:59,0
DA:60,0
DA:63,0
DA:65,0
DA:66,0
DA:69,0
DA:76,0
DA:230,0
DA:261,0
DA:265,0
LF:36
LH:0
BRDA:29,0,0,0
BRDA:29,0,1,0
BRDA:29,0,2,0
BRDA:45,1,0,0
BRDA:45,1,1,0
BRDA:45,1,2,0
BRDA:54,2,0,0
BRDA:54,2,1,0
BRDA:59,3,0,0
BRDA:59,3,1,0
BRDA:60,4,0,0
BRDA:60,4,1,0
BRDA:81,5,0,0
BRDA:81,5,1,0
BRDA:86,6,0,0
BRDA:86,6,1,0
BRF:16
BRH:0
end_of_record
TN:
SF:src/components/TaskCard.tsx
FN:22,TaskCard
FN:44,(anonymous_2)
FN:50,(anonymous_3)
FN:54,(anonymous_4)
FN:106,(anonymous_5)
FN:138,(anonymous_6)
FN:143,(anonymous_7)
FN:148,(anonymous_8)
FN:153,(anonymous_9)
FN:164,(anonymous_10)
FN:165,(anonymous_11)
FN:168,(anonymous_12)
FN:177,(anonymous_13)
FN:197,(anonymous_14)
FN:255,(anonymous_15)
FN:260,(anonymous_16)
FN:273,(anonymous_17)
FN:295,(anonymous_18)
FN:297,(anonymous_19)
FNF:19
FNH:6
FNDA:1516,TaskCard
FNDA:1698,(anonymous_2)
FNDA:0,(anonymous_3)
FNDA:0,(anonymous_4)
FNDA:0,(anonymous_5)
FNDA:0,(anonymous_6)
FNDA:0,(anonymous_7)
FNDA:0,(anonymous_8)
FNDA:0,(anonymous_9)
FNDA:0,(anonymous_10)
FNDA:0,(anonymous_11)
FNDA:0,(anonymous_12)
FNDA:0,(anonymous_13)
FNDA:1450,(anonymous_14)
FNDA:196,(anonymous_15)
FNDA:196,(anonymous_16)
FNDA:2790,(anonymous_17)
FNDA:0,(anonymous_18)
FNDA:0,(anonymous_19)
DA:3,4
DA:4,4
DA:5,4
DA:7,4
DA:8,4
DA:9,4
DA:10,4
DA:11,4
DA:12,4
DA:13,4
DA:14,4
DA:15,4
DA:22,1465
DA:23,1516
DA:24,1516
DA:25,1516
DA:34,1516
DA:39,1504
DA:44,1698
DA:46,1504
DA:47,1504
DA:50,1504
DA:51,0
DA:54,1504
DA:56,0
DA:57,0
DA:58,0
DA:61,0
DA:62,0
DA:63,0
DA:65,0
DA:68,0
DA:71,1504
DA:107,0
DA:108,0
DA:109,0
DA:139,0
DA:140,0
DA:141,0
DA:145,0
DA:146,0
DA:150,0
DA:151,0
DA:155,0
DA:164,0
DA:165,0
DA:169,0
DA:170,0
DA:171,0
DA:177,0
DA:198,1450
DA:255,196
DA:260,196
DA:273,2790
DA:295,0
DA:298,0
DA:299,0
DA:300,0
DA:302,0
LF:59
LH:28
BRDA:22,0,0,1515
BRDA:46,1,0,1504
BRDA:46,1,1,1398
BRDA:46,1,2,4
BRDA:47,2,0,1504
BRDA:47,2,1,1398
BRDA:47,2,2,1394
BRDA:56,3,0,0
BRDA:61,4,0,0
BRDA:71,5,0,1
BRDA:71,6,0,1504
BRDA:71,6,1,1503
BRDA:81,7,0,1
BRDA:81,7,1,0
BRDA:82,8,0,1
BRDA:82,8,1,1
BRDA:83,9,0,1
BRDA:83,9,1,0
BRDA:86,10,0,1
BRDA:107,11,0,0
BRDA:107,12,0,0
BRDA:107,12,1,0
BRDA:114,13,0,1503
BRDA:114,13,1,105
BRDA:115,14,0,1503
BRDA:115,14,1,200
BRDA:116,15,0,1503
BRDA:116,15,1,1198
BRDA:117,16,0,1503
BRDA:117,16,1,4
BRDA:119,17,0,1503
BRDA:119,17,1,1503
BRDA:121,18,0,1503
BRDA:121,18,1,0
BRDA:186,19,0,1503
BRDA:195,20,0,1503
BRDA:207,21,0,1349
BRDA:224,22,0,1503
BRDA:227,23,0,4
BRDA:227,23,1,1393
BRDA:227,24,0,4
BRDA:227,24,1,1389
BRDA:236,25,0,1503
BRDA:236,25,1,1503
BRDA:240,26,0,0
BRDA:240,26,1,0
BRDA:241,27,0,0
BRDA:241,27,1,0
BRDA:249,28,0,1503
BRDA:268,29,0,1447
BRDA:283,30,0,1447
BRF:51
BRH:39
end_of_record
TN:
SF:src/components/TaskFilters.tsx
FN:16,TaskFilters
FN:21,(anonymous_2)
FN:25,(anonymous_3)
FN:28,(anonymous_4)
FN:34,(anonymous_5)
FN:37,(anonymous_6)
FN:43,(anonymous_7)
FN:46,(anonymous_8)
FN:52,(anonymous_9)
FN:58,(anonymous_10)
FN:86,(anonymous_11)
FN:124,(anonymous_12)
FN:134,(anonymous_13)
FN:151,(anonymous_14)
FN:161,(anonymous_15)
FN:217,(anonymous_16)
FN:218,(anonymous_17)
FN:226,(anonymous_18)
FN:234,(anonymous_19)
FN:241,(anonymous_20)
FNF:20
FNH:9
FNDA:32,TaskFilters
FNDA:11,(anonymous_2)
FNDA:0,(anonymous_3)
FNDA:0,(anonymous_4)
FNDA:0,(anonymous_5)
FNDA:0,(anonymous_6)
FNDA:0,(anonymous_7)
FNDA:0,(anonymous_8)
FNDA:0,(anonymous_9)
FNDA:1,(anonymous_10)
FNDA:11,(anonymous_11)
FNDA:93,(anonymous_12)
FNDA:0,(anonymous_13)
FNDA:124,(anonymous_14)
FNDA:0,(anonymous_15)
FNDA:3,(anonymous_16)
FNDA:3,(anonymous_17)
FNDA:0,(anonymous_18)
FNDA:11,(anonymous_19)
FNDA:0,(anonymous_20)
DA:3,1
DA:4,1
DA:5,1
DA:6,1
DA:8,1
DA:9,1
DA:10,1
DA:11,1
DA:12,1
DA:13,1
DA:14,1
DA:16,17
DA:17,32
DA:18,32
DA:19,31
DA:21,31
DA:22,11
DA:25,31
DA:26,0
DA:27,0
DA:28,0
DA:31,0
DA:34,31
DA:35,0
DA:36,0
DA:37,0
DA:40,0
DA:43,31
DA:44,0
DA:45,0
DA:46,0
DA:49,0
DA:52,31
DA:53,0
DA:54,0
DA:55,0
DA:58,31
DA:59,1
DA:69,1
DA:73,31
DA:86,11
DA:125,93
DA:134,0
DA:152,124
DA:161,0
DA:218,3
DA:219,3
DA:226,0
DA:235,11
DA:241,0
LF:50
LH:31
BRDA:27,0,0,0
BRDA:27,0,1,0
BRDA:36,1,0,0
BRDA:36,1,1,0
BRDA:45,2,0,0
BRDA:45,2,1,0
BRDA:53,3,0,0
BRDA:53,3,1,0
BRDA:73,4,0,4
BRDA:73,4,1,27
BRDA:76,5,0,5
BRDA:76,5,1,26
BRDA:76,6,0,31
BRDA:76,6,1,26
BRDA:97,7,0,31
BRDA:108,8,0,31
BRDA:127,9,0,11
BRDA:127,9,1,82
BRDA:130,10,0,93
BRDA:130,10,1,31
BRDA:130,10,2,10
BRDA:131,11,0,93
BRDA:131,11,1,31
BRDA:131,11,2,1
BRDA:132,12,0,93
BRDA:132,12,1,31
BRDA:132,12,2,0
BRDA:154,13,0,0
BRDA:154,13,1,124
BRDA:157,14,0,0
BRDA:157,14,1,124
BRDA:183,15,0,31
BRDA:183,15,1,31
BRDA:187,16,0,0
BRDA:187,16,1,31
BRDA:188,17,0,0
BRDA:188,17,1,0
BRDA:215,18,0,31
BRDA:219,19,0,3
BRDA:219,19,1,0
BRF:40
BRH:25
end_of_record
TN:
SF:src/components/TaskModal.tsx
FN:39,TaskModal
FN:45,(anonymous_2)
FN:51,(anonymous_3)
FN:58,(anonymous_4)
FN:63,(anonymous_5)
FN:89,(anonymous_6)
FN:90,(anonymous_7)
FN:92,(anonymous_8)
FN:97,(anonymous_9)
FN:107,(anonymous_10)
FN:114,(anonymous_11)
FN:115,(anonymous_12)
FN:117,(anonymous_13)
FN:121,(anonymous_14)
FN:122,(anonymous_15)
FN:124,(anonymous_16)
FN:146,(anonymous_17)
FN:146,(anonymous_18)
FN:158,(anonymous_19)
FN:158,(anonymous_20)
FN:170,(anonymous_21)
FN:170,(anonymous_22)
FN:188,(anonymous_23)
FN:188,(anonymous_24)
FN:220,(anonymous_25)
FN:220,(anonymous_26)
FN:230,(anonymous_27)
FN:260,(anonymous_28)
FN:260,(anonymous_29)
FN:279,(anonymous_30)
FN:279,(anonymous_31)
FN:300,(anonymous_32)
FN:300,(anonymous_33)
FN:316,(anonymous_34)
FN:326,(anonymous_35)
FN:340,(anonymous_36)
FN:345,(anonymous_37)
FN:358,(anonymous_38)
FN:368,(anonymous_39)
FN:370,(anonymous_40)
FNF:40
FNH:20
FNDA:3594,TaskModal
FNDA:1549,(anonymous_2)
FNDA:1389,(anonymous_3)
FNDA:7,(anonymous_4)
FNDA:26,(anonymous_5)
FNDA:3,(anonymous_6)
FNDA:3,(anonymous_7)
FNDA:0,(anonymous_8)
FNDA:0,(anonymous_9)
FNDA:0,(anonymous_10)
FNDA:0,(anonymous_11)
FNDA:0,(anonymous_12)
FNDA:0,(anonymous_13)
FNDA:0,(anonymous_14)
FNDA:0,(anonymous_15)
FNDA:0,(anonymous_16)
FNDA:400,(anonymous_17)
FNDA:400,(anonymous_18)
FNDA:56,(anonymous_19)
FNDA:56,(anonymous_20)
FNDA:0,(anonymous_21)
FNDA:0,(anonymous_22)
FNDA:0,(anonymous_23)
FNDA:0,(anonymous_24)
FNDA:1,(anonymous_25)
FNDA:1,(anonymous_26)
FNDA:7650,(anonymous_27)
FNDA:0,(anonymous_28)
FNDA:0,(anonymous_29)
FNDA:1,(anonymous_30)
FNDA:1,(anonymous_31)
FNDA:0,(anonymous_32)
FNDA:0,(anonymous_33)
FNDA:11232,(anonymous_34)
FNDA:3,(anonymous_35)
FNDA:418,(anonymous_36)
FNDA:0,(anonymous_37)
FNDA:0,(anonymous_38)
FNDA:0,(anonymous_39)
FNDA:2,(anonymous_40)
DA:3,5
DA:5,5
DA:6,5
DA:7,5
DA:8,5
DA:9,5
DA:10,5
DA:11,5
DA:12,5
DA:13,5
DA:14,5
DA:15,5
DA:16,5
DA:17,5
DA:18,5
DA:19,5
DA:28,5
DA:39,1584
DA:40,3594
DA:41,3594
DA:42,3594
DA:43,3594
DA:45,3594
DA:46,1549
DA:47,1446
DA:51,1446
DA:53,103
DA:54,103
DA:58,3594
DA:59,7
DA:61,7
DA:63,7
DA:64,26
DA:67,7
DA:85,7
DA:86,7
DA:89,3594
DA:90,3
DA:91,3
DA:92,0
DA:97,3594
DA:98,0
DA:100,0
DA:107,0
DA:111,0
DA:114,3594
DA:115,0
DA:117,0
DA:121,3594
DA:122,0
DA:125,0
DA:146,400
DA:158,56
DA:170,0
DA:188,0
DA:220,1
DA:231,7650
DA:260,0
DA:279,1
DA:300,0
DA:317,11232
DA:326,3
DA:341,418
DA:345,0
DA:358,0
DA:368,0
DA:370,2
LF:67
LH:51
BRDA:46,0,0,1446
BRDA:46,0,1,103
BRDA:61,1,0,0
BRDA:68,2,0,7
BRDA:68,2,1,7
BRDA:70,3,0,7
BRDA:70,3,1,6
BRDA:78,4,0,7
BRDA:78,4,1,0
BRDA:79,5,0,7
BRDA:79,5,1,0
BRDA:80,6,0,7
BRDA:80,6,1,0
BRDA:81,7,0,7
BRDA:81,7,1,7
BRDA:91,8,0,0
BRDA:91,8,1,3
BRDA:98,9,0,0
BRDA:109,10,0,0
BRDA:109,10,1,0
BRDA:117,11,0,0
BRDA:117,11,1,0
BRDA:124,12,0,0
BRDA:124,12,1,0
BRDA:125,13,0,0
BRDA:125,13,1,0
BRDA:135,14,0,2954
BRDA:135,14,1,640
BRDA:145,15,0,3594
BRDA:145,15,1,1675
BRDA:157,16,0,3594
BRDA:157,16,1,2029
BRDA:219,17,0,3594
BRDA:219,17,1,2138
BRDA:222,18,0,0
BRDA:222,18,1,1
BRDA:249,19,0,3594
BRDA:249,19,1,2191
BRDA:253,20,0,1403
BRDA:253,20,1,2191
BRDA:278,21,0,3594
BRDA:278,21,1,3531
BRDA:281,22,0,1
BRDA:281,22,1,0
BRDA:289,23,0,3594
BRDA:299,24,0,2954
BRDA:299,24,1,2893
BRDA:302,25,0,0
BRDA:302,25,1,0
BRDA:319,26,0,1474
BRDA:319,26,1,9758
BRDA:322,27,0,1474
BRDA:322,27,1,9758
BRDA:350,28,0,418
BRDA:350,28,1,158
BRDA:370,29,0,2
BRDA:370,29,1,0
BRDA:385,30,0,2954
BRDA:385,30,1,640
BRF:59
BRH:40
end_of_record
TN:
SF:src/components/TeamManagement.tsx
FN:28,TeamManagement
FN:65,(anonymous_2)
FN:67,(anonymous_3)
FN:86,(anonymous_4)
FN:89,(anonymous_5)
FN:96,(anonymous_6)
FN:102,(anonymous_7)
FN:106,(anonymous_8)
FN:107,(anonymous_9)
FN:110,(anonymous_10)
FN:111,(anonymous_11)
FN:112,(anonymous_12)
FN:113,(anonymous_13)
FN:128,(anonymous_14)
FN:134,(anonymous_15)
FN:148,(anonymous_16)
FN:160,(anonymous_17)
FN:170,(anonymous_18)
FN:179,(anonymous_19)
FN:187,(anonymous_20)
FN:200,(anonymous_21)
FN:211,(anonymous_22)
FN:286,(anonymous_23)
FN:295,(anonymous_24)
FN:317,(anonymous_25)
FN:318,(anonymous_26)
FN:321,(anonymous_27)
FN:344,(anonymous_28)
FN:357,(anonymous_29)
FN:357,(anonymous_30)
FN:375,(anonymous_31)
FN:388,(anonymous_32)
FN:397,(anonymous_33)
FN:405,(anonymous_34)
FN:412,(anonymous_35)
FN:425,(anonymous_36)
FN:428,(anonymous_37)
FNF:37
FNH:1
FNDA:6,TeamManagement
FNDA:0,(anonymous_2)
FNDA:0,(anonymous_3)
FNDA:0,(anonymous_4)
FNDA:0,(anonymous_5)
FNDA:0,(anonymous_6)
FNDA:0,(anonymous_7)
FNDA:0,(anonymous_8)
FNDA:0,(anonymous_9)
FNDA:0,(anonymous_10)
FNDA:0,(anonymous_11)
FNDA:0,(anonymous_12)
FNDA:0,(anonymous_13)
FNDA:0,(anonymous_14)
FNDA:0,(anonymous_15)
FNDA:0,(anonymous_16)
FNDA:0,(anonymous_17)
FNDA:0,(anonymous_18)
FNDA:0,(anonymous_19)
FNDA:0,(anonymous_20)
FNDA:0,(anonymous_21)
FNDA:0,(anonymous_22)
FNDA:0,(anonymous_23)
FNDA:0,(anonymous_24)
FNDA:0,(anonymous_25)
FNDA:0,(anonymous_26)
FNDA:0,(anonymous_27)
FNDA:0,(anonymous_28)
FNDA:0,(anonymous_29)
FNDA:0,(anonymous_30)
FNDA:0,(anonymous_31)
FNDA:0,(anonymous_32)
FNDA:0,(anonymous_33)
FNDA:0,(anonymous_34)
FNDA:0,(anonymous_35)
FNDA:0,(anonymous_36)
FNDA:0,(anonymous_37)
DA:3,1
DA:4,1
DA:5,1
DA:6,1
DA:7,1
DA:8,1
DA:9,1
DA:10,1
DA:11,1
DA:12,1
DA:25,1
DA:28,3
DA:29,6
DA:30,6
DA:31,6
DA:32,6
DA:33,6
DA:41,6
DA:53,3
DA:65,0
DA:66,0
DA:67,0
DA:68,0
DA:76,0
DA:81,0
DA:82,0
DA:86,0
DA:87,0
DA:90,0
DA:93,0
DA:96,0
DA:98,0
DA:100,0
DA:102,0
DA:106,0
DA:107,0
DA:108,0
DA:110,0
DA:111,0
DA:112,0
DA:113,0
DA:128,0
DA:135,0
DA:136,0
DA:148,0
DA:160,0
DA:170,0
DA:179,0
DA:187,0
DA:200,0
DA:212,0
DA:213,0
DA:215,0
DA:286,0
DA:295,0
DA:318,0
DA:319,0
DA:321,0
DA:322,0
DA:325,0
DA:345,0
DA:357,0
DA:358,0
DA:375,0
DA:388,0
DA:397,0
DA:405,0
DA:412,0
DA:425,0
DA:428,0
LF:70
LH:19
BRDA:41,0,0,3
BRDA:53,1,0,3
BRDA:66,2,0,0
BRDA:66,3,0,0
BRDA:66,3,1,0
BRDA:66,3,2,0
BRDA:90,4,0,0
BRDA:90,4,1,0
BRDA:98,5,0,0
BRDA:216,6,0,0
BRDA:216,6,1,0
BRDA:230,7,0,0
BRDA:236,8,0,0
BRDA:242,9,0,0
BRDA:281,10,0,0
BRDA:309,11,0,0
BRDA:340,12,0,0
BRDA:378,13,0,0
BRF:18
BRH:2
end_of_record
TN:
SF:src/components/UserSelector.tsx
FN:20,UserSelector
FN:30,(anonymous_2)
FN:33,(anonymous_3)
FN:51,(anonymous_4)
FN:74,(anonymous_5)
FN:82,(anonymous_6)
FN:85,(anonymous_7)
FN:91,(anonymous_8)
FNF:8
FNH:0
FNDA:0,UserSelector
FNDA:0,(anonymous_2)
FNDA:0,(anonymous_3)
FNDA:0,(anonymous_4)
FNDA:0,(anonymous_5)
FNDA:0,(anonymous_6)
FNDA:0,(anonymous_7)
FNDA:0,(anonymous_8)
DA:4,2
DA:5,2
DA:6,2
DA:7,2
DA:8,2
DA:9,2
DA:10,2
DA:20,0
DA:26,0
DA:27,0
DA:29,0
DA:30,0
DA:33,0
DA:34,0
DA:36,0
DA:39,0
DA:51,0
DA:74,0
DA:83,0
DA:85,0
DA:91,0
LF:21
LH:7
BRDA:23,0,0,0
BRDA:24,1,0,0
BRDA:29,2,0,0
BRDA:29,2,1,0
BRDA:34,3,0,0
BRDA:47,4,0,0
BRDA:55,5,0,0
BRDA:72,6,0,0
BRDA:75,7,0,0
BRDA:75,7,1,0
BRDA:86,8,0,0
BRDA:86,8,1,0
BRDA:97,9,0,0
BRDA:108,10,0,0
BRF:14
BRH:0
end_of_record
TN:
SF:src/components/ui/alert.tsx
FNF:0
FNH:0
DA:1,2
DA:2,2
DA:4,2
DA:6,2
DA:33,2
DA:45,2
DA:57,2
DA:59,48
LF:8
LH:8
BRF:0
BRH:0
end_of_record
TN:
SF:src/components/ui/avatar.tsx
FNF:0
FNH:0
DA:1,10
DA:2,10
DA:4,10
DA:19,10
DA:31,10
DA:46,10
DA:48,1718
LF:7
LH:7
BRF:0
BRH:0
end_of_record
TN:
SF:src/components/ui/badge.tsx
FN:36,Badge
FNF:1
FNH:1
FNDA:4349,Badge
DA:1,18
DA:2,18
DA:4,18
DA:6,18
DA:42,13578
LF:5
LH:5
BRF:0
BRH:0
end_of_record
TN:
SF:src/components/ui/button.tsx
FN:43,(anonymous_6)
FNF:1
FNH:1
FNDA:7061,(anonymous_6)
DA:1,18
DA:2,18
DA:3,18
DA:5,18
DA:7,18
DA:42,18
DA:44,7061
DA:54,18
DA:56,18768
LF:9
LH:9
BRDA:43,0,0,7061
BRDA:44,1,0,0
BRDA:44,1,1,7061
BRF:3
BRH:2
end_of_record
TN:
SF:src/components/ui/calendar.tsx
FN:10,Calendar
FNF:1
FNH:0
FNDA:0,Calendar
DA:1,6
DA:2,6
DA:3,6
DA:5,6
DA:6,6
DA:62,6
DA:64,3625
LF:7
LH:7
BRDA:13,0,0,0
BRF:1
BRH:0
end_of_record
TN:
SF:src/components/ui/card.tsx
FNF:0
FNH:0
DA:1,13
DA:3,13
DA:18,13
DA:30,13
DA:45,13
DA:57,13
DA:65,13
DA:77,13
DA:79,2255
LF:9
LH:9
BRF:0
BRH:0
end_of_record
TN:
SF:src/components/ui/command.tsx
FN:28,(anonymous_14)
FN:129,(anonymous_21)
FNF:2
FNH:0
FNDA:0,(anonymous_14)
FNDA:0,(anonymous_21)
DA:3,0
DA:5,0
DA:6,0
DA:8,0
DA:9,0
DA:24,0
DA:28,0
DA:57,0
DA:70,0
DA:83,0
DA:99,0
DA:111,0
DA:127,0
DA:129,0
DA:143,0
DA:146,0
DA:147,0
DA:148,0
DA:149,0
DA:150,0
DA:151,0
DA:152,0
DA:153,0
DA:154,0
LF:24
LH:0
BRF:0
BRH:0
end_of_record
TN:
SF:src/components/ui/dialog.tsx
FNF:0
FNH:0
DA:1,7
DA:2,7
DA:3,7
DA:5,7
DA:7,7
DA:9,7
DA:11,7
DA:13,7
DA:28,7
DA:52,7
DA:66,7
DA:80,7
DA:95,7
DA:107,7
DA:110,3925
DA:111,0
DA:112,0
DA:113,0
DA:114,0
DA:115,3925
DA:116,3594
DA:117,0
DA:118,3594
DA:119,0
LF:24
LH:18
BRF:0
BRH:0
end_of_record
TN:
SF:src/components/ui/dropdown-menu.tsx
FN:169,(anonymous_27)
FNF:1
FNH:0
FNDA:0,(anonymous_27)
DA:1,8
DA:2,8
DA:3,8
DA:5,8
DA:7,8
DA:9,8
DA:11,8
DA:13,8
DA:15,8
DA:17,8
DA:38,8
DA:54,8
DA:73,8
DA:91,8
DA:114,8
DA:137,8
DA:155,8
DA:167,8
DA:169,8
DA:180,8
DA:183,1503
DA:184,1503
DA:185,1503
DA:186,3006
DA:187,0
DA:188,0
DA:189,0
DA:190,0
DA:191,0
DA:192,0
DA:193,0
DA:194,0
DA:195,0
DA:196,0
DA:197,0
LF:35
LH:24
BRDA:29,0,0,0
BRDA:29,0,1,0
BRDA:60,1,0,1447
BRDA:85,2,0,0
BRDA:85,2,1,0
BRDA:149,3,0,0
BRDA:149,3,1,0
BRF:7
BRH:1
end_of_record
TN:
SF:src/components/ui/input.tsx
FN:9,(anonymous_4)
FNF:1
FNH:1
FNDA:2802,(anonymous_4)
DA:1,13
DA:3,13
DA:8,13
DA:23,13
DA:25,14759
LF:5
LH:5
BRF:0
BRH:0
end_of_record
TN:
SF:src/components/ui/label.tsx
FNF:0
FNH:0
DA:1,8
DA:2,8
DA:3,8
DA:5,8
DA:7,8
DA:22,8
DA:24,35748
LF:7
LH:7
BRF:0
BRH:0
end_of_record
TN:
SF:src/components/ui/popover.tsx
FNF:0
FNH:0
DA:1,9
DA:2,9
DA:4,9
DA:6,9
DA:8,9
DA:27,9
DA:29,3957
LF:7
LH:7
BRDA:13,0,0,0
BRDA:13,1,0,953
BRF:2
BRH:1
end_of_record
TN:
SF:src/components/ui/progress.tsx
FNF:0
FNH:0
DA:1,0
DA:2,0
DA:4,0
DA:24,0
DA:26,0
LF:5
LH:0
BRDA:20,0,0,0
BRDA:20,0,1,0
BRF:2
BRH:0
end_of_record
TN:
SF:src/components/ui/select.tsx
FNF:0
FNH:0
DA:1,8
DA:2,8
DA:3,8
DA:5,8
DA:7,8
DA:9,8
DA:11,8
DA:31,8
DA:48,8
DA:65,8
DA:98,8
DA:110,8
DA:133,8
DA:145,8
DA:148,10943
DA:149,0
DA:150,10943
DA:151,10943
DA:152,10943
DA:153,0
DA:154,37006
DA:155,0
DA:156,0
DA:157,0
LF:24
LH:19
BRDA:71,0,0,2024
BRDA:77,1,0,2024
BRDA:77,1,1,2024
BRDA:88,2,0,2024
BRDA:88,2,1,2024
BRF:5
BRH:5
end_of_record
TN:
SF:src/components/ui/separator.tsx
FNF:0
FNH:0
DA:1,7
DA:2,7
DA:4,7
DA:27,7
DA:29,3688
LF:5
LH:5
BRDA:11,0,0,681
BRDA:11,1,0,681
BRDA:20,2,0,681
BRDA:20,2,1,0
BRF:4
BRH:3
end_of_record
TN:
SF:src/components/ui/switch.tsx
FNF:0
FNH:0
DA:3,1
DA:4,1
DA:6,1
DA:27,1
DA:29,32
LF:5
LH:5
BRF:0
BRH:0
end_of_record
TN:
SF:src/components/ui/table.tsx
FNF:0
FNH:0
DA:1,1
DA:3,1
DA:17,1
DA:25,1
DA:37,1
DA:52,1
DA:67,1
DA:82,1
DA:94,1
DA:106,1
DA:109,83
DA:110,83
DA:111,83
DA:112,0
DA:113,498
DA:114,166
DA:115,498
DA:116,0
LF:18
LH:16
BRF:0
BRH:0
end_of_record
TN:
SF:src/components/ui/tabs.tsx
FNF:0
FNH:0
DA:1,0
DA:2,0
DA:4,0
DA:6,0
DA:21,0
DA:36,0
DA:51,0
DA:53,0
LF:8
LH:0
BRF:0
BRH:0
end_of_record
TN:
SF:src/components/ui/textarea.tsx
FN:9,(anonymous_4)
FNF:1
FNH:1
FNDA:621,(anonymous_4)
DA:1,7
DA:3,7
DA:8,7
DA:22,7
DA:24,3594
LF:5
LH:5
BRF:0
BRH:0
end_of_record
TN:
SF:src/components/ui/toast.tsx
FN:49,(anonymous_12)
FNF:1
FNH:0
FNDA:0,(anonymous_12)
DA:1,0
DA:2,0
DA:3,0
DA:4,0
DA:6,0
DA:8,0
DA:23,0
DA:25,0
DA:45,0
DA:58,0
DA:73,0
DA:91,0
DA:103,0
DA:115,0
DA:124,0
DA:125,0
DA:126,0
DA:127,0
DA:128,0
DA:129,0
DA:130,0
LF:21
LH:0
BRF:0
BRH:0
end_of_record
TN:
SF:src/components/ui/toaster.tsx
FN:13,Toaster
FN:18,(anonymous_2)
FNF:2
FNH:0
FNDA:0,Toaster
FNDA:0,(anonymous_2)
DA:10,0
DA:11,0
DA:13,0
DA:14,0
DA:19,0
LF:5
LH:0
BRDA:22,0,0,0
BRDA:23,1,0,0
BRF:2
BRH:0
end_of_record
TN:
SF:src/contexts/AuthContext.tsx
FN:36,authReducer
FN:71,AuthProvider
FN:75,(anonymous_10)
FN:86,(anonymous_11)
FN:103,(anonymous_12)
FN:117,(anonymous_13)
FN:118,(anonymous_14)
FN:126,(anonymous_15)
FN:130,(anonymous_16)
FN:136,(anonymous_17)
FN:156,useAuth
FNF:11
FNH:11
FNDA:48,authReducer
FNDA:78,AuthProvider
FNDA:30,(anonymous_10)
FNDA:11,(anonymous_11)
FNDA:49,(anonymous_12)
FNDA:16,(anonymous_13)
FNDA:40,(anonymous_14)
FNDA:3,(anonymous_15)
FNDA:5,(anonymous_16)
FNDA:1,(anonymous_17)
FNDA:1140,useAuth
DA:3,10
DA:17,10
DA:24,10
DA:37,48
DA:39,16
DA:46,3
DA:53,29
DA:58,0
DA:62,103
DA:71,31
DA:72,78
DA:75,78
DA:76,30
DA:77,0
DA:78,0
DA:81,30
DA:82,30
DA:83,30
DA:84,3
DA:86,11
DA:87,2
DA:88,1
DA:90,1
DA:91,1
DA:94,27
DA:97,1
DA:98,1
DA:103,78
DA:104,49
DA:106,49
DA:107,49
DA:108,16
DA:110,33
DA:113,0
DA:117,78
DA:118,40
DA:119,16
DA:120,15
DA:121,15
DA:123,1
DA:126,78
DA:127,3
DA:130,78
DA:131,5
DA:132,3
DA:133,2
DA:136,78
DA:137,1
DA:138,1
DA:139,1
DA:156,1141
DA:157,1140
DA:158,1140
DA:159,176
DA:161,964
DA:164,17
LF:56
LH:52
BRDA:37,0,0,16
BRDA:37,0,1,3
BRDA:37,0,2,29
BRDA:37,0,3,0
BRDA:76,1,0,0
BRDA:83,2,0,3
BRDA:83,2,1,27
BRDA:86,3,0,11
BRDA:86,3,1,1
BRDA:87,4,0,1
BRDA:87,4,1,1
BRDA:104,5,0,0
BRDA:107,6,0,16
BRDA:107,6,1,33
BRDA:119,7,0,15
BRDA:131,8,0,2
BRDA:132,9,0,1
BRDA:137,10,0,0
BRDA:138,11,0,0
BRDA:158,12,0,176
BRF:20
BRH:15
end_of_record
TN:
SF:src/contexts/TaskContext.backup.tsx
FN:1947,taskReducer
FN:1958,(anonymous_8)
FN:1968,(anonymous_9)
FN:1974,(anonymous_10)
FN:1999,(anonymous_11)
FN:2009,(anonymous_12)
FN:2023,TaskProvider
FN:2030,(anonymous_14)
FN:2039,(anonymous_15)
FN:2061,(anonymous_16)
FN:2070,(anonymous_17)
FN:2079,(anonymous_18)
FN:2089,(anonymous_19)
FN:2104,(anonymous_20)
FN:2126,useTask
FNF:15
FNH:0
FNDA:0,taskReducer
FNDA:0,(anonymous_8)
FNDA:0,(anonymous_9)
FNDA:0,(anonymous_10)
FNDA:0,(anonymous_11)
FNDA:0,(anonymous_12)
FNDA:0,TaskProvider
FNDA:0,(anonymous_14)
FNDA:0,(anonymous_15)
FNDA:0,(anonymous_16)
FNDA:0,(anonymous_17)
FNDA:0,(anonymous_18)
FNDA:0,(anonymous_19)
FNDA:0,(anonymous_20)
FNDA:0,useTask
DA:3,0
DA:21,0
DA:61,0
DA:1948,0
DA:1950,0
DA:1953,0
DA:1956,0
DA:1959,0
DA:1966,0
DA:1968,0
DA:1972,0
DA:1975,0
DA:1982,0
DA:1985,0
DA:1988,0
DA:1991,0
DA:1994,0
DA:1997,0
DA:2000,0
DA:2007,0
DA:2009,0
DA:2013,0
DA:2017,0
DA:2023,0
DA:2024,0
DA:2030,0
DA:2031,0
DA:2033,0
DA:2034,0
DA:2035,0
DA:2036,0
DA:2038,0
DA:2039,0
DA:2045,0
DA:2048,0
DA:2049,0
DA:2052,0
DA:2053,0
DA:2056,0
DA:2061,0
DA:2062,0
DA:2063,0
DA:2064,0
DA:2066,0
DA:2070,0
DA:2071,0
DA:2072,0
DA:2073,0
DA:2075,0
DA:2079,0
DA:2080,0
DA:2081,0
DA:2082,0
DA:2084,0
DA:2089,0
DA:2090,0
DA:2092,0
DA:2093,0
DA:2096,0
DA:2097,0
DA:2100,0
DA:2101,0
DA:2104,0
DA:2105,0
DA:2108,0
DA:2109,0
DA:2112,0
DA:2113,0
DA:2116,0
DA:2126,0
DA:2127,0
DA:2128,0
DA:2129,0
DA:2131,0
LF:74
LH:0
BRDA:1948,0,0,0
BRDA:1948,0,1,0
BRDA:1948,0,2,0
BRDA:1948,0,3,0
BRDA:1948,0,4,0
BRDA:1948,0,5,0
BRDA:1948,0,6,0
BRDA:1948,0,7,0
BRDA:1948,0,8,0
BRDA:1948,0,9,0
BRDA:1948,0,10,0
BRDA:1948,0,11,0
BRDA:1948,0,12,0
BRDA:1959,1,0,0
BRDA:1959,1,1,0
BRDA:1975,2,0,0
BRDA:1975,2,1,0
BRDA:2000,3,0,0
BRDA:2000,3,1,0
BRDA:2031,4,0,0
BRDA:2038,5,0,0
BRDA:2043,6,0,0
BRDA:2043,6,1,0
BRDA:2048,7,0,0
BRDA:2052,8,0,0
BRDA:2062,9,0,0
BRDA:2071,10,0,0
BRDA:2080,11,0,0
BRDA:2092,12,0,0
BRDA:2092,13,0,0
BRDA:2092,13,1,0
BRDA:2096,14,0,0
BRDA:2096,15,0,0
BRDA:2096,15,1,0
BRDA:2096,16,0,0
BRDA:2096,16,1,0
BRDA:2100,17,0,0
BRDA:2100,18,0,0
BRDA:2100,18,1,0
BRDA:2104,19,0,0
BRDA:2104,20,0,0
BRDA:2104,20,1,0
BRDA:2108,21,0,0
BRDA:2108,22,0,0
BRDA:2108,22,1,0
BRDA:2108,22,2,0
BRDA:2112,23,0,0
BRDA:2112,24,0,0
BRDA:2112,24,1,0
BRDA:2112,24,2,0
BRDA:2128,25,0,0
BRF:51
BRH:0
end_of_record
TN:
SF:src/contexts/TaskContext.tsx
FN:44,taskReducer
FN:60,(anonymous_8)
FN:63,(anonymous_9)
FN:69,(anonymous_10)
FN:79,(anonymous_11)
FN:100,(anonymous_12)
FN:112,(anonymous_13)
FN:120,(anonymous_14)
FN:148,(anonymous_15)
FN:157,(anonymous_16)
FN:181,(anonymous_17)
FN:193,(anonymous_18)
FN:208,convertSupabaseTask
FN:228,convertTaskToSupabase
FN:238,(anonymous_21)
FN:267,TaskProvider
FN:275,(anonymous_23)
FN:282,(anonymous_24)
FN:288,(anonymous_25)
FN:289,(anonymous_26)
FN:294,(anonymous_27)
FN:295,(anonymous_28)
FN:299,(anonymous_29)
FN:309,(anonymous_30)
FN:316,(anonymous_31)
FN:323,(anonymous_32)
FN:347,(anonymous_33)
FN:370,(anonymous_34)
FN:392,(anonymous_35)
FN:428,(anonymous_36)
FN:458,(anonymous_37)
FN:469,(anonymous_38)
FN:489,(anonymous_39)
FN:498,(anonymous_40)
FN:524,(anonymous_41)
FN:537,(anonymous_42)
FN:539,(anonymous_43)
FN:540,(anonymous_44)
FN:571,(anonymous_45)
FN:585,(anonymous_46)
FN:598,(anonymous_47)
FN:619,(anonymous_48)
FN:625,(anonymous_49)
FN:628,(anonymous_50)
FN:633,(anonymous_51)
FN:637,(anonymous_52)
FN:647,(anonymous_53)
FN:672,(anonymous_54)
FN:680,(anonymous_55)
FN:701,(anonymous_56)
FN:738,(anonymous_57)
FN:768,(anonymous_58)
FN:790,(anonymous_59)
FN:802,(anonymous_60)
FN:807,(anonymous_61)
FN:812,(anonymous_62)
FN:817,(anonymous_63)
FN:821,(anonymous_64)
FN:826,(anonymous_65)
FN:834,(anonymous_66)
FN:834,(anonymous_67)
FN:835,(anonymous_68)
FN:844,(anonymous_69)
FN:844,(anonymous_70)
FN:845,(anonymous_71)
FN:851,(anonymous_72)
FN:853,(anonymous_73)
FN:855,(anonymous_74)
FN:855,(anonymous_75)
FN:856,(anonymous_76)
FN:856,(anonymous_77)
FN:866,(anonymous_78)
FN:882,(anonymous_79)
FN:885,(anonymous_80)
FN:928,useTask
FNF:75
FNH:41
FNDA:236,taskReducer
FNDA:10,(anonymous_8)
FNDA:9,(anonymous_9)
FNDA:10,(anonymous_10)
FNDA:9,(anonymous_11)
FNDA:19,(anonymous_12)
FNDA:9,(anonymous_13)
FNDA:3,(anonymous_14)
FNDA:0,(anonymous_15)
FNDA:0,(anonymous_16)
FNDA:1,(anonymous_17)
FNDA:1,(anonymous_18)
FNDA:0,convertSupabaseTask
FNDA:0,convertTaskToSupabase
FNDA:0,(anonymous_21)
FNDA:185,TaskProvider
FNDA:68,(anonymous_23)
FNDA:68,(anonymous_24)
FNDA:68,(anonymous_25)
FNDA:73,(anonymous_26)
FNDA:68,(anonymous_27)
FNDA:0,(anonymous_28)
FNDA:0,(anonymous_29)
FNDA:68,(anonymous_30)
FNDA:136,(anonymous_31)
FNDA:68,(anonymous_32)
FNDA:136,(anonymous_33)
FNDA:0,(anonymous_34)
FNDA:0,(anonymous_35)
FNDA:0,(anonymous_36)
FNDA:68,(anonymous_37)
FNDA:0,(anonymous_38)
FNDA:0,(anonymous_39)
FNDA:0,(anonymous_40)
FNDA:2,(anonymous_41)
FNDA:19,(anonymous_42)
FNDA:27,(anonymous_43)
FNDA:12,(anonymous_44)
FNDA:10,(anonymous_45)
FNDA:0,(anonymous_46)
FNDA:2,(anonymous_47)
FNDA:2,(anonymous_48)
FNDA:7,(anonymous_49)
FNDA:2,(anonymous_50)
FNDA:2,(anonymous_51)
FNDA:7,(anonymous_52)
FNDA:2,(anonymous_53)
FNDA:1,(anonymous_54)
FNDA:0,(anonymous_55)
FNDA:1,(anonymous_56)
FNDA:1,(anonymous_57)
FNDA:1,(anonymous_58)
FNDA:0,(anonymous_59)
FNDA:0,(anonymous_60)
FNDA:0,(anonymous_61)
FNDA:0,(anonymous_62)
FNDA:0,(anonymous_63)
FNDA:0,(anonymous_64)
FNDA:0,(anonymous_65)
FNDA:0,(anonymous_66)
FNDA:0,(anonymous_67)
FNDA:0,(anonymous_68)
FNDA:0,(anonymous_69)
FNDA:0,(anonymous_70)
FNDA:0,(anonymous_71)
FNDA:0,(anonymous_72)
FNDA:0,(anonymous_73)
FNDA:0,(anonymous_74)
FNDA:0,(anonymous_75)
FNDA:0,(anonymous_76)
FNDA:0,(anonymous_77)
FNDA:10212,(anonymous_78)
FNDA:1,(anonymous_79)
FNDA:3,(anonymous_80)
FNDA:6407,useTask
DA:3,22
DA:5,22
DA:6,22
DA:29,22
DA:47,236
DA:49,41
DA:50,41
DA:51,41
DA:55,10
DA:57,9
DA:60,10
DA:63,9
DA:66,9
DA:69,9
DA:70,10
DA:71,10
DA:72,7
DA:74,3
DA:79,9
DA:80,9
DA:81,1
DA:85,9
DA:86,9
DA:87,9
DA:90,1
DA:93,20
DA:94,20
DA:95,20
DA:98,11
DA:101,19
DA:106,11
DA:107,11
DA:110,3
DA:112,9
DA:114,3
DA:115,3
DA:118,1
DA:121,3
DA:126,1
DA:127,1
DA:130,3
DA:131,3
DA:132,3
DA:135,60
DA:136,60
DA:139,0
DA:142,0
DA:143,0
DA:146,0
DA:149,0
DA:154,0
DA:157,0
DA:158,0
DA:161,47
DA:162,47
DA:165,0
DA:168,5
DA:174,1
DA:175,1
DA:176,1
DA:179,1
DA:182,1
DA:187,1
DA:188,1
DA:191,1
DA:193,1
DA:195,1
DA:196,1
DA:199,32
DA:200,32
DA:203,0
DA:209,0
DA:229,0
DA:238,0
DA:245,307
DA:267,73
DA:268,185
DA:269,185
DA:270,185
DA:271,185
DA:272,185
DA:275,185
DA:276,68
DA:277,68
DA:278,68
DA:282,185
DA:283,68
DA:284,68
DA:285,68
DA:288,68
DA:289,73
DA:294,185
DA:295,68
DA:296,0
DA:299,68
DA:300,0
DA:303,68
DA:304,68
DA:307,68
DA:309,68
DA:310,68
DA:311,68
DA:316,185
DA:317,136
DA:318,68
DA:323,185
DA:324,68
DA:325,68
DA:326,66
DA:327,66
DA:328,66
DA:330,66
DA:331,40
DA:333,66
DA:334,59
DA:336,66
DA:337,47
DA:339,66
DA:340,32
DA:343,2
DA:347,185
DA:348,136
DA:349,136
DA:352,136
DA:353,136
DA:354,136
DA:355,136
DA:359,0
DA:364,0
DA:365,0
DA:366,0
DA:367,0
DA:368,0
DA:370,0
DA:382,0
DA:387,0
DA:388,0
DA:389,0
DA:390,0
DA:392,0
DA:401,0
DA:406,0
DA:407,0
DA:409,0
DA:411,0
DA:418,0
DA:423,0
DA:424,0
DA:425,0
DA:426,0
DA:428,0
DA:445,0
DA:446,0
DA:447,0
DA:448,0
DA:451,0
DA:452,0
DA:454,136
DA:458,185
DA:459,68
DA:461,68
DA:462,15
DA:465,53
DA:467,53
DA:470,0
DA:475,0
DA:476,0
DA:484,53
DA:487,53
DA:490,0
DA:495,0
DA:496,0
DA:498,0
DA:516,53
DA:518,0
DA:521,53
DA:524,185
DA:525,2
DA:527,0
DA:528,0
DA:529,0
DA:531,0
DA:533,0
DA:537,185
DA:539,27
DA:540,19
DA:541,12
DA:543,19
DA:552,19
DA:555,19
DA:556,0
DA:557,0
DA:561,0
DA:562,0
DA:566,0
DA:571,185
DA:573,10
DA:576,10
DA:577,0
DA:578,0
DA:585,0
DA:589,0
DA:590,0
DA:593,0
DA:598,185
DA:600,2
DA:603,2
DA:604,0
DA:605,0
DA:610,0
DA:611,0
DA:614,0
DA:619,185
DA:620,2
DA:621,2
DA:622,2
DA:625,7
DA:626,2
DA:628,2
DA:629,2
DA:630,2
DA:633,2
DA:634,2
DA:637,2
DA:638,7
DA:643,2
DA:644,2
DA:647,2
DA:648,2
DA:651,2
DA:652,0
DA:653,0
DA:654,0
DA:659,0
DA:660,0
DA:662,0
DA:665,0
DA:668,2
DA:672,185
DA:674,1
DA:677,1
DA:678,0
DA:680,0
DA:685,0
DA:686,0
DA:691,0
DA:692,0
DA:696,0
DA:701,185
DA:702,1
DA:710,1
DA:713,1
DA:714,0
DA:715,0
DA:729,0
DA:730,0
DA:733,0
DA:738,185
DA:740,1
DA:743,1
DA:744,0
DA:745,0
DA:759,0
DA:760,0
DA:763,0
DA:768,185
DA:770,1
DA:773,1
DA:774,0
DA:775,0
DA:780,0
DA:781,0
DA:784,0
DA:790,185
DA:791,0
DA:799,0
DA:802,185
DA:804,0
DA:807,185
DA:809,0
DA:812,185
DA:814,0
DA:817,0
DA:818,0
DA:821,0
DA:822,0
DA:826,0
DA:827,0
DA:830,0
DA:834,0
DA:835,0
DA:840,0
DA:844,0
DA:845,0
DA:851,0
DA:853,0
DA:855,0
DA:856,0
DA:861,0
DA:862,0
DA:866,185
DA:867,10212
DA:869,10212
DA:870,2
DA:873,10210
DA:874,1
DA:877,10209
DA:878,2
DA:881,10207
DA:882,3
DA:883,1
DA:885,3
DA:886,2
DA:890,10205
DA:891,0
DA:894,10205
DA:895,0
DA:898,10205
DA:928,6412
DA:929,6407
DA:930,6404
DA:931,4
DA:933,6400
LF:323
LH:195
BRDA:47,0,0,41
BRDA:47,0,1,10
BRDA:47,0,2,20
BRDA:47,0,3,11
BRDA:47,0,4,3
BRDA:47,0,5,1
BRDA:47,0,6,3
BRDA:47,0,7,60
BRDA:47,0,8,0
BRDA:47,0,9,0
BRDA:47,0,10,0
BRDA:47,0,11,0
BRDA:47,0,12,47
BRDA:47,0,13,0
BRDA:47,0,14,5
BRDA:47,0,15,1
BRDA:47,0,16,1
BRDA:47,0,17,1
BRDA:47,0,18,32
BRDA:47,0,19,0
BRDA:55,1,0,9
BRDA:71,2,0,7
BRDA:71,2,1,3
BRDA:71,3,0,10
BRDA:71,3,1,8
BRDA:80,4,0,1
BRDA:101,5,0,11
BRDA:101,5,1,8
BRDA:121,6,0,1
BRDA:121,6,1,2
BRDA:149,7,0,0
BRDA:149,7,1,0
BRDA:182,8,0,1
BRDA:182,8,1,0
BRDA:212,9,0,0
BRDA:212,9,1,0
BRDA:216,10,0,0
BRDA:216,10,1,0
BRDA:220,11,0,0
BRDA:220,11,1,0
BRDA:221,12,0,0
BRDA:221,12,1,0
BRDA:222,13,0,0
BRDA:222,13,1,0
BRDA:223,14,0,0
BRDA:223,14,1,0
BRDA:238,15,0,0
BRDA:238,15,1,0
BRDA:238,16,0,0
BRDA:238,16,1,0
BRDA:239,17,0,0
BRDA:239,17,1,0
BRDA:240,18,0,0
BRDA:240,18,1,0
BRDA:241,19,0,0
BRDA:241,19,1,0
BRDA:317,20,0,68
BRDA:317,21,0,136
BRDA:317,21,1,68
BRDA:330,22,0,40
BRDA:333,23,0,59
BRDA:336,24,0,47
BRDA:339,25,0,32
BRDA:352,26,0,136
BRDA:352,27,0,136
BRDA:352,27,1,106
BRDA:352,27,2,0
BRDA:364,28,0,0
BRDA:364,28,1,0
BRDA:367,29,0,0
BRDA:367,30,0,0
BRDA:367,30,1,0
BRDA:387,31,0,0
BRDA:387,31,1,0
BRDA:389,32,0,0
BRDA:389,33,0,0
BRDA:389,33,1,0
BRDA:406,34,0,0
BRDA:406,34,1,0
BRDA:409,35,0,0
BRDA:423,36,0,0
BRDA:423,36,1,0
BRDA:425,37,0,0
BRDA:425,38,0,0
BRDA:425,38,1,0
BRDA:432,39,0,0
BRDA:432,39,1,0
BRDA:433,40,0,0
BRDA:433,40,1,0
BRDA:434,41,0,0
BRDA:434,41,1,0
BRDA:435,42,0,0
BRDA:435,42,1,0
BRDA:436,43,0,0
BRDA:436,43,1,0
BRDA:437,44,0,0
BRDA:437,44,1,0
BRDA:445,45,0,0
BRDA:445,46,0,0
BRDA:445,46,1,0
BRDA:461,47,0,15
BRDA:475,48,0,0
BRDA:495,49,0,0
BRDA:502,50,0,0
BRDA:502,50,1,0
BRDA:503,51,0,0
BRDA:503,51,1,0
BRDA:504,52,0,0
BRDA:504,52,1,0
BRDA:505,53,0,0
BRDA:505,53,1,0
BRDA:506,54,0,0
BRDA:506,54,1,0
BRDA:507,55,0,0
BRDA:507,55,1,0
BRDA:525,56,0,2
BRDA:541,57,0,12
BRDA:541,57,1,0
BRDA:555,58,0,0
BRDA:555,59,0,19
BRDA:555,59,1,0
BRDA:561,60,0,0
BRDA:576,61,0,0
BRDA:576,62,0,10
BRDA:576,62,1,0
BRDA:585,63,0,0
BRDA:585,63,1,0
BRDA:589,64,0,0
BRDA:603,65,0,0
BRDA:603,66,0,2
BRDA:603,66,1,0
BRDA:610,67,0,0
BRDA:629,68,0,2
BRDA:629,68,1,0
BRDA:634,69,0,2
BRDA:634,69,1,0
BRDA:638,70,0,2
BRDA:638,70,1,5
BRDA:648,71,0,2
BRDA:648,71,1,0
BRDA:651,72,0,0
BRDA:651,72,1,2
BRDA:651,73,0,2
BRDA:651,73,1,0
BRDA:659,74,0,0
BRDA:659,74,1,0
BRDA:677,75,0,0
BRDA:677,76,0,1
BRDA:677,76,1,0
BRDA:691,77,0,0
BRDA:713,78,0,0
BRDA:721,79,0,0
BRDA:721,79,1,0
BRDA:722,80,0,0
BRDA:722,80,1,0
BRDA:723,81,0,0
BRDA:723,81,1,0
BRDA:724,82,0,0
BRDA:724,82,1,0
BRDA:725,83,0,0
BRDA:725,83,1,0
BRDA:726,84,0,0
BRDA:726,84,1,0
BRDA:729,85,0,0
BRDA:743,86,0,0
BRDA:743,87,0,1
BRDA:743,87,1,0
BRDA:759,88,0,0
BRDA:773,89,0,0
BRDA:773,90,0,1
BRDA:773,90,1,0
BRDA:780,91,0,0
BRDA:853,92,0,0
BRDA:853,92,1,0
BRDA:855,93,0,0
BRDA:855,93,1,0
BRDA:855,94,0,0
BRDA:855,94,1,0
BRDA:856,95,0,0
BRDA:856,95,1,0
BRDA:856,96,0,0
BRDA:856,96,1,0
BRDA:869,97,0,2
BRDA:869,98,0,10212
BRDA:869,98,1,3
BRDA:873,99,0,1
BRDA:873,100,0,10210
BRDA:873,100,1,3
BRDA:873,101,0,3
BRDA:873,101,1,0
BRDA:877,102,0,2
BRDA:877,103,0,10209
BRDA:877,103,1,3
BRDA:881,104,0,3
BRDA:883,105,0,0
BRDA:883,105,1,1
BRDA:885,106,0,2
BRDA:890,107,0,0
BRDA:890,108,0,10205
BRDA:890,108,1,3
BRDA:890,108,2,2
BRDA:894,109,0,0
BRDA:894,110,0,10205
BRDA:894,110,1,3
BRDA:894,110,2,2
BRDA:930,111,0,4
BRF:206
BRH:71
end_of_record
TN:
SF:src/hooks/use-toast.ts
FN:29,genId
FN:60,(anonymous_8)
FN:65,(anonymous_9)
FN:76,(anonymous_10)
FN:87,(anonymous_11)
FN:98,(anonymous_12)
FN:105,(anonymous_13)
FN:124,(anonymous_14)
FN:133,dispatch
FN:135,(anonymous_16)
FN:142,toast
FN:145,(anonymous_18)
FN:150,(anonymous_19)
FN:158,(anonymous_20)
FN:171,useToast
FN:174,(anonymous_22)
FN:176,(anonymous_23)
FN:187,(anonymous_24)
FNF:18
FNH:18
FNDA:29,genId
FNDA:12,(anonymous_8)
FNDA:10,(anonymous_9)
FNDA:58,(anonymous_10)
FNDA:3,(anonymous_11)
FNDA:3,(anonymous_12)
FNDA:13,(anonymous_13)
FNDA:9,(anonymous_14)
FNDA:49,dispatch
FNDA:30,(anonymous_16)
FNDA:29,toast
FNDA:1,(anonymous_18)
FNDA:7,(anonymous_19)
FNDA:1,(anonymous_20)
FNDA:34,useToast
FNDA:34,(anonymous_22)
FNDA:34,(anonymous_23)
FNDA:2,(anonymous_24)
DA:3,1
DA:10,1
DA:11,1
DA:20,1
DA:27,1
DA:30,29
DA:31,29
DA:58,1
DA:60,1
DA:61,12
DA:62,2
DA:65,10
DA:66,10
DA:67,10
DA:73,10
DA:76,9
DA:77,58
DA:79,32
DA:85,3
DA:88,3
DA:93,11
DA:95,11
DA:96,9
DA:98,2
DA:99,3
DA:103,11
DA:106,13
DA:116,12
DA:117,1
DA:122,11
DA:124,9
DA:129,1
DA:131,1
DA:134,49
DA:135,49
DA:136,30
DA:143,29
DA:145,29
DA:146,1
DA:150,29
DA:152,29
DA:159,1
DA:164,29
DA:172,34
DA:174,34
DA:175,34
DA:176,34
DA:177,34
DA:178,34
DA:179,34
DA:184,34
DA:187,2
DA:191,34
LF:53
LH:53
BRDA:61,0,0,2
BRDA:77,1,0,32
BRDA:77,1,1,3
BRDA:77,1,2,11
BRDA:77,1,3,12
BRDA:88,2,0,2
BRDA:88,2,1,1
BRDA:95,3,0,9
BRDA:95,3,1,2
BRDA:106,4,0,12
BRDA:106,4,1,1
BRDA:106,5,0,13
BRDA:106,5,1,4
BRDA:116,6,0,1
BRDA:159,7,0,1
BRDA:178,8,0,34
BRF:16
BRH:16
end_of_record
TN:
SF:src/lib/localStorage.ts
FN:15,(anonymous_1)
FN:27,(anonymous_2)
FN:39,(anonymous_3)
FN:50,(anonymous_4)
FN:52,(anonymous_5)
FN:60,(anonymous_6)
FN:61,(anonymous_7)
FN:71,(anonymous_8)
FN:75,(anonymous_9)
FN:80,(anonymous_10)
FN:84,(anonymous_11)
FN:89,(anonymous_12)
FN:91,(anonymous_13)
FN:98,(anonymous_14)
FN:99,(anonymous_15)
FN:108,(anonymous_16)
FN:113,(anonymous_17)
FN:118,(anonymous_18)
FN:121,(anonymous_19)
FN:131,(anonymous_20)
FNF:20
FNH:20
FNDA:310,(anonymous_1)
FNDA:200,(anonymous_2)
FNDA:109,(anonymous_3)
FNDA:34,(anonymous_4)
FNDA:113,(anonymous_5)
FNDA:29,(anonymous_6)
FNDA:139,(anonymous_7)
FNDA:59,(anonymous_8)
FNDA:37,(anonymous_9)
FNDA:58,(anonymous_10)
FNDA:37,(anonymous_11)
FNDA:25,(anonymous_12)
FNDA:4,(anonymous_13)
FNDA:4,(anonymous_14)
FNDA:4,(anonymous_15)
FNDA:24,(anonymous_16)
FNDA:2,(anonymous_17)
FNDA:1,(anonymous_18)
FNDA:5,(anonymous_19)
FNDA:32,(anonymous_20)
DA:5,23
DA:13,244
DA:16,310
DA:17,310
DA:18,310
DA:19,307
DA:20,307
DA:22,3
DA:28,200
DA:30,199
DA:31,199
DA:32,199
DA:34,1
DA:35,1
DA:40,109
DA:42,107
DA:43,107
DA:45,0
DA:51,34
DA:52,113
DA:61,139
DA:67,29
DA:72,59
DA:76,37
DA:81,58
DA:85,37
DA:90,25
DA:91,25
DA:99,4
DA:104,4
DA:109,24
DA:110,24
DA:114,2
DA:119,1
DA:121,1
DA:122,5
DA:123,5
DA:125,0
DA:133,32
DA:134,18
DA:160,18
DA:164,32
DA:165,18
DA:172,18
LF:44
LH:42
BRDA:28,0,0,1
BRDA:32,1,0,80
BRDA:32,1,1,119
BRDA:40,2,0,2
BRDA:56,3,0,108
BRDA:56,3,1,5
BRDA:110,4,0,1
BRDA:110,4,1,23
BRDA:119,5,0,0
BRDA:133,6,0,18
BRDA:164,7,0,18
BRF:11
BRH:10
end_of_record
TN:
SF:src/lib/natural-language-parser.ts
FN:13,parseNaturalLanguageTask
FN:22,(anonymous_4)
FN:23,(anonymous_5)
FN:47,(anonymous_6)
FNF:4
FNH:4
FNDA:300,parseNaturalLanguageTask
FNDA:71,(anonymous_4)
FNDA:71,(anonymous_5)
FNDA:75,(anonymous_6)
DA:13,300
DA:14,300
DA:15,300
DA:20,300
DA:21,300
DA:22,71
DA:23,45
DA:24,71
DA:29,300
DA:31,300
DA:32,91
DA:33,91
DA:34,86
DA:35,5
DA:36,3
DA:37,2
DA:38,2
DA:40,91
DA:44,300
DA:45,300
DA:46,61
DA:48,75
DA:51,61
DA:52,49
DA:55,61
DA:59,300
DA:60,300
DA:61,36
DA:62,36
DA:64,36
DA:65,1
DA:66,35
DA:67,30
DA:68,5
DA:69,1
DA:70,1
DA:71,4
DA:72,1
DA:73,1
DA:74,3
DA:75,2
DA:76,2
DA:77,2
DA:78,2
DA:79,2
DA:82,1
DA:83,1
DA:84,1
DA:87,36
DA:91,300
DA:92,300
DA:93,28
DA:94,28
DA:96,28
DA:97,26
DA:98,2
DA:99,2
DA:101,28
DA:106,300
DA:107,300
DA:108,6
DA:109,6
DA:110,5
DA:111,3
DA:112,2
DA:114,6
DA:118,300
DA:120,300
DA:124,5
LF:69
LH:69
BRDA:21,0,0,45
BRDA:21,1,0,300
BRDA:21,1,1,45
BRDA:29,2,0,300
BRDA:29,2,1,247
BRDA:31,3,0,91
BRDA:33,4,0,86
BRDA:33,4,1,5
BRDA:33,5,0,91
BRDA:33,5,1,22
BRDA:33,5,2,21
BRDA:35,6,0,3
BRDA:35,6,1,2
BRDA:35,7,0,5
BRDA:35,7,1,4
BRDA:35,7,2,3
BRDA:37,8,0,2
BRDA:37,9,0,2
BRDA:37,9,1,1
BRDA:45,10,0,61
BRDA:48,11,0,75
BRDA:48,11,1,26
BRDA:51,12,0,49
BRDA:60,13,0,36
BRDA:64,14,0,1
BRDA:64,14,1,35
BRDA:66,15,0,30
BRDA:66,15,1,5
BRDA:68,16,0,1
BRDA:68,16,1,4
BRDA:69,17,0,1
BRDA:69,17,1,0
BRDA:71,18,0,1
BRDA:71,18,1,3
BRDA:74,19,0,2
BRDA:74,19,1,1
BRDA:78,20,0,2
BRDA:78,20,1,0
BRDA:83,21,0,1
BRDA:92,22,0,28
BRDA:96,23,0,26
BRDA:96,23,1,2
BRDA:98,24,0,2
BRDA:107,25,0,6
BRDA:109,26,0,1
BRDA:109,26,1,5
BRDA:110,27,0,2
BRDA:110,27,1,3
BRDA:111,28,0,1
BRDA:111,28,1,2
BRDA:112,29,0,2
BRDA:112,30,0,2
BRDA:112,30,1,1
BRDA:118,31,0,300
BRDA:118,31,1,1
BRF:55
BRH:53
end_of_record
TN:
SF:src/lib/supabase.ts
FNF:0
FNH:0
DA:1,19
DA:3,19
DA:4,19
DA:7,45
LF:4
LH:4
BRDA:3,0,0,19
BRDA:3,0,1,19
BRDA:4,1,0,19
BRDA:4,1,1,19
BRDA:7,2,0,0
BRDA:7,2,1,19
BRDA:7,3,0,19
BRDA:7,3,1,0
BRF:8
BRH:6
end_of_record
TN:
SF:src/lib/utils.ts
FN:4,cn
FN:8,formatDate
FN:24,getPriorityColor
FN:35,getStatusColor
FNF:4
FNH:4
FNDA:70235,cn
FNDA:1413,formatDate
FNDA:3009,getPriorityColor
FNDA:6,getStatusColor
DA:1,21
DA:2,21
DA:4,70235
DA:5,70235
DA:8,1413
DA:9,1413
DA:11,1410
DA:12,1410
DA:13,1409
DA:15,1409
DA:16,1408
DA:17,1403
DA:18,1401
DA:19,1400
DA:21,1395
DA:24,3009
DA:25,3009
DA:27,211
DA:29,401
DA:31,2397
DA:35,6
DA:36,6
DA:38,1
DA:40,1
DA:42,1
DA:44,1
DA:46,2
LF:27
LH:27
BRDA:9,0,0,3
BRDA:15,1,0,1
BRDA:16,2,0,5
BRDA:17,3,0,2
BRDA:18,4,0,1
BRDA:18,5,0,1401
BRDA:18,5,1,1391
BRDA:19,6,0,5
BRDA:19,7,0,1400
BRDA:19,7,1,9
BRDA:25,8,0,211
BRDA:25,8,1,401
BRDA:25,8,2,2397
BRDA:36,9,0,1
BRDA:36,9,1,1
BRDA:36,9,2,1
BRDA:36,9,3,1
BRDA:36,9,4,2
BRF:18
BRH:18
end_of_record
